In file included from [01m[K/opt/ros/humble/include/rclcpp/rclcpp/client.hpp:40[m[K,
                 from [01m[K/opt/ros/humble/include/rclcpp/rclcpp/callback_group.hpp:24[m[K,
                 from [01m[K/opt/ros/humble/include/rclcpp/rclcpp/any_executable.hpp:20[m[K,
                 from [01m[K/opt/ros/humble/include/rclcpp/rclcpp/memory_strategy.hpp:25[m[K,
                 from [01m[K/opt/ros/humble/include/rclcpp/rclcpp/memory_strategies.hpp:18[m[K,
                 from [01m[K/opt/ros/humble/include/rclcpp/rclcpp/executor_options.hpp:20[m[K,
                 from [01m[K/opt/ros/humble/include/rclcpp/rclcpp/executor.hpp:37[m[K,
                 from [01m[K/opt/ros/humble/include/rclcpp/rclcpp/executors/multi_threaded_executor.hpp:25[m[K,
                 from [01m[K/opt/ros/humble/include/rclcpp/rclcpp/executors.hpp:21[m[K,
                 from [01m[K/opt/ros/humble/include/rclcpp/rclcpp/rclcpp.hpp:155[m[K,
                 from [01m[K/home/rosqiu/coppelia_control/src/coppelia_control/include/coppelia_control/ManipulationInterface.hpp:2[m[K,
                 from [01m[K/home/rosqiu/coppelia_control/src/coppelia_control/src/ManipulationInterface.cpp:1[m[K:
[01m[K/home/rosqiu/coppelia_control/src/coppelia_control/src/ManipulationInterface.cpp:[m[K In member function ‘[01m[Kbool coppelia_control::ManipulationInterface::execute_smooth_trajectory(const RobotTrajectory&)[m[K’:
[01m[K/home/rosqiu/coppelia_control/src/coppelia_control/src/ManipulationInterface.cpp:59:29:[m[K [01;31m[Kerror: [m[K‘[01m[Kusing element_type = class rclcpp::Node[m[K’ {aka ‘[01m[Kclass rclcpp::Node[m[K’} has no member named ‘[01m[Kget_loger[m[K’; did you mean ‘[01m[Kget_logger[m[K’?
   59 |         RCLCPP_ERROR(node_->[01;31m[Kget_loger[m[K(), "Joint names size mismatch between set names and trajectory.");
      |                             [01;31m[K^~~~~~~~~[m[K
[01m[K/home/rosqiu/coppelia_control/src/coppelia_control/src/ManipulationInterface.cpp:59:29:[m[K [01;31m[Kerror: [m[K‘[01m[Kusing element_type = class rclcpp::Node[m[K’ {aka ‘[01m[Kclass rclcpp::Node[m[K’} has no member named ‘[01m[Kget_loger[m[K’; did you mean ‘[01m[Kget_logger[m[K’?
[01m[K/home/rosqiu/coppelia_control/src/coppelia_control/src/ManipulationInterface.cpp:59:9:[m[K [01;31m[Kerror: [m[Ktemplate argument 1 is invalid
   59 |         [01;31m[KRCLCPP_ERROR[m[K(node_->get_loger(), "Joint names size mismatch between set names and trajectory.");
      |         [01;31m[K^~~~~~~~~~~~[m[K
In file included from [01m[K/opt/ros/humble/include/rclcpp/rclcpp/logging.hpp:24[m[K,
                 from [01m[K/opt/ros/humble/include/rclcpp/rclcpp/client.hpp:40[m[K,
                 from [01m[K/opt/ros/humble/include/rclcpp/rclcpp/callback_group.hpp:24[m[K,
                 from [01m[K/opt/ros/humble/include/rclcpp/rclcpp/any_executable.hpp:20[m[K,
                 from [01m[K/opt/ros/humble/include/rclcpp/rclcpp/memory_strategy.hpp:25[m[K,
                 from [01m[K/opt/ros/humble/include/rclcpp/rclcpp/memory_strategies.hpp:18[m[K,
                 from [01m[K/opt/ros/humble/include/rclcpp/rclcpp/executor_options.hpp:20[m[K,
                 from [01m[K/opt/ros/humble/include/rclcpp/rclcpp/executor.hpp:37[m[K,
                 from [01m[K/opt/ros/humble/include/rclcpp/rclcpp/executors/multi_threaded_executor.hpp:25[m[K,
                 from [01m[K/opt/ros/humble/include/rclcpp/rclcpp/executors.hpp:21[m[K,
                 from [01m[K/opt/ros/humble/include/rclcpp/rclcpp/rclcpp.hpp:155[m[K,
                 from [01m[K/home/rosqiu/coppelia_control/src/coppelia_control/include/coppelia_control/ManipulationInterface.hpp:2[m[K,
                 from [01m[K/home/rosqiu/coppelia_control/src/coppelia_control/src/ManipulationInterface.cpp:1[m[K:
[01m[K/home/rosqiu/coppelia_control/src/coppelia_control/src/ManipulationInterface.cpp:59:29:[m[K [01;31m[Kerror: [m[K‘[01m[Kusing element_type = class rclcpp::Node[m[K’ {aka ‘[01m[Kclass rclcpp::Node[m[K’} has no member named ‘[01m[Kget_loger[m[K’; did you mean ‘[01m[Kget_logger[m[K’?
   59 |         RCLCPP_ERROR(node_->[01;31m[Kget_loger[m[K(), "Joint names size mismatch between set names and trajectory.");
      |                             [01;31m[K^~~~~~~~~[m[K
[01m[K/home/rosqiu/coppelia_control/src/coppelia_control/src/ManipulationInterface.cpp:59:29:[m[K [01;31m[Kerror: [m[K‘[01m[Kusing element_type = class rclcpp::Node[m[K’ {aka ‘[01m[Kclass rclcpp::Node[m[K’} has no member named ‘[01m[Kget_loger[m[K’; did you mean ‘[01m[Kget_logger[m[K’?
   59 |         RCLCPP_ERROR(node_->[01;31m[Kget_loger[m[K(), "Joint names size mismatch between set names and trajectory.");
      |                             [01;31m[K^~~~~~~~~[m[K
gmake[2]: *** [CMakeFiles/coppelia_control_lib.dir/build.make:90：CMakeFiles/coppelia_control_lib.dir/src/ManipulationInterface.cpp.o] 错误 1
gmake[1]: *** [CMakeFiles/Makefile2:139：CMakeFiles/coppelia_control_lib.dir/all] 错误 2
gmake: *** [Makefile:146：all] 错误 2
