[35m[1mConsolidate compiler generated dependencies of target planning_interface[0m
[35m[1mConsolidate compiler generated dependencies of target vision_interface[0m
[35m[1mConsolidate compiler generated dependencies of target manipulation_interface[0m
[ 37%] Built target manipulation_interface
[ 50%] Built target planning_interface
[ 75%] Built target vision_interface
[35m[1mConsolidate compiler generated dependencies of target franka_control_node[0m
[ 87%] [32mBuilding CXX object CMakeFiles/franka_control_node.dir/src/franka_control_node.cpp.o[0m
In file included from [01m[K/home/rosqiu/coppelia_control/src/coppelia_control/src/franka_control_node.cpp:2[m[K:
[01m[K/home/rosqiu/coppelia_control/src/coppelia_control/include/coppelia_control/PlanningInterface.hpp:1:[m[K [01;35m[Kwarning: [m[Kignoring ‘[01m[K#pragma onece [m[K’ [[01;35m[K]8;;https://gcc.gnu.org/onlinedocs/gcc/Warning-Options.html#index-Wunknown-pragmas-Wunknown-pragmas]8;;[m[K]
    1 | #pragma onece
      | 
[01m[K/home/rosqiu/coppelia_control/src/coppelia_control/src/franka_control_node.cpp:[m[K In constructor ‘[01m[KFrankaControlNode::FrankaControlNode()[m[K’:
[01m[K/home/rosqiu/coppelia_control/src/coppelia_control/src/franka_control_node.cpp:20:85:[m[K [01;31m[Kerror: [m[K‘[01m[Knode_ptr[m[K’ was not declared in this scope; did you mean ‘[01m[Kmode_t[m[K’?
   20 |         planning_interface_ = std::make_shared<coppelia_control::PlanningInterface>([01;31m[Knode_ptr[m[K);
      |                                                                                     [01;31m[K^~~~~~~~[m[K
      |                                                                                     [32m[Kmode_t[m[K
gmake[2]: *** [CMakeFiles/franka_control_node.dir/build.make:76：CMakeFiles/franka_control_node.dir/src/franka_control_node.cpp.o] 错误 1
gmake[1]: *** [CMakeFiles/Makefile2:222：CMakeFiles/franka_control_node.dir/all] 错误 2
gmake: *** [Makefile:146：all] 错误 2
