[0.049s] Invoking command in '/home/rosqiu/coppelia_control/build/coppelia_control': CMAKE_PREFIX_PATH=${CMAKE_PREFIX_PATH}:/opt/ros/humble /usr/bin/cmake --build /home/rosqiu/coppelia_control/build/coppelia_control -- -j3 -l3
[0.199s] [35m[1mConsolidate compiler generated dependencies of target planning_interface[0m
[0.218s] [35m[1mConsolidate compiler generated dependencies of target vision_interface[0m
[0.251s] [35m[1mConsolidate compiler generated dependencies of target manipulation_interface[0m
[0.332s] [ 37%] Built target manipulation_interface
[0.332s] [ 50%] Built target planning_interface
[0.346s] [ 75%] Built target vision_interface
[0.373s] [35m[1mConsolidate compiler generated dependencies of target franka_control_node[0m
[0.459s] [ 87%] [32mBuilding CXX object CMakeFiles/franka_control_node.dir/src/franka_control_node.cpp.o[0m
[1.344s] In file included from [01m[K/home/rosqiu/coppelia_control/src/coppelia_control/src/franka_control_node.cpp:2[m[K:
[1.345s] [01m[K/home/rosqiu/coppelia_control/src/coppelia_control/include/coppelia_control/PlanningInterface.hpp:1:[m[K [01;35m[Kwarning: [m[Kignoring ‘[01m[K#pragma onece [m[K’ [[01;35m[K]8;;https://gcc.gnu.org/onlinedocs/gcc/Warning-Options.html#index-Wunknown-pragmas-Wunknown-pragmas]8;;[m[K]
[1.345s]     1 | #pragma onece
[1.345s]       | 
[10.084s] [01m[K/home/rosqiu/coppelia_control/src/coppelia_control/src/franka_control_node.cpp:[m[K In constructor ‘[01m[KFrankaControlNode::FrankaControlNode()[m[K’:
[10.084s] [01m[K/home/rosqiu/coppelia_control/src/coppelia_control/src/franka_control_node.cpp:20:85:[m[K [01;31m[Kerror: [m[K‘[01m[Knode_ptr[m[K’ was not declared in this scope; did you mean ‘[01m[Kmode_t[m[K’?
[10.085s]    20 |         planning_interface_ = std::make_shared<coppelia_control::PlanningInterface>([01;31m[Knode_ptr[m[K);
[10.085s]       |                                                                                     [01;31m[K^~~~~~~~[m[K
[10.085s]       |                                                                                     [32m[Kmode_t[m[K
[15.535s] gmake[2]: *** [CMakeFiles/franka_control_node.dir/build.make:76：CMakeFiles/franka_control_node.dir/src/franka_control_node.cpp.o] 错误 1
[15.539s] gmake[1]: *** [CMakeFiles/Makefile2:222：CMakeFiles/franka_control_node.dir/all] 错误 2
[15.539s] gmake: *** [Makefile:146：all] 错误 2
[15.541s] Invoked command in '/home/rosqiu/coppelia_control/build/coppelia_control' returned '2': CMAKE_PREFIX_PATH=${CMAKE_PREFIX_PATH}:/opt/ros/humble /usr/bin/cmake --build /home/rosqiu/coppelia_control/build/coppelia_control -- -j3 -l3
