[0.207s] DEBUG:colcon:Command line arguments: ['/usr/bin/colcon', 'build', '--symlink-install']
[0.207s] DEBUG:colcon:Parsed command line arguments: Namespace(log_base=None, log_level=None, verb_name='build', build_base='build', install_base='install', merge_install=False, symlink_install=True, test_result_base=None, continue_on_error=False, executor='parallel', parallel_workers=3, event_handlers=None, ignore_user_meta=False, metas=['./colcon.meta'], base_paths=['.'], packages_ignore=None, packages_ignore_regex=None, paths=None, packages_up_to=None, packages_up_to_regex=None, packages_above=None, packages_above_and_dependencies=None, packages_above_depth=None, packages_select_by_dep=None, packages_skip_by_dep=None, packages_skip_up_to=None, packages_select_build_failed=False, packages_skip_build_finished=False, packages_select_test_failures=False, packages_skip_test_passed=False, packages_select=None, packages_skip=None, packages_select_regex=None, packages_skip_regex=None, packages_start=None, packages_end=None, allow_overriding=[], cmake_args=None, cmake_target=None, cmake_target_skip_unavailable=False, cmake_clean_cache=False, cmake_clean_first=False, cmake_force_configure=False, ament_cmake_args=None, catkin_cmake_args=None, catkin_skip_building_tests=False, mixin_files=None, mixin=None, verb_parser=<colcon_mixin.mixin.mixin_argument.MixinArgumentDecorator object at 0x7ff9dc456920>, verb_extension=<colcon_core.verb.build.BuildVerb object at 0x7ff9dc456470>, main=<bound method BuildVerb.main of <colcon_core.verb.build.BuildVerb object at 0x7ff9dc456470>>, mixin_verb=('build',))
[0.454s] Level 1:colcon.colcon_core.package_discovery:discover_packages(colcon_meta) check parameters
[0.454s] Level 1:colcon.colcon_core.package_discovery:discover_packages(recursive) check parameters
[0.455s] Level 1:colcon.colcon_core.package_discovery:discover_packages(ignore) check parameters
[0.455s] Level 1:colcon.colcon_core.package_discovery:discover_packages(path) check parameters
[0.455s] Level 1:colcon.colcon_core.package_discovery:discover_packages(colcon_meta) discover
[0.455s] Level 1:colcon.colcon_core.package_discovery:discover_packages(recursive) discover
[0.455s] INFO:colcon.colcon_core.package_discovery:Crawling recursively for packages in '/home/rosqiu/coppelia_control'
[0.455s] Level 1:colcon.colcon_core.package_identification:_identify(.) by extensions ['ignore', 'ignore_ament_install']
[0.455s] Level 1:colcon.colcon_core.package_identification:_identify(.) by extension 'ignore'
[0.455s] Level 1:colcon.colcon_core.package_identification:_identify(.) by extension 'ignore_ament_install'
[0.455s] Level 1:colcon.colcon_core.package_identification:_identify(.) by extensions ['colcon_pkg']
[0.455s] Level 1:colcon.colcon_core.package_identification:_identify(.) by extension 'colcon_pkg'
[0.455s] Level 1:colcon.colcon_core.package_identification:_identify(.) by extensions ['colcon_meta']
[0.455s] Level 1:colcon.colcon_core.package_identification:_identify(.) by extension 'colcon_meta'
[0.455s] Level 1:colcon.colcon_core.package_identification:_identify(.) by extensions ['ros']
[0.455s] Level 1:colcon.colcon_core.package_identification:_identify(.) by extension 'ros'
[0.471s] Level 1:colcon.colcon_core.package_identification:_identify(.) by extensions ['cmake', 'python']
[0.472s] Level 1:colcon.colcon_core.package_identification:_identify(.) by extension 'cmake'
[0.472s] Level 1:colcon.colcon_core.package_identification:_identify(.) by extension 'python'
[0.472s] Level 1:colcon.colcon_core.package_identification:_identify(.) by extensions ['python_setup_py']
[0.472s] Level 1:colcon.colcon_core.package_identification:_identify(.) by extension 'python_setup_py'
[0.472s] Level 1:colcon.colcon_core.package_identification:_identify(build) by extensions ['ignore', 'ignore_ament_install']
[0.472s] Level 1:colcon.colcon_core.package_identification:_identify(build) by extension 'ignore'
[0.472s] Level 1:colcon.colcon_core.package_identification:_identify(build) ignored
[0.472s] Level 1:colcon.colcon_core.package_identification:_identify(install) by extensions ['ignore', 'ignore_ament_install']
[0.472s] Level 1:colcon.colcon_core.package_identification:_identify(install) by extension 'ignore'
[0.472s] Level 1:colcon.colcon_core.package_identification:_identify(install) ignored
[0.473s] Level 1:colcon.colcon_core.package_identification:_identify(log) by extensions ['ignore', 'ignore_ament_install']
[0.473s] Level 1:colcon.colcon_core.package_identification:_identify(log) by extension 'ignore'
[0.473s] Level 1:colcon.colcon_core.package_identification:_identify(log) ignored
[0.473s] Level 1:colcon.colcon_core.package_identification:_identify(src) by extensions ['ignore', 'ignore_ament_install']
[0.473s] Level 1:colcon.colcon_core.package_identification:_identify(src) by extension 'ignore'
[0.473s] Level 1:colcon.colcon_core.package_identification:_identify(src) by extension 'ignore_ament_install'
[0.473s] Level 1:colcon.colcon_core.package_identification:_identify(src) by extensions ['colcon_pkg']
[0.473s] Level 1:colcon.colcon_core.package_identification:_identify(src) by extension 'colcon_pkg'
[0.473s] Level 1:colcon.colcon_core.package_identification:_identify(src) by extensions ['colcon_meta']
[0.473s] Level 1:colcon.colcon_core.package_identification:_identify(src) by extension 'colcon_meta'
[0.473s] Level 1:colcon.colcon_core.package_identification:_identify(src) by extensions ['ros']
[0.473s] Level 1:colcon.colcon_core.package_identification:_identify(src) by extension 'ros'
[0.473s] Level 1:colcon.colcon_core.package_identification:_identify(src) by extensions ['cmake', 'python']
[0.473s] Level 1:colcon.colcon_core.package_identification:_identify(src) by extension 'cmake'
[0.473s] Level 1:colcon.colcon_core.package_identification:_identify(src) by extension 'python'
[0.473s] Level 1:colcon.colcon_core.package_identification:_identify(src) by extensions ['python_setup_py']
[0.473s] Level 1:colcon.colcon_core.package_identification:_identify(src) by extension 'python_setup_py'
[0.473s] Level 1:colcon.colcon_core.package_identification:_identify(src/coppelia_control) by extensions ['ignore', 'ignore_ament_install']
[0.473s] Level 1:colcon.colcon_core.package_identification:_identify(src/coppelia_control) by extension 'ignore'
[0.474s] Level 1:colcon.colcon_core.package_identification:_identify(src/coppelia_control) by extension 'ignore_ament_install'
[0.475s] Level 1:colcon.colcon_core.package_identification:_identify(src/coppelia_control) by extensions ['colcon_pkg']
[0.475s] Level 1:colcon.colcon_core.package_identification:_identify(src/coppelia_control) by extension 'colcon_pkg'
[0.475s] Level 1:colcon.colcon_core.package_identification:_identify(src/coppelia_control) by extensions ['colcon_meta']
[0.475s] Level 1:colcon.colcon_core.package_identification:_identify(src/coppelia_control) by extension 'colcon_meta'
[0.475s] Level 1:colcon.colcon_core.package_identification:_identify(src/coppelia_control) by extensions ['ros']
[0.475s] Level 1:colcon.colcon_core.package_identification:_identify(src/coppelia_control) by extension 'ros'
[0.479s] DEBUG:colcon.colcon_core.package_identification:Package 'src/coppelia_control' with type 'ros.ament_cmake' and name 'coppelia_control'
[0.480s] Level 1:colcon.colcon_core.package_identification:_identify(src/franka_moveit_config) by extensions ['ignore', 'ignore_ament_install']
[0.480s] Level 1:colcon.colcon_core.package_identification:_identify(src/franka_moveit_config) by extension 'ignore'
[0.480s] Level 1:colcon.colcon_core.package_identification:_identify(src/franka_moveit_config) by extension 'ignore_ament_install'
[0.480s] Level 1:colcon.colcon_core.package_identification:_identify(src/franka_moveit_config) by extensions ['colcon_pkg']
[0.480s] Level 1:colcon.colcon_core.package_identification:_identify(src/franka_moveit_config) by extension 'colcon_pkg'
[0.480s] Level 1:colcon.colcon_core.package_identification:_identify(src/franka_moveit_config) by extensions ['colcon_meta']
[0.480s] Level 1:colcon.colcon_core.package_identification:_identify(src/franka_moveit_config) by extension 'colcon_meta'
[0.480s] Level 1:colcon.colcon_core.package_identification:_identify(src/franka_moveit_config) by extensions ['ros']
[0.480s] Level 1:colcon.colcon_core.package_identification:_identify(src/franka_moveit_config) by extension 'ros'
[0.483s] DEBUG:colcon.colcon_core.package_identification:Package 'src/franka_moveit_config' with type 'ros.ament_cmake' and name 'franka_moveit_config'
[0.484s] Level 1:colcon.colcon_core.package_discovery:discover_packages(recursive) using defaults
[0.484s] Level 1:colcon.colcon_core.package_discovery:discover_packages(ignore) discover
[0.484s] Level 1:colcon.colcon_core.package_discovery:discover_packages(ignore) using defaults
[0.484s] Level 1:colcon.colcon_core.package_discovery:discover_packages(path) discover
[0.484s] Level 1:colcon.colcon_core.package_discovery:discover_packages(path) using defaults
[0.533s] Level 1:colcon.colcon_core.package_discovery:discover_packages(prefix_path) check parameters
[0.533s] Level 1:colcon.colcon_core.package_discovery:discover_packages(prefix_path) discover
[0.535s] DEBUG:colcon.colcon_installed_package_information.package_discovery:Found 2 installed packages in /home/rosqiu/coppelia_control/install
[0.537s] DEBUG:colcon.colcon_installed_package_information.package_discovery:Found 433 installed packages in /opt/ros/humble
[0.540s] Level 1:colcon.colcon_core.package_discovery:discover_packages(prefix_path) using defaults
[0.601s] Level 5:colcon.colcon_core.verb:set package 'coppelia_control' build argument 'cmake_args' from command line to 'None'
[0.602s] Level 5:colcon.colcon_core.verb:set package 'coppelia_control' build argument 'cmake_target' from command line to 'None'
[0.602s] Level 5:colcon.colcon_core.verb:set package 'coppelia_control' build argument 'cmake_target_skip_unavailable' from command line to 'False'
[0.602s] Level 5:colcon.colcon_core.verb:set package 'coppelia_control' build argument 'cmake_clean_cache' from command line to 'False'
[0.602s] Level 5:colcon.colcon_core.verb:set package 'coppelia_control' build argument 'cmake_clean_first' from command line to 'False'
[0.602s] Level 5:colcon.colcon_core.verb:set package 'coppelia_control' build argument 'cmake_force_configure' from command line to 'False'
[0.602s] Level 5:colcon.colcon_core.verb:set package 'coppelia_control' build argument 'ament_cmake_args' from command line to 'None'
[0.602s] Level 5:colcon.colcon_core.verb:set package 'coppelia_control' build argument 'catkin_cmake_args' from command line to 'None'
[0.602s] Level 5:colcon.colcon_core.verb:set package 'coppelia_control' build argument 'catkin_skip_building_tests' from command line to 'False'
[0.602s] DEBUG:colcon.colcon_core.verb:Building package 'coppelia_control' with the following arguments: {'ament_cmake_args': None, 'build_base': '/home/rosqiu/coppelia_control/build/coppelia_control', 'catkin_cmake_args': None, 'catkin_skip_building_tests': False, 'cmake_args': None, 'cmake_clean_cache': False, 'cmake_clean_first': False, 'cmake_force_configure': False, 'cmake_target': None, 'cmake_target_skip_unavailable': False, 'install_base': '/home/rosqiu/coppelia_control/install/coppelia_control', 'merge_install': False, 'path': '/home/rosqiu/coppelia_control/src/coppelia_control', 'symlink_install': True, 'test_result_base': None}
[0.602s] Level 5:colcon.colcon_core.verb:set package 'franka_moveit_config' build argument 'cmake_args' from command line to 'None'
[0.602s] Level 5:colcon.colcon_core.verb:set package 'franka_moveit_config' build argument 'cmake_target' from command line to 'None'
[0.602s] Level 5:colcon.colcon_core.verb:set package 'franka_moveit_config' build argument 'cmake_target_skip_unavailable' from command line to 'False'
[0.603s] Level 5:colcon.colcon_core.verb:set package 'franka_moveit_config' build argument 'cmake_clean_cache' from command line to 'False'
[0.603s] Level 5:colcon.colcon_core.verb:set package 'franka_moveit_config' build argument 'cmake_clean_first' from command line to 'False'
[0.603s] Level 5:colcon.colcon_core.verb:set package 'franka_moveit_config' build argument 'cmake_force_configure' from command line to 'False'
[0.603s] Level 5:colcon.colcon_core.verb:set package 'franka_moveit_config' build argument 'ament_cmake_args' from command line to 'None'
[0.603s] Level 5:colcon.colcon_core.verb:set package 'franka_moveit_config' build argument 'catkin_cmake_args' from command line to 'None'
[0.603s] Level 5:colcon.colcon_core.verb:set package 'franka_moveit_config' build argument 'catkin_skip_building_tests' from command line to 'False'
[0.603s] DEBUG:colcon.colcon_core.verb:Building package 'franka_moveit_config' with the following arguments: {'ament_cmake_args': None, 'build_base': '/home/rosqiu/coppelia_control/build/franka_moveit_config', 'catkin_cmake_args': None, 'catkin_skip_building_tests': False, 'cmake_args': None, 'cmake_clean_cache': False, 'cmake_clean_first': False, 'cmake_force_configure': False, 'cmake_target': None, 'cmake_target_skip_unavailable': False, 'install_base': '/home/rosqiu/coppelia_control/install/franka_moveit_config', 'merge_install': False, 'path': '/home/rosqiu/coppelia_control/src/franka_moveit_config', 'symlink_install': True, 'test_result_base': None}
[0.603s] INFO:colcon.colcon_core.executor:Executing jobs using 'parallel' executor
[0.611s] DEBUG:colcon.colcon_parallel_executor.executor.parallel:run_until_complete
[0.611s] INFO:colcon.colcon_ros.task.ament_cmake.build:Building ROS package in '/home/rosqiu/coppelia_control/src/coppelia_control' with build type 'ament_cmake'
[0.612s] INFO:colcon.colcon_cmake.task.cmake.build:Building CMake package in '/home/rosqiu/coppelia_control/src/coppelia_control'
[0.613s] INFO:colcon.colcon_core.plugin_system:Skipping extension 'colcon_core.shell.bat': Not used on non-Windows systems
[0.614s] INFO:colcon.colcon_core.shell:Skip shell extension 'powershell' for command environment: Not usable outside of PowerShell
[0.614s] DEBUG:colcon.colcon_core.shell:Skip shell extension 'dsv' for command environment
[0.658s] DEBUG:colcon.colcon_core.event_handler.log_command:Invoking command in '/home/rosqiu/coppelia_control/build/coppelia_control': CMAKE_PREFIX_PATH=${CMAKE_PREFIX_PATH}:/opt/ros/humble /usr/bin/cmake --build /home/rosqiu/coppelia_control/build/coppelia_control -- -j3 -l3
[0.967s] DEBUG:colcon.colcon_core.event_handler.log_command:Invoked command in '/home/rosqiu/coppelia_control/build/coppelia_control' returned '0': CMAKE_PREFIX_PATH=${CMAKE_PREFIX_PATH}:/opt/ros/humble /usr/bin/cmake --build /home/rosqiu/coppelia_control/build/coppelia_control -- -j3 -l3
[1.008s] DEBUG:colcon.colcon_core.event_handler.log_command:Invoking command in '/home/rosqiu/coppelia_control/build/coppelia_control': CMAKE_PREFIX_PATH=${CMAKE_PREFIX_PATH}:/opt/ros/humble /usr/bin/cmake --install /home/rosqiu/coppelia_control/build/coppelia_control
[1.081s] Level 1:colcon.colcon_core.environment:create_environment_scripts_only(coppelia_control)
[1.088s] Level 1:colcon.colcon_core.environment:checking '/home/rosqiu/coppelia_control/install/coppelia_control' for CMake module files
[1.091s] Level 1:colcon.colcon_core.environment:checking '/home/rosqiu/coppelia_control/install/coppelia_control' for CMake config files
[1.092s] Level 1:colcon.colcon_core.shell:create_environment_hook('coppelia_control', 'cmake_prefix_path')
[1.093s] INFO:colcon.colcon_core.shell:Creating environment hook '/home/rosqiu/coppelia_control/install/coppelia_control/share/coppelia_control/hook/cmake_prefix_path.ps1'
[1.097s] INFO:colcon.colcon_core.shell:Creating environment descriptor '/home/rosqiu/coppelia_control/install/coppelia_control/share/coppelia_control/hook/cmake_prefix_path.dsv'
[1.099s] INFO:colcon.colcon_core.shell:Creating environment hook '/home/rosqiu/coppelia_control/install/coppelia_control/share/coppelia_control/hook/cmake_prefix_path.sh'
[1.098s] DEBUG:colcon.colcon_core.event_handler.log_command:Invoked command in '/home/rosqiu/coppelia_control/build/coppelia_control' returned '0': CMAKE_PREFIX_PATH=${CMAKE_PREFIX_PATH}:/opt/ros/humble /usr/bin/cmake --install /home/rosqiu/coppelia_control/build/coppelia_control
[1.103s] Level 1:colcon.colcon_core.environment:checking '/home/rosqiu/coppelia_control/install/coppelia_control/lib'
[1.104s] Level 1:colcon.colcon_core.shell:create_environment_hook('coppelia_control', 'ld_library_path_lib')
[1.104s] INFO:colcon.colcon_core.shell:Creating environment hook '/home/rosqiu/coppelia_control/install/coppelia_control/share/coppelia_control/hook/ld_library_path_lib.ps1'
[1.105s] INFO:colcon.colcon_core.shell:Creating environment descriptor '/home/rosqiu/coppelia_control/install/coppelia_control/share/coppelia_control/hook/ld_library_path_lib.dsv'
[1.106s] INFO:colcon.colcon_core.shell:Creating environment hook '/home/rosqiu/coppelia_control/install/coppelia_control/share/coppelia_control/hook/ld_library_path_lib.sh'
[1.114s] Level 1:colcon.colcon_core.environment:checking '/home/rosqiu/coppelia_control/install/coppelia_control/bin'
[1.114s] Level 1:colcon.colcon_core.environment:checking '/home/rosqiu/coppelia_control/install/coppelia_control/lib/pkgconfig/coppelia_control.pc'
[1.115s] Level 1:colcon.colcon_core.environment:checking '/home/rosqiu/coppelia_control/install/coppelia_control/lib/python3.10/site-packages'
[1.117s] Level 1:colcon.colcon_core.environment:checking '/home/rosqiu/coppelia_control/install/coppelia_control/bin'
[1.119s] INFO:colcon.colcon_core.shell:Creating package script '/home/rosqiu/coppelia_control/install/coppelia_control/share/coppelia_control/package.ps1'
[1.120s] INFO:colcon.colcon_core.shell:Creating package descriptor '/home/rosqiu/coppelia_control/install/coppelia_control/share/coppelia_control/package.dsv'
[1.122s] INFO:colcon.colcon_core.shell:Creating package script '/home/rosqiu/coppelia_control/install/coppelia_control/share/coppelia_control/package.sh'
[1.123s] INFO:colcon.colcon_core.shell:Creating package script '/home/rosqiu/coppelia_control/install/coppelia_control/share/coppelia_control/package.bash'
[1.125s] INFO:colcon.colcon_core.shell:Creating package script '/home/rosqiu/coppelia_control/install/coppelia_control/share/coppelia_control/package.zsh'
[1.127s] Level 1:colcon.colcon_core.environment:create_file_with_runtime_dependencies(/home/rosqiu/coppelia_control/install/coppelia_control/share/colcon-core/packages/coppelia_control)
[1.130s] Level 1:colcon.colcon_core.environment:create_environment_scripts_only(coppelia_control)
[1.131s] Level 1:colcon.colcon_core.environment:checking '/home/rosqiu/coppelia_control/install/coppelia_control' for CMake module files
[1.131s] Level 1:colcon.colcon_core.environment:checking '/home/rosqiu/coppelia_control/install/coppelia_control' for CMake config files
[1.132s] Level 1:colcon.colcon_core.shell:create_environment_hook('coppelia_control', 'cmake_prefix_path')
[1.132s] INFO:colcon.colcon_core.shell:Creating environment hook '/home/rosqiu/coppelia_control/install/coppelia_control/share/coppelia_control/hook/cmake_prefix_path.ps1'
[1.133s] INFO:colcon.colcon_core.shell:Creating environment descriptor '/home/rosqiu/coppelia_control/install/coppelia_control/share/coppelia_control/hook/cmake_prefix_path.dsv'
[1.134s] INFO:colcon.colcon_core.shell:Creating environment hook '/home/rosqiu/coppelia_control/install/coppelia_control/share/coppelia_control/hook/cmake_prefix_path.sh'
[1.136s] Level 1:colcon.colcon_core.environment:checking '/home/rosqiu/coppelia_control/install/coppelia_control/lib'
[1.136s] Level 1:colcon.colcon_core.shell:create_environment_hook('coppelia_control', 'ld_library_path_lib')
[1.137s] INFO:colcon.colcon_core.shell:Creating environment hook '/home/rosqiu/coppelia_control/install/coppelia_control/share/coppelia_control/hook/ld_library_path_lib.ps1'
[1.138s] INFO:colcon.colcon_core.shell:Creating environment descriptor '/home/rosqiu/coppelia_control/install/coppelia_control/share/coppelia_control/hook/ld_library_path_lib.dsv'
[1.139s] INFO:colcon.colcon_core.shell:Creating environment hook '/home/rosqiu/coppelia_control/install/coppelia_control/share/coppelia_control/hook/ld_library_path_lib.sh'
[1.140s] Level 1:colcon.colcon_core.environment:checking '/home/rosqiu/coppelia_control/install/coppelia_control/bin'
[1.140s] Level 1:colcon.colcon_core.environment:checking '/home/rosqiu/coppelia_control/install/coppelia_control/lib/pkgconfig/coppelia_control.pc'
[1.140s] Level 1:colcon.colcon_core.environment:checking '/home/rosqiu/coppelia_control/install/coppelia_control/lib/python3.10/site-packages'
[1.140s] Level 1:colcon.colcon_core.environment:checking '/home/rosqiu/coppelia_control/install/coppelia_control/bin'
[1.141s] INFO:colcon.colcon_core.shell:Creating package script '/home/rosqiu/coppelia_control/install/coppelia_control/share/coppelia_control/package.ps1'
[1.141s] INFO:colcon.colcon_core.shell:Creating package descriptor '/home/rosqiu/coppelia_control/install/coppelia_control/share/coppelia_control/package.dsv'
[1.142s] INFO:colcon.colcon_core.shell:Creating package script '/home/rosqiu/coppelia_control/install/coppelia_control/share/coppelia_control/package.sh'
[1.143s] INFO:colcon.colcon_core.shell:Creating package script '/home/rosqiu/coppelia_control/install/coppelia_control/share/coppelia_control/package.bash'
[1.144s] INFO:colcon.colcon_core.shell:Creating package script '/home/rosqiu/coppelia_control/install/coppelia_control/share/coppelia_control/package.zsh'
[1.145s] Level 1:colcon.colcon_core.environment:create_file_with_runtime_dependencies(/home/rosqiu/coppelia_control/install/coppelia_control/share/colcon-core/packages/coppelia_control)
[1.148s] INFO:colcon.colcon_ros.task.ament_cmake.build:Building ROS package in '/home/rosqiu/coppelia_control/src/franka_moveit_config' with build type 'ament_cmake'
[1.148s] INFO:colcon.colcon_cmake.task.cmake.build:Building CMake package in '/home/rosqiu/coppelia_control/src/franka_moveit_config'
[1.148s] INFO:colcon.colcon_core.shell:Skip shell extension 'powershell' for command environment: Not usable outside of PowerShell
[1.149s] DEBUG:colcon.colcon_core.shell:Skip shell extension 'dsv' for command environment
[1.185s] DEBUG:colcon.colcon_core.event_handler.log_command:Invoking command in '/home/rosqiu/coppelia_control/build/franka_moveit_config': CMAKE_PREFIX_PATH=/home/rosqiu/coppelia_control/install/coppelia_control:/home/rosqiu/coppelia_control/install/franka_moveit_config:/opt/ros/humble /usr/bin/cmake --build /home/rosqiu/coppelia_control/build/franka_moveit_config -- -j3 -l3
[1.325s] DEBUG:colcon.colcon_core.event_handler.log_command:Invoked command in '/home/rosqiu/coppelia_control/build/franka_moveit_config' returned '0': CMAKE_PREFIX_PATH=/home/rosqiu/coppelia_control/install/coppelia_control:/home/rosqiu/coppelia_control/install/franka_moveit_config:/opt/ros/humble /usr/bin/cmake --build /home/rosqiu/coppelia_control/build/franka_moveit_config -- -j3 -l3
[1.335s] DEBUG:colcon.colcon_core.event_handler.log_command:Invoking command in '/home/rosqiu/coppelia_control/build/franka_moveit_config': CMAKE_PREFIX_PATH=/home/rosqiu/coppelia_control/install/coppelia_control:/home/rosqiu/coppelia_control/install/franka_moveit_config:/opt/ros/humble /usr/bin/cmake --install /home/rosqiu/coppelia_control/build/franka_moveit_config
[1.577s] Level 1:colcon.colcon_core.environment:create_environment_scripts_only(franka_moveit_config)
[1.577s] Level 1:colcon.colcon_core.environment:checking '/home/rosqiu/coppelia_control/install/franka_moveit_config' for CMake module files
[1.578s] Level 1:colcon.colcon_core.environment:checking '/home/rosqiu/coppelia_control/install/franka_moveit_config' for CMake config files
[1.579s] Level 1:colcon.colcon_core.shell:create_environment_hook('franka_moveit_config', 'cmake_prefix_path')
[1.579s] INFO:colcon.colcon_core.shell:Creating environment hook '/home/rosqiu/coppelia_control/install/franka_moveit_config/share/franka_moveit_config/hook/cmake_prefix_path.ps1'
[1.582s] DEBUG:colcon.colcon_core.event_handler.log_command:Invoked command in '/home/rosqiu/coppelia_control/build/franka_moveit_config' returned '0': CMAKE_PREFIX_PATH=/home/rosqiu/coppelia_control/install/coppelia_control:/home/rosqiu/coppelia_control/install/franka_moveit_config:/opt/ros/humble /usr/bin/cmake --install /home/rosqiu/coppelia_control/build/franka_moveit_config
[1.589s] INFO:colcon.colcon_core.shell:Creating environment descriptor '/home/rosqiu/coppelia_control/install/franka_moveit_config/share/franka_moveit_config/hook/cmake_prefix_path.dsv'
[1.590s] INFO:colcon.colcon_core.shell:Creating environment hook '/home/rosqiu/coppelia_control/install/franka_moveit_config/share/franka_moveit_config/hook/cmake_prefix_path.sh'
[1.592s] Level 1:colcon.colcon_core.environment:checking '/home/rosqiu/coppelia_control/install/franka_moveit_config/bin'
[1.592s] Level 1:colcon.colcon_core.environment:checking '/home/rosqiu/coppelia_control/install/franka_moveit_config/lib/pkgconfig/franka_moveit_config.pc'
[1.593s] Level 1:colcon.colcon_core.environment:checking '/home/rosqiu/coppelia_control/install/franka_moveit_config/lib/python3.10/site-packages'
[1.593s] Level 1:colcon.colcon_core.environment:checking '/home/rosqiu/coppelia_control/install/franka_moveit_config/bin'
[1.594s] INFO:colcon.colcon_core.shell:Creating package script '/home/rosqiu/coppelia_control/install/franka_moveit_config/share/franka_moveit_config/package.ps1'
[1.595s] INFO:colcon.colcon_core.shell:Creating package descriptor '/home/rosqiu/coppelia_control/install/franka_moveit_config/share/franka_moveit_config/package.dsv'
[1.596s] INFO:colcon.colcon_core.shell:Creating package script '/home/rosqiu/coppelia_control/install/franka_moveit_config/share/franka_moveit_config/package.sh'
[1.597s] INFO:colcon.colcon_core.shell:Creating package script '/home/rosqiu/coppelia_control/install/franka_moveit_config/share/franka_moveit_config/package.bash'
[1.601s] INFO:colcon.colcon_core.shell:Creating package script '/home/rosqiu/coppelia_control/install/franka_moveit_config/share/franka_moveit_config/package.zsh'
[1.602s] Level 1:colcon.colcon_core.environment:create_file_with_runtime_dependencies(/home/rosqiu/coppelia_control/install/franka_moveit_config/share/colcon-core/packages/franka_moveit_config)
[1.603s] Level 1:colcon.colcon_core.environment:create_environment_scripts_only(franka_moveit_config)
[1.603s] Level 1:colcon.colcon_core.environment:checking '/home/rosqiu/coppelia_control/install/franka_moveit_config' for CMake module files
[1.604s] Level 1:colcon.colcon_core.environment:checking '/home/rosqiu/coppelia_control/install/franka_moveit_config' for CMake config files
[1.604s] Level 1:colcon.colcon_core.shell:create_environment_hook('franka_moveit_config', 'cmake_prefix_path')
[1.605s] INFO:colcon.colcon_core.shell:Creating environment hook '/home/rosqiu/coppelia_control/install/franka_moveit_config/share/franka_moveit_config/hook/cmake_prefix_path.ps1'
[1.606s] INFO:colcon.colcon_core.shell:Creating environment descriptor '/home/rosqiu/coppelia_control/install/franka_moveit_config/share/franka_moveit_config/hook/cmake_prefix_path.dsv'
[1.608s] INFO:colcon.colcon_core.shell:Creating environment hook '/home/rosqiu/coppelia_control/install/franka_moveit_config/share/franka_moveit_config/hook/cmake_prefix_path.sh'
[1.610s] Level 1:colcon.colcon_core.environment:checking '/home/rosqiu/coppelia_control/install/franka_moveit_config/bin'
[1.610s] Level 1:colcon.colcon_core.environment:checking '/home/rosqiu/coppelia_control/install/franka_moveit_config/lib/pkgconfig/franka_moveit_config.pc'
[1.610s] Level 1:colcon.colcon_core.environment:checking '/home/rosqiu/coppelia_control/install/franka_moveit_config/lib/python3.10/site-packages'
[1.611s] Level 1:colcon.colcon_core.environment:checking '/home/rosqiu/coppelia_control/install/franka_moveit_config/bin'
[1.611s] INFO:colcon.colcon_core.shell:Creating package script '/home/rosqiu/coppelia_control/install/franka_moveit_config/share/franka_moveit_config/package.ps1'
[1.619s] INFO:colcon.colcon_core.shell:Creating package descriptor '/home/rosqiu/coppelia_control/install/franka_moveit_config/share/franka_moveit_config/package.dsv'
[1.625s] INFO:colcon.colcon_core.shell:Creating package script '/home/rosqiu/coppelia_control/install/franka_moveit_config/share/franka_moveit_config/package.sh'
[1.627s] INFO:colcon.colcon_core.shell:Creating package script '/home/rosqiu/coppelia_control/install/franka_moveit_config/share/franka_moveit_config/package.bash'
[1.630s] INFO:colcon.colcon_core.shell:Creating package script '/home/rosqiu/coppelia_control/install/franka_moveit_config/share/franka_moveit_config/package.zsh'
[1.633s] Level 1:colcon.colcon_core.environment:create_file_with_runtime_dependencies(/home/rosqiu/coppelia_control/install/franka_moveit_config/share/colcon-core/packages/franka_moveit_config)
[1.636s] DEBUG:colcon.colcon_parallel_executor.executor.parallel:closing loop
[1.639s] DEBUG:colcon.colcon_parallel_executor.executor.parallel:loop closed
[1.639s] DEBUG:colcon.colcon_parallel_executor.executor.parallel:run_until_complete finished with '0'
[1.639s] DEBUG:colcon.colcon_core.event_reactor:joining thread
[1.648s] INFO:colcon.colcon_core.plugin_system:Skipping extension 'colcon_notification.desktop_notification.terminal_notifier': Not used on non-Darwin systems
[1.648s] INFO:colcon.colcon_core.plugin_system:Skipping extension 'colcon_notification.desktop_notification.win32': Not used on non-Windows systems
[1.648s] INFO:colcon.colcon_notification.desktop_notification:Sending desktop notification using 'notify2'
[1.756s] DEBUG:colcon.colcon_core.event_reactor:joined thread
[1.757s] INFO:colcon.colcon_core.shell:Creating prefix script '/home/rosqiu/coppelia_control/install/local_setup.ps1'
[1.761s] INFO:colcon.colcon_core.shell:Creating prefix util module '/home/rosqiu/coppelia_control/install/_local_setup_util_ps1.py'
[1.768s] INFO:colcon.colcon_core.shell:Creating prefix chain script '/home/rosqiu/coppelia_control/install/setup.ps1'
[1.776s] INFO:colcon.colcon_core.shell:Creating prefix script '/home/rosqiu/coppelia_control/install/local_setup.sh'
[1.781s] INFO:colcon.colcon_core.shell:Creating prefix util module '/home/rosqiu/coppelia_control/install/_local_setup_util_sh.py'
[1.784s] INFO:colcon.colcon_core.shell:Creating prefix chain script '/home/rosqiu/coppelia_control/install/setup.sh'
[1.799s] INFO:colcon.colcon_core.shell:Creating prefix script '/home/rosqiu/coppelia_control/install/local_setup.bash'
[1.800s] INFO:colcon.colcon_core.shell:Creating prefix chain script '/home/rosqiu/coppelia_control/install/setup.bash'
[1.805s] INFO:colcon.colcon_core.shell:Creating prefix script '/home/rosqiu/coppelia_control/install/local_setup.zsh'
[1.807s] INFO:colcon.colcon_core.shell:Creating prefix chain script '/home/rosqiu/coppelia_control/install/setup.zsh'
