[0.089s] Invoking command in '/home/rosqiu/coppelia_control/build/coppelia_control': CMAKE_PREFIX_PATH=${CMAKE_PREFIX_PATH}:/home/rosqiu/coppelia_control/install/coppelia_vision:/opt/ros/humble /usr/bin/cmake --build /home/rosqiu/coppelia_control/build/coppelia_control -- -j3 -l3
[0.918s] Invoked command in '/home/rosqiu/coppelia_control/build/coppelia_control' returned '0': CMAKE_PREFIX_PATH=${CMAKE_PREFIX_PATH}:/home/rosqiu/coppelia_control/install/coppelia_vision:/opt/ros/humble /usr/bin/cmake --build /home/rosqiu/coppelia_control/build/coppelia_control -- -j3 -l3
[0.965s] Invoking command in '/home/rosqiu/coppelia_control/build/coppelia_control': CMAKE_PREFIX_PATH=${CMAKE_PREFIX_PATH}:/home/rosqiu/coppelia_control/install/coppelia_vision:/opt/ros/humble /usr/bin/cmake --install /home/rosqiu/coppelia_control/build/coppelia_control
[1.017s] -- Install configuration: ""
[1.033s] -- Execute custom install script
[1.033s] -- Up-to-date symlink: /home/rosqiu/coppelia_control/install/coppelia_control/lib/coppelia_control/grasp_manager.py
[1.034s] -- Up-to-date symlink: /home/rosqiu/coppelia_control/install/coppelia_control/share/coppelia_control/launch/franka_control.launch.py
[1.039s] -- Up-to-date symlink: /home/rosqiu/coppelia_control/install/coppelia_control/share/ament_index/resource_index/package_run_dependencies/coppelia_control
[1.039s] -- Up-to-date symlink: /home/rosqiu/coppelia_control/install/coppelia_control/share/ament_index/resource_index/parent_prefix_path/coppelia_control
[1.039s] -- Up-to-date symlink: /home/rosqiu/coppelia_control/install/coppelia_control/share/coppelia_control/environment/ament_prefix_path.sh
[1.043s] -- Up-to-date symlink: /home/rosqiu/coppelia_control/install/coppelia_control/share/coppelia_control/environment/ament_prefix_path.dsv
[1.043s] -- Up-to-date symlink: /home/rosqiu/coppelia_control/install/coppelia_control/share/coppelia_control/environment/path.sh
[1.044s] -- Up-to-date symlink: /home/rosqiu/coppelia_control/install/coppelia_control/share/coppelia_control/environment/path.dsv
[1.044s] -- Up-to-date symlink: /home/rosqiu/coppelia_control/install/coppelia_control/share/coppelia_control/local_setup.bash
[1.048s] -- Up-to-date symlink: /home/rosqiu/coppelia_control/install/coppelia_control/share/coppelia_control/local_setup.sh
[1.048s] -- Up-to-date symlink: /home/rosqiu/coppelia_control/install/coppelia_control/share/coppelia_control/local_setup.zsh
[1.049s] -- Up-to-date symlink: /home/rosqiu/coppelia_control/install/coppelia_control/share/coppelia_control/local_setup.dsv
[1.049s] -- Symlinking: /home/rosqiu/coppelia_control/install/coppelia_control/share/coppelia_control/package.dsv
[1.132s] -- Up-to-date symlink: /home/rosqiu/coppelia_control/install/coppelia_control/share/ament_index/resource_index/packages/coppelia_control
[1.135s] -- Up-to-date symlink: /home/rosqiu/coppelia_control/install/coppelia_control/share/coppelia_control/cmake/coppelia_controlConfig.cmake
[1.143s] -- Up-to-date symlink: /home/rosqiu/coppelia_control/install/coppelia_control/share/coppelia_control/cmake/coppelia_controlConfig-version.cmake
[1.143s] -- Up-to-date symlink: /home/rosqiu/coppelia_control/install/coppelia_control/share/coppelia_control/package.xml
[1.171s] Invoked command in '/home/rosqiu/coppelia_control/build/coppelia_control' returned '0': CMAKE_PREFIX_PATH=${CMAKE_PREFIX_PATH}:/home/rosqiu/coppelia_control/install/coppelia_vision:/opt/ros/humble /usr/bin/cmake --install /home/rosqiu/coppelia_control/build/coppelia_control
