[35m[1mConsolidate compiler generated dependencies of target cs_hardware_interface[0m
[ 50%] [32mBuilding CXX object CMakeFiles/cs_hardware_interface.dir/src/cs_system.cpp.o[0m
In file included from [01m[K/opt/ros/humble/include/rclcpp/rclcpp/client.hpp:40[m[K,
                 from [01m[K/opt/ros/humble/include/rclcpp/rclcpp/callback_group.hpp:24[m[K,
                 from [01m[K/opt/ros/humble/include/rclcpp/rclcpp/any_executable.hpp:20[m[K,
                 from [01m[K/opt/ros/humble/include/rclcpp/rclcpp/memory_strategy.hpp:25[m[K,
                 from [01m[K/opt/ros/humble/include/rclcpp/rclcpp/memory_strategies.hpp:18[m[K,
                 from [01m[K/opt/ros/humble/include/rclcpp/rclcpp/executor_options.hpp:20[m[K,
                 from [01m[K/opt/ros/humble/include/rclcpp/rclcpp/executor.hpp:37[m[K,
                 from [01m[K/opt/ros/humble/include/rclcpp/rclcpp/executors/multi_threaded_executor.hpp:25[m[K,
                 from [01m[K/opt/ros/humble/include/rclcpp/rclcpp/executors.hpp:21[m[K,
                 from [01m[K/opt/ros/humble/include/rclcpp/rclcpp/rclcpp.hpp:155[m[K,
                 from [01m[K/home/rosqiu/coppelia_control/src/cs_hardware_interface/include/cs_hardware_interface/cs_system.hpp:14[m[K,
                 from [01m[K/home/rosqiu/coppelia_control/src/cs_hardware_interface/src/cs_system.cpp:1[m[K:
[01m[K/home/rosqiu/coppelia_control/src/cs_hardware_interface/src/cs_system.cpp:[m[K In member function ‘[01m[Kvirtual hardware_interface::return_type cs_hardware_interface::CsSystem::read(const rclcpp::Time&, const rclcpp::Duration&)[m[K’:
[01m[K/home/rosqiu/coppelia_control/src/cs_hardware_interface/src/cs_system.cpp:139:90:[m[K [01;31m[Kerror: [m[Kcannot capture ‘[01m[Krclcpp::Clock(RCL_STEADY_TIME)[m[K’ by reference
  139 |       RCLCPP_ERROR_THROTTLE(rclcpp::get_logger("CsSystem"), rclcpp::Clock(RCL_STEADY_TIME[01;31m[K)[m[K, 2000, "ZMQ Send Error in read()");
      |                                                                                          [01;31m[K^[m[K
[01m[K/home/rosqiu/coppelia_control/src/cs_hardware_interface/src/cs_system.cpp:[m[K In lambda function:
[01m[K/home/rosqiu/coppelia_control/src/cs_hardware_interface/src/cs_system.cpp:139:7:[m[K [01;31m[Kerror: [m[K‘[01m[Kc[m[K’ was not declared in this scope
  139 |       [01;31m[KRCLCPP_ERROR_THROTTLE[m[K(rclcpp::get_logger("CsSystem"), rclcpp::Clock(RCL_STEADY_TIME), 2000, "ZMQ Send Error in read()");
      |       [01;31m[K^~~~~~~~~~~~~~~~~~~~~[m[K
[01m[K/home/rosqiu/coppelia_control/src/cs_hardware_interface/src/cs_system.cpp:[m[K In member function ‘[01m[Kvirtual hardware_interface::return_type cs_hardware_interface::CsSystem::read(const rclcpp::Time&, const rclcpp::Duration&)[m[K’:
[01m[K/home/rosqiu/coppelia_control/src/cs_hardware_interface/src/cs_system.cpp:149:89:[m[K [01;31m[Kerror: [m[Kcannot capture ‘[01m[Krclcpp::Clock(RCL_STEADY_TIME)[m[K’ by reference
  149 |       RCLCPP_WARN_THROTTLE(rclcpp::get_logger("CsSystem"), rclcpp::Clock(RCL_STEADY_TIME[01;31m[K)[m[K, 2000, "ZMQ Recv Timeout/Error in read() - Check CoppeliaSim status");
      |                                                                                         [01;31m[K^[m[K
[01m[K/home/rosqiu/coppelia_control/src/cs_hardware_interface/src/cs_system.cpp:[m[K In lambda function:
[01m[K/home/rosqiu/coppelia_control/src/cs_hardware_interface/src/cs_system.cpp:149:7:[m[K [01;31m[Kerror: [m[K‘[01m[Kc[m[K’ was not declared in this scope
  149 |       [01;31m[KRCLCPP_WARN_THROTTLE[m[K(rclcpp::get_logger("CsSystem"), rclcpp::Clock(RCL_STEADY_TIME), 2000, "ZMQ Recv Timeout/Error in read() - Check CoppeliaSim status");
      |       [01;31m[K^~~~~~~~~~~~~~~~~~~~[m[K
[01m[K/home/rosqiu/coppelia_control/src/cs_hardware_interface/src/cs_system.cpp:[m[K In member function ‘[01m[Kvirtual hardware_interface::return_type cs_hardware_interface::CsSystem::write(const rclcpp::Time&, const rclcpp::Duration&)[m[K’:
[01m[K/home/rosqiu/coppelia_control/src/cs_hardware_interface/src/cs_system.cpp:182:90:[m[K [01;31m[Kerror: [m[Kcannot capture ‘[01m[Krclcpp::Clock(RCL_STEADY_TIME)[m[K’ by reference
  182 |        RCLCPP_WARN_THROTTLE(rclcpp::get_logger("CsSystem"), rclcpp::Clock(RCL_STEADY_TIME[01;31m[K)[m[K, 2000, "ZMQ Recv Timeout in write()");
      |                                                                                          [01;31m[K^[m[K
[01m[K/home/rosqiu/coppelia_control/src/cs_hardware_interface/src/cs_system.cpp:[m[K In lambda function:
[01m[K/home/rosqiu/coppelia_control/src/cs_hardware_interface/src/cs_system.cpp:182:8:[m[K [01;31m[Kerror: [m[K‘[01m[Kc[m[K’ was not declared in this scope
  182 |        [01;31m[KRCLCPP_WARN_THROTTLE[m[K(rclcpp::get_logger("CsSystem"), rclcpp::Clock(RCL_STEADY_TIME), 2000, "ZMQ Recv Timeout in write()");
      |        [01;31m[K^~~~~~~~~~~~~~~~~~~~[m[K
[01m[K/home/rosqiu/coppelia_control/src/cs_hardware_interface/src/cs_system.cpp:[m[K In member function ‘[01m[Kvoid cs_hardware_interface::CsSystem::parse_feedback(const string&)[m[K’:
[01m[K/home/rosqiu/coppelia_control/src/cs_hardware_interface/src/cs_system.cpp:202:95:[m[K [01;31m[Kerror: [m[Kcannot capture ‘[01m[Krclcpp::Clock(RCL_STEADY_TIME)[m[K’ by reference
  202 |            RCLCPP_ERROR_THROTTLE(rclcpp::get_logger("CsSystem"), rclcpp::Clock(RCL_STEADY_TIME[01;31m[K)[m[K, 5000, "Data parse error: %s", segment.c_str());
      |                                                                                               [01;31m[K^[m[K
[01m[K/home/rosqiu/coppelia_control/src/cs_hardware_interface/src/cs_system.cpp:[m[K In lambda function:
[01m[K/home/rosqiu/coppelia_control/src/cs_hardware_interface/src/cs_system.cpp:202:12:[m[K [01;31m[Kerror: [m[K‘[01m[Kc[m[K’ was not declared in this scope
  202 |            [01;31m[KRCLCPP_ERROR_THROTTLE[m[K(rclcpp::get_logger("CsSystem"), rclcpp::Clock(RCL_STEADY_TIME), 5000, "Data parse error: %s", segment.c_str());
      |            [01;31m[K^~~~~~~~~~~~~~~~~~~~~[m[K
gmake[2]: *** [CMakeFiles/cs_hardware_interface.dir/build.make:76：CMakeFiles/cs_hardware_interface.dir/src/cs_system.cpp.o] 错误 1
gmake[1]: *** [CMakeFiles/Makefile2:137：CMakeFiles/cs_hardware_interface.dir/all] 错误 2
gmake: *** [Makefile:146：all] 错误 2
