[0.069s] Invoking command in '/home/rosqiu/coppelia_control/build/coppelia_control': CMAKE_PREFIX_PATH=${CMAKE_PREFIX_PATH}:/home/rosqiu/coppelia_control/install/coppelia_vision:/opt/ros/humble /usr/bin/cmake /home/rosqiu/coppelia_control/src/coppelia_control -DAMENT_CMAKE_SYMLINK_INSTALL=1 -DCMAKE_INSTALL_PREFIX=/home/rosqiu/coppelia_control/install/coppelia_control
[0.630s] -- The C compiler identification is GNU 11.4.0
[1.302s] -- The CXX compiler identification is GNU 11.4.0
[1.370s] -- Detecting C compiler ABI info
[1.753s] -- Detecting C compiler ABI info - done
[1.753s] -- Check for working C compiler: /usr/bin/cc - skipped
[1.756s] -- Detecting C compile features
[1.759s] -- Detecting C compile features - done
[1.783s] -- Detecting CXX compiler ABI info
[2.507s] -- Detecting CXX compiler ABI info - done
[2.564s] -- Check for working CXX compiler: /usr/bin/c++ - skipped
[2.568s] -- Detecting CXX compile features
[2.571s] -- Detecting CXX compile features - done
[2.729s] -- Found ament_cmake: 1.3.12 (/opt/ros/humble/share/ament_cmake/cmake)
[3.566s] -- Found Python3: /usr/bin/python3 (found version "3.10.12") found components: Interpreter 
[3.871s] -- Override CMake install command with custom implementation using symlinks instead of copying resources
[4.050s] -- Found rclcpp: 16.0.15 (/opt/ros/humble/share/rclcpp/cmake)
[4.436s] -- Found rosidl_generator_c: 3.1.7 (/opt/ros/humble/share/rosidl_generator_c/cmake)
[4.459s] -- Found rosidl_adapter: 3.1.7 (/opt/ros/humble/share/rosidl_adapter/cmake)
[4.521s] -- Found rosidl_generator_cpp: 3.1.7 (/opt/ros/humble/share/rosidl_generator_cpp/cmake)
[4.631s] -- Using all available rosidl_typesupport_c: rosidl_typesupport_fastrtps_c;rosidl_typesupport_introspection_c
[4.705s] -- Using all available rosidl_typesupport_cpp: rosidl_typesupport_fastrtps_cpp;rosidl_typesupport_introspection_cpp
[4.875s] -- Found rmw_implementation_cmake: 6.1.2 (/opt/ros/humble/share/rmw_implementation_cmake/cmake)
[4.890s] -- Found rmw_cyclonedds_cpp: 1.3.4 (/opt/ros/humble/share/rmw_cyclonedds_cpp/cmake)
[5.025s] -- Using RMW implementation 'rmw_cyclonedds_cpp' as default
[5.085s] -- Looking for pthread.h
[5.310s] -- Looking for pthread.h - found
[5.310s] -- Performing Test CMAKE_HAVE_LIBC_PTHREAD
[5.580s] -- Performing Test CMAKE_HAVE_LIBC_PTHREAD - Success
[5.585s] -- Found Threads: TRUE  
[6.134s] -- Found moveit_msgs: 2.2.1 (/opt/ros/humble/share/moveit_msgs/cmake)
[7.188s] -- Found ament_lint_auto: 0.12.14 (/opt/ros/humble/share/ament_lint_auto/cmake)
[7.692s] -- Added test 'copyright' to check source files copyright and LICENSE
[7.693s] -- Added test 'cppcheck' to perform static code analysis on C / C++ code
[7.693s] -- Configured cppcheck include dirs: 
[7.693s] -- Configured cppcheck exclude dirs and/or files: 
[7.696s] -- Added test 'cpplint' to check C / C++ code against the Google style
[7.696s] -- Configured cpplint exclude dirs and/or files: 
[7.723s] -- Added test 'flake8' to check Python code syntax and style conventions
[7.749s] -- Added test 'lint_cmake' to check CMake code style
[7.764s] -- Added test 'pep257' to check Python code against some of the docstring style conventions in PEP 257
[7.769s] -- Added test 'uncrustify' to check C / C++ code style
[7.769s] -- Configured uncrustify additional arguments: 
[7.771s] -- Added test 'xmllint' to check XML markup files
[7.781s] -- Configuring done
[7.809s] -- Generating done
[7.829s] -- Build files have been written to: /home/rosqiu/coppelia_control/build/coppelia_control
[7.865s] Invoked command in '/home/rosqiu/coppelia_control/build/coppelia_control' returned '0': CMAKE_PREFIX_PATH=${CMAKE_PREFIX_PATH}:/home/rosqiu/coppelia_control/install/coppelia_vision:/opt/ros/humble /usr/bin/cmake /home/rosqiu/coppelia_control/src/coppelia_control -DAMENT_CMAKE_SYMLINK_INSTALL=1 -DCMAKE_INSTALL_PREFIX=/home/rosqiu/coppelia_control/install/coppelia_control
[7.869s] Invoking command in '/home/rosqiu/coppelia_control/build/coppelia_control': CMAKE_PREFIX_PATH=${CMAKE_PREFIX_PATH}:/home/rosqiu/coppelia_control/install/coppelia_vision:/opt/ros/humble /usr/bin/cmake --build /home/rosqiu/coppelia_control/build/coppelia_control -- -j3 -l3
[8.122s] Invoked command in '/home/rosqiu/coppelia_control/build/coppelia_control' returned '0': CMAKE_PREFIX_PATH=${CMAKE_PREFIX_PATH}:/home/rosqiu/coppelia_control/install/coppelia_vision:/opt/ros/humble /usr/bin/cmake --build /home/rosqiu/coppelia_control/build/coppelia_control -- -j3 -l3
[8.160s] Invoking command in '/home/rosqiu/coppelia_control/build/coppelia_control': CMAKE_PREFIX_PATH=${CMAKE_PREFIX_PATH}:/home/rosqiu/coppelia_control/install/coppelia_vision:/opt/ros/humble /usr/bin/cmake --install /home/rosqiu/coppelia_control/build/coppelia_control
[8.193s] -- Install configuration: ""
[8.212s] -- Execute custom install script
[8.213s] -- Symlinking: /home/rosqiu/coppelia_control/install/coppelia_control/lib/coppelia_control/grasp_manager.py
[8.213s] -- Symlinking: /home/rosqiu/coppelia_control/install/coppelia_control/share/coppelia_control/launch/franka_control.launch.py
[8.214s] -- Symlinking: /home/rosqiu/coppelia_control/install/coppelia_control/share/ament_index/resource_index/package_run_dependencies/coppelia_control
[8.239s] -- Symlinking: /home/rosqiu/coppelia_control/install/coppelia_control/share/ament_index/resource_index/parent_prefix_path/coppelia_control
[8.260s] -- Symlinking: /home/rosqiu/coppelia_control/install/coppelia_control/share/coppelia_control/environment/ament_prefix_path.sh
[8.278s] -- Symlinking: /home/rosqiu/coppelia_control/install/coppelia_control/share/coppelia_control/environment/ament_prefix_path.dsv
[8.305s] -- Symlinking: /home/rosqiu/coppelia_control/install/coppelia_control/share/coppelia_control/environment/path.sh
[8.327s] -- Symlinking: /home/rosqiu/coppelia_control/install/coppelia_control/share/coppelia_control/environment/path.dsv
[8.352s] -- Symlinking: /home/rosqiu/coppelia_control/install/coppelia_control/share/coppelia_control/local_setup.bash
[8.366s] -- Symlinking: /home/rosqiu/coppelia_control/install/coppelia_control/share/coppelia_control/local_setup.sh
[8.393s] -- Symlinking: /home/rosqiu/coppelia_control/install/coppelia_control/share/coppelia_control/local_setup.zsh
[8.426s] -- Symlinking: /home/rosqiu/coppelia_control/install/coppelia_control/share/coppelia_control/local_setup.dsv
[8.443s] -- Symlinking: /home/rosqiu/coppelia_control/install/coppelia_control/share/coppelia_control/package.dsv
[8.459s] -- Symlinking: /home/rosqiu/coppelia_control/install/coppelia_control/share/ament_index/resource_index/packages/coppelia_control
[8.484s] -- Symlinking: /home/rosqiu/coppelia_control/install/coppelia_control/share/coppelia_control/cmake/coppelia_controlConfig.cmake
[8.504s] -- Symlinking: /home/rosqiu/coppelia_control/install/coppelia_control/share/coppelia_control/cmake/coppelia_controlConfig-version.cmake
[8.534s] -- Symlinking: /home/rosqiu/coppelia_control/install/coppelia_control/share/coppelia_control/package.xml
[8.562s] Invoked command in '/home/rosqiu/coppelia_control/build/coppelia_control' returned '0': CMAKE_PREFIX_PATH=${CMAKE_PREFIX_PATH}:/home/rosqiu/coppelia_control/install/coppelia_vision:/opt/ros/humble /usr/bin/cmake --install /home/rosqiu/coppelia_control/build/coppelia_control
