running develop
running egg_info
creating coppelia_vision.egg-info
writing coppelia_vision.egg-info/PKG-INFO
writing dependency_links to coppelia_vision.egg-info/dependency_links.txt
writing entry points to coppelia_vision.egg-info/entry_points.txt
writing requirements to coppelia_vision.egg-info/requires.txt
writing top-level names to coppelia_vision.egg-info/top_level.txt
writing manifest file 'coppelia_vision.egg-info/SOURCES.txt'
reading manifest file 'coppelia_vision.egg-info/SOURCES.txt'
writing manifest file 'coppelia_vision.egg-info/SOURCES.txt'
running build_ext
Creating /home/rosqiu/coppelia_control/install/coppelia_vision/lib/python3.10/site-packages/coppelia-vision.egg-link (link to .)
Installing vision_node script to /home/rosqiu/coppelia_control/install/coppelia_vision/lib/coppelia_vision

Installed /home/rosqiu/coppelia_control/build/coppelia_vision
running symlink_data
creating /home/rosqiu/coppelia_control/install/coppelia_vision/share/ament_index
creating /home/rosqiu/coppelia_control/install/coppelia_vision/share/ament_index/resource_index
creating /home/rosqiu/coppelia_control/install/coppelia_vision/share/ament_index/resource_index/packages
symbolically linking /home/rosqiu/coppelia_control/build/coppelia_vision/resource/coppelia_vision -> /home/rosqiu/coppelia_control/install/coppelia_vision/share/ament_index/resource_index/packages
symbolically linking /home/rosqiu/coppelia_control/build/coppelia_vision/package.xml -> /home/rosqiu/coppelia_control/install/coppelia_vision/share/coppelia_vision
creating /home/rosqiu/coppelia_control/install/coppelia_vision/share/coppelia_vision/launch
symbolically linking /home/rosqiu/coppelia_control/build/coppelia_vision/launch/vision_system.launch.py -> /home/rosqiu/coppelia_control/install/coppelia_vision/share/coppelia_vision/launch
symbolically linking /home/rosqiu/coppelia_control/build/coppelia_vision/launch/global_vision_setup.launch.py -> /home/rosqiu/coppelia_control/install/coppelia_vision/share/coppelia_vision/launch
creating /home/rosqiu/coppelia_control/install/coppelia_vision/share/coppelia_vision/config
symbolically linking /home/rosqiu/coppelia_control/build/coppelia_vision/config/vision_params.yaml -> /home/rosqiu/coppelia_control/install/coppelia_vision/share/coppelia_vision/config
