[0.050s] Invoking command in '/home/rosqiu/coppelia_control/build/coppelia_control': CMAKE_PREFIX_PATH=${CMAKE_PREFIX_PATH}:/home/rosqiu/demo01/install/learning_urdf:/home/rosqiu/demo01/install/learning_topic:/home/rosqiu/demo01/install/learning_tf:/home/rosqiu/demo01/install/learning_service:/home/rosqiu/demo01/install/learning_qos:/home/rosqiu/demo01/install/learning_pkg_python:/home/rosqiu/demo01/install/learning_parameter:/home/rosqiu/demo01/install/learning_node:/home/rosqiu/demo01/install/learning_launch:/home/rosqiu/demo01/install/learning_action:/home/rosqiu/demo01/install/learning_gazebo_harmonic:/home/rosqiu/demo01/install/learning_gazebo:/home/rosqiu/demo01/install/learning_cv:/opt/ros/humble /usr/bin/cmake --build /home/rosqiu/coppelia_control/build/coppelia_control -- -j3 -l3
[0.144s] -- Found ament_cmake: 1.3.12 (/opt/ros/humble/share/ament_cmake/cmake)
[0.646s] -- Found rclcpp: 16.0.15 (/opt/ros/humble/share/rclcpp/cmake)
[0.747s] -- Found rosidl_generator_c: 3.1.7 (/opt/ros/humble/share/rosidl_generator_c/cmake)
[0.752s] -- Found rosidl_adapter: 3.1.7 (/opt/ros/humble/share/rosidl_adapter/cmake)
[0.773s] -- Found rosidl_generator_cpp: 3.1.7 (/opt/ros/humble/share/rosidl_generator_cpp/cmake)
[0.793s] -- Using all available rosidl_typesupport_c: rosidl_typesupport_fastrtps_c;rosidl_typesupport_introspection_c
[0.864s] -- Using all available rosidl_typesupport_cpp: rosidl_typesupport_fastrtps_cpp;rosidl_typesupport_introspection_cpp
[0.976s] -- Found rmw_implementation_cmake: 6.1.2 (/opt/ros/humble/share/rmw_implementation_cmake/cmake)
[0.986s] -- Found rmw_fastrtps_cpp: 6.2.8 (/opt/ros/humble/share/rmw_fastrtps_cpp/cmake)
[1.270s] -- Using RMW implementation 'rmw_fastrtps_cpp' as default
[1.355s] -- Found sensor_msgs: 4.9.0 (/opt/ros/humble/share/sensor_msgs/cmake)
[1.401s] -- Found moveit_ros_planning_interface: 2.5.9 (/opt/ros/humble/share/moveit_ros_planning_interface/cmake)
[1.424s] -- Found Boost: /usr/lib/x86_64-linux-gnu/cmake/Boost-1.74.0/BoostConfig.cmake (found version "1.74.0") found components: date_time filesystem program_options system thread 
[1.620s] -- Found Boost: /usr/lib/x86_64-linux-gnu/cmake/Boost-1.74.0/BoostConfig.cmake (found version "1.74.0") found components: chrono date_time filesystem iostreams program_options regex serialization system thread 
[1.750s] -- Found parameter_traits: 0.5.0 (/opt/ros/humble/share/parameter_traits/cmake)
[1.760s] -- Found rclcpp_lifecycle: 16.0.15 (/opt/ros/humble/share/rclcpp_lifecycle/cmake)
[1.796s] -- Found Boost: /usr/lib/x86_64-linux-gnu/cmake/Boost-1.74.0/BoostConfig.cmake (found version "1.74.0") found components: filesystem 
[1.897s] -- library: /usr/lib/x86_64-linux-gnu/libcurl.so
[1.998s] -- Ensuring Eigen3 include directory is part of orocos-kdl CMake target
[2.295s] -- Found Boost: /usr/lib/x86_64-linux-gnu/cmake/Boost-1.74.0/BoostConfig.cmake (found version "1.74.0") found components: system filesystem date_time program_options thread chrono 
[2.368s] -- Found Boost: /usr/lib/x86_64-linux-gnu/cmake/Boost-1.74.0/BoostConfig.cmake (found version "1.74.0") found components: thread system filesystem regex date_time program_options 
[2.406s] -- Found Boost: /usr/lib/x86_64-linux-gnu/cmake/Boost-1.74.0/BoostConfig.cmake (found version "1.74.0") found components: system filesystem date_time program_options thread 
[2.578s] -- Configuring done
[2.684s] -- Generating done
[2.716s] -- Build files have been written to: /home/rosqiu/coppelia_control/build/coppelia_control
[2.793s] [35m[1mConsolidate compiler generated dependencies of target coppelia_control_lib[0m
[2.903s] [ 66%] Built target coppelia_control_lib
[2.949s] [35m[1mConsolidate compiler generated dependencies of target main_node[0m
[3.012s] [100%] Built target main_node
[3.057s] Invoked command in '/home/rosqiu/coppelia_control/build/coppelia_control' returned '0': CMAKE_PREFIX_PATH=${CMAKE_PREFIX_PATH}:/home/rosqiu/demo01/install/learning_urdf:/home/rosqiu/demo01/install/learning_topic:/home/rosqiu/demo01/install/learning_tf:/home/rosqiu/demo01/install/learning_service:/home/rosqiu/demo01/install/learning_qos:/home/rosqiu/demo01/install/learning_pkg_python:/home/rosqiu/demo01/install/learning_parameter:/home/rosqiu/demo01/install/learning_node:/home/rosqiu/demo01/install/learning_launch:/home/rosqiu/demo01/install/learning_action:/home/rosqiu/demo01/install/learning_gazebo_harmonic:/home/rosqiu/demo01/install/learning_gazebo:/home/rosqiu/demo01/install/learning_cv:/opt/ros/humble /usr/bin/cmake --build /home/rosqiu/coppelia_control/build/coppelia_control -- -j3 -l3
[3.101s] Invoking command in '/home/rosqiu/coppelia_control/build/coppelia_control': CMAKE_PREFIX_PATH=${CMAKE_PREFIX_PATH}:/home/rosqiu/demo01/install/learning_urdf:/home/rosqiu/demo01/install/learning_topic:/home/rosqiu/demo01/install/learning_tf:/home/rosqiu/demo01/install/learning_service:/home/rosqiu/demo01/install/learning_qos:/home/rosqiu/demo01/install/learning_pkg_python:/home/rosqiu/demo01/install/learning_parameter:/home/rosqiu/demo01/install/learning_node:/home/rosqiu/demo01/install/learning_launch:/home/rosqiu/demo01/install/learning_action:/home/rosqiu/demo01/install/learning_gazebo_harmonic:/home/rosqiu/demo01/install/learning_gazebo:/home/rosqiu/demo01/install/learning_cv:/opt/ros/humble /usr/bin/cmake --install /home/rosqiu/coppelia_control/build/coppelia_control
[3.109s] -- Install configuration: ""
[3.114s] -- Up-to-date: /home/rosqiu/coppelia_control/install/coppelia_control/lib/libcoppelia_control_lib.so
[3.114s] -- Up-to-date: /home/rosqiu/coppelia_control/install/coppelia_control/include/
[3.114s] -- Up-to-date: /home/rosqiu/coppelia_control/install/coppelia_control/include//coppelia_control
[3.114s] -- Up-to-date: /home/rosqiu/coppelia_control/install/coppelia_control/include//coppelia_control/VisionInterface.hpp
[3.114s] -- Up-to-date: /home/rosqiu/coppelia_control/install/coppelia_control/include//coppelia_control/ManipulationInterface.hpp
[3.114s] -- Up-to-date: /home/rosqiu/coppelia_control/install/coppelia_control/include//coppelia_control/PlanningInterface.hpp
[3.114s] -- Up-to-date: /home/rosqiu/coppelia_control/install/coppelia_control/lib/coppelia_control/main_node
[3.114s] -- Installing: /home/rosqiu/coppelia_control/install/coppelia_control/share/coppelia_control/urdf
[3.114s] -- Installing: /home/rosqiu/coppelia_control/install/coppelia_control/share/coppelia_control/urdf/panda.urdf
[3.131s] -- Installing: /home/rosqiu/coppelia_control/install/coppelia_control/share/coppelia_control/urdf/meshes
[3.135s] -- Installing: /home/rosqiu/coppelia_control/install/coppelia_control/share/coppelia_control/urdf/meshes/visual
[3.135s] -- Installing: /home/rosqiu/coppelia_control/install/coppelia_control/share/coppelia_control/urdf/meshes/visual/link2.dae
[3.135s] -- Installing: /home/rosqiu/coppelia_control/install/coppelia_control/share/coppelia_control/urdf/meshes/visual/hand.dae
[3.135s] -- Installing: /home/rosqiu/coppelia_control/install/coppelia_control/share/coppelia_control/urdf/meshes/visual/link0.dae
[3.135s] -- Installing: /home/rosqiu/coppelia_control/install/coppelia_control/share/coppelia_control/urdf/meshes/visual/link4.dae
[3.135s] -- Installing: /home/rosqiu/coppelia_control/install/coppelia_control/share/coppelia_control/urdf/meshes/visual/link1.dae
[3.135s] -- Installing: /home/rosqiu/coppelia_control/install/coppelia_control/share/coppelia_control/urdf/meshes/visual/link5.dae
[3.136s] -- Installing: /home/rosqiu/coppelia_control/install/coppelia_control/share/coppelia_control/urdf/meshes/visual/link6.dae
[3.140s] -- Installing: /home/rosqiu/coppelia_control/install/coppelia_control/share/coppelia_control/urdf/meshes/visual/finger.dae
[3.140s] -- Installing: /home/rosqiu/coppelia_control/install/coppelia_control/share/coppelia_control/urdf/meshes/visual/link7.dae
[3.140s] -- Installing: /home/rosqiu/coppelia_control/install/coppelia_control/share/coppelia_control/urdf/meshes/visual/link3.dae
[3.143s] -- Installing: /home/rosqiu/coppelia_control/install/coppelia_control/share/coppelia_control/urdf/meshes/collision
[3.143s] -- Installing: /home/rosqiu/coppelia_control/install/coppelia_control/share/coppelia_control/urdf/meshes/collision/link4.stl
[3.145s] -- Installing: /home/rosqiu/coppelia_control/install/coppelia_control/share/coppelia_control/urdf/meshes/collision/link6.stl
[3.145s] -- Installing: /home/rosqiu/coppelia_control/install/coppelia_control/share/coppelia_control/urdf/meshes/collision/hand.stl
[3.148s] -- Installing: /home/rosqiu/coppelia_control/install/coppelia_control/share/coppelia_control/urdf/meshes/collision/link7.stl
[3.148s] -- Installing: /home/rosqiu/coppelia_control/install/coppelia_control/share/coppelia_control/urdf/meshes/collision/link0.stl
[3.148s] -- Installing: /home/rosqiu/coppelia_control/install/coppelia_control/share/coppelia_control/urdf/meshes/collision/link3.stl
[3.149s] -- Installing: /home/rosqiu/coppelia_control/install/coppelia_control/share/coppelia_control/urdf/meshes/collision/link2.stl
[3.149s] -- Installing: /home/rosqiu/coppelia_control/install/coppelia_control/share/coppelia_control/urdf/meshes/collision/finger.stl
[3.149s] -- Installing: /home/rosqiu/coppelia_control/install/coppelia_control/share/coppelia_control/urdf/meshes/collision/link1.stl
[3.152s] -- Installing: /home/rosqiu/coppelia_control/install/coppelia_control/share/coppelia_control/urdf/meshes/collision/link5.stl
[3.152s] -- Installing: /home/rosqiu/coppelia_control/install/coppelia_control/share/coppelia_control/launch
[3.153s] -- Installing: /home/rosqiu/coppelia_control/install/coppelia_control/share/coppelia_control/launch/bringup.launch.py
[3.155s] -- Up-to-date: /home/rosqiu/coppelia_control/install/coppelia_control/share/ament_index/resource_index/package_run_dependencies/coppelia_control
[3.156s] -- Up-to-date: /home/rosqiu/coppelia_control/install/coppelia_control/share/ament_index/resource_index/parent_prefix_path/coppelia_control
[3.156s] -- Up-to-date: /home/rosqiu/coppelia_control/install/coppelia_control/share/coppelia_control/environment/ament_prefix_path.sh
[3.156s] -- Installing: /home/rosqiu/coppelia_control/install/coppelia_control/share/coppelia_control/environment/ament_prefix_path.dsv
[3.156s] -- Up-to-date: /home/rosqiu/coppelia_control/install/coppelia_control/share/coppelia_control/environment/path.sh
[3.157s] -- Installing: /home/rosqiu/coppelia_control/install/coppelia_control/share/coppelia_control/environment/path.dsv
[3.157s] -- Up-to-date: /home/rosqiu/coppelia_control/install/coppelia_control/share/coppelia_control/local_setup.bash
[3.157s] -- Up-to-date: /home/rosqiu/coppelia_control/install/coppelia_control/share/coppelia_control/local_setup.sh
[3.157s] -- Up-to-date: /home/rosqiu/coppelia_control/install/coppelia_control/share/coppelia_control/local_setup.zsh
[3.164s] -- Installing: /home/rosqiu/coppelia_control/install/coppelia_control/share/coppelia_control/local_setup.dsv
[3.164s] -- Installing: /home/rosqiu/coppelia_control/install/coppelia_control/share/coppelia_control/package.dsv
[3.164s] -- Up-to-date: /home/rosqiu/coppelia_control/install/coppelia_control/share/ament_index/resource_index/packages/coppelia_control
[3.164s] -- Up-to-date: /home/rosqiu/coppelia_control/install/coppelia_control/share/coppelia_control/cmake/coppelia_controlConfig.cmake
[3.164s] -- Up-to-date: /home/rosqiu/coppelia_control/install/coppelia_control/share/coppelia_control/cmake/coppelia_controlConfig-version.cmake
[3.164s] -- Up-to-date: /home/rosqiu/coppelia_control/install/coppelia_control/share/coppelia_control/package.xml
[3.168s] Invoked command in '/home/rosqiu/coppelia_control/build/coppelia_control' returned '0': CMAKE_PREFIX_PATH=${CMAKE_PREFIX_PATH}:/home/rosqiu/demo01/install/learning_urdf:/home/rosqiu/demo01/install/learning_topic:/home/rosqiu/demo01/install/learning_tf:/home/rosqiu/demo01/install/learning_service:/home/rosqiu/demo01/install/learning_qos:/home/rosqiu/demo01/install/learning_pkg_python:/home/rosqiu/demo01/install/learning_parameter:/home/rosqiu/demo01/install/learning_node:/home/rosqiu/demo01/install/learning_launch:/home/rosqiu/demo01/install/learning_action:/home/rosqiu/demo01/install/learning_gazebo_harmonic:/home/rosqiu/demo01/install/learning_gazebo:/home/rosqiu/demo01/install/learning_cv:/opt/ros/humble /usr/bin/cmake --install /home/rosqiu/coppelia_control/build/coppelia_control
