[0.040s] Invoking command in '/home/rosqiu/coppelia_control/build/coppelia_control': CMAKE_PREFIX_PATH=${CMAKE_PREFIX_PATH}:/home/rosqiu/demo01/install/learning_urdf:/home/rosqiu/demo01/install/learning_topic:/home/rosqiu/demo01/install/learning_tf:/home/rosqiu/demo01/install/learning_service:/home/rosqiu/demo01/install/learning_qos:/home/rosqiu/demo01/install/learning_pkg_python:/home/rosqiu/demo01/install/learning_parameter:/home/rosqiu/demo01/install/learning_node:/home/rosqiu/demo01/install/learning_launch:/home/rosqiu/demo01/install/learning_action:/home/rosqiu/demo01/install/learning_gazebo_harmonic:/home/rosqiu/demo01/install/learning_gazebo:/home/rosqiu/demo01/install/learning_cv:/opt/ros/humble /usr/bin/cmake --build /home/rosqiu/coppelia_control/build/coppelia_control -- -j3 -l3
[0.234s] [ 66%] Built target coppelia_control_lib
[0.280s] [35m[1mConsolidate compiler generated dependencies of target main_node[0m
[0.346s] [ 83%] [32mBuilding CXX object CMakeFiles/main_node.dir/src/main.cpp.o[0m
[11.657s] [100%] [32m[1mLinking CXX executable main_node[0m
[12.967s] [100%] Built target main_node
[13.010s] Invoked command in '/home/rosqiu/coppelia_control/build/coppelia_control' returned '0': CMAKE_PREFIX_PATH=${CMAKE_PREFIX_PATH}:/home/rosqiu/demo01/install/learning_urdf:/home/rosqiu/demo01/install/learning_topic:/home/rosqiu/demo01/install/learning_tf:/home/rosqiu/demo01/install/learning_service:/home/rosqiu/demo01/install/learning_qos:/home/rosqiu/demo01/install/learning_pkg_python:/home/rosqiu/demo01/install/learning_parameter:/home/rosqiu/demo01/install/learning_node:/home/rosqiu/demo01/install/learning_launch:/home/rosqiu/demo01/install/learning_action:/home/rosqiu/demo01/install/learning_gazebo_harmonic:/home/rosqiu/demo01/install/learning_gazebo:/home/rosqiu/demo01/install/learning_cv:/opt/ros/humble /usr/bin/cmake --build /home/rosqiu/coppelia_control/build/coppelia_control -- -j3 -l3
[13.028s] Invoking command in '/home/rosqiu/coppelia_control/build/coppelia_control': CMAKE_PREFIX_PATH=${CMAKE_PREFIX_PATH}:/home/rosqiu/demo01/install/learning_urdf:/home/rosqiu/demo01/install/learning_topic:/home/rosqiu/demo01/install/learning_tf:/home/rosqiu/demo01/install/learning_service:/home/rosqiu/demo01/install/learning_qos:/home/rosqiu/demo01/install/learning_pkg_python:/home/rosqiu/demo01/install/learning_parameter:/home/rosqiu/demo01/install/learning_node:/home/rosqiu/demo01/install/learning_launch:/home/rosqiu/demo01/install/learning_action:/home/rosqiu/demo01/install/learning_gazebo_harmonic:/home/rosqiu/demo01/install/learning_gazebo:/home/rosqiu/demo01/install/learning_cv:/opt/ros/humble /usr/bin/cmake --install /home/rosqiu/coppelia_control/build/coppelia_control
[13.044s] -- Install configuration: ""
[13.044s] -- Execute custom install script
[13.047s] -- Up-to-date symlink: /home/rosqiu/coppelia_control/install/coppelia_control/share/coppelia_control/urdf/panda.urdf
[13.047s] -- Up-to-date symlink: /home/rosqiu/coppelia_control/install/coppelia_control/share/coppelia_control/srdf/panda.srdf
[13.047s] -- Up-to-date symlink: /home/rosqiu/coppelia_control/install/coppelia_control/lib/libcoppelia_control_lib.so
[13.048s] -- Up-to-date symlink: /home/rosqiu/coppelia_control/install/coppelia_control/include//coppelia_control/ManipulationInterface.hpp
[13.048s] -- Up-to-date symlink: /home/rosqiu/coppelia_control/install/coppelia_control/include//coppelia_control/PlanningInterface.hpp
[13.048s] -- Up-to-date symlink: /home/rosqiu/coppelia_control/install/coppelia_control/include//coppelia_control/VisionInterface.hpp
[13.049s] -- Up-to-date symlink: /home/rosqiu/coppelia_control/install/coppelia_control/lib/coppelia_control/main_node
[13.049s] -- Up-to-date symlink: /home/rosqiu/coppelia_control/install/coppelia_control/share/coppelia_control/config/kinematics.yaml
[13.050s] -- Up-to-date symlink: /home/rosqiu/coppelia_control/install/coppelia_control/share/coppelia_control/launch/bringup.launch.py
[13.050s] -- Up-to-date symlink: /home/rosqiu/coppelia_control/install/coppelia_control/share/ament_index/resource_index/package_run_dependencies/coppelia_control
[13.051s] -- Up-to-date symlink: /home/rosqiu/coppelia_control/install/coppelia_control/share/ament_index/resource_index/parent_prefix_path/coppelia_control
[13.051s] -- Up-to-date symlink: /home/rosqiu/coppelia_control/install/coppelia_control/share/coppelia_control/environment/ament_prefix_path.sh
[13.051s] -- Up-to-date symlink: /home/rosqiu/coppelia_control/install/coppelia_control/share/coppelia_control/environment/ament_prefix_path.dsv
[13.051s] -- Up-to-date symlink: /home/rosqiu/coppelia_control/install/coppelia_control/share/coppelia_control/environment/path.sh
[13.051s] -- Up-to-date symlink: /home/rosqiu/coppelia_control/install/coppelia_control/share/coppelia_control/environment/path.dsv
[13.051s] -- Up-to-date symlink: /home/rosqiu/coppelia_control/install/coppelia_control/share/coppelia_control/local_setup.bash
[13.051s] -- Up-to-date symlink: /home/rosqiu/coppelia_control/install/coppelia_control/share/coppelia_control/local_setup.sh
[13.051s] -- Up-to-date symlink: /home/rosqiu/coppelia_control/install/coppelia_control/share/coppelia_control/local_setup.zsh
[13.051s] -- Up-to-date symlink: /home/rosqiu/coppelia_control/install/coppelia_control/share/coppelia_control/local_setup.dsv
[13.052s] -- Symlinking: /home/rosqiu/coppelia_control/install/coppelia_control/share/coppelia_control/package.dsv
[13.083s] -- Up-to-date symlink: /home/rosqiu/coppelia_control/install/coppelia_control/share/ament_index/resource_index/packages/coppelia_control
[13.083s] -- Up-to-date symlink: /home/rosqiu/coppelia_control/install/coppelia_control/share/coppelia_control/cmake/coppelia_controlConfig.cmake
[13.083s] -- Up-to-date symlink: /home/rosqiu/coppelia_control/install/coppelia_control/share/coppelia_control/cmake/coppelia_controlConfig-version.cmake
[13.083s] -- Up-to-date symlink: /home/rosqiu/coppelia_control/install/coppelia_control/share/coppelia_control/package.xml
[13.100s] Invoked command in '/home/rosqiu/coppelia_control/build/coppelia_control' returned '0': CMAKE_PREFIX_PATH=${CMAKE_PREFIX_PATH}:/home/rosqiu/demo01/install/learning_urdf:/home/rosqiu/demo01/install/learning_topic:/home/rosqiu/demo01/install/learning_tf:/home/rosqiu/demo01/install/learning_service:/home/rosqiu/demo01/install/learning_qos:/home/rosqiu/demo01/install/learning_pkg_python:/home/rosqiu/demo01/install/learning_parameter:/home/rosqiu/demo01/install/learning_node:/home/rosqiu/demo01/install/learning_launch:/home/rosqiu/demo01/install/learning_action:/home/rosqiu/demo01/install/learning_gazebo_harmonic:/home/rosqiu/demo01/install/learning_gazebo:/home/rosqiu/demo01/install/learning_cv:/opt/ros/humble /usr/bin/cmake --install /home/rosqiu/coppelia_control/build/coppelia_control
