[0.031s] Invoking command in '/home/rosqiu/coppelia_control/build/franka_moveit_config': CMAKE_PREFIX_PATH=/home/rosqiu/coppelia_control/install/coppelia_control:/home/rosqiu/coppelia_control/install/franka_moveit_config:/opt/ros/humble /usr/bin/cmake /home/rosqiu/coppelia_control/src/franka_moveit_config -DAMENT_CMAKE_SYMLINK_INSTALL=1 -DCMAKE_INSTALL_PREFIX=/home/rosqiu/coppelia_control/install/franka_moveit_config
[0.154s] -- The C compiler identification is GNU 11.4.0
[0.267s] -- The CXX compiler identification is GNU 11.4.0
[0.277s] -- Detecting C compiler ABI info
[0.407s] -- Detecting C compiler ABI info - done
[0.426s] -- Check for working C compiler: /usr/bin/cc - skipped
[0.429s] -- Detecting C compile features
[0.431s] -- Detecting C compile features - done
[0.442s] -- Detecting CXX compiler ABI info
[0.626s] -- Detecting CXX compiler ABI info - done
[0.650s] -- Check for working CXX compiler: /usr/bin/c++ - skipped
[0.650s] -- Detecting CXX compile features
[0.650s] -- Detecting CXX compile features - done
[0.650s] -- Found ament_cmake: 1.3.12 (/opt/ros/humble/share/ament_cmake/cmake)
[0.943s] -- Found Python3: /usr/bin/python3 (found version "3.10.12") found components: Interpreter 
[1.042s] -- Override CMake install command with custom implementation using symlinks instead of copying resources
[1.199s] -- Configuring done
[1.217s] -- Generating done
[1.222s] -- Build files have been written to: /home/rosqiu/coppelia_control/build/franka_moveit_config
[1.230s] Invoked command in '/home/rosqiu/coppelia_control/build/franka_moveit_config' returned '0': CMAKE_PREFIX_PATH=/home/rosqiu/coppelia_control/install/coppelia_control:/home/rosqiu/coppelia_control/install/franka_moveit_config:/opt/ros/humble /usr/bin/cmake /home/rosqiu/coppelia_control/src/franka_moveit_config -DAMENT_CMAKE_SYMLINK_INSTALL=1 -DCMAKE_INSTALL_PREFIX=/home/rosqiu/coppelia_control/install/franka_moveit_config
[1.231s] Invoking command in '/home/rosqiu/coppelia_control/build/franka_moveit_config': CMAKE_PREFIX_PATH=/home/rosqiu/coppelia_control/install/coppelia_control:/home/rosqiu/coppelia_control/install/franka_moveit_config:/opt/ros/humble /usr/bin/cmake --build /home/rosqiu/coppelia_control/build/franka_moveit_config -- -j3 -l3
[1.333s] Invoked command in '/home/rosqiu/coppelia_control/build/franka_moveit_config' returned '0': CMAKE_PREFIX_PATH=/home/rosqiu/coppelia_control/install/coppelia_control:/home/rosqiu/coppelia_control/install/franka_moveit_config:/opt/ros/humble /usr/bin/cmake --build /home/rosqiu/coppelia_control/build/franka_moveit_config -- -j3 -l3
[1.333s] Invoking command in '/home/rosqiu/coppelia_control/build/franka_moveit_config': CMAKE_PREFIX_PATH=/home/rosqiu/coppelia_control/install/coppelia_control:/home/rosqiu/coppelia_control/install/franka_moveit_config:/opt/ros/humble /usr/bin/cmake --install /home/rosqiu/coppelia_control/build/franka_moveit_config
[1.352s] -- Install configuration: ""
[1.354s] -- Execute custom install script
[1.358s] -- Symlinking: /home/rosqiu/coppelia_control/install/franka_moveit_config/share/ament_index/resource_index/package_run_dependencies/franka_moveit_config
[1.393s] -- Symlinking: /home/rosqiu/coppelia_control/install/franka_moveit_config/share/ament_index/resource_index/parent_prefix_path/franka_moveit_config
[1.420s] -- Symlinking: /home/rosqiu/coppelia_control/install/franka_moveit_config/share/franka_moveit_config/environment/ament_prefix_path.sh
[1.435s] -- Symlinking: /home/rosqiu/coppelia_control/install/franka_moveit_config/share/franka_moveit_config/environment/ament_prefix_path.dsv
[1.454s] -- Symlinking: /home/rosqiu/coppelia_control/install/franka_moveit_config/share/franka_moveit_config/environment/path.sh
[1.474s] -- Symlinking: /home/rosqiu/coppelia_control/install/franka_moveit_config/share/franka_moveit_config/environment/path.dsv
[1.512s] -- Symlinking: /home/rosqiu/coppelia_control/install/franka_moveit_config/share/franka_moveit_config/local_setup.bash
[1.531s] -- Symlinking: /home/rosqiu/coppelia_control/install/franka_moveit_config/share/franka_moveit_config/local_setup.sh
[1.550s] -- Symlinking: /home/rosqiu/coppelia_control/install/franka_moveit_config/share/franka_moveit_config/local_setup.zsh
[1.576s] -- Symlinking: /home/rosqiu/coppelia_control/install/franka_moveit_config/share/franka_moveit_config/local_setup.dsv
[1.597s] -- Symlinking: /home/rosqiu/coppelia_control/install/franka_moveit_config/share/franka_moveit_config/package.dsv
[1.627s] -- Symlinking: /home/rosqiu/coppelia_control/install/franka_moveit_config/share/ament_index/resource_index/packages/franka_moveit_config
[1.648s] -- Symlinking: /home/rosqiu/coppelia_control/install/franka_moveit_config/share/franka_moveit_config/cmake/franka_moveit_configConfig.cmake
[1.672s] -- Symlinking: /home/rosqiu/coppelia_control/install/franka_moveit_config/share/franka_moveit_config/cmake/franka_moveit_configConfig-version.cmake
[1.692s] -- Symlinking: /home/rosqiu/coppelia_control/install/franka_moveit_config/share/franka_moveit_config/package.xml
[1.722s] -- Symlinking: /home/rosqiu/coppelia_control/install/franka_moveit_config/share/franka_moveit_config/launch/demo.launch.py
[1.764s] -- Symlinking: /home/rosqiu/coppelia_control/install/franka_moveit_config/share/franka_moveit_config/launch/move_group.launch.py
[1.779s] -- Symlinking: /home/rosqiu/coppelia_control/install/franka_moveit_config/share/franka_moveit_config/launch/moveit_rviz.launch.py
[1.814s] -- Symlinking: /home/rosqiu/coppelia_control/install/franka_moveit_config/share/franka_moveit_config/launch/rsp.launch.py
[1.850s] -- Symlinking: /home/rosqiu/coppelia_control/install/franka_moveit_config/share/franka_moveit_config/launch/setup_assistant.launch.py
[1.873s] -- Symlinking: /home/rosqiu/coppelia_control/install/franka_moveit_config/share/franka_moveit_config/launch/spawn_controllers.launch.py
[1.888s] -- Symlinking: /home/rosqiu/coppelia_control/install/franka_moveit_config/share/franka_moveit_config/launch/static_virtual_joint_tfs.launch.py
[1.913s] -- Symlinking: /home/rosqiu/coppelia_control/install/franka_moveit_config/share/franka_moveit_config/launch/warehouse_db.launch.py
[1.961s] -- Symlinking: /home/rosqiu/coppelia_control/install/franka_moveit_config/share/franka_moveit_config/config/Franka.ros2_control.xacro
[1.987s] -- Symlinking: /home/rosqiu/coppelia_control/install/franka_moveit_config/share/franka_moveit_config/config/Franka.srdf
[2.011s] -- Symlinking: /home/rosqiu/coppelia_control/install/franka_moveit_config/share/franka_moveit_config/config/Franka.urdf.xacro
[2.041s] -- Symlinking: /home/rosqiu/coppelia_control/install/franka_moveit_config/share/franka_moveit_config/config/initial_positions.yaml
[2.057s] -- Symlinking: /home/rosqiu/coppelia_control/install/franka_moveit_config/share/franka_moveit_config/config/joint_limits.yaml
[2.081s] -- Symlinking: /home/rosqiu/coppelia_control/install/franka_moveit_config/share/franka_moveit_config/config/kinematics.yaml
[2.114s] -- Symlinking: /home/rosqiu/coppelia_control/install/franka_moveit_config/share/franka_moveit_config/config/moveit.rviz
[2.140s] -- Symlinking: /home/rosqiu/coppelia_control/install/franka_moveit_config/share/franka_moveit_config/config/pilz_cartesian_limits.yaml
[2.179s] -- Symlinking: /home/rosqiu/coppelia_control/install/franka_moveit_config/share/franka_moveit_config/config/ros2_controllers.yaml
[2.209s] -- Symlinking: /home/rosqiu/coppelia_control/install/franka_moveit_config/share/franka_moveit_config/.setup_assistant
[2.262s] Invoked command in '/home/rosqiu/coppelia_control/build/franka_moveit_config' returned '0': CMAKE_PREFIX_PATH=/home/rosqiu/coppelia_control/install/coppelia_control:/home/rosqiu/coppelia_control/install/franka_moveit_config:/opt/ros/humble /usr/bin/cmake --install /home/rosqiu/coppelia_control/build/franka_moveit_config
