[0.024s] Invoking command in '/home/rosqiu/coppelia_control/build/panda_moveit_config': CMAKE_PREFIX_PATH=/home/rosqiu/coppelia_control/install/cs_hardware_interface:/home/rosqiu/coppelia_control/install/panda_moveit_config:/home/rosqiu/coppelia_control/install/coppelia_control:/home/rosqiu/coppelia_control/install/coppelia_vision:/opt/ros/humble /usr/bin/cmake /home/rosqiu/coppelia_control/src/panda_moveit_config -DAMENT_CMAKE_SYMLINK_INSTALL=1 -DCMAKE_INSTALL_PREFIX=/home/rosqiu/coppelia_control/install/panda_moveit_config
[0.166s] -- The C compiler identification is GNU 11.4.0
[0.294s] -- The CXX compiler identification is GNU 11.4.0
[0.306s] -- Detecting C compiler ABI info
[0.500s] -- Detecting C compiler ABI info - done
[0.507s] -- Check for working C compiler: /usr/bin/cc - skipped
[0.518s] -- Detecting C compile features
[0.518s] -- Detecting C compile features - done
[0.525s] -- Detecting CXX compiler ABI info
[0.709s] -- Detecting CXX compiler ABI info - done
[0.718s] -- Check for working CXX compiler: /usr/bin/c++ - skipped
[0.722s] -- Detecting CXX compile features
[0.722s] -- Detecting CXX compile features - done
[0.796s] -- Found ament_cmake: 1.3.12 (/opt/ros/humble/share/ament_cmake/cmake)
[1.060s] -- Found Python3: /usr/bin/python3 (found version "3.10.12") found components: Interpreter 
[1.201s] -- Override CMake install command with custom implementation using symlinks instead of copying resources
[1.491s] -- Configuring done
[1.509s] -- Generating done
[1.518s] -- Build files have been written to: /home/rosqiu/coppelia_control/build/panda_moveit_config
[1.535s] Invoked command in '/home/rosqiu/coppelia_control/build/panda_moveit_config' returned '0': CMAKE_PREFIX_PATH=/home/rosqiu/coppelia_control/install/cs_hardware_interface:/home/rosqiu/coppelia_control/install/panda_moveit_config:/home/rosqiu/coppelia_control/install/coppelia_control:/home/rosqiu/coppelia_control/install/coppelia_vision:/opt/ros/humble /usr/bin/cmake /home/rosqiu/coppelia_control/src/panda_moveit_config -DAMENT_CMAKE_SYMLINK_INSTALL=1 -DCMAKE_INSTALL_PREFIX=/home/rosqiu/coppelia_control/install/panda_moveit_config
[1.544s] Invoking command in '/home/rosqiu/coppelia_control/build/panda_moveit_config': CMAKE_PREFIX_PATH=/home/rosqiu/coppelia_control/install/cs_hardware_interface:/home/rosqiu/coppelia_control/install/panda_moveit_config:/home/rosqiu/coppelia_control/install/coppelia_control:/home/rosqiu/coppelia_control/install/coppelia_vision:/opt/ros/humble /usr/bin/cmake --build /home/rosqiu/coppelia_control/build/panda_moveit_config -- -j3 -l3
[1.683s] Invoked command in '/home/rosqiu/coppelia_control/build/panda_moveit_config' returned '0': CMAKE_PREFIX_PATH=/home/rosqiu/coppelia_control/install/cs_hardware_interface:/home/rosqiu/coppelia_control/install/panda_moveit_config:/home/rosqiu/coppelia_control/install/coppelia_control:/home/rosqiu/coppelia_control/install/coppelia_vision:/opt/ros/humble /usr/bin/cmake --build /home/rosqiu/coppelia_control/build/panda_moveit_config -- -j3 -l3
[1.690s] Invoking command in '/home/rosqiu/coppelia_control/build/panda_moveit_config': CMAKE_PREFIX_PATH=/home/rosqiu/coppelia_control/install/cs_hardware_interface:/home/rosqiu/coppelia_control/install/panda_moveit_config:/home/rosqiu/coppelia_control/install/coppelia_control:/home/rosqiu/coppelia_control/install/coppelia_vision:/opt/ros/humble /usr/bin/cmake --install /home/rosqiu/coppelia_control/build/panda_moveit_config
[1.707s] -- Install configuration: ""
[1.712s] -- Execute custom install script
[1.717s] -- Symlinking: /home/rosqiu/coppelia_control/install/panda_moveit_config/share/ament_index/resource_index/package_run_dependencies/panda_moveit_config
[1.743s] -- Symlinking: /home/rosqiu/coppelia_control/install/panda_moveit_config/share/ament_index/resource_index/parent_prefix_path/panda_moveit_config
[1.769s] -- Symlinking: /home/rosqiu/coppelia_control/install/panda_moveit_config/share/panda_moveit_config/environment/ament_prefix_path.sh
[1.825s] -- Symlinking: /home/rosqiu/coppelia_control/install/panda_moveit_config/share/panda_moveit_config/environment/ament_prefix_path.dsv
[1.848s] -- Symlinking: /home/rosqiu/coppelia_control/install/panda_moveit_config/share/panda_moveit_config/environment/path.sh
[1.880s] -- Symlinking: /home/rosqiu/coppelia_control/install/panda_moveit_config/share/panda_moveit_config/environment/path.dsv
[1.908s] -- Symlinking: /home/rosqiu/coppelia_control/install/panda_moveit_config/share/panda_moveit_config/local_setup.bash
[1.934s] -- Symlinking: /home/rosqiu/coppelia_control/install/panda_moveit_config/share/panda_moveit_config/local_setup.sh
[1.971s] -- Symlinking: /home/rosqiu/coppelia_control/install/panda_moveit_config/share/panda_moveit_config/local_setup.zsh
[2.005s] -- Symlinking: /home/rosqiu/coppelia_control/install/panda_moveit_config/share/panda_moveit_config/local_setup.dsv
[2.038s] -- Symlinking: /home/rosqiu/coppelia_control/install/panda_moveit_config/share/panda_moveit_config/package.dsv
[2.080s] -- Symlinking: /home/rosqiu/coppelia_control/install/panda_moveit_config/share/ament_index/resource_index/packages/panda_moveit_config
[2.112s] -- Symlinking: /home/rosqiu/coppelia_control/install/panda_moveit_config/share/panda_moveit_config/cmake/panda_moveit_configConfig.cmake
[2.131s] -- Symlinking: /home/rosqiu/coppelia_control/install/panda_moveit_config/share/panda_moveit_config/cmake/panda_moveit_configConfig-version.cmake
[2.154s] -- Symlinking: /home/rosqiu/coppelia_control/install/panda_moveit_config/share/panda_moveit_config/package.xml
[2.183s] -- Symlinking: /home/rosqiu/coppelia_control/install/panda_moveit_config/share/panda_moveit_config/launch/demo.launch.py
[2.196s] -- Symlinking: /home/rosqiu/coppelia_control/install/panda_moveit_config/share/panda_moveit_config/launch/move_group.launch.py
[2.219s] -- Symlinking: /home/rosqiu/coppelia_control/install/panda_moveit_config/share/panda_moveit_config/launch/moveit_rviz.launch.py
[2.246s] -- Symlinking: /home/rosqiu/coppelia_control/install/panda_moveit_config/share/panda_moveit_config/launch/rsp.launch.py
[2.263s] -- Symlinking: /home/rosqiu/coppelia_control/install/panda_moveit_config/share/panda_moveit_config/launch/setup_assistant.launch.py
[2.281s] -- Symlinking: /home/rosqiu/coppelia_control/install/panda_moveit_config/share/panda_moveit_config/launch/spawn_controllers.launch.py
[2.304s] -- Symlinking: /home/rosqiu/coppelia_control/install/panda_moveit_config/share/panda_moveit_config/launch/static_virtual_joint_tfs.launch.py
[2.331s] -- Symlinking: /home/rosqiu/coppelia_control/install/panda_moveit_config/share/panda_moveit_config/launch/warehouse_db.launch.py
[2.355s] -- Symlinking: /home/rosqiu/coppelia_control/install/panda_moveit_config/share/panda_moveit_config/config/Franka.ros2_control.xacro
[2.385s] -- Symlinking: /home/rosqiu/coppelia_control/install/panda_moveit_config/share/panda_moveit_config/config/Franka.srdf
[2.423s] -- Symlinking: /home/rosqiu/coppelia_control/install/panda_moveit_config/share/panda_moveit_config/config/Franka.urdf.xacro
[2.437s] -- Symlinking: /home/rosqiu/coppelia_control/install/panda_moveit_config/share/panda_moveit_config/config/initial_positions.yaml
[2.465s] -- Symlinking: /home/rosqiu/coppelia_control/install/panda_moveit_config/share/panda_moveit_config/config/joint_limits.yaml
[2.483s] -- Symlinking: /home/rosqiu/coppelia_control/install/panda_moveit_config/share/panda_moveit_config/config/kinematics.yaml
[2.509s] -- Symlinking: /home/rosqiu/coppelia_control/install/panda_moveit_config/share/panda_moveit_config/config/moveit.rviz
[2.528s] -- Symlinking: /home/rosqiu/coppelia_control/install/panda_moveit_config/share/panda_moveit_config/config/moveit_controllers.yaml
[2.547s] -- Symlinking: /home/rosqiu/coppelia_control/install/panda_moveit_config/share/panda_moveit_config/config/ompl_planning.yaml
[2.567s] -- Symlinking: /home/rosqiu/coppelia_control/install/panda_moveit_config/share/panda_moveit_config/config/pilz_cartesian_limits.yaml
[2.589s] -- Symlinking: /home/rosqiu/coppelia_control/install/panda_moveit_config/share/panda_moveit_config/config/ros2_controllers.yaml
[2.612s] -- Symlinking: /home/rosqiu/coppelia_control/install/panda_moveit_config/share/panda_moveit_config/config/sensors_3d.yaml
[2.629s] -- Symlinking: /home/rosqiu/coppelia_control/install/panda_moveit_config/share/panda_moveit_config/.setup_assistant
[2.657s] Invoked command in '/home/rosqiu/coppelia_control/build/panda_moveit_config' returned '0': CMAKE_PREFIX_PATH=/home/rosqiu/coppelia_control/install/cs_hardware_interface:/home/rosqiu/coppelia_control/install/panda_moveit_config:/home/rosqiu/coppelia_control/install/coppelia_control:/home/rosqiu/coppelia_control/install/coppelia_vision:/opt/ros/humble /usr/bin/cmake --install /home/rosqiu/coppelia_control/build/panda_moveit_config
