[0.028s] Invoking command in '/home/rosqiu/coppelia_control/build/coppelia_control': CMAKE_PREFIX_PATH=${CMAKE_PREFIX_PATH}:/opt/ros/humble /usr/bin/cmake --build /home/rosqiu/coppelia_control/build/coppelia_control -- -j3 -l3
[0.218s] [35m[1mConsolidate compiler generated dependencies of target planning_interface[0m
[0.278s] [ 12%] [32mBuilding CXX object CMakeFiles/manipulation_interface.dir/src/ManipulationInterface.cpp.o[0m
[0.288s] [ 37%] Built target vision_interface
[0.314s] [ 50%] [32mBuilding CXX object CMakeFiles/planning_interface.dir/src/PlanningInterface.cpp.o[0m
[8.784s] [ 62%] [32m[1mLinking CXX shared library libmanipulation_interface.so[0m
[9.835s] [ 62%] Built target manipulation_interface
[13.765s] [ 75%] [32m[1mLinking CXX shared library libplanning_interface.so[0m
[14.207s] [ 75%] Built target planning_interface
[14.250s] [35m[1mConsolidate compiler generated dependencies of target franka_control_node[0m
[14.309s] [ 87%] [32mBuilding CXX object CMakeFiles/franka_control_node.dir/src/franka_control_node.cpp.o[0m
[25.733s] [100%] [32m[1mLinking CXX executable franka_control_node[0m
[26.525s] [100%] Built target franka_control_node
[26.557s] Invoked command in '/home/rosqiu/coppelia_control/build/coppelia_control' returned '0': CMAKE_PREFIX_PATH=${CMAKE_PREFIX_PATH}:/opt/ros/humble /usr/bin/cmake --build /home/rosqiu/coppelia_control/build/coppelia_control -- -j3 -l3
[26.578s] Invoking command in '/home/rosqiu/coppelia_control/build/coppelia_control': CMAKE_PREFIX_PATH=${CMAKE_PREFIX_PATH}:/opt/ros/humble /usr/bin/cmake --install /home/rosqiu/coppelia_control/build/coppelia_control
[26.607s] -- Install configuration: ""
[26.608s] -- Execute custom install script
[26.612s] -- Up-to-date symlink: /home/rosqiu/coppelia_control/install/coppelia_control/lib/libmanipulation_interface.so
[26.613s] -- Up-to-date symlink: /home/rosqiu/coppelia_control/install/coppelia_control/lib/libplanning_interface.so
[26.613s] -- Up-to-date symlink: /home/rosqiu/coppelia_control/install/coppelia_control/lib/libvision_interface.so
[26.613s] -- Up-to-date symlink: /home/rosqiu/coppelia_control/install/coppelia_control/lib/coppelia_control/franka_control_node
[26.614s] -- Up-to-date symlink: /home/rosqiu/coppelia_control/install/coppelia_control/include/coppelia_control/ManipulationInterface.hpp
[26.615s] -- Up-to-date symlink: /home/rosqiu/coppelia_control/install/coppelia_control/include/coppelia_control/PlanningInterface.hpp
[26.615s] -- Up-to-date symlink: /home/rosqiu/coppelia_control/install/coppelia_control/include/coppelia_control/VisionInterface.hpp
[26.615s] -- Up-to-date symlink: /home/rosqiu/coppelia_control/install/coppelia_control/share/coppelia_control/launch/franka_control.launch.py
[26.615s] -- Up-to-date symlink: /home/rosqiu/coppelia_control/install/coppelia_control/share/coppelia_control/urdf/Franka.urdf
[26.620s] -- Up-to-date symlink: /home/rosqiu/coppelia_control/install/coppelia_control/share/coppelia_control/meshes/meshes/Franka_FrankaGripper_coll_1.dae
[26.620s] -- Up-to-date symlink: /home/rosqiu/coppelia_control/install/coppelia_control/share/coppelia_control/meshes/meshes/Franka_FrankaGripper_coll_2.dae
[26.620s] -- Up-to-date symlink: /home/rosqiu/coppelia_control/install/coppelia_control/share/coppelia_control/meshes/meshes/Franka_FrankaGripper_coll_3.dae
[26.620s] -- Up-to-date symlink: /home/rosqiu/coppelia_control/install/coppelia_control/share/coppelia_control/meshes/meshes/Franka_leftFinger_coll_1.dae
[26.622s] -- Up-to-date symlink: /home/rosqiu/coppelia_control/install/coppelia_control/share/coppelia_control/meshes/meshes/Franka_leftFinger_coll_2.dae
[26.623s] -- Up-to-date symlink: /home/rosqiu/coppelia_control/install/coppelia_control/share/coppelia_control/meshes/meshes/Franka_leftFinger_coll_3.dae
[26.623s] -- Up-to-date symlink: /home/rosqiu/coppelia_control/install/coppelia_control/share/coppelia_control/meshes/meshes/Franka_leftFinger_coll_4.dae
[26.623s] -- Up-to-date symlink: /home/rosqiu/coppelia_control/install/coppelia_control/share/coppelia_control/meshes/meshes/Franka_leftFinger_coll_5.dae
[26.623s] -- Up-to-date symlink: /home/rosqiu/coppelia_control/install/coppelia_control/share/coppelia_control/meshes/meshes/Franka_leftFinger_coll_6.dae
[26.623s] -- Up-to-date symlink: /home/rosqiu/coppelia_control/install/coppelia_control/share/coppelia_control/meshes/meshes/Franka_leftFinger_coll_7.dae
[26.623s] -- Up-to-date symlink: /home/rosqiu/coppelia_control/install/coppelia_control/share/coppelia_control/meshes/meshes/Franka_leftFinger_coll_8.dae
[26.626s] -- Up-to-date symlink: /home/rosqiu/coppelia_control/install/coppelia_control/share/coppelia_control/meshes/meshes/Franka_leftFinger_coll_9.dae
[26.627s] -- Up-to-date symlink: /home/rosqiu/coppelia_control/install/coppelia_control/share/coppelia_control/meshes/meshes/Franka_leftFinger_visible_vis_1.dae
[26.627s] -- Up-to-date symlink: /home/rosqiu/coppelia_control/install/coppelia_control/share/coppelia_control/meshes/meshes/Franka_leftPad_coll_1.dae
[26.627s] -- Up-to-date symlink: /home/rosqiu/coppelia_control/install/coppelia_control/share/coppelia_control/meshes/meshes/Franka_leftPad_visible_vis_1.dae
[26.629s] -- Up-to-date symlink: /home/rosqiu/coppelia_control/install/coppelia_control/share/coppelia_control/meshes/meshes/Franka_link1_resp_coll_1.dae
[26.629s] -- Up-to-date symlink: /home/rosqiu/coppelia_control/install/coppelia_control/share/coppelia_control/meshes/meshes/Franka_link1_resp_coll_2.dae
[26.630s] -- Up-to-date symlink: /home/rosqiu/coppelia_control/install/coppelia_control/share/coppelia_control/meshes/meshes/Franka_link1_resp_coll_3.dae
[26.630s] -- Up-to-date symlink: /home/rosqiu/coppelia_control/install/coppelia_control/share/coppelia_control/meshes/meshes/Franka_link1_resp_coll_4.dae
[26.630s] -- Up-to-date symlink: /home/rosqiu/coppelia_control/install/coppelia_control/share/coppelia_control/meshes/meshes/Franka_link2_resp_coll_1.dae
[26.630s] -- Up-to-date symlink: /home/rosqiu/coppelia_control/install/coppelia_control/share/coppelia_control/meshes/meshes/Franka_link2_resp_coll_2.dae
[26.630s] -- Up-to-date symlink: /home/rosqiu/coppelia_control/install/coppelia_control/share/coppelia_control/meshes/meshes/Franka_link3_resp_coll_1.dae
[26.630s] -- Up-to-date symlink: /home/rosqiu/coppelia_control/install/coppelia_control/share/coppelia_control/meshes/meshes/Franka_link3_resp_coll_2.dae
[26.631s] -- Up-to-date symlink: /home/rosqiu/coppelia_control/install/coppelia_control/share/coppelia_control/meshes/meshes/Franka_link3_resp_coll_3.dae
[26.631s] -- Up-to-date symlink: /home/rosqiu/coppelia_control/install/coppelia_control/share/coppelia_control/meshes/meshes/Franka_link3_resp_coll_4.dae
[26.631s] -- Up-to-date symlink: /home/rosqiu/coppelia_control/install/coppelia_control/share/coppelia_control/meshes/meshes/Franka_link4_resp_coll_1.dae
[26.631s] -- Up-to-date symlink: /home/rosqiu/coppelia_control/install/coppelia_control/share/coppelia_control/meshes/meshes/Franka_link4_resp_coll_2.dae
[26.635s] -- Up-to-date symlink: /home/rosqiu/coppelia_control/install/coppelia_control/share/coppelia_control/meshes/meshes/Franka_link4_resp_coll_3.dae
[26.635s] -- Up-to-date symlink: /home/rosqiu/coppelia_control/install/coppelia_control/share/coppelia_control/meshes/meshes/Franka_link4_resp_coll_4.dae
[26.635s] -- Up-to-date symlink: /home/rosqiu/coppelia_control/install/coppelia_control/share/coppelia_control/meshes/meshes/Franka_link4_resp_coll_5.dae
[26.635s] -- Up-to-date symlink: /home/rosqiu/coppelia_control/install/coppelia_control/share/coppelia_control/meshes/meshes/Franka_link4_resp_coll_6.dae
[26.635s] -- Up-to-date symlink: /home/rosqiu/coppelia_control/install/coppelia_control/share/coppelia_control/meshes/meshes/Franka_link5_resp_coll_1.dae
[26.635s] -- Up-to-date symlink: /home/rosqiu/coppelia_control/install/coppelia_control/share/coppelia_control/meshes/meshes/Franka_link5_resp_coll_2.dae
[26.635s] -- Up-to-date symlink: /home/rosqiu/coppelia_control/install/coppelia_control/share/coppelia_control/meshes/meshes/Franka_link5_resp_coll_3.dae
[26.639s] -- Up-to-date symlink: /home/rosqiu/coppelia_control/install/coppelia_control/share/coppelia_control/meshes/meshes/Franka_link5_resp_coll_4.dae
[26.640s] -- Up-to-date symlink: /home/rosqiu/coppelia_control/install/coppelia_control/share/coppelia_control/meshes/meshes/Franka_link5_resp_coll_5.dae
[26.640s] -- Up-to-date symlink: /home/rosqiu/coppelia_control/install/coppelia_control/share/coppelia_control/meshes/meshes/Franka_link5_resp_coll_6.dae
[26.640s] -- Up-to-date symlink: /home/rosqiu/coppelia_control/install/coppelia_control/share/coppelia_control/meshes/meshes/Franka_link5_resp_coll_7.dae
[26.640s] -- Up-to-date symlink: /home/rosqiu/coppelia_control/install/coppelia_control/share/coppelia_control/meshes/meshes/Franka_link5_resp_coll_8.dae
[26.640s] -- Up-to-date symlink: /home/rosqiu/coppelia_control/install/coppelia_control/share/coppelia_control/meshes/meshes/Franka_link5_resp_coll_9.dae
[26.640s] -- Up-to-date symlink: /home/rosqiu/coppelia_control/install/coppelia_control/share/coppelia_control/meshes/meshes/Franka_link6_resp_coll_1.dae
[26.643s] -- Up-to-date symlink: /home/rosqiu/coppelia_control/install/coppelia_control/share/coppelia_control/meshes/meshes/Franka_link6_resp_coll_10.dae
[26.644s] -- Up-to-date symlink: /home/rosqiu/coppelia_control/install/coppelia_control/share/coppelia_control/meshes/meshes/Franka_link6_resp_coll_11.dae
[26.644s] -- Up-to-date symlink: /home/rosqiu/coppelia_control/install/coppelia_control/share/coppelia_control/meshes/meshes/Franka_link6_resp_coll_12.dae
[26.644s] -- Up-to-date symlink: /home/rosqiu/coppelia_control/install/coppelia_control/share/coppelia_control/meshes/meshes/Franka_link6_resp_coll_13.dae
[26.644s] -- Up-to-date symlink: /home/rosqiu/coppelia_control/install/coppelia_control/share/coppelia_control/meshes/meshes/Franka_link6_resp_coll_14.dae
[26.644s] -- Up-to-date symlink: /home/rosqiu/coppelia_control/install/coppelia_control/share/coppelia_control/meshes/meshes/Franka_link6_resp_coll_15.dae
[26.644s] -- Up-to-date symlink: /home/rosqiu/coppelia_control/install/coppelia_control/share/coppelia_control/meshes/meshes/Franka_link6_resp_coll_16.dae
[26.646s] -- Up-to-date symlink: /home/rosqiu/coppelia_control/install/coppelia_control/share/coppelia_control/meshes/meshes/Franka_link6_resp_coll_2.dae
[26.649s] -- Up-to-date symlink: /home/rosqiu/coppelia_control/install/coppelia_control/share/coppelia_control/meshes/meshes/Franka_link6_resp_coll_3.dae
[26.650s] -- Up-to-date symlink: /home/rosqiu/coppelia_control/install/coppelia_control/share/coppelia_control/meshes/meshes/Franka_link6_resp_coll_4.dae
[26.650s] -- Up-to-date symlink: /home/rosqiu/coppelia_control/install/coppelia_control/share/coppelia_control/meshes/meshes/Franka_link6_resp_coll_5.dae
[26.653s] -- Up-to-date symlink: /home/rosqiu/coppelia_control/install/coppelia_control/share/coppelia_control/meshes/meshes/Franka_link6_resp_coll_6.dae
[26.654s] -- Up-to-date symlink: /home/rosqiu/coppelia_control/install/coppelia_control/share/coppelia_control/meshes/meshes/Franka_link6_resp_coll_7.dae
[26.656s] -- Up-to-date symlink: /home/rosqiu/coppelia_control/install/coppelia_control/share/coppelia_control/meshes/meshes/Franka_link6_resp_coll_8.dae
[26.656s] -- Up-to-date symlink: /home/rosqiu/coppelia_control/install/coppelia_control/share/coppelia_control/meshes/meshes/Franka_link6_resp_coll_9.dae
[26.656s] -- Up-to-date symlink: /home/rosqiu/coppelia_control/install/coppelia_control/share/coppelia_control/meshes/meshes/Franka_link_0_vis_1.dae
[26.656s] -- Up-to-date symlink: /home/rosqiu/coppelia_control/install/coppelia_control/share/coppelia_control/meshes/meshes/Franka_link_1_vis_1.dae
[26.664s] -- Up-to-date symlink: /home/rosqiu/coppelia_control/install/coppelia_control/share/coppelia_control/meshes/meshes/Franka_link_2_vis_1.dae
[26.664s] -- Up-to-date symlink: /home/rosqiu/coppelia_control/install/coppelia_control/share/coppelia_control/meshes/meshes/Franka_link_3_vis_1.dae
[26.665s] -- Up-to-date symlink: /home/rosqiu/coppelia_control/install/coppelia_control/share/coppelia_control/meshes/meshes/Franka_link_3_vis_2.dae
[26.665s] -- Up-to-date symlink: /home/rosqiu/coppelia_control/install/coppelia_control/share/coppelia_control/meshes/meshes/Franka_link_4_vis_1.dae
[26.665s] -- Up-to-date symlink: /home/rosqiu/coppelia_control/install/coppelia_control/share/coppelia_control/meshes/meshes/Franka_link_4_vis_2.dae
[26.667s] -- Up-to-date symlink: /home/rosqiu/coppelia_control/install/coppelia_control/share/coppelia_control/meshes/meshes/Franka_link_5_vis_1.dae
[26.667s] -- Up-to-date symlink: /home/rosqiu/coppelia_control/install/coppelia_control/share/coppelia_control/meshes/meshes/Franka_link_5_vis_2.dae
[26.667s] -- Up-to-date symlink: /home/rosqiu/coppelia_control/install/coppelia_control/share/coppelia_control/meshes/meshes/Franka_link_6_vis_1.dae
[26.667s] -- Up-to-date symlink: /home/rosqiu/coppelia_control/install/coppelia_control/share/coppelia_control/meshes/meshes/Franka_link_6_vis_2.dae
[26.667s] -- Up-to-date symlink: /home/rosqiu/coppelia_control/install/coppelia_control/share/coppelia_control/meshes/meshes/Franka_link_7_top_vis_1.dae
[26.670s] -- Up-to-date symlink: /home/rosqiu/coppelia_control/install/coppelia_control/share/coppelia_control/meshes/meshes/Franka_rightFinger_coll_1.dae
[26.670s] -- Up-to-date symlink: /home/rosqiu/coppelia_control/install/coppelia_control/share/coppelia_control/meshes/meshes/Franka_rightFinger_coll_2.dae
[26.670s] -- Up-to-date symlink: /home/rosqiu/coppelia_control/install/coppelia_control/share/coppelia_control/meshes/meshes/Franka_rightFinger_coll_3.dae
[26.670s] -- Up-to-date symlink: /home/rosqiu/coppelia_control/install/coppelia_control/share/coppelia_control/meshes/meshes/Franka_rightFinger_coll_4.dae
[26.671s] -- Up-to-date symlink: /home/rosqiu/coppelia_control/install/coppelia_control/share/coppelia_control/meshes/meshes/Franka_rightFinger_coll_5.dae
[26.671s] -- Up-to-date symlink: /home/rosqiu/coppelia_control/install/coppelia_control/share/coppelia_control/meshes/meshes/Franka_rightFinger_coll_6.dae
[26.671s] -- Up-to-date symlink: /home/rosqiu/coppelia_control/install/coppelia_control/share/coppelia_control/meshes/meshes/Franka_rightFinger_coll_7.dae
[26.671s] -- Up-to-date symlink: /home/rosqiu/coppelia_control/install/coppelia_control/share/coppelia_control/meshes/meshes/Franka_rightFinger_coll_8.dae
[26.671s] -- Up-to-date symlink: /home/rosqiu/coppelia_control/install/coppelia_control/share/coppelia_control/meshes/meshes/Franka_rightFinger_coll_9.dae
[26.672s] -- Up-to-date symlink: /home/rosqiu/coppelia_control/install/coppelia_control/share/coppelia_control/meshes/meshes/Franka_rightFinger_visible_vis_1.dae
[26.672s] -- Up-to-date symlink: /home/rosqiu/coppelia_control/install/coppelia_control/share/coppelia_control/meshes/meshes/Franka_rightPad_coll_1.dae
[26.672s] -- Up-to-date symlink: /home/rosqiu/coppelia_control/install/coppelia_control/share/coppelia_control/meshes/meshes/Franka_rightPad_visible_vis_1.dae
[26.675s] -- Up-to-date symlink: /home/rosqiu/coppelia_control/install/coppelia_control/share/coppelia_control/meshes/meshes/Franka_robot_base_coll_1.dae
[26.675s] -- Up-to-date symlink: /home/rosqiu/coppelia_control/install/coppelia_control/share/coppelia_control/meshes/meshes/Franka_visible_vis_1.dae
[26.675s] -- Up-to-date symlink: /home/rosqiu/coppelia_control/install/coppelia_control/share/coppelia_control/environment/library_path.sh
[26.675s] -- Up-to-date symlink: /home/rosqiu/coppelia_control/install/coppelia_control/share/coppelia_control/environment/library_path.dsv
[26.675s] -- Up-to-date symlink: /home/rosqiu/coppelia_control/install/coppelia_control/share/ament_index/resource_index/package_run_dependencies/coppelia_control
[26.675s] -- Up-to-date symlink: /home/rosqiu/coppelia_control/install/coppelia_control/share/ament_index/resource_index/parent_prefix_path/coppelia_control
[26.675s] -- Up-to-date symlink: /home/rosqiu/coppelia_control/install/coppelia_control/share/coppelia_control/environment/ament_prefix_path.sh
[26.675s] -- Up-to-date symlink: /home/rosqiu/coppelia_control/install/coppelia_control/share/coppelia_control/environment/ament_prefix_path.dsv
[26.676s] -- Up-to-date symlink: /home/rosqiu/coppelia_control/install/coppelia_control/share/coppelia_control/environment/path.sh
[26.681s] -- Up-to-date symlink: /home/rosqiu/coppelia_control/install/coppelia_control/share/coppelia_control/environment/path.dsv
[26.681s] -- Up-to-date symlink: /home/rosqiu/coppelia_control/install/coppelia_control/share/coppelia_control/local_setup.bash
[26.681s] -- Up-to-date symlink: /home/rosqiu/coppelia_control/install/coppelia_control/share/coppelia_control/local_setup.sh
[26.682s] -- Up-to-date symlink: /home/rosqiu/coppelia_control/install/coppelia_control/share/coppelia_control/local_setup.zsh
[26.682s] -- Up-to-date symlink: /home/rosqiu/coppelia_control/install/coppelia_control/share/coppelia_control/local_setup.dsv
[26.682s] -- Symlinking: /home/rosqiu/coppelia_control/install/coppelia_control/share/coppelia_control/package.dsv
[26.706s] -- Up-to-date symlink: /home/rosqiu/coppelia_control/install/coppelia_control/share/ament_index/resource_index/packages/coppelia_control
[26.707s] -- Up-to-date symlink: /home/rosqiu/coppelia_control/install/coppelia_control/share/coppelia_control/cmake/ament_cmake_export_include_directories-extras.cmake
[26.708s] -- Up-to-date symlink: /home/rosqiu/coppelia_control/install/coppelia_control/share/coppelia_control/cmake/ament_cmake_export_libraries-extras.cmake
[26.709s] -- Up-to-date symlink: /home/rosqiu/coppelia_control/install/coppelia_control/share/coppelia_control/cmake/ament_cmake_export_dependencies-extras.cmake
[26.709s] -- Up-to-date symlink: /home/rosqiu/coppelia_control/install/coppelia_control/share/coppelia_control/cmake/coppelia_controlConfig.cmake
[26.709s] -- Up-to-date symlink: /home/rosqiu/coppelia_control/install/coppelia_control/share/coppelia_control/cmake/coppelia_controlConfig-version.cmake
[26.709s] -- Up-to-date symlink: /home/rosqiu/coppelia_control/install/coppelia_control/share/coppelia_control/package.xml
[26.725s] Invoked command in '/home/rosqiu/coppelia_control/build/coppelia_control' returned '0': CMAKE_PREFIX_PATH=${CMAKE_PREFIX_PATH}:/opt/ros/humble /usr/bin/cmake --install /home/rosqiu/coppelia_control/build/coppelia_control
