[0.029s] Invoking command in '/home/rosqiu/coppelia_control/build/coppelia_control': CMAKE_PREFIX_PATH=${CMAKE_PREFIX_PATH}:/home/rosqiu/demo01/install/learning_urdf:/home/rosqiu/demo01/install/learning_topic:/home/rosqiu/demo01/install/learning_tf:/home/rosqiu/demo01/install/learning_service:/home/rosqiu/demo01/install/learning_qos:/home/rosqiu/demo01/install/learning_pkg_python:/home/rosqiu/demo01/install/learning_parameter:/home/rosqiu/demo01/install/learning_node:/home/rosqiu/demo01/install/learning_launch:/home/rosqiu/demo01/install/learning_action:/home/rosqiu/demo01/install/learning_gazebo_harmonic:/home/rosqiu/demo01/install/learning_gazebo:/home/rosqiu/demo01/install/learning_cv:/opt/ros/humble /usr/bin/cmake --build /home/rosqiu/coppelia_control/build/coppelia_control -- -j3 -l3
[0.087s] -- Found ament_cmake: 1.3.12 (/opt/ros/humble/share/ament_cmake/cmake)
[0.352s] -- Override CMake install command with custom implementation using symlinks instead of copying resources
[0.364s] -- Found rclcpp: 16.0.15 (/opt/ros/humble/share/rclcpp/cmake)
[0.432s] -- Found rosidl_generator_c: 3.1.7 (/opt/ros/humble/share/rosidl_generator_c/cmake)
[0.437s] -- Found rosidl_adapter: 3.1.7 (/opt/ros/humble/share/rosidl_adapter/cmake)
[0.450s] -- Found rosidl_generator_cpp: 3.1.7 (/opt/ros/humble/share/rosidl_generator_cpp/cmake)
[0.468s] -- Using all available rosidl_typesupport_c: rosidl_typesupport_fastrtps_c;rosidl_typesupport_introspection_c
[0.494s] -- Using all available rosidl_typesupport_cpp: rosidl_typesupport_fastrtps_cpp;rosidl_typesupport_introspection_cpp
[0.560s] -- Found rmw_implementation_cmake: 6.1.2 (/opt/ros/humble/share/rmw_implementation_cmake/cmake)
[0.564s] -- Found rmw_fastrtps_cpp: 6.2.8 (/opt/ros/humble/share/rmw_fastrtps_cpp/cmake)
[0.801s] -- Using RMW implementation 'rmw_fastrtps_cpp' as default
[0.851s] -- Found sensor_msgs: 4.9.0 (/opt/ros/humble/share/sensor_msgs/cmake)
[0.889s] -- Found moveit_ros_planning_interface: 2.5.9 (/opt/ros/humble/share/moveit_ros_planning_interface/cmake)
[0.909s] -- Found Boost: /usr/lib/x86_64-linux-gnu/cmake/Boost-1.74.0/BoostConfig.cmake (found version "1.74.0") found components: date_time filesystem program_options system thread 
[1.050s] -- Found Boost: /usr/lib/x86_64-linux-gnu/cmake/Boost-1.74.0/BoostConfig.cmake (found version "1.74.0") found components: chrono date_time filesystem iostreams program_options regex serialization system thread 
[1.089s] -- Found parameter_traits: 0.5.0 (/opt/ros/humble/share/parameter_traits/cmake)
[1.099s] -- Found rclcpp_lifecycle: 16.0.15 (/opt/ros/humble/share/rclcpp_lifecycle/cmake)
[1.120s] -- Found Boost: /usr/lib/x86_64-linux-gnu/cmake/Boost-1.74.0/BoostConfig.cmake (found version "1.74.0") found components: filesystem 
[1.199s] -- library: /usr/lib/x86_64-linux-gnu/libcurl.so
[1.237s] -- Ensuring Eigen3 include directory is part of orocos-kdl CMake target
[1.393s] -- Found Boost: /usr/lib/x86_64-linux-gnu/cmake/Boost-1.74.0/BoostConfig.cmake (found version "1.74.0") found components: system filesystem date_time program_options thread chrono 
[1.435s] -- Found Boost: /usr/lib/x86_64-linux-gnu/cmake/Boost-1.74.0/BoostConfig.cmake (found version "1.74.0") found components: thread system filesystem regex date_time program_options 
[1.467s] -- Found Boost: /usr/lib/x86_64-linux-gnu/cmake/Boost-1.74.0/BoostConfig.cmake (found version "1.74.0") found components: system filesystem date_time program_options thread 
[1.667s] -- Configuring done
[1.902s] -- Generating done
[1.928s] -- Build files have been written to: /home/rosqiu/coppelia_control/build/coppelia_control
[2.005s] [35m[1mConsolidate compiler generated dependencies of target coppelia_control_lib[0m
[2.114s] [ 66%] Built target coppelia_control_lib
[2.146s] [35m[1mConsolidate compiler generated dependencies of target main_node[0m
[2.207s] [100%] Built target main_node
[2.245s] Invoked command in '/home/rosqiu/coppelia_control/build/coppelia_control' returned '0': CMAKE_PREFIX_PATH=${CMAKE_PREFIX_PATH}:/home/rosqiu/demo01/install/learning_urdf:/home/rosqiu/demo01/install/learning_topic:/home/rosqiu/demo01/install/learning_tf:/home/rosqiu/demo01/install/learning_service:/home/rosqiu/demo01/install/learning_qos:/home/rosqiu/demo01/install/learning_pkg_python:/home/rosqiu/demo01/install/learning_parameter:/home/rosqiu/demo01/install/learning_node:/home/rosqiu/demo01/install/learning_launch:/home/rosqiu/demo01/install/learning_action:/home/rosqiu/demo01/install/learning_gazebo_harmonic:/home/rosqiu/demo01/install/learning_gazebo:/home/rosqiu/demo01/install/learning_cv:/opt/ros/humble /usr/bin/cmake --build /home/rosqiu/coppelia_control/build/coppelia_control -- -j3 -l3
[2.269s] Invoking command in '/home/rosqiu/coppelia_control/build/coppelia_control': CMAKE_PREFIX_PATH=${CMAKE_PREFIX_PATH}:/home/rosqiu/demo01/install/learning_urdf:/home/rosqiu/demo01/install/learning_topic:/home/rosqiu/demo01/install/learning_tf:/home/rosqiu/demo01/install/learning_service:/home/rosqiu/demo01/install/learning_qos:/home/rosqiu/demo01/install/learning_pkg_python:/home/rosqiu/demo01/install/learning_parameter:/home/rosqiu/demo01/install/learning_node:/home/rosqiu/demo01/install/learning_launch:/home/rosqiu/demo01/install/learning_action:/home/rosqiu/demo01/install/learning_gazebo_harmonic:/home/rosqiu/demo01/install/learning_gazebo:/home/rosqiu/demo01/install/learning_cv:/opt/ros/humble /usr/bin/cmake --install /home/rosqiu/coppelia_control/build/coppelia_control
[2.285s] -- Install configuration: ""
[2.285s] -- Execute custom install script
[2.285s] -- Up-to-date symlink: /home/rosqiu/coppelia_control/install/coppelia_control/lib/libcoppelia_control_lib.so
[2.285s] -- Up-to-date symlink: /home/rosqiu/coppelia_control/install/coppelia_control/include//coppelia_control/ManipulationInterface.hpp
[2.286s] -- Up-to-date symlink: /home/rosqiu/coppelia_control/install/coppelia_control/include//coppelia_control/PlanningInterface.hpp
[2.286s] -- Up-to-date symlink: /home/rosqiu/coppelia_control/install/coppelia_control/include//coppelia_control/VisionInterface.hpp
[2.286s] -- Up-to-date symlink: /home/rosqiu/coppelia_control/install/coppelia_control/lib/coppelia_control/main_node
[2.286s] -- Up-to-date symlink: /home/rosqiu/coppelia_control/install/coppelia_control/share/coppelia_control/launch/bringup.launch.py
[2.286s] -- Up-to-date symlink: /home/rosqiu/coppelia_control/install/coppelia_control/share/ament_index/resource_index/package_run_dependencies/coppelia_control
[2.287s] -- Up-to-date symlink: /home/rosqiu/coppelia_control/install/coppelia_control/share/ament_index/resource_index/parent_prefix_path/coppelia_control
[2.287s] -- Up-to-date symlink: /home/rosqiu/coppelia_control/install/coppelia_control/share/coppelia_control/environment/ament_prefix_path.sh
[2.287s] -- Up-to-date symlink: /home/rosqiu/coppelia_control/install/coppelia_control/share/coppelia_control/environment/ament_prefix_path.dsv
[2.287s] -- Up-to-date symlink: /home/rosqiu/coppelia_control/install/coppelia_control/share/coppelia_control/environment/path.sh
[2.288s] -- Up-to-date symlink: /home/rosqiu/coppelia_control/install/coppelia_control/share/coppelia_control/environment/path.dsv
[2.288s] -- Up-to-date symlink: /home/rosqiu/coppelia_control/install/coppelia_control/share/coppelia_control/local_setup.bash
[2.288s] -- Up-to-date symlink: /home/rosqiu/coppelia_control/install/coppelia_control/share/coppelia_control/local_setup.sh
[2.289s] -- Up-to-date symlink: /home/rosqiu/coppelia_control/install/coppelia_control/share/coppelia_control/local_setup.zsh
[2.289s] -- Up-to-date symlink: /home/rosqiu/coppelia_control/install/coppelia_control/share/coppelia_control/local_setup.dsv
[2.289s] -- Symlinking: /home/rosqiu/coppelia_control/install/coppelia_control/share/coppelia_control/package.dsv
[2.306s] -- Up-to-date symlink: /home/rosqiu/coppelia_control/install/coppelia_control/share/ament_index/resource_index/packages/coppelia_control
[2.306s] -- Up-to-date symlink: /home/rosqiu/coppelia_control/install/coppelia_control/share/coppelia_control/cmake/coppelia_controlConfig.cmake
[2.306s] -- Up-to-date symlink: /home/rosqiu/coppelia_control/install/coppelia_control/share/coppelia_control/cmake/coppelia_controlConfig-version.cmake
[2.308s] -- Up-to-date symlink: /home/rosqiu/coppelia_control/install/coppelia_control/share/coppelia_control/package.xml
[2.315s] Invoked command in '/home/rosqiu/coppelia_control/build/coppelia_control' returned '0': CMAKE_PREFIX_PATH=${CMAKE_PREFIX_PATH}:/home/rosqiu/demo01/install/learning_urdf:/home/rosqiu/demo01/install/learning_topic:/home/rosqiu/demo01/install/learning_tf:/home/rosqiu/demo01/install/learning_service:/home/rosqiu/demo01/install/learning_qos:/home/rosqiu/demo01/install/learning_pkg_python:/home/rosqiu/demo01/install/learning_parameter:/home/rosqiu/demo01/install/learning_node:/home/rosqiu/demo01/install/learning_launch:/home/rosqiu/demo01/install/learning_action:/home/rosqiu/demo01/install/learning_gazebo_harmonic:/home/rosqiu/demo01/install/learning_gazebo:/home/rosqiu/demo01/install/learning_cv:/opt/ros/humble /usr/bin/cmake --install /home/rosqiu/coppelia_control/build/coppelia_control
