[0.041s] Invoking command in '/home/rosqiu/coppelia_control/build/coppelia_control': CMAKE_PREFIX_PATH=${CMAKE_PREFIX_PATH}:/opt/ros/humble /usr/bin/cmake --build /home/rosqiu/coppelia_control/build/coppelia_control -- -j3 -l3
[0.235s] [ 25%] Built target manipulation_interface
[0.255s] [ 50%] Built target vision_interface
[0.269s] [ 75%] Built target planning_interface
[0.311s] [35m[1mConsolidate compiler generated dependencies of target franka_control_node[0m
[0.398s] [ 87%] [32mBuilding CXX object CMakeFiles/franka_control_node.dir/src/franka_control_node.cpp.o[0m
[12.798s] [100%] [32m[1mLinking CXX executable franka_control_node[0m
[13.545s] [100%] Built target franka_control_node
[13.576s] Invoked command in '/home/rosqiu/coppelia_control/build/coppelia_control' returned '0': CMAKE_PREFIX_PATH=${CMAKE_PREFIX_PATH}:/opt/ros/humble /usr/bin/cmake --build /home/rosqiu/coppelia_control/build/coppelia_control -- -j3 -l3
[13.610s] Invoking command in '/home/rosqiu/coppelia_control/build/coppelia_control': CMAKE_PREFIX_PATH=${CMAKE_PREFIX_PATH}:/opt/ros/humble /usr/bin/cmake --install /home/rosqiu/coppelia_control/build/coppelia_control
[13.632s] -- Install configuration: ""
[13.632s] -- Up-to-date: /home/rosqiu/coppelia_control/install/coppelia_control/lib/libmanipulation_interface.so
[13.633s] -- Up-to-date: /home/rosqiu/coppelia_control/install/coppelia_control/lib/libplanning_interface.so
[13.634s] -- Up-to-date: /home/rosqiu/coppelia_control/install/coppelia_control/lib/libvision_interface.so
[13.637s] -- Installing: /home/rosqiu/coppelia_control/install/coppelia_control/lib/coppelia_control/franka_control_node
[13.641s] -- Set runtime path of "/home/rosqiu/coppelia_control/install/coppelia_control/lib/coppelia_control/franka_control_node" to ""
[13.642s] -- Up-to-date: /home/rosqiu/coppelia_control/install/coppelia_control/include
[13.642s] -- Up-to-date: /home/rosqiu/coppelia_control/install/coppelia_control/include/coppelia_control
[13.650s] -- Up-to-date: /home/rosqiu/coppelia_control/install/coppelia_control/include/coppelia_control/VisionInterface.hpp
[13.650s] -- Up-to-date: /home/rosqiu/coppelia_control/install/coppelia_control/include/coppelia_control/ManipulationInterface.hpp
[13.650s] -- Up-to-date: /home/rosqiu/coppelia_control/install/coppelia_control/include/coppelia_control/PlanningInterface.hpp
[13.650s] -- Up-to-date: /home/rosqiu/coppelia_control/install/coppelia_control/share/coppelia_control/launch
[13.650s] -- Up-to-date: /home/rosqiu/coppelia_control/install/coppelia_control/share/coppelia_control/launch/franka_control.launch.py
[13.650s] -- Up-to-date: /home/rosqiu/coppelia_control/install/coppelia_control/share/coppelia_control/config
[13.653s] -- Up-to-date: /home/rosqiu/coppelia_control/install/coppelia_control/share/coppelia_control/urdf/Franka.urdf
[13.653s] -- Up-to-date: /home/rosqiu/coppelia_control/install/coppelia_control/share/coppelia_control/meshes/meshes
[13.653s] -- Up-to-date: /home/rosqiu/coppelia_control/install/coppelia_control/share/coppelia_control/meshes/meshes/Franka_link_2_vis_1.dae
[13.653s] -- Up-to-date: /home/rosqiu/coppelia_control/install/coppelia_control/share/coppelia_control/meshes/meshes/Franka_link_6_vis_2.dae
[13.653s] -- Up-to-date: /home/rosqiu/coppelia_control/install/coppelia_control/share/coppelia_control/meshes/meshes/Franka_link4_resp_coll_6.dae
[13.653s] -- Up-to-date: /home/rosqiu/coppelia_control/install/coppelia_control/share/coppelia_control/meshes/meshes/Franka_link4_resp_coll_3.dae
[13.653s] -- Up-to-date: /home/rosqiu/coppelia_control/install/coppelia_control/share/coppelia_control/meshes/meshes/Franka_link1_resp_coll_3.dae
[13.654s] -- Up-to-date: /home/rosqiu/coppelia_control/install/coppelia_control/share/coppelia_control/meshes/meshes/Franka_link_7_top_vis_1.dae
[13.654s] -- Up-to-date: /home/rosqiu/coppelia_control/install/coppelia_control/share/coppelia_control/meshes/meshes/Franka_link6_resp_coll_13.dae
[13.654s] -- Up-to-date: /home/rosqiu/coppelia_control/install/coppelia_control/share/coppelia_control/meshes/meshes/Franka_visible_vis_1.dae
[13.654s] -- Up-to-date: /home/rosqiu/coppelia_control/install/coppelia_control/share/coppelia_control/meshes/meshes/Franka_FrankaGripper_coll_2.dae
[13.654s] -- Up-to-date: /home/rosqiu/coppelia_control/install/coppelia_control/share/coppelia_control/meshes/meshes/Franka_rightFinger_coll_7.dae
[13.654s] -- Up-to-date: /home/rosqiu/coppelia_control/install/coppelia_control/share/coppelia_control/meshes/meshes/Franka_link5_resp_coll_7.dae
[13.654s] -- Up-to-date: /home/rosqiu/coppelia_control/install/coppelia_control/share/coppelia_control/meshes/meshes/Franka_leftFinger_coll_7.dae
[13.654s] -- Up-to-date: /home/rosqiu/coppelia_control/install/coppelia_control/share/coppelia_control/meshes/meshes/Franka_link_1_vis_1.dae
[13.654s] -- Up-to-date: /home/rosqiu/coppelia_control/install/coppelia_control/share/coppelia_control/meshes/meshes/Franka_leftPad_visible_vis_1.dae
[13.654s] -- Up-to-date: /home/rosqiu/coppelia_control/install/coppelia_control/share/coppelia_control/meshes/meshes/Franka_link2_resp_coll_1.dae
[13.654s] -- Up-to-date: /home/rosqiu/coppelia_control/install/coppelia_control/share/coppelia_control/meshes/meshes/Franka_link3_resp_coll_1.dae
[13.654s] -- Up-to-date: /home/rosqiu/coppelia_control/install/coppelia_control/share/coppelia_control/meshes/meshes/Franka_link6_resp_coll_7.dae
[13.654s] -- Up-to-date: /home/rosqiu/coppelia_control/install/coppelia_control/share/coppelia_control/meshes/meshes/Franka_link_4_vis_1.dae
[13.654s] -- Up-to-date: /home/rosqiu/coppelia_control/install/coppelia_control/share/coppelia_control/meshes/meshes/Franka_rightFinger_coll_5.dae
[13.654s] -- Up-to-date: /home/rosqiu/coppelia_control/install/coppelia_control/share/coppelia_control/meshes/meshes/Franka_link3_resp_coll_2.dae
[13.654s] -- Up-to-date: /home/rosqiu/coppelia_control/install/coppelia_control/share/coppelia_control/meshes/meshes/Franka_link6_resp_coll_12.dae
[13.654s] -- Up-to-date: /home/rosqiu/coppelia_control/install/coppelia_control/share/coppelia_control/meshes/meshes/Franka_link6_resp_coll_1.dae
[13.654s] -- Up-to-date: /home/rosqiu/coppelia_control/install/coppelia_control/share/coppelia_control/meshes/meshes/Franka_link_0_vis_1.dae
[13.654s] -- Up-to-date: /home/rosqiu/coppelia_control/install/coppelia_control/share/coppelia_control/meshes/meshes/Franka_link1_resp_coll_1.dae
[13.654s] -- Up-to-date: /home/rosqiu/coppelia_control/install/coppelia_control/share/coppelia_control/meshes/meshes/Franka_link1_resp_coll_4.dae
[13.655s] -- Up-to-date: /home/rosqiu/coppelia_control/install/coppelia_control/share/coppelia_control/meshes/meshes/Franka_link5_resp_coll_2.dae
[13.655s] -- Up-to-date: /home/rosqiu/coppelia_control/install/coppelia_control/share/coppelia_control/meshes/meshes/Franka_link4_resp_coll_4.dae
[13.656s] -- Up-to-date: /home/rosqiu/coppelia_control/install/coppelia_control/share/coppelia_control/meshes/meshes/Franka_leftFinger_coll_4.dae
[13.657s] -- Up-to-date: /home/rosqiu/coppelia_control/install/coppelia_control/share/coppelia_control/meshes/meshes/Franka_rightFinger_coll_8.dae
[13.657s] -- Up-to-date: /home/rosqiu/coppelia_control/install/coppelia_control/share/coppelia_control/meshes/meshes/Franka_rightFinger_coll_4.dae
[13.657s] -- Up-to-date: /home/rosqiu/coppelia_control/install/coppelia_control/share/coppelia_control/meshes/meshes/Franka_link_3_vis_2.dae
[13.658s] -- Up-to-date: /home/rosqiu/coppelia_control/install/coppelia_control/share/coppelia_control/meshes/meshes/Franka_link1_resp_coll_2.dae
[13.658s] -- Up-to-date: /home/rosqiu/coppelia_control/install/coppelia_control/share/coppelia_control/meshes/meshes/Franka_link4_resp_coll_1.dae
[13.658s] -- Up-to-date: /home/rosqiu/coppelia_control/install/coppelia_control/share/coppelia_control/meshes/meshes/Franka_link6_resp_coll_6.dae
[13.658s] -- Up-to-date: /home/rosqiu/coppelia_control/install/coppelia_control/share/coppelia_control/meshes/meshes/Franka_link5_resp_coll_1.dae
[13.658s] -- Up-to-date: /home/rosqiu/coppelia_control/install/coppelia_control/share/coppelia_control/meshes/meshes/Franka_link6_resp_coll_11.dae
[13.658s] -- Up-to-date: /home/rosqiu/coppelia_control/install/coppelia_control/share/coppelia_control/meshes/meshes/Franka_rightFinger_coll_3.dae
[13.658s] -- Up-to-date: /home/rosqiu/coppelia_control/install/coppelia_control/share/coppelia_control/meshes/meshes/Franka_link5_resp_coll_5.dae
[13.658s] -- Up-to-date: /home/rosqiu/coppelia_control/install/coppelia_control/share/coppelia_control/meshes/meshes/Franka_leftFinger_coll_9.dae
[13.658s] -- Up-to-date: /home/rosqiu/coppelia_control/install/coppelia_control/share/coppelia_control/meshes/meshes/Franka_link5_resp_coll_4.dae
[13.658s] -- Up-to-date: /home/rosqiu/coppelia_control/install/coppelia_control/share/coppelia_control/meshes/meshes/Franka_FrankaGripper_coll_3.dae
[13.658s] -- Up-to-date: /home/rosqiu/coppelia_control/install/coppelia_control/share/coppelia_control/meshes/meshes/Franka_link6_resp_coll_2.dae
[13.658s] -- Up-to-date: /home/rosqiu/coppelia_control/install/coppelia_control/share/coppelia_control/meshes/meshes/Franka_link5_resp_coll_8.dae
[13.658s] -- Up-to-date: /home/rosqiu/coppelia_control/install/coppelia_control/share/coppelia_control/meshes/meshes/Franka_leftFinger_coll_1.dae
[13.658s] -- Up-to-date: /home/rosqiu/coppelia_control/install/coppelia_control/share/coppelia_control/meshes/meshes/Franka_rightPad_visible_vis_1.dae
[13.658s] -- Up-to-date: /home/rosqiu/coppelia_control/install/coppelia_control/share/coppelia_control/meshes/meshes/Franka_leftFinger_coll_8.dae
[13.658s] -- Up-to-date: /home/rosqiu/coppelia_control/install/coppelia_control/share/coppelia_control/meshes/meshes/Franka_robot_base_coll_1.dae
[13.658s] -- Up-to-date: /home/rosqiu/coppelia_control/install/coppelia_control/share/coppelia_control/meshes/meshes/Franka_link_5_vis_1.dae
[13.658s] -- Up-to-date: /home/rosqiu/coppelia_control/install/coppelia_control/share/coppelia_control/meshes/meshes/Franka_link_4_vis_2.dae
[13.658s] -- Up-to-date: /home/rosqiu/coppelia_control/install/coppelia_control/share/coppelia_control/meshes/meshes/Franka_link_5_vis_2.dae
[13.661s] -- Up-to-date: /home/rosqiu/coppelia_control/install/coppelia_control/share/coppelia_control/meshes/meshes/Franka_leftPad_coll_1.dae
[13.661s] -- Up-to-date: /home/rosqiu/coppelia_control/install/coppelia_control/share/coppelia_control/meshes/meshes/Franka_leftFinger_coll_2.dae
[13.661s] -- Up-to-date: /home/rosqiu/coppelia_control/install/coppelia_control/share/coppelia_control/meshes/meshes/Franka_rightFinger_coll_1.dae
[13.662s] -- Up-to-date: /home/rosqiu/coppelia_control/install/coppelia_control/share/coppelia_control/meshes/meshes/Franka_link_3_vis_1.dae
[13.662s] -- Up-to-date: /home/rosqiu/coppelia_control/install/coppelia_control/share/coppelia_control/meshes/meshes/Franka_link6_resp_coll_10.dae
[13.662s] -- Up-to-date: /home/rosqiu/coppelia_control/install/coppelia_control/share/coppelia_control/meshes/meshes/Franka_link4_resp_coll_5.dae
[13.662s] -- Up-to-date: /home/rosqiu/coppelia_control/install/coppelia_control/share/coppelia_control/meshes/meshes/Franka_leftFinger_coll_3.dae
[13.662s] -- Up-to-date: /home/rosqiu/coppelia_control/install/coppelia_control/share/coppelia_control/meshes/meshes/Franka_link6_resp_coll_9.dae
[13.662s] -- Up-to-date: /home/rosqiu/coppelia_control/install/coppelia_control/share/coppelia_control/meshes/meshes/Franka_link3_resp_coll_4.dae
[13.662s] -- Up-to-date: /home/rosqiu/coppelia_control/install/coppelia_control/share/coppelia_control/meshes/meshes/Franka_rightFinger_coll_9.dae
[13.662s] -- Up-to-date: /home/rosqiu/coppelia_control/install/coppelia_control/share/coppelia_control/meshes/meshes/Franka_link5_resp_coll_9.dae
[13.662s] -- Up-to-date: /home/rosqiu/coppelia_control/install/coppelia_control/share/coppelia_control/meshes/meshes/Franka_rightFinger_visible_vis_1.dae
[13.666s] -- Up-to-date: /home/rosqiu/coppelia_control/install/coppelia_control/share/coppelia_control/meshes/meshes/Franka_link5_resp_coll_6.dae
[13.666s] -- Up-to-date: /home/rosqiu/coppelia_control/install/coppelia_control/share/coppelia_control/meshes/meshes/Franka_link6_resp_coll_3.dae
[13.666s] -- Up-to-date: /home/rosqiu/coppelia_control/install/coppelia_control/share/coppelia_control/meshes/meshes/Franka_link6_resp_coll_14.dae
[13.666s] -- Up-to-date: /home/rosqiu/coppelia_control/install/coppelia_control/share/coppelia_control/meshes/meshes/Franka_link5_resp_coll_3.dae
[13.666s] -- Up-to-date: /home/rosqiu/coppelia_control/install/coppelia_control/share/coppelia_control/meshes/meshes/Franka_link3_resp_coll_3.dae
[13.666s] -- Up-to-date: /home/rosqiu/coppelia_control/install/coppelia_control/share/coppelia_control/meshes/meshes/Franka_link2_resp_coll_2.dae
[13.666s] -- Up-to-date: /home/rosqiu/coppelia_control/install/coppelia_control/share/coppelia_control/meshes/meshes/Franka_link6_resp_coll_8.dae
[13.666s] -- Up-to-date: /home/rosqiu/coppelia_control/install/coppelia_control/share/coppelia_control/meshes/meshes/Franka_rightFinger_coll_2.dae
[13.666s] -- Up-to-date: /home/rosqiu/coppelia_control/install/coppelia_control/share/coppelia_control/meshes/meshes/Franka_link6_resp_coll_4.dae
[13.666s] -- Up-to-date: /home/rosqiu/coppelia_control/install/coppelia_control/share/coppelia_control/meshes/meshes/Franka_FrankaGripper_coll_1.dae
[13.667s] -- Up-to-date: /home/rosqiu/coppelia_control/install/coppelia_control/share/coppelia_control/meshes/meshes/Franka_rightPad_coll_1.dae
[13.667s] -- Up-to-date: /home/rosqiu/coppelia_control/install/coppelia_control/share/coppelia_control/meshes/meshes/Franka_link_6_vis_1.dae
[13.667s] -- Up-to-date: /home/rosqiu/coppelia_control/install/coppelia_control/share/coppelia_control/meshes/meshes/Franka_leftFinger_visible_vis_1.dae
[13.667s] -- Up-to-date: /home/rosqiu/coppelia_control/install/coppelia_control/share/coppelia_control/meshes/meshes/Franka_leftFinger_coll_6.dae
[13.667s] -- Up-to-date: /home/rosqiu/coppelia_control/install/coppelia_control/share/coppelia_control/meshes/meshes/Franka_link4_resp_coll_2.dae
[13.668s] -- Up-to-date: /home/rosqiu/coppelia_control/install/coppelia_control/share/coppelia_control/meshes/meshes/Franka_link6_resp_coll_5.dae
[13.668s] -- Up-to-date: /home/rosqiu/coppelia_control/install/coppelia_control/share/coppelia_control/meshes/meshes/Franka_link6_resp_coll_15.dae
[13.668s] -- Up-to-date: /home/rosqiu/coppelia_control/install/coppelia_control/share/coppelia_control/meshes/meshes/Franka_rightFinger_coll_6.dae
[13.668s] -- Up-to-date: /home/rosqiu/coppelia_control/install/coppelia_control/share/coppelia_control/meshes/meshes/Franka_link6_resp_coll_16.dae
[13.668s] -- Up-to-date: /home/rosqiu/coppelia_control/install/coppelia_control/share/coppelia_control/meshes/meshes/Franka_leftFinger_coll_5.dae
[13.668s] -- Up-to-date: /home/rosqiu/coppelia_control/install/coppelia_control/share/coppelia_control/environment/library_path.sh
[13.668s] -- Up-to-date: /home/rosqiu/coppelia_control/install/coppelia_control/share/coppelia_control/environment/library_path.dsv
[13.668s] -- Up-to-date: /home/rosqiu/coppelia_control/install/coppelia_control/share/ament_index/resource_index/package_run_dependencies/coppelia_control
[13.668s] -- Up-to-date: /home/rosqiu/coppelia_control/install/coppelia_control/share/ament_index/resource_index/parent_prefix_path/coppelia_control
[13.668s] -- Up-to-date: /home/rosqiu/coppelia_control/install/coppelia_control/share/coppelia_control/environment/ament_prefix_path.sh
[13.668s] -- Up-to-date: /home/rosqiu/coppelia_control/install/coppelia_control/share/coppelia_control/environment/ament_prefix_path.dsv
[13.668s] -- Up-to-date: /home/rosqiu/coppelia_control/install/coppelia_control/share/coppelia_control/environment/path.sh
[13.668s] -- Up-to-date: /home/rosqiu/coppelia_control/install/coppelia_control/share/coppelia_control/environment/path.dsv
[13.668s] -- Up-to-date: /home/rosqiu/coppelia_control/install/coppelia_control/share/coppelia_control/local_setup.bash
[13.668s] -- Up-to-date: /home/rosqiu/coppelia_control/install/coppelia_control/share/coppelia_control/local_setup.sh
[13.668s] -- Up-to-date: /home/rosqiu/coppelia_control/install/coppelia_control/share/coppelia_control/local_setup.zsh
[13.669s] -- Up-to-date: /home/rosqiu/coppelia_control/install/coppelia_control/share/coppelia_control/local_setup.dsv
[13.669s] -- Installing: /home/rosqiu/coppelia_control/install/coppelia_control/share/coppelia_control/package.dsv
[13.669s] -- Up-to-date: /home/rosqiu/coppelia_control/install/coppelia_control/share/ament_index/resource_index/packages/coppelia_control
[13.669s] -- Up-to-date: /home/rosqiu/coppelia_control/install/coppelia_control/share/coppelia_control/cmake/ament_cmake_export_include_directories-extras.cmake
[13.676s] -- Up-to-date: /home/rosqiu/coppelia_control/install/coppelia_control/share/coppelia_control/cmake/ament_cmake_export_libraries-extras.cmake
[13.676s] -- Up-to-date: /home/rosqiu/coppelia_control/install/coppelia_control/share/coppelia_control/cmake/ament_cmake_export_dependencies-extras.cmake
[13.676s] -- Up-to-date: /home/rosqiu/coppelia_control/install/coppelia_control/share/coppelia_control/cmake/coppelia_controlConfig.cmake
[13.676s] -- Up-to-date: /home/rosqiu/coppelia_control/install/coppelia_control/share/coppelia_control/cmake/coppelia_controlConfig-version.cmake
[13.676s] -- Up-to-date: /home/rosqiu/coppelia_control/install/coppelia_control/share/coppelia_control/package.xml
[13.676s] Invoked command in '/home/rosqiu/coppelia_control/build/coppelia_control' returned '0': CMAKE_PREFIX_PATH=${CMAKE_PREFIX_PATH}:/opt/ros/humble /usr/bin/cmake --install /home/rosqiu/coppelia_control/build/coppelia_control
