[0.218s] DEBUG:colcon:Command line arguments: ['/usr/bin/colcon', 'build', '--symlink-install']
[0.218s] DEBUG:colcon:Parsed command line arguments: Namespace(log_base=None, log_level=None, verb_name='build', build_base='build', install_base='install', merge_install=False, symlink_install=True, test_result_base=None, continue_on_error=False, executor='parallel', parallel_workers=3, event_handlers=None, ignore_user_meta=False, metas=['./colcon.meta'], base_paths=['.'], packages_ignore=None, packages_ignore_regex=None, paths=None, packages_up_to=None, packages_up_to_regex=None, packages_above=None, packages_above_and_dependencies=None, packages_above_depth=None, packages_select_by_dep=None, packages_skip_by_dep=None, packages_skip_up_to=None, packages_select_build_failed=False, packages_skip_build_finished=False, packages_select_test_failures=False, packages_skip_test_passed=False, packages_select=None, packages_skip=None, packages_select_regex=None, packages_skip_regex=None, packages_start=None, packages_end=None, allow_overriding=[], cmake_args=None, cmake_target=None, cmake_target_skip_unavailable=False, cmake_clean_cache=False, cmake_clean_first=False, cmake_force_configure=False, ament_cmake_args=None, catkin_cmake_args=None, catkin_skip_building_tests=False, mixin_files=None, mixin=None, verb_parser=<colcon_mixin.mixin.mixin_argument.MixinArgumentDecorator object at 0x716aae856920>, verb_extension=<colcon_core.verb.build.BuildVerb object at 0x716aae856470>, main=<bound method BuildVerb.main of <colcon_core.verb.build.BuildVerb object at 0x716aae856470>>, mixin_verb=('build',))
[0.371s] Level 1:colcon.colcon_core.package_discovery:discover_packages(colcon_meta) check parameters
[0.371s] Level 1:colcon.colcon_core.package_discovery:discover_packages(recursive) check parameters
[0.371s] Level 1:colcon.colcon_core.package_discovery:discover_packages(ignore) check parameters
[0.371s] Level 1:colcon.colcon_core.package_discovery:discover_packages(path) check parameters
[0.371s] Level 1:colcon.colcon_core.package_discovery:discover_packages(colcon_meta) discover
[0.371s] Level 1:colcon.colcon_core.package_discovery:discover_packages(recursive) discover
[0.371s] INFO:colcon.colcon_core.package_discovery:Crawling recursively for packages in '/home/rosqiu/coppelia_control'
[0.371s] Level 1:colcon.colcon_core.package_identification:_identify(.) by extensions ['ignore', 'ignore_ament_install']
[0.371s] Level 1:colcon.colcon_core.package_identification:_identify(.) by extension 'ignore'
[0.371s] Level 1:colcon.colcon_core.package_identification:_identify(.) by extension 'ignore_ament_install'
[0.371s] Level 1:colcon.colcon_core.package_identification:_identify(.) by extensions ['colcon_pkg']
[0.371s] Level 1:colcon.colcon_core.package_identification:_identify(.) by extension 'colcon_pkg'
[0.371s] Level 1:colcon.colcon_core.package_identification:_identify(.) by extensions ['colcon_meta']
[0.371s] Level 1:colcon.colcon_core.package_identification:_identify(.) by extension 'colcon_meta'
[0.371s] Level 1:colcon.colcon_core.package_identification:_identify(.) by extensions ['ros']
[0.371s] Level 1:colcon.colcon_core.package_identification:_identify(.) by extension 'ros'
[0.381s] Level 1:colcon.colcon_core.package_identification:_identify(.) by extensions ['cmake', 'python']
[0.381s] Level 1:colcon.colcon_core.package_identification:_identify(.) by extension 'cmake'
[0.381s] Level 1:colcon.colcon_core.package_identification:_identify(.) by extension 'python'
[0.381s] Level 1:colcon.colcon_core.package_identification:_identify(.) by extensions ['python_setup_py']
[0.381s] Level 1:colcon.colcon_core.package_identification:_identify(.) by extension 'python_setup_py'
[0.382s] Level 1:colcon.colcon_core.package_identification:_identify(build) by extensions ['ignore', 'ignore_ament_install']
[0.382s] Level 1:colcon.colcon_core.package_identification:_identify(build) by extension 'ignore'
[0.382s] Level 1:colcon.colcon_core.package_identification:_identify(build) ignored
[0.382s] Level 1:colcon.colcon_core.package_identification:_identify(install) by extensions ['ignore', 'ignore_ament_install']
[0.382s] Level 1:colcon.colcon_core.package_identification:_identify(install) by extension 'ignore'
[0.382s] Level 1:colcon.colcon_core.package_identification:_identify(install) ignored
[0.382s] Level 1:colcon.colcon_core.package_identification:_identify(log) by extensions ['ignore', 'ignore_ament_install']
[0.382s] Level 1:colcon.colcon_core.package_identification:_identify(log) by extension 'ignore'
[0.382s] Level 1:colcon.colcon_core.package_identification:_identify(log) ignored
[0.382s] Level 1:colcon.colcon_core.package_identification:_identify(src) by extensions ['ignore', 'ignore_ament_install']
[0.382s] Level 1:colcon.colcon_core.package_identification:_identify(src) by extension 'ignore'
[0.382s] Level 1:colcon.colcon_core.package_identification:_identify(src) by extension 'ignore_ament_install'
[0.382s] Level 1:colcon.colcon_core.package_identification:_identify(src) by extensions ['colcon_pkg']
[0.382s] Level 1:colcon.colcon_core.package_identification:_identify(src) by extension 'colcon_pkg'
[0.382s] Level 1:colcon.colcon_core.package_identification:_identify(src) by extensions ['colcon_meta']
[0.382s] Level 1:colcon.colcon_core.package_identification:_identify(src) by extension 'colcon_meta'
[0.382s] Level 1:colcon.colcon_core.package_identification:_identify(src) by extensions ['ros']
[0.382s] Level 1:colcon.colcon_core.package_identification:_identify(src) by extension 'ros'
[0.383s] Level 1:colcon.colcon_core.package_identification:_identify(src) by extensions ['cmake', 'python']
[0.383s] Level 1:colcon.colcon_core.package_identification:_identify(src) by extension 'cmake'
[0.383s] Level 1:colcon.colcon_core.package_identification:_identify(src) by extension 'python'
[0.383s] Level 1:colcon.colcon_core.package_identification:_identify(src) by extensions ['python_setup_py']
[0.383s] Level 1:colcon.colcon_core.package_identification:_identify(src) by extension 'python_setup_py'
[0.383s] Level 1:colcon.colcon_core.package_identification:_identify(src/coppelia_control) by extensions ['ignore', 'ignore_ament_install']
[0.383s] Level 1:colcon.colcon_core.package_identification:_identify(src/coppelia_control) by extension 'ignore'
[0.383s] Level 1:colcon.colcon_core.package_identification:_identify(src/coppelia_control) by extension 'ignore_ament_install'
[0.383s] Level 1:colcon.colcon_core.package_identification:_identify(src/coppelia_control) by extensions ['colcon_pkg']
[0.383s] Level 1:colcon.colcon_core.package_identification:_identify(src/coppelia_control) by extension 'colcon_pkg'
[0.383s] Level 1:colcon.colcon_core.package_identification:_identify(src/coppelia_control) by extensions ['colcon_meta']
[0.383s] Level 1:colcon.colcon_core.package_identification:_identify(src/coppelia_control) by extension 'colcon_meta'
[0.383s] Level 1:colcon.colcon_core.package_identification:_identify(src/coppelia_control) by extensions ['ros']
[0.383s] Level 1:colcon.colcon_core.package_identification:_identify(src/coppelia_control) by extension 'ros'
[0.386s] DEBUG:colcon.colcon_core.package_identification:Package 'src/coppelia_control' with type 'ros.ament_cmake' and name 'coppelia_control'
[0.386s] Level 1:colcon.colcon_core.package_identification:_identify(src/franka_moveit_config) by extensions ['ignore', 'ignore_ament_install']
[0.386s] Level 1:colcon.colcon_core.package_identification:_identify(src/franka_moveit_config) by extension 'ignore'
[0.386s] Level 1:colcon.colcon_core.package_identification:_identify(src/franka_moveit_config) by extension 'ignore_ament_install'
[0.386s] Level 1:colcon.colcon_core.package_identification:_identify(src/franka_moveit_config) by extensions ['colcon_pkg']
[0.386s] Level 1:colcon.colcon_core.package_identification:_identify(src/franka_moveit_config) by extension 'colcon_pkg'
[0.386s] Level 1:colcon.colcon_core.package_identification:_identify(src/franka_moveit_config) by extensions ['colcon_meta']
[0.386s] Level 1:colcon.colcon_core.package_identification:_identify(src/franka_moveit_config) by extension 'colcon_meta'
[0.386s] Level 1:colcon.colcon_core.package_identification:_identify(src/franka_moveit_config) by extensions ['ros']
[0.386s] Level 1:colcon.colcon_core.package_identification:_identify(src/franka_moveit_config) by extension 'ros'
[0.388s] DEBUG:colcon.colcon_core.package_identification:Package 'src/franka_moveit_config' with type 'ros.ament_cmake' and name 'franka_moveit_config'
[0.388s] Level 1:colcon.colcon_core.package_discovery:discover_packages(recursive) using defaults
[0.388s] Level 1:colcon.colcon_core.package_discovery:discover_packages(ignore) discover
[0.388s] Level 1:colcon.colcon_core.package_discovery:discover_packages(ignore) using defaults
[0.388s] Level 1:colcon.colcon_core.package_discovery:discover_packages(path) discover
[0.388s] Level 1:colcon.colcon_core.package_discovery:discover_packages(path) using defaults
[0.417s] Level 1:colcon.colcon_core.package_discovery:discover_packages(prefix_path) check parameters
[0.418s] Level 1:colcon.colcon_core.package_discovery:discover_packages(prefix_path) discover
[0.419s] DEBUG:colcon.colcon_installed_package_information.package_discovery:Found 2 installed packages in /home/rosqiu/coppelia_control/install
[0.421s] DEBUG:colcon.colcon_installed_package_information.package_discovery:Found 433 installed packages in /opt/ros/humble
[0.423s] Level 1:colcon.colcon_core.package_discovery:discover_packages(prefix_path) using defaults
[0.468s] Level 5:colcon.colcon_core.verb:set package 'coppelia_control' build argument 'cmake_args' from command line to 'None'
[0.469s] Level 5:colcon.colcon_core.verb:set package 'coppelia_control' build argument 'cmake_target' from command line to 'None'
[0.469s] Level 5:colcon.colcon_core.verb:set package 'coppelia_control' build argument 'cmake_target_skip_unavailable' from command line to 'False'
[0.469s] Level 5:colcon.colcon_core.verb:set package 'coppelia_control' build argument 'cmake_clean_cache' from command line to 'False'
[0.469s] Level 5:colcon.colcon_core.verb:set package 'coppelia_control' build argument 'cmake_clean_first' from command line to 'False'
[0.469s] Level 5:colcon.colcon_core.verb:set package 'coppelia_control' build argument 'cmake_force_configure' from command line to 'False'
[0.469s] Level 5:colcon.colcon_core.verb:set package 'coppelia_control' build argument 'ament_cmake_args' from command line to 'None'
[0.469s] Level 5:colcon.colcon_core.verb:set package 'coppelia_control' build argument 'catkin_cmake_args' from command line to 'None'
[0.469s] Level 5:colcon.colcon_core.verb:set package 'coppelia_control' build argument 'catkin_skip_building_tests' from command line to 'False'
[0.469s] DEBUG:colcon.colcon_core.verb:Building package 'coppelia_control' with the following arguments: {'ament_cmake_args': None, 'build_base': '/home/rosqiu/coppelia_control/build/coppelia_control', 'catkin_cmake_args': None, 'catkin_skip_building_tests': False, 'cmake_args': None, 'cmake_clean_cache': False, 'cmake_clean_first': False, 'cmake_force_configure': False, 'cmake_target': None, 'cmake_target_skip_unavailable': False, 'install_base': '/home/rosqiu/coppelia_control/install/coppelia_control', 'merge_install': False, 'path': '/home/rosqiu/coppelia_control/src/coppelia_control', 'symlink_install': True, 'test_result_base': None}
[0.469s] Level 5:colcon.colcon_core.verb:set package 'franka_moveit_config' build argument 'cmake_args' from command line to 'None'
[0.469s] Level 5:colcon.colcon_core.verb:set package 'franka_moveit_config' build argument 'cmake_target' from command line to 'None'
[0.469s] Level 5:colcon.colcon_core.verb:set package 'franka_moveit_config' build argument 'cmake_target_skip_unavailable' from command line to 'False'
[0.469s] Level 5:colcon.colcon_core.verb:set package 'franka_moveit_config' build argument 'cmake_clean_cache' from command line to 'False'
[0.469s] Level 5:colcon.colcon_core.verb:set package 'franka_moveit_config' build argument 'cmake_clean_first' from command line to 'False'
[0.469s] Level 5:colcon.colcon_core.verb:set package 'franka_moveit_config' build argument 'cmake_force_configure' from command line to 'False'
[0.469s] Level 5:colcon.colcon_core.verb:set package 'franka_moveit_config' build argument 'ament_cmake_args' from command line to 'None'
[0.469s] Level 5:colcon.colcon_core.verb:set package 'franka_moveit_config' build argument 'catkin_cmake_args' from command line to 'None'
[0.469s] Level 5:colcon.colcon_core.verb:set package 'franka_moveit_config' build argument 'catkin_skip_building_tests' from command line to 'False'
[0.469s] DEBUG:colcon.colcon_core.verb:Building package 'franka_moveit_config' with the following arguments: {'ament_cmake_args': None, 'build_base': '/home/rosqiu/coppelia_control/build/franka_moveit_config', 'catkin_cmake_args': None, 'catkin_skip_building_tests': False, 'cmake_args': None, 'cmake_clean_cache': False, 'cmake_clean_first': False, 'cmake_force_configure': False, 'cmake_target': None, 'cmake_target_skip_unavailable': False, 'install_base': '/home/rosqiu/coppelia_control/install/franka_moveit_config', 'merge_install': False, 'path': '/home/rosqiu/coppelia_control/src/franka_moveit_config', 'symlink_install': True, 'test_result_base': None}
[0.469s] INFO:colcon.colcon_core.executor:Executing jobs using 'parallel' executor
[0.487s] DEBUG:colcon.colcon_parallel_executor.executor.parallel:run_until_complete
[0.488s] INFO:colcon.colcon_ros.task.ament_cmake.build:Building ROS package in '/home/rosqiu/coppelia_control/src/coppelia_control' with build type 'ament_cmake'
[0.489s] INFO:colcon.colcon_cmake.task.cmake.build:Building CMake package in '/home/rosqiu/coppelia_control/src/coppelia_control'
[0.490s] INFO:colcon.colcon_core.plugin_system:Skipping extension 'colcon_core.shell.bat': Not used on non-Windows systems
[0.490s] INFO:colcon.colcon_core.shell:Skip shell extension 'powershell' for command environment: Not usable outside of PowerShell
[0.490s] DEBUG:colcon.colcon_core.shell:Skip shell extension 'dsv' for command environment
[0.558s] DEBUG:colcon.colcon_core.event_handler.log_command:Invoking command in '/home/rosqiu/coppelia_control/build/coppelia_control': CMAKE_PREFIX_PATH=${CMAKE_PREFIX_PATH}:/opt/ros/humble /usr/bin/cmake --build /home/rosqiu/coppelia_control/build/coppelia_control -- -j3 -l3
[0.955s] DEBUG:colcon.colcon_core.event_handler.log_command:Invoked command in '/home/rosqiu/coppelia_control/build/coppelia_control' returned '0': CMAKE_PREFIX_PATH=${CMAKE_PREFIX_PATH}:/opt/ros/humble /usr/bin/cmake --build /home/rosqiu/coppelia_control/build/coppelia_control -- -j3 -l3
[0.994s] DEBUG:colcon.colcon_core.event_handler.log_command:Invoking command in '/home/rosqiu/coppelia_control/build/coppelia_control': CMAKE_PREFIX_PATH=${CMAKE_PREFIX_PATH}:/opt/ros/humble /usr/bin/cmake --install /home/rosqiu/coppelia_control/build/coppelia_control
[1.132s] Level 1:colcon.colcon_core.environment:create_environment_scripts_only(coppelia_control)
[1.136s] Level 1:colcon.colcon_core.environment:checking '/home/rosqiu/coppelia_control/install/coppelia_control' for CMake module files
[1.137s] DEBUG:colcon.colcon_core.event_handler.log_command:Invoked command in '/home/rosqiu/coppelia_control/build/coppelia_control' returned '0': CMAKE_PREFIX_PATH=${CMAKE_PREFIX_PATH}:/opt/ros/humble /usr/bin/cmake --install /home/rosqiu/coppelia_control/build/coppelia_control
[1.139s] Level 1:colcon.colcon_core.environment:checking '/home/rosqiu/coppelia_control/install/coppelia_control' for CMake config files
[1.139s] Level 1:colcon.colcon_core.shell:create_environment_hook('coppelia_control', 'cmake_prefix_path')
[1.139s] INFO:colcon.colcon_core.shell:Creating environment hook '/home/rosqiu/coppelia_control/install/coppelia_control/share/coppelia_control/hook/cmake_prefix_path.ps1'
[1.142s] INFO:colcon.colcon_core.shell:Creating environment descriptor '/home/rosqiu/coppelia_control/install/coppelia_control/share/coppelia_control/hook/cmake_prefix_path.dsv'
[1.144s] INFO:colcon.colcon_core.shell:Creating environment hook '/home/rosqiu/coppelia_control/install/coppelia_control/share/coppelia_control/hook/cmake_prefix_path.sh'
[1.145s] Level 1:colcon.colcon_core.environment:checking '/home/rosqiu/coppelia_control/install/coppelia_control/lib'
[1.146s] Level 1:colcon.colcon_core.shell:create_environment_hook('coppelia_control', 'ld_library_path_lib')
[1.146s] INFO:colcon.colcon_core.shell:Creating environment hook '/home/rosqiu/coppelia_control/install/coppelia_control/share/coppelia_control/hook/ld_library_path_lib.ps1'
[1.148s] INFO:colcon.colcon_core.shell:Creating environment descriptor '/home/rosqiu/coppelia_control/install/coppelia_control/share/coppelia_control/hook/ld_library_path_lib.dsv'
[1.150s] INFO:colcon.colcon_core.shell:Creating environment hook '/home/rosqiu/coppelia_control/install/coppelia_control/share/coppelia_control/hook/ld_library_path_lib.sh'
[1.151s] Level 1:colcon.colcon_core.environment:checking '/home/rosqiu/coppelia_control/install/coppelia_control/bin'
[1.151s] Level 1:colcon.colcon_core.environment:checking '/home/rosqiu/coppelia_control/install/coppelia_control/lib/pkgconfig/coppelia_control.pc'
[1.154s] Level 1:colcon.colcon_core.environment:checking '/home/rosqiu/coppelia_control/install/coppelia_control/lib/python3.10/site-packages'
[1.154s] Level 1:colcon.colcon_core.environment:checking '/home/rosqiu/coppelia_control/install/coppelia_control/bin'
[1.155s] INFO:colcon.colcon_core.shell:Creating package script '/home/rosqiu/coppelia_control/install/coppelia_control/share/coppelia_control/package.ps1'
[1.158s] INFO:colcon.colcon_core.shell:Creating package descriptor '/home/rosqiu/coppelia_control/install/coppelia_control/share/coppelia_control/package.dsv'
[1.160s] INFO:colcon.colcon_core.shell:Creating package script '/home/rosqiu/coppelia_control/install/coppelia_control/share/coppelia_control/package.sh'
[1.163s] INFO:colcon.colcon_core.shell:Creating package script '/home/rosqiu/coppelia_control/install/coppelia_control/share/coppelia_control/package.bash'
[1.164s] INFO:colcon.colcon_core.shell:Creating package script '/home/rosqiu/coppelia_control/install/coppelia_control/share/coppelia_control/package.zsh'
[1.166s] Level 1:colcon.colcon_core.environment:create_file_with_runtime_dependencies(/home/rosqiu/coppelia_control/install/coppelia_control/share/colcon-core/packages/coppelia_control)
[1.167s] Level 1:colcon.colcon_core.environment:create_environment_scripts_only(coppelia_control)
[1.168s] Level 1:colcon.colcon_core.environment:checking '/home/rosqiu/coppelia_control/install/coppelia_control' for CMake module files
[1.168s] Level 1:colcon.colcon_core.environment:checking '/home/rosqiu/coppelia_control/install/coppelia_control' for CMake config files
[1.168s] Level 1:colcon.colcon_core.shell:create_environment_hook('coppelia_control', 'cmake_prefix_path')
[1.169s] INFO:colcon.colcon_core.shell:Creating environment hook '/home/rosqiu/coppelia_control/install/coppelia_control/share/coppelia_control/hook/cmake_prefix_path.ps1'
[1.170s] INFO:colcon.colcon_core.shell:Creating environment descriptor '/home/rosqiu/coppelia_control/install/coppelia_control/share/coppelia_control/hook/cmake_prefix_path.dsv'
[1.173s] INFO:colcon.colcon_core.shell:Creating environment hook '/home/rosqiu/coppelia_control/install/coppelia_control/share/coppelia_control/hook/cmake_prefix_path.sh'
[1.175s] Level 1:colcon.colcon_core.environment:checking '/home/rosqiu/coppelia_control/install/coppelia_control/lib'
[1.175s] Level 1:colcon.colcon_core.shell:create_environment_hook('coppelia_control', 'ld_library_path_lib')
[1.176s] INFO:colcon.colcon_core.shell:Creating environment hook '/home/rosqiu/coppelia_control/install/coppelia_control/share/coppelia_control/hook/ld_library_path_lib.ps1'
[1.178s] INFO:colcon.colcon_core.shell:Creating environment descriptor '/home/rosqiu/coppelia_control/install/coppelia_control/share/coppelia_control/hook/ld_library_path_lib.dsv'
[1.179s] INFO:colcon.colcon_core.shell:Creating environment hook '/home/rosqiu/coppelia_control/install/coppelia_control/share/coppelia_control/hook/ld_library_path_lib.sh'
[1.180s] Level 1:colcon.colcon_core.environment:checking '/home/rosqiu/coppelia_control/install/coppelia_control/bin'
[1.181s] Level 1:colcon.colcon_core.environment:checking '/home/rosqiu/coppelia_control/install/coppelia_control/lib/pkgconfig/coppelia_control.pc'
[1.181s] Level 1:colcon.colcon_core.environment:checking '/home/rosqiu/coppelia_control/install/coppelia_control/lib/python3.10/site-packages'
[1.181s] Level 1:colcon.colcon_core.environment:checking '/home/rosqiu/coppelia_control/install/coppelia_control/bin'
[1.182s] INFO:colcon.colcon_core.shell:Creating package script '/home/rosqiu/coppelia_control/install/coppelia_control/share/coppelia_control/package.ps1'
[1.184s] INFO:colcon.colcon_core.shell:Creating package descriptor '/home/rosqiu/coppelia_control/install/coppelia_control/share/coppelia_control/package.dsv'
[1.185s] INFO:colcon.colcon_core.shell:Creating package script '/home/rosqiu/coppelia_control/install/coppelia_control/share/coppelia_control/package.sh'
[1.187s] INFO:colcon.colcon_core.shell:Creating package script '/home/rosqiu/coppelia_control/install/coppelia_control/share/coppelia_control/package.bash'
[1.189s] INFO:colcon.colcon_core.shell:Creating package script '/home/rosqiu/coppelia_control/install/coppelia_control/share/coppelia_control/package.zsh'
[1.191s] Level 1:colcon.colcon_core.environment:create_file_with_runtime_dependencies(/home/rosqiu/coppelia_control/install/coppelia_control/share/colcon-core/packages/coppelia_control)
[1.196s] INFO:colcon.colcon_ros.task.ament_cmake.build:Building ROS package in '/home/rosqiu/coppelia_control/src/franka_moveit_config' with build type 'ament_cmake'
[1.197s] INFO:colcon.colcon_cmake.task.cmake.build:Building CMake package in '/home/rosqiu/coppelia_control/src/franka_moveit_config'
[1.197s] INFO:colcon.colcon_core.shell:Skip shell extension 'powershell' for command environment: Not usable outside of PowerShell
[1.197s] DEBUG:colcon.colcon_core.shell:Skip shell extension 'dsv' for command environment
[1.233s] DEBUG:colcon.colcon_core.event_handler.log_command:Invoking command in '/home/rosqiu/coppelia_control/build/franka_moveit_config': CMAKE_PREFIX_PATH=/home/rosqiu/coppelia_control/install/coppelia_control:/home/rosqiu/coppelia_control/install/franka_moveit_config:/opt/ros/humble /usr/bin/cmake --build /home/rosqiu/coppelia_control/build/franka_moveit_config -- -j3 -l3
[1.320s] DEBUG:colcon.colcon_core.event_handler.log_command:Invoked command in '/home/rosqiu/coppelia_control/build/franka_moveit_config' returned '0': CMAKE_PREFIX_PATH=/home/rosqiu/coppelia_control/install/coppelia_control:/home/rosqiu/coppelia_control/install/franka_moveit_config:/opt/ros/humble /usr/bin/cmake --build /home/rosqiu/coppelia_control/build/franka_moveit_config -- -j3 -l3
[1.323s] DEBUG:colcon.colcon_core.event_handler.log_command:Invoking command in '/home/rosqiu/coppelia_control/build/franka_moveit_config': CMAKE_PREFIX_PATH=/home/rosqiu/coppelia_control/install/coppelia_control:/home/rosqiu/coppelia_control/install/franka_moveit_config:/opt/ros/humble /usr/bin/cmake --install /home/rosqiu/coppelia_control/build/franka_moveit_config
[1.367s] Level 1:colcon.colcon_core.environment:create_environment_scripts_only(franka_moveit_config)
[1.367s] Level 1:colcon.colcon_core.environment:checking '/home/rosqiu/coppelia_control/install/franka_moveit_config' for CMake module files
[1.367s] Level 1:colcon.colcon_core.environment:checking '/home/rosqiu/coppelia_control/install/franka_moveit_config' for CMake config files
[1.368s] Level 1:colcon.colcon_core.shell:create_environment_hook('franka_moveit_config', 'cmake_prefix_path')
[1.368s] INFO:colcon.colcon_core.shell:Creating environment hook '/home/rosqiu/coppelia_control/install/franka_moveit_config/share/franka_moveit_config/hook/cmake_prefix_path.ps1'
[1.370s] DEBUG:colcon.colcon_core.event_handler.log_command:Invoked command in '/home/rosqiu/coppelia_control/build/franka_moveit_config' returned '0': CMAKE_PREFIX_PATH=/home/rosqiu/coppelia_control/install/coppelia_control:/home/rosqiu/coppelia_control/install/franka_moveit_config:/opt/ros/humble /usr/bin/cmake --install /home/rosqiu/coppelia_control/build/franka_moveit_config
[1.370s] INFO:colcon.colcon_core.shell:Creating environment descriptor '/home/rosqiu/coppelia_control/install/franka_moveit_config/share/franka_moveit_config/hook/cmake_prefix_path.dsv'
[1.371s] INFO:colcon.colcon_core.shell:Creating environment hook '/home/rosqiu/coppelia_control/install/franka_moveit_config/share/franka_moveit_config/hook/cmake_prefix_path.sh'
[1.373s] Level 1:colcon.colcon_core.environment:checking '/home/rosqiu/coppelia_control/install/franka_moveit_config/bin'
[1.373s] Level 1:colcon.colcon_core.environment:checking '/home/rosqiu/coppelia_control/install/franka_moveit_config/lib/pkgconfig/franka_moveit_config.pc'
[1.374s] Level 1:colcon.colcon_core.environment:checking '/home/rosqiu/coppelia_control/install/franka_moveit_config/lib/python3.10/site-packages'
[1.375s] Level 1:colcon.colcon_core.environment:checking '/home/rosqiu/coppelia_control/install/franka_moveit_config/bin'
[1.375s] INFO:colcon.colcon_core.shell:Creating package script '/home/rosqiu/coppelia_control/install/franka_moveit_config/share/franka_moveit_config/package.ps1'
[1.376s] INFO:colcon.colcon_core.shell:Creating package descriptor '/home/rosqiu/coppelia_control/install/franka_moveit_config/share/franka_moveit_config/package.dsv'
[1.377s] INFO:colcon.colcon_core.shell:Creating package script '/home/rosqiu/coppelia_control/install/franka_moveit_config/share/franka_moveit_config/package.sh'
[1.378s] INFO:colcon.colcon_core.shell:Creating package script '/home/rosqiu/coppelia_control/install/franka_moveit_config/share/franka_moveit_config/package.bash'
[1.379s] INFO:colcon.colcon_core.shell:Creating package script '/home/rosqiu/coppelia_control/install/franka_moveit_config/share/franka_moveit_config/package.zsh'
[1.382s] Level 1:colcon.colcon_core.environment:create_file_with_runtime_dependencies(/home/rosqiu/coppelia_control/install/franka_moveit_config/share/colcon-core/packages/franka_moveit_config)
[1.383s] Level 1:colcon.colcon_core.environment:create_environment_scripts_only(franka_moveit_config)
[1.384s] Level 1:colcon.colcon_core.environment:checking '/home/rosqiu/coppelia_control/install/franka_moveit_config' for CMake module files
[1.385s] Level 1:colcon.colcon_core.environment:checking '/home/rosqiu/coppelia_control/install/franka_moveit_config' for CMake config files
[1.385s] Level 1:colcon.colcon_core.shell:create_environment_hook('franka_moveit_config', 'cmake_prefix_path')
[1.385s] INFO:colcon.colcon_core.shell:Creating environment hook '/home/rosqiu/coppelia_control/install/franka_moveit_config/share/franka_moveit_config/hook/cmake_prefix_path.ps1'
[1.387s] INFO:colcon.colcon_core.shell:Creating environment descriptor '/home/rosqiu/coppelia_control/install/franka_moveit_config/share/franka_moveit_config/hook/cmake_prefix_path.dsv'
[1.388s] INFO:colcon.colcon_core.shell:Creating environment hook '/home/rosqiu/coppelia_control/install/franka_moveit_config/share/franka_moveit_config/hook/cmake_prefix_path.sh'
[1.391s] Level 1:colcon.colcon_core.environment:checking '/home/rosqiu/coppelia_control/install/franka_moveit_config/bin'
[1.392s] Level 1:colcon.colcon_core.environment:checking '/home/rosqiu/coppelia_control/install/franka_moveit_config/lib/pkgconfig/franka_moveit_config.pc'
[1.392s] Level 1:colcon.colcon_core.environment:checking '/home/rosqiu/coppelia_control/install/franka_moveit_config/lib/python3.10/site-packages'
[1.392s] Level 1:colcon.colcon_core.environment:checking '/home/rosqiu/coppelia_control/install/franka_moveit_config/bin'
[1.392s] INFO:colcon.colcon_core.shell:Creating package script '/home/rosqiu/coppelia_control/install/franka_moveit_config/share/franka_moveit_config/package.ps1'
[1.394s] INFO:colcon.colcon_core.shell:Creating package descriptor '/home/rosqiu/coppelia_control/install/franka_moveit_config/share/franka_moveit_config/package.dsv'
[1.395s] INFO:colcon.colcon_core.shell:Creating package script '/home/rosqiu/coppelia_control/install/franka_moveit_config/share/franka_moveit_config/package.sh'
[1.398s] INFO:colcon.colcon_core.shell:Creating package script '/home/rosqiu/coppelia_control/install/franka_moveit_config/share/franka_moveit_config/package.bash'
[1.399s] INFO:colcon.colcon_core.shell:Creating package script '/home/rosqiu/coppelia_control/install/franka_moveit_config/share/franka_moveit_config/package.zsh'
[1.401s] Level 1:colcon.colcon_core.environment:create_file_with_runtime_dependencies(/home/rosqiu/coppelia_control/install/franka_moveit_config/share/colcon-core/packages/franka_moveit_config)
[1.408s] DEBUG:colcon.colcon_parallel_executor.executor.parallel:closing loop
[1.411s] DEBUG:colcon.colcon_parallel_executor.executor.parallel:loop closed
[1.411s] DEBUG:colcon.colcon_parallel_executor.executor.parallel:run_until_complete finished with '0'
[1.411s] DEBUG:colcon.colcon_core.event_reactor:joining thread
[1.421s] INFO:colcon.colcon_core.plugin_system:Skipping extension 'colcon_notification.desktop_notification.terminal_notifier': Not used on non-Darwin systems
[1.421s] INFO:colcon.colcon_core.plugin_system:Skipping extension 'colcon_notification.desktop_notification.win32': Not used on non-Windows systems
[1.421s] INFO:colcon.colcon_notification.desktop_notification:Sending desktop notification using 'notify2'
[1.498s] DEBUG:colcon.colcon_core.event_reactor:joined thread
[1.499s] INFO:colcon.colcon_core.shell:Creating prefix script '/home/rosqiu/coppelia_control/install/local_setup.ps1'
[1.504s] INFO:colcon.colcon_core.shell:Creating prefix util module '/home/rosqiu/coppelia_control/install/_local_setup_util_ps1.py'
[1.522s] INFO:colcon.colcon_core.shell:Creating prefix chain script '/home/rosqiu/coppelia_control/install/setup.ps1'
[1.533s] INFO:colcon.colcon_core.shell:Creating prefix script '/home/rosqiu/coppelia_control/install/local_setup.sh'
[1.551s] INFO:colcon.colcon_core.shell:Creating prefix util module '/home/rosqiu/coppelia_control/install/_local_setup_util_sh.py'
[1.553s] INFO:colcon.colcon_core.shell:Creating prefix chain script '/home/rosqiu/coppelia_control/install/setup.sh'
[1.555s] INFO:colcon.colcon_core.shell:Creating prefix script '/home/rosqiu/coppelia_control/install/local_setup.bash'
[1.557s] INFO:colcon.colcon_core.shell:Creating prefix chain script '/home/rosqiu/coppelia_control/install/setup.bash'
[1.565s] INFO:colcon.colcon_core.shell:Creating prefix script '/home/rosqiu/coppelia_control/install/local_setup.zsh'
[1.568s] INFO:colcon.colcon_core.shell:Creating prefix chain script '/home/rosqiu/coppelia_control/install/setup.zsh'
