[0.021s] Invoking command in '/home/rosqiu/coppelia_control/build/coppelia_control': CMAKE_PREFIX_PATH=${CMAKE_PREFIX_PATH}:/opt/ros/humble /usr/bin/cmake --build /home/rosqiu/coppelia_control/build/coppelia_control -- -j3 -l3
[0.222s] [ 25%] Built target manipulation_interface
[0.224s] [ 50%] Built target planning_interface
[0.269s] [ 75%] Built target vision_interface
[0.277s] [35m[1mConsolidate compiler generated dependencies of target franka_control_node[0m
[0.338s] [ 87%] [32mBuilding CXX object CMakeFiles/franka_control_node.dir/src/franka_control_node.cpp.o[0m
[7.326s] [01m[K/home/rosqiu/coppelia_control/src/coppelia_control/src/franka_control_node.cpp:[m[K In constructor ‘[01m[KFrankaControlNode::FrankaControlNode()[m[K’:
[7.326s] [01m[K/home/rosqiu/coppelia_control/src/coppelia_control/src/franka_control_node.cpp:21:69:[m[K [01;31m[Kerror: [m[Kreference to ‘[01m[Kshared_from_this[m[K’ is ambiguous
[7.326s]    21 |         auto node_ptr_base = std::static_pointer_cast<rclcpp::Node>([01;31m[Kshared_from_this[m[K());
[7.326s]       |                                                                     [01;31m[K^~~~~~~~~~~~~~~~[m[K
[7.327s] In file included from [01m[K/usr/include/c++/11/memory:77[m[K,
[7.327s]                  from [01m[K/opt/ros/humble/include/rclcpp/rclcpp/rclcpp.hpp:153[m[K,
[7.327s]                  from [01m[K/home/rosqiu/coppelia_control/src/coppelia_control/src/franka_control_node.cpp:1[m[K:
[7.327s] [01m[K/usr/include/c++/11/bits/shared_ptr.h:811:7:[m[K [01;36m[Knote: [m[Kcandidates are: ‘[01m[Kstd::shared_ptr<const _Tp> std::enable_shared_from_this<_Tp>::shared_from_this() const [with _Tp = FrankaControlNode][m[K’
[7.327s]   811 |       [01;36m[Kshared_from_this[m[K() const
[7.327s]       |       [01;36m[K^~~~~~~~~~~~~~~~[m[K
[7.327s] [01m[K/usr/include/c++/11/bits/shared_ptr.h:807:7:[m[K [01;36m[Knote: [m[K                ‘[01m[Kstd::shared_ptr<_Tp> std::enable_shared_from_this<_Tp>::shared_from_this() [with _Tp = FrankaControlNode][m[K’
[7.327s]   807 |       [01;36m[Kshared_from_this[m[K()
[7.327s]       |       [01;36m[K^~~~~~~~~~~~~~~~[m[K
[7.327s] [01m[K/usr/include/c++/11/bits/shared_ptr.h:811:7:[m[K [01;36m[Knote: [m[K                ‘[01m[Kstd::shared_ptr<const _Tp> std::enable_shared_from_this<_Tp>::shared_from_this() const [with _Tp = rclcpp::Node][m[K’
[7.327s]   811 |       [01;36m[Kshared_from_this[m[K() const
[7.327s]       |       [01;36m[K^~~~~~~~~~~~~~~~[m[K
[7.327s] [01m[K/usr/include/c++/11/bits/shared_ptr.h:807:7:[m[K [01;36m[Knote: [m[K                ‘[01m[Kstd::shared_ptr<_Tp> std::enable_shared_from_this<_Tp>::shared_from_this() [with _Tp = rclcpp::Node][m[K’
[7.327s]   807 |       [01;36m[Kshared_from_this[m[K()
[7.327s]       |       [01;36m[K^~~~~~~~~~~~~~~~[m[K
[10.899s] gmake[2]: *** [CMakeFiles/franka_control_node.dir/build.make:76：CMakeFiles/franka_control_node.dir/src/franka_control_node.cpp.o] 错误 1
[10.906s] gmake[1]: *** [CMakeFiles/Makefile2:222：CMakeFiles/franka_control_node.dir/all] 错误 2
[10.910s] gmake: *** [Makefile:146：all] 错误 2
[10.926s] Invoked command in '/home/rosqiu/coppelia_control/build/coppelia_control' returned '2': CMAKE_PREFIX_PATH=${CMAKE_PREFIX_PATH}:/opt/ros/humble /usr/bin/cmake --build /home/rosqiu/coppelia_control/build/coppelia_control -- -j3 -l3
