[0.062s] Invoking command in '/home/rosqiu/coppelia_control/build/coppelia_control': CMAKE_PREFIX_PATH=${CMAKE_PREFIX_PATH}:/home/rosqiu/demo01/install/learning_urdf:/home/rosqiu/demo01/install/learning_topic:/home/rosqiu/demo01/install/learning_tf:/home/rosqiu/demo01/install/learning_service:/home/rosqiu/demo01/install/learning_qos:/home/rosqiu/demo01/install/learning_pkg_python:/home/rosqiu/demo01/install/learning_parameter:/home/rosqiu/demo01/install/learning_node:/home/rosqiu/demo01/install/learning_launch:/home/rosqiu/demo01/install/learning_action:/home/rosqiu/demo01/install/learning_gazebo_harmonic:/home/rosqiu/demo01/install/learning_gazebo:/home/rosqiu/demo01/install/learning_cv:/opt/ros/humble /usr/bin/cmake --build /home/rosqiu/coppelia_control/build/coppelia_control -- -j3 -l3
[0.161s] -- Found ament_cmake: 1.3.12 (/opt/ros/humble/share/ament_cmake/cmake)
[0.458s] -- Found rclcpp: 16.0.15 (/opt/ros/humble/share/rclcpp/cmake)
[0.542s] -- Found rosidl_generator_c: 3.1.7 (/opt/ros/humble/share/rosidl_generator_c/cmake)
[0.562s] -- Found rosidl_adapter: 3.1.7 (/opt/ros/humble/share/rosidl_adapter/cmake)
[0.641s] -- Found rosidl_generator_cpp: 3.1.7 (/opt/ros/humble/share/rosidl_generator_cpp/cmake)
[0.700s] -- Using all available rosidl_typesupport_c: rosidl_typesupport_fastrtps_c;rosidl_typesupport_introspection_c
[0.751s] -- Using all available rosidl_typesupport_cpp: rosidl_typesupport_fastrtps_cpp;rosidl_typesupport_introspection_cpp
[0.888s] -- Found rmw_implementation_cmake: 6.1.2 (/opt/ros/humble/share/rmw_implementation_cmake/cmake)
[0.907s] -- Found rmw_fastrtps_cpp: 6.2.8 (/opt/ros/humble/share/rmw_fastrtps_cpp/cmake)
[1.170s] -- Using RMW implementation 'rmw_fastrtps_cpp' as default
[1.251s] -- Found sensor_msgs: 4.9.0 (/opt/ros/humble/share/sensor_msgs/cmake)
[1.316s] -- Found moveit_ros_planning_interface: 2.5.9 (/opt/ros/humble/share/moveit_ros_planning_interface/cmake)
[1.339s] -- Found Boost: /usr/lib/x86_64-linux-gnu/cmake/Boost-1.74.0/BoostConfig.cmake (found version "1.74.0") found components: date_time filesystem program_options system thread 
[1.595s] -- Found Boost: /usr/lib/x86_64-linux-gnu/cmake/Boost-1.74.0/BoostConfig.cmake (found version "1.74.0") found components: chrono date_time filesystem iostreams program_options regex serialization system thread 
[1.657s] -- Found parameter_traits: 0.5.0 (/opt/ros/humble/share/parameter_traits/cmake)
[1.669s] -- Found rclcpp_lifecycle: 16.0.15 (/opt/ros/humble/share/rclcpp_lifecycle/cmake)
[1.704s] -- Found Boost: /usr/lib/x86_64-linux-gnu/cmake/Boost-1.74.0/BoostConfig.cmake (found version "1.74.0") found components: filesystem 
[1.795s] -- library: /usr/lib/x86_64-linux-gnu/libcurl.so
[1.838s] -- Ensuring Eigen3 include directory is part of orocos-kdl CMake target
[2.034s] -- Found Boost: /usr/lib/x86_64-linux-gnu/cmake/Boost-1.74.0/BoostConfig.cmake (found version "1.74.0") found components: system filesystem date_time program_options thread chrono 
[2.085s] -- Found Boost: /usr/lib/x86_64-linux-gnu/cmake/Boost-1.74.0/BoostConfig.cmake (found version "1.74.0") found components: thread system filesystem regex date_time program_options 
[2.109s] -- Found Boost: /usr/lib/x86_64-linux-gnu/cmake/Boost-1.74.0/BoostConfig.cmake (found version "1.74.0") found components: system filesystem date_time program_options thread 
[2.359s] -- Configuring done
[2.461s] -- Generating done
[2.481s] -- Build files have been written to: /home/rosqiu/coppelia_control/build/coppelia_control
[2.584s] [35m[1mConsolidate compiler generated dependencies of target coppelia_control[0m
[2.688s] [ 20%] [32mBuilding CXX object CMakeFiles/coppelia_control.dir/src/main.cpp.o[0m
[22.295s] [ 40%] [32m[1mLinking CXX shared library libcoppelia_control.so[0m
[24.015s] [100%] Built target coppelia_control
[24.055s] Invoked command in '/home/rosqiu/coppelia_control/build/coppelia_control' returned '0': CMAKE_PREFIX_PATH=${CMAKE_PREFIX_PATH}:/home/rosqiu/demo01/install/learning_urdf:/home/rosqiu/demo01/install/learning_topic:/home/rosqiu/demo01/install/learning_tf:/home/rosqiu/demo01/install/learning_service:/home/rosqiu/demo01/install/learning_qos:/home/rosqiu/demo01/install/learning_pkg_python:/home/rosqiu/demo01/install/learning_parameter:/home/rosqiu/demo01/install/learning_node:/home/rosqiu/demo01/install/learning_launch:/home/rosqiu/demo01/install/learning_action:/home/rosqiu/demo01/install/learning_gazebo_harmonic:/home/rosqiu/demo01/install/learning_gazebo:/home/rosqiu/demo01/install/learning_cv:/opt/ros/humble /usr/bin/cmake --build /home/rosqiu/coppelia_control/build/coppelia_control -- -j3 -l3
[24.079s] Invoking command in '/home/rosqiu/coppelia_control/build/coppelia_control': CMAKE_PREFIX_PATH=${CMAKE_PREFIX_PATH}:/home/rosqiu/demo01/install/learning_urdf:/home/rosqiu/demo01/install/learning_topic:/home/rosqiu/demo01/install/learning_tf:/home/rosqiu/demo01/install/learning_service:/home/rosqiu/demo01/install/learning_qos:/home/rosqiu/demo01/install/learning_pkg_python:/home/rosqiu/demo01/install/learning_parameter:/home/rosqiu/demo01/install/learning_node:/home/rosqiu/demo01/install/learning_launch:/home/rosqiu/demo01/install/learning_action:/home/rosqiu/demo01/install/learning_gazebo_harmonic:/home/rosqiu/demo01/install/learning_gazebo:/home/rosqiu/demo01/install/learning_cv:/opt/ros/humble /usr/bin/cmake --install /home/rosqiu/coppelia_control/build/coppelia_control
[24.093s] -- Install configuration: ""
[24.093s] -- Up-to-date: /home/rosqiu/coppelia_control/install/coppelia_control/include/
[24.094s] -- Up-to-date: /home/rosqiu/coppelia_control/install/coppelia_control/include//coppelia_control
[24.094s] -- Up-to-date: /home/rosqiu/coppelia_control/install/coppelia_control/include//coppelia_control/VisionInterface.hpp
[24.094s] -- Up-to-date: /home/rosqiu/coppelia_control/install/coppelia_control/include//coppelia_control/ManipulationInterface.hpp
[24.094s] -- Up-to-date: /home/rosqiu/coppelia_control/install/coppelia_control/include//coppelia_control/PlanningInterface.hpp
[24.101s] -- Installing: /home/rosqiu/coppelia_control/install/coppelia_control/lib/libcoppelia_control.so
[24.131s] -- Set runtime path of "/home/rosqiu/coppelia_control/install/coppelia_control/lib/libcoppelia_control.so" to ""
[24.132s] -- Up-to-date: /home/rosqiu/coppelia_control/install/coppelia_control/share/ament_index/resource_index/package_run_dependencies/coppelia_control
[24.132s] -- Installing: /home/rosqiu/coppelia_control/install/coppelia_control/share/ament_index/resource_index/parent_prefix_path/coppelia_control
[24.132s] -- Up-to-date: /home/rosqiu/coppelia_control/install/coppelia_control/share/coppelia_control/environment/ament_prefix_path.sh
[24.132s] -- Installing: /home/rosqiu/coppelia_control/install/coppelia_control/share/coppelia_control/environment/ament_prefix_path.dsv
[24.132s] -- Up-to-date: /home/rosqiu/coppelia_control/install/coppelia_control/share/coppelia_control/environment/path.sh
[24.132s] -- Installing: /home/rosqiu/coppelia_control/install/coppelia_control/share/coppelia_control/environment/path.dsv
[24.132s] -- Up-to-date: /home/rosqiu/coppelia_control/install/coppelia_control/share/coppelia_control/local_setup.bash
[24.132s] -- Up-to-date: /home/rosqiu/coppelia_control/install/coppelia_control/share/coppelia_control/local_setup.sh
[24.132s] -- Up-to-date: /home/rosqiu/coppelia_control/install/coppelia_control/share/coppelia_control/local_setup.zsh
[24.132s] -- Installing: /home/rosqiu/coppelia_control/install/coppelia_control/share/coppelia_control/local_setup.dsv
[24.132s] -- Installing: /home/rosqiu/coppelia_control/install/coppelia_control/share/coppelia_control/package.dsv
[24.132s] -- Up-to-date: /home/rosqiu/coppelia_control/install/coppelia_control/share/ament_index/resource_index/packages/coppelia_control
[24.132s] -- Up-to-date: /home/rosqiu/coppelia_control/install/coppelia_control/share/coppelia_control/cmake/coppelia_controlConfig.cmake
[24.132s] -- Up-to-date: /home/rosqiu/coppelia_control/install/coppelia_control/share/coppelia_control/cmake/coppelia_controlConfig-version.cmake
[24.132s] -- Up-to-date: /home/rosqiu/coppelia_control/install/coppelia_control/share/coppelia_control/package.xml
[24.134s] Invoked command in '/home/rosqiu/coppelia_control/build/coppelia_control' returned '0': CMAKE_PREFIX_PATH=${CMAKE_PREFIX_PATH}:/home/rosqiu/demo01/install/learning_urdf:/home/rosqiu/demo01/install/learning_topic:/home/rosqiu/demo01/install/learning_tf:/home/rosqiu/demo01/install/learning_service:/home/rosqiu/demo01/install/learning_qos:/home/rosqiu/demo01/install/learning_pkg_python:/home/rosqiu/demo01/install/learning_parameter:/home/rosqiu/demo01/install/learning_node:/home/rosqiu/demo01/install/learning_launch:/home/rosqiu/demo01/install/learning_action:/home/rosqiu/demo01/install/learning_gazebo_harmonic:/home/rosqiu/demo01/install/learning_gazebo:/home/rosqiu/demo01/install/learning_cv:/opt/ros/humble /usr/bin/cmake --install /home/rosqiu/coppelia_control/build/coppelia_control
