[35m[1mConsolidate compiler generated dependencies of target coppelia_control[0m
[ 25%] [32mBuilding CXX object CMakeFiles/coppelia_control.dir/src/PlanningInterface.cpp.o[0m
[ 50%] [32mBuilding CXX object CMakeFiles/coppelia_control.dir/src/ManipulationInterface.cpp.o[0m
[01m[K/home/rosqiu/coppelia_control/src/coppelia_control/src/PlanningInterface.cpp:[m[K In member function ‘[01m[Kbool coppelia_control::PlanningInterface::planToPose(const Pose&, moveit::planning_interface::MoveGroupInterface::Plan&)[m[K’:
[01m[K/home/rosqiu/coppelia_control/src/coppelia_control/src/PlanningInterface.cpp:34:85:[m[K [01;35m[Kwarning: [m[K‘[01m[Kusing MoveItErrorCode = class moveit::core::MoveItErrorCode[m[K’ is deprecated: Use moveit::core::MoveItErrorCode [[01;35m[K]8;;https://gcc.gnu.org/onlinedocs/gcc/Warning-Options.html#index-Wdeprecated-declarations-Wdeprecated-declarations]8;;[m[K]
   34 |     return (move_group_->plan(plan) == moveit::planning_interface::MoveItErrorCode::[01;35m[KSUCCESS[m[K);
      |                                                                                     [01;35m[K^~~~~~~[m[K
In file included from [01m[K/home/rosqiu/coppelia_control/src/coppelia_control/include/coppelia_control/PlanningInterface.hpp:3[m[K,
                 from [01m[K/home/rosqiu/coppelia_control/src/coppelia_control/src/PlanningInterface.cpp:1[m[K:
[01m[K/opt/ros/humble/include/moveit/move_group_interface/move_group_interface.h:71:7:[m[K [01;36m[Knote: [m[Kdeclared here
   71 | using [01;36m[KMoveItErrorCode[m[K [[deprecated("Use moveit::core::MoveItErrorCode")]] = moveit::core::MoveItErrorCode;
      |       [01;36m[K^~~~~~~~~~~~~~~[m[K
[01m[K/home/rosqiu/coppelia_control/src/coppelia_control/src/PlanningInterface.cpp:[m[K In member function ‘[01m[Kbool coppelia_control::PlanningInterface::planToNamedTarget(const string&, moveit::planning_interface::MoveGroupInterface::Plan&)[m[K’:
[01m[K/home/rosqiu/coppelia_control/src/coppelia_control/src/PlanningInterface.cpp:47:84:[m[K [01;35m[Kwarning: [m[K‘[01m[Kusing MoveItErrorCode = class moveit::core::MoveItErrorCode[m[K’ is deprecated: Use moveit::core::MoveItErrorCode [[01;35m[K]8;;https://gcc.gnu.org/onlinedocs/gcc/Warning-Options.html#index-Wdeprecated-declarations-Wdeprecated-declarations]8;;[m[K]
   47 |     return (move_group_->plan(plan)== moveit::planning_interface::MoveItErrorCode::[01;35m[KSUCCESS[m[K);
      |                                                                                    [01;35m[K^~~~~~~[m[K
In file included from [01m[K/home/rosqiu/coppelia_control/src/coppelia_control/include/coppelia_control/PlanningInterface.hpp:3[m[K,
                 from [01m[K/home/rosqiu/coppelia_control/src/coppelia_control/src/PlanningInterface.cpp:1[m[K:
[01m[K/opt/ros/humble/include/moveit/move_group_interface/move_group_interface.h:71:7:[m[K [01;36m[Knote: [m[Kdeclared here
   71 | using [01;36m[KMoveItErrorCode[m[K [[deprecated("Use moveit::core::MoveItErrorCode")]] = moveit::core::MoveItErrorCode;
      |       [01;36m[K^~~~~~~~~~~~~~~[m[K
[01m[K/home/rosqiu/coppelia_control/src/coppelia_control/src/PlanningInterface.cpp:[m[K At global scope:
[01m[K/home/rosqiu/coppelia_control/src/coppelia_control/src/PlanningInterface.cpp:64:26:[m[K [01;31m[Kerror: [m[Kno declaration matches ‘[01m[Kgeometry_msgs::msg::Pose coppelia_control::PlanningInterface::getCurrentPose()[m[K’
   64 | geometry_msgs::msg::Pose [01;31m[KPlanningInterface[m[K::getCurrentPose()
      |                          [01;31m[K^~~~~~~~~~~~~~~~~[m[K
[01m[K/home/rosqiu/coppelia_control/src/coppelia_control/src/PlanningInterface.cpp:64:26:[m[K [01;36m[Knote: [m[Kno functions named ‘[01m[Kgeometry_msgs::msg::Pose coppelia_control::PlanningInterface::getCurrentPose()[m[K’
In file included from [01m[K/home/rosqiu/coppelia_control/src/coppelia_control/src/PlanningInterface.cpp:1[m[K:
[01m[K/home/rosqiu/coppelia_control/src/coppelia_control/include/coppelia_control/PlanningInterface.hpp:11:7:[m[K [01;36m[Knote: [m[K‘[01m[Kclass coppelia_control::PlanningInterface[m[K’ defined here
   11 | class [01;36m[KPlanningInterface[m[K
      |       [01;36m[K^~~~~~~~~~~~~~~~~[m[K
gmake[2]: *** [CMakeFiles/coppelia_control.dir/build.make:76：CMakeFiles/coppelia_control.dir/src/PlanningInterface.cpp.o] 错误 1
gmake[1]: *** [CMakeFiles/Makefile2:137：CMakeFiles/coppelia_control.dir/all] 错误 2
gmake: *** [Makefile:146：all] 错误 2
