[0.037s] Invoking command in '/home/rosqiu/coppelia_control/build/coppelia_control': CMAKE_PREFIX_PATH=${CMAKE_PREFIX_PATH}:/home/rosqiu/demo01/install/learning_urdf:/home/rosqiu/demo01/install/learning_topic:/home/rosqiu/demo01/install/learning_tf:/home/rosqiu/demo01/install/learning_service:/home/rosqiu/demo01/install/learning_qos:/home/rosqiu/demo01/install/learning_pkg_python:/home/rosqiu/demo01/install/learning_parameter:/home/rosqiu/demo01/install/learning_node:/home/rosqiu/demo01/install/learning_launch:/home/rosqiu/demo01/install/learning_action:/home/rosqiu/demo01/install/learning_gazebo_harmonic:/home/rosqiu/demo01/install/learning_gazebo:/home/rosqiu/demo01/install/learning_cv:/opt/ros/humble /usr/bin/cmake --build /home/rosqiu/coppelia_control/build/coppelia_control -- -j3 -l3
[0.148s] [35m[1mConsolidate compiler generated dependencies of target coppelia_control[0m
[0.226s] [ 25%] [32mBuilding CXX object CMakeFiles/coppelia_control.dir/src/PlanningInterface.cpp.o[0m
[0.231s] [ 50%] [32mBuilding CXX object CMakeFiles/coppelia_control.dir/src/ManipulationInterface.cpp.o[0m
[7.411s] [01m[K/home/rosqiu/coppelia_control/src/coppelia_control/src/PlanningInterface.cpp:[m[K In member function ‘[01m[Kbool coppelia_control::PlanningInterface::planToPose(const Pose&, moveit::planning_interface::MoveGroupInterface::Plan&)[m[K’:
[7.413s] [01m[K/home/rosqiu/coppelia_control/src/coppelia_control/src/PlanningInterface.cpp:34:85:[m[K [01;35m[Kwarning: [m[K‘[01m[Kusing MoveItErrorCode = class moveit::core::MoveItErrorCode[m[K’ is deprecated: Use moveit::core::MoveItErrorCode [[01;35m[K]8;;https://gcc.gnu.org/onlinedocs/gcc/Warning-Options.html#index-Wdeprecated-declarations-Wdeprecated-declarations]8;;[m[K]
[7.413s]    34 |     return (move_group_->plan(plan) == moveit::planning_interface::MoveItErrorCode::[01;35m[KSUCCESS[m[K);
[7.413s]       |                                                                                     [01;35m[K^~~~~~~[m[K
[7.413s] In file included from [01m[K/home/rosqiu/coppelia_control/src/coppelia_control/include/coppelia_control/PlanningInterface.hpp:3[m[K,
[7.413s]                  from [01m[K/home/rosqiu/coppelia_control/src/coppelia_control/src/PlanningInterface.cpp:1[m[K:
[7.413s] [01m[K/opt/ros/humble/include/moveit/move_group_interface/move_group_interface.h:71:7:[m[K [01;36m[Knote: [m[Kdeclared here
[7.424s]    71 | using [01;36m[KMoveItErrorCode[m[K [[deprecated("Use moveit::core::MoveItErrorCode")]] = moveit::core::MoveItErrorCode;
[7.425s]       |       [01;36m[K^~~~~~~~~~~~~~~[m[K
[7.425s] [01m[K/home/rosqiu/coppelia_control/src/coppelia_control/src/PlanningInterface.cpp:[m[K In member function ‘[01m[Kbool coppelia_control::PlanningInterface::planToNamedTarget(const string&, moveit::planning_interface::MoveGroupInterface::Plan&)[m[K’:
[7.425s] [01m[K/home/rosqiu/coppelia_control/src/coppelia_control/src/PlanningInterface.cpp:47:84:[m[K [01;35m[Kwarning: [m[K‘[01m[Kusing MoveItErrorCode = class moveit::core::MoveItErrorCode[m[K’ is deprecated: Use moveit::core::MoveItErrorCode [[01;35m[K]8;;https://gcc.gnu.org/onlinedocs/gcc/Warning-Options.html#index-Wdeprecated-declarations-Wdeprecated-declarations]8;;[m[K]
[7.425s]    47 |     return (move_group_->plan(plan)== moveit::planning_interface::MoveItErrorCode::[01;35m[KSUCCESS[m[K);
[7.425s]       |                                                                                    [01;35m[K^~~~~~~[m[K
[7.425s] In file included from [01m[K/home/rosqiu/coppelia_control/src/coppelia_control/include/coppelia_control/PlanningInterface.hpp:3[m[K,
[7.425s]                  from [01m[K/home/rosqiu/coppelia_control/src/coppelia_control/src/PlanningInterface.cpp:1[m[K:
[7.425s] [01m[K/opt/ros/humble/include/moveit/move_group_interface/move_group_interface.h:71:7:[m[K [01;36m[Knote: [m[Kdeclared here
[7.425s]    71 | using [01;36m[KMoveItErrorCode[m[K [[deprecated("Use moveit::core::MoveItErrorCode")]] = moveit::core::MoveItErrorCode;
[7.425s]       |       [01;36m[K^~~~~~~~~~~~~~~[m[K
[7.461s] [01m[K/home/rosqiu/coppelia_control/src/coppelia_control/src/PlanningInterface.cpp:[m[K At global scope:
[7.461s] [01m[K/home/rosqiu/coppelia_control/src/coppelia_control/src/PlanningInterface.cpp:64:26:[m[K [01;31m[Kerror: [m[Kno declaration matches ‘[01m[Kgeometry_msgs::msg::Pose coppelia_control::PlanningInterface::getCurrentPose()[m[K’
[7.461s]    64 | geometry_msgs::msg::Pose [01;31m[KPlanningInterface[m[K::getCurrentPose()
[7.461s]       |                          [01;31m[K^~~~~~~~~~~~~~~~~[m[K
[7.461s] [01m[K/home/rosqiu/coppelia_control/src/coppelia_control/src/PlanningInterface.cpp:64:26:[m[K [01;36m[Knote: [m[Kno functions named ‘[01m[Kgeometry_msgs::msg::Pose coppelia_control::PlanningInterface::getCurrentPose()[m[K’
[7.461s] In file included from [01m[K/home/rosqiu/coppelia_control/src/coppelia_control/src/PlanningInterface.cpp:1[m[K:
[7.461s] [01m[K/home/rosqiu/coppelia_control/src/coppelia_control/include/coppelia_control/PlanningInterface.hpp:11:7:[m[K [01;36m[Knote: [m[K‘[01m[Kclass coppelia_control::PlanningInterface[m[K’ defined here
[7.461s]    11 | class [01;36m[KPlanningInterface[m[K
[7.461s]       |       [01;36m[K^~~~~~~~~~~~~~~~~[m[K
[11.314s] gmake[2]: *** [CMakeFiles/coppelia_control.dir/build.make:76：CMakeFiles/coppelia_control.dir/src/PlanningInterface.cpp.o] 错误 1
[11.315s] gmake[1]: *** [CMakeFiles/Makefile2:137：CMakeFiles/coppelia_control.dir/all] 错误 2
[11.320s] gmake: *** [Makefile:146：all] 错误 2
[11.320s] Invoked command in '/home/rosqiu/coppelia_control/build/coppelia_control' returned '2': CMAKE_PREFIX_PATH=${CMAKE_PREFIX_PATH}:/home/rosqiu/demo01/install/learning_urdf:/home/rosqiu/demo01/install/learning_topic:/home/rosqiu/demo01/install/learning_tf:/home/rosqiu/demo01/install/learning_service:/home/rosqiu/demo01/install/learning_qos:/home/rosqiu/demo01/install/learning_pkg_python:/home/rosqiu/demo01/install/learning_parameter:/home/rosqiu/demo01/install/learning_node:/home/rosqiu/demo01/install/learning_launch:/home/rosqiu/demo01/install/learning_action:/home/rosqiu/demo01/install/learning_gazebo_harmonic:/home/rosqiu/demo01/install/learning_gazebo:/home/rosqiu/demo01/install/learning_cv:/opt/ros/humble /usr/bin/cmake --build /home/rosqiu/coppelia_control/build/coppelia_control -- -j3 -l3
