[35m[1mConsolidate compiler generated dependencies of target coppelia_control[0m
[ 25%] [32mBuilding CXX object CMakeFiles/coppelia_control.dir/src/PlanningInterface.cpp.o[0m
[01m[K/home/rosqiu/coppelia_control/src/coppelia_control/src/PlanningInterface.cpp:[m[K In member function ‘[01m[Kbool coppelia_control::PlanningInterface::planToPose(const Pose&, moveit::planning_interface::MoveGroupInterface::Plan&)[m[K’:
[01m[K/home/rosqiu/coppelia_control/src/coppelia_control/src/PlanningInterface.cpp:34:85:[m[K [01;35m[Kwarning: [m[K‘[01m[Kusing MoveItErrorCode = class moveit::core::MoveItErrorCode[m[K’ is deprecated: Use moveit::core::MoveItErrorCode [[01;35m[K]8;;https://gcc.gnu.org/onlinedocs/gcc/Warning-Options.html#index-Wdeprecated-declarations-Wdeprecated-declarations]8;;[m[K]
   34 |     return (move_group_->plan(plan) == moveit::planning_interface::MoveItErrorCode::[01;35m[KSUCCESS[m[K);
      |                                                                                     [01;35m[K^~~~~~~[m[K
In file included from [01m[K/home/rosqiu/coppelia_control/src/coppelia_control/include/coppelia_control/PlanningInterface.hpp:3[m[K,
                 from [01m[K/home/rosqiu/coppelia_control/src/coppelia_control/src/PlanningInterface.cpp:1[m[K:
[01m[K/opt/ros/humble/include/moveit/move_group_interface/move_group_interface.h:71:7:[m[K [01;36m[Knote: [m[Kdeclared here
   71 | using [01;36m[KMoveItErrorCode[m[K [[deprecated("Use moveit::core::MoveItErrorCode")]] = moveit::core::MoveItErrorCode;
      |       [01;36m[K^~~~~~~~~~~~~~~[m[K
[01m[K/home/rosqiu/coppelia_control/src/coppelia_control/src/PlanningInterface.cpp:[m[K In member function ‘[01m[Kbool coppelia_control::PlanningInterface::planToNamedTarget(const string&, moveit::planning_interface::MoveGroupInterface::Plan&)[m[K’:
[01m[K/home/rosqiu/coppelia_control/src/coppelia_control/src/PlanningInterface.cpp:47:84:[m[K [01;35m[Kwarning: [m[K‘[01m[Kusing MoveItErrorCode = class moveit::core::MoveItErrorCode[m[K’ is deprecated: Use moveit::core::MoveItErrorCode [[01;35m[K]8;;https://gcc.gnu.org/onlinedocs/gcc/Warning-Options.html#index-Wdeprecated-declarations-Wdeprecated-declarations]8;;[m[K]
   47 |     return (move_group_->plan(plan)== moveit::planning_interface::MoveItErrorCode::[01;35m[KSUCCESS[m[K);
      |                                                                                    [01;35m[K^~~~~~~[m[K
In file included from [01m[K/home/rosqiu/coppelia_control/src/coppelia_control/include/coppelia_control/PlanningInterface.hpp:3[m[K,
                 from [01m[K/home/rosqiu/coppelia_control/src/coppelia_control/src/PlanningInterface.cpp:1[m[K:
[01m[K/opt/ros/humble/include/moveit/move_group_interface/move_group_interface.h:71:7:[m[K [01;36m[Knote: [m[Kdeclared here
   71 | using [01;36m[KMoveItErrorCode[m[K [[deprecated("Use moveit::core::MoveItErrorCode")]] = moveit::core::MoveItErrorCode;
      |       [01;36m[K^~~~~~~~~~~~~~~[m[K
[ 50%] [32m[1mLinking CXX shared library libcoppelia_control.so[0m
[100%] Built target coppelia_control
-- Install configuration: ""
-- Installing: /home/rosqiu/coppelia_control/install/coppelia_control/include/
-- Installing: /home/rosqiu/coppelia_control/install/coppelia_control/include//coppelia_control
-- Installing: /home/rosqiu/coppelia_control/install/coppelia_control/include//coppelia_control/VisionInterface.hpp
-- Installing: /home/rosqiu/coppelia_control/install/coppelia_control/include//coppelia_control/ManipulationInterface.hpp
-- Installing: /home/rosqiu/coppelia_control/install/coppelia_control/include//coppelia_control/PlanningInterface.hpp
-- Installing: /home/rosqiu/coppelia_control/install/coppelia_control/lib/libcoppelia_control.so
-- Set runtime path of "/home/rosqiu/coppelia_control/install/coppelia_control/lib/libcoppelia_control.so" to ""
-- Up-to-date: /home/rosqiu/coppelia_control/install/coppelia_control/share/ament_index/resource_index/package_run_dependencies/coppelia_control
-- Up-to-date: /home/rosqiu/coppelia_control/install/coppelia_control/share/ament_index/resource_index/parent_prefix_path/coppelia_control
-- Up-to-date: /home/rosqiu/coppelia_control/install/coppelia_control/share/coppelia_control/environment/ament_prefix_path.sh
-- Installing: /home/rosqiu/coppelia_control/install/coppelia_control/share/coppelia_control/environment/ament_prefix_path.dsv
-- Up-to-date: /home/rosqiu/coppelia_control/install/coppelia_control/share/coppelia_control/environment/path.sh
-- Installing: /home/rosqiu/coppelia_control/install/coppelia_control/share/coppelia_control/environment/path.dsv
-- Up-to-date: /home/rosqiu/coppelia_control/install/coppelia_control/share/coppelia_control/local_setup.bash
-- Up-to-date: /home/rosqiu/coppelia_control/install/coppelia_control/share/coppelia_control/local_setup.sh
-- Up-to-date: /home/rosqiu/coppelia_control/install/coppelia_control/share/coppelia_control/local_setup.zsh
-- Installing: /home/rosqiu/coppelia_control/install/coppelia_control/share/coppelia_control/local_setup.dsv
-- Installing: /home/rosqiu/coppelia_control/install/coppelia_control/share/coppelia_control/package.dsv
-- Up-to-date: /home/rosqiu/coppelia_control/install/coppelia_control/share/ament_index/resource_index/packages/coppelia_control
-- Up-to-date: /home/rosqiu/coppelia_control/install/coppelia_control/share/coppelia_control/cmake/coppelia_controlConfig.cmake
-- Up-to-date: /home/rosqiu/coppelia_control/install/coppelia_control/share/coppelia_control/cmake/coppelia_controlConfig-version.cmake
-- Up-to-date: /home/rosqiu/coppelia_control/install/coppelia_control/share/coppelia_control/package.xml
