[0.061s] Invoking command in '/home/rosqiu/coppelia_control/build/coppelia_control': CMAKE_PREFIX_PATH=${CMAKE_PREFIX_PATH}:/opt/ros/humble /usr/bin/cmake --build /home/rosqiu/coppelia_control/build/coppelia_control -- -j3 -l3
[0.253s] [ 50%] Built target vision_interface
[0.254s] [ 50%] Built target manipulation_interface
[0.273s] [ 75%] Built target planning_interface
[0.408s] [100%] Built target franka_control_node
[0.458s] Invoked command in '/home/rosqiu/coppelia_control/build/coppelia_control' returned '0': CMAKE_PREFIX_PATH=${CMAKE_PREFIX_PATH}:/opt/ros/humble /usr/bin/cmake --build /home/rosqiu/coppelia_control/build/coppelia_control -- -j3 -l3
[0.497s] Invoking command in '/home/rosqiu/coppelia_control/build/coppelia_control': CMAKE_PREFIX_PATH=${CMAKE_PREFIX_PATH}:/opt/ros/humble /usr/bin/cmake --install /home/rosqiu/coppelia_control/build/coppelia_control
[0.533s] -- Install configuration: ""
[0.535s] -- Execute custom install script
[0.535s] -- Up-to-date symlink: /home/rosqiu/coppelia_control/install/coppelia_control/lib/libmanipulation_interface.so
[0.535s] -- Up-to-date symlink: /home/rosqiu/coppelia_control/install/coppelia_control/lib/libplanning_interface.so
[0.535s] -- Up-to-date symlink: /home/rosqiu/coppelia_control/install/coppelia_control/lib/libvision_interface.so
[0.537s] -- Up-to-date symlink: /home/rosqiu/coppelia_control/install/coppelia_control/lib/coppelia_control/franka_control_node
[0.537s] -- Up-to-date symlink: /home/rosqiu/coppelia_control/install/coppelia_control/include/coppelia_control/ManipulationInterface.hpp
[0.537s] -- Up-to-date symlink: /home/rosqiu/coppelia_control/install/coppelia_control/include/coppelia_control/PlanningInterface.hpp
[0.537s] -- Up-to-date symlink: /home/rosqiu/coppelia_control/install/coppelia_control/include/coppelia_control/VisionInterface.hpp
[0.539s] -- Up-to-date symlink: /home/rosqiu/coppelia_control/install/coppelia_control/share/coppelia_control/launch/franka_control.launch.py
[0.539s] -- Up-to-date symlink: /home/rosqiu/coppelia_control/install/coppelia_control/share/coppelia_control/urdf/Franka.urdf
[0.543s] -- Up-to-date symlink: /home/rosqiu/coppelia_control/install/coppelia_control/share/coppelia_control/meshes/Franka_FrankaGripper_coll_1.dae
[0.543s] -- Up-to-date symlink: /home/rosqiu/coppelia_control/install/coppelia_control/share/coppelia_control/meshes/Franka_FrankaGripper_coll_2.dae
[0.543s] -- Up-to-date symlink: /home/rosqiu/coppelia_control/install/coppelia_control/share/coppelia_control/meshes/Franka_FrankaGripper_coll_3.dae
[0.543s] -- Up-to-date symlink: /home/rosqiu/coppelia_control/install/coppelia_control/share/coppelia_control/meshes/Franka_leftFinger_coll_1.dae
[0.543s] -- Up-to-date symlink: /home/rosqiu/coppelia_control/install/coppelia_control/share/coppelia_control/meshes/Franka_leftFinger_coll_2.dae
[0.546s] -- Up-to-date symlink: /home/rosqiu/coppelia_control/install/coppelia_control/share/coppelia_control/meshes/Franka_leftFinger_coll_3.dae
[0.546s] -- Up-to-date symlink: /home/rosqiu/coppelia_control/install/coppelia_control/share/coppelia_control/meshes/Franka_leftFinger_coll_4.dae
[0.546s] -- Up-to-date symlink: /home/rosqiu/coppelia_control/install/coppelia_control/share/coppelia_control/meshes/Franka_leftFinger_coll_5.dae
[0.546s] -- Up-to-date symlink: /home/rosqiu/coppelia_control/install/coppelia_control/share/coppelia_control/meshes/Franka_leftFinger_coll_6.dae
[0.546s] -- Up-to-date symlink: /home/rosqiu/coppelia_control/install/coppelia_control/share/coppelia_control/meshes/Franka_leftFinger_coll_7.dae
[0.546s] -- Up-to-date symlink: /home/rosqiu/coppelia_control/install/coppelia_control/share/coppelia_control/meshes/Franka_leftFinger_coll_8.dae
[0.546s] -- Up-to-date symlink: /home/rosqiu/coppelia_control/install/coppelia_control/share/coppelia_control/meshes/Franka_leftFinger_coll_9.dae
[0.546s] -- Up-to-date symlink: /home/rosqiu/coppelia_control/install/coppelia_control/share/coppelia_control/meshes/Franka_leftFinger_visible_vis_1.dae
[0.549s] -- Up-to-date symlink: /home/rosqiu/coppelia_control/install/coppelia_control/share/coppelia_control/meshes/Franka_leftPad_coll_1.dae
[0.549s] -- Up-to-date symlink: /home/rosqiu/coppelia_control/install/coppelia_control/share/coppelia_control/meshes/Franka_leftPad_visible_vis_1.dae
[0.549s] -- Up-to-date symlink: /home/rosqiu/coppelia_control/install/coppelia_control/share/coppelia_control/meshes/Franka_link1_resp_coll_1.dae
[0.549s] -- Up-to-date symlink: /home/rosqiu/coppelia_control/install/coppelia_control/share/coppelia_control/meshes/Franka_link1_resp_coll_2.dae
[0.549s] -- Up-to-date symlink: /home/rosqiu/coppelia_control/install/coppelia_control/share/coppelia_control/meshes/Franka_link1_resp_coll_3.dae
[0.550s] -- Up-to-date symlink: /home/rosqiu/coppelia_control/install/coppelia_control/share/coppelia_control/meshes/Franka_link1_resp_coll_4.dae
[0.550s] -- Up-to-date symlink: /home/rosqiu/coppelia_control/install/coppelia_control/share/coppelia_control/meshes/Franka_link2_resp_coll_1.dae
[0.550s] -- Up-to-date symlink: /home/rosqiu/coppelia_control/install/coppelia_control/share/coppelia_control/meshes/Franka_link2_resp_coll_2.dae
[0.550s] -- Up-to-date symlink: /home/rosqiu/coppelia_control/install/coppelia_control/share/coppelia_control/meshes/Franka_link3_resp_coll_1.dae
[0.550s] -- Up-to-date symlink: /home/rosqiu/coppelia_control/install/coppelia_control/share/coppelia_control/meshes/Franka_link3_resp_coll_2.dae
[0.553s] -- Up-to-date symlink: /home/rosqiu/coppelia_control/install/coppelia_control/share/coppelia_control/meshes/Franka_link3_resp_coll_3.dae
[0.554s] -- Up-to-date symlink: /home/rosqiu/coppelia_control/install/coppelia_control/share/coppelia_control/meshes/Franka_link3_resp_coll_4.dae
[0.554s] -- Up-to-date symlink: /home/rosqiu/coppelia_control/install/coppelia_control/share/coppelia_control/meshes/Franka_link4_resp_coll_1.dae
[0.554s] -- Up-to-date symlink: /home/rosqiu/coppelia_control/install/coppelia_control/share/coppelia_control/meshes/Franka_link4_resp_coll_2.dae
[0.554s] -- Up-to-date symlink: /home/rosqiu/coppelia_control/install/coppelia_control/share/coppelia_control/meshes/Franka_link4_resp_coll_3.dae
[0.560s] -- Up-to-date symlink: /home/rosqiu/coppelia_control/install/coppelia_control/share/coppelia_control/meshes/Franka_link4_resp_coll_4.dae
[0.560s] -- Up-to-date symlink: /home/rosqiu/coppelia_control/install/coppelia_control/share/coppelia_control/meshes/Franka_link4_resp_coll_5.dae
[0.560s] -- Up-to-date symlink: /home/rosqiu/coppelia_control/install/coppelia_control/share/coppelia_control/meshes/Franka_link4_resp_coll_6.dae
[0.560s] -- Up-to-date symlink: /home/rosqiu/coppelia_control/install/coppelia_control/share/coppelia_control/meshes/Franka_link5_resp_coll_1.dae
[0.560s] -- Up-to-date symlink: /home/rosqiu/coppelia_control/install/coppelia_control/share/coppelia_control/meshes/Franka_link5_resp_coll_2.dae
[0.560s] -- Up-to-date symlink: /home/rosqiu/coppelia_control/install/coppelia_control/share/coppelia_control/meshes/Franka_link5_resp_coll_3.dae
[0.560s] -- Up-to-date symlink: /home/rosqiu/coppelia_control/install/coppelia_control/share/coppelia_control/meshes/Franka_link5_resp_coll_4.dae
[0.560s] -- Up-to-date symlink: /home/rosqiu/coppelia_control/install/coppelia_control/share/coppelia_control/meshes/Franka_link5_resp_coll_5.dae
[0.561s] -- Up-to-date symlink: /home/rosqiu/coppelia_control/install/coppelia_control/share/coppelia_control/meshes/Franka_link5_resp_coll_6.dae
[0.561s] -- Up-to-date symlink: /home/rosqiu/coppelia_control/install/coppelia_control/share/coppelia_control/meshes/Franka_link5_resp_coll_7.dae
[0.561s] -- Up-to-date symlink: /home/rosqiu/coppelia_control/install/coppelia_control/share/coppelia_control/meshes/Franka_link5_resp_coll_8.dae
[0.561s] -- Up-to-date symlink: /home/rosqiu/coppelia_control/install/coppelia_control/share/coppelia_control/meshes/Franka_link5_resp_coll_9.dae
[0.561s] -- Up-to-date symlink: /home/rosqiu/coppelia_control/install/coppelia_control/share/coppelia_control/meshes/Franka_link6_resp_coll_1.dae
[0.561s] -- Up-to-date symlink: /home/rosqiu/coppelia_control/install/coppelia_control/share/coppelia_control/meshes/Franka_link6_resp_coll_10.dae
[0.561s] -- Up-to-date symlink: /home/rosqiu/coppelia_control/install/coppelia_control/share/coppelia_control/meshes/Franka_link6_resp_coll_11.dae
[0.561s] -- Up-to-date symlink: /home/rosqiu/coppelia_control/install/coppelia_control/share/coppelia_control/meshes/Franka_link6_resp_coll_12.dae
[0.561s] -- Up-to-date symlink: /home/rosqiu/coppelia_control/install/coppelia_control/share/coppelia_control/meshes/Franka_link6_resp_coll_13.dae
[0.561s] -- Up-to-date symlink: /home/rosqiu/coppelia_control/install/coppelia_control/share/coppelia_control/meshes/Franka_link6_resp_coll_14.dae
[0.561s] -- Up-to-date symlink: /home/rosqiu/coppelia_control/install/coppelia_control/share/coppelia_control/meshes/Franka_link6_resp_coll_15.dae
[0.569s] -- Up-to-date symlink: /home/rosqiu/coppelia_control/install/coppelia_control/share/coppelia_control/meshes/Franka_link6_resp_coll_16.dae
[0.569s] -- Up-to-date symlink: /home/rosqiu/coppelia_control/install/coppelia_control/share/coppelia_control/meshes/Franka_link6_resp_coll_2.dae
[0.569s] -- Up-to-date symlink: /home/rosqiu/coppelia_control/install/coppelia_control/share/coppelia_control/meshes/Franka_link6_resp_coll_3.dae
[0.569s] -- Up-to-date symlink: /home/rosqiu/coppelia_control/install/coppelia_control/share/coppelia_control/meshes/Franka_link6_resp_coll_4.dae
[0.569s] -- Up-to-date symlink: /home/rosqiu/coppelia_control/install/coppelia_control/share/coppelia_control/meshes/Franka_link6_resp_coll_5.dae
[0.569s] -- Up-to-date symlink: /home/rosqiu/coppelia_control/install/coppelia_control/share/coppelia_control/meshes/Franka_link6_resp_coll_6.dae
[0.570s] -- Up-to-date symlink: /home/rosqiu/coppelia_control/install/coppelia_control/share/coppelia_control/meshes/Franka_link6_resp_coll_7.dae
[0.570s] -- Up-to-date symlink: /home/rosqiu/coppelia_control/install/coppelia_control/share/coppelia_control/meshes/Franka_link6_resp_coll_8.dae
[0.570s] -- Up-to-date symlink: /home/rosqiu/coppelia_control/install/coppelia_control/share/coppelia_control/meshes/Franka_link6_resp_coll_9.dae
[0.570s] -- Up-to-date symlink: /home/rosqiu/coppelia_control/install/coppelia_control/share/coppelia_control/meshes/Franka_link_0_vis_1.dae
[0.570s] -- Up-to-date symlink: /home/rosqiu/coppelia_control/install/coppelia_control/share/coppelia_control/meshes/Franka_link_1_vis_1.dae
[0.570s] -- Up-to-date symlink: /home/rosqiu/coppelia_control/install/coppelia_control/share/coppelia_control/meshes/Franka_link_2_vis_1.dae
[0.570s] -- Up-to-date symlink: /home/rosqiu/coppelia_control/install/coppelia_control/share/coppelia_control/meshes/Franka_link_3_vis_1.dae
[0.570s] -- Up-to-date symlink: /home/rosqiu/coppelia_control/install/coppelia_control/share/coppelia_control/meshes/Franka_link_3_vis_2.dae
[0.570s] -- Up-to-date symlink: /home/rosqiu/coppelia_control/install/coppelia_control/share/coppelia_control/meshes/Franka_link_4_vis_1.dae
[0.570s] -- Up-to-date symlink: /home/rosqiu/coppelia_control/install/coppelia_control/share/coppelia_control/meshes/Franka_link_4_vis_2.dae
[0.570s] -- Up-to-date symlink: /home/rosqiu/coppelia_control/install/coppelia_control/share/coppelia_control/meshes/Franka_link_5_vis_1.dae
[0.570s] -- Up-to-date symlink: /home/rosqiu/coppelia_control/install/coppelia_control/share/coppelia_control/meshes/Franka_link_5_vis_2.dae
[0.570s] -- Up-to-date symlink: /home/rosqiu/coppelia_control/install/coppelia_control/share/coppelia_control/meshes/Franka_link_6_vis_1.dae
[0.570s] -- Up-to-date symlink: /home/rosqiu/coppelia_control/install/coppelia_control/share/coppelia_control/meshes/Franka_link_6_vis_2.dae
[0.570s] -- Up-to-date symlink: /home/rosqiu/coppelia_control/install/coppelia_control/share/coppelia_control/meshes/Franka_link_7_top_vis_1.dae
[0.570s] -- Up-to-date symlink: /home/rosqiu/coppelia_control/install/coppelia_control/share/coppelia_control/meshes/Franka_rightFinger_coll_1.dae
[0.570s] -- Up-to-date symlink: /home/rosqiu/coppelia_control/install/coppelia_control/share/coppelia_control/meshes/Franka_rightFinger_coll_2.dae
[0.570s] -- Up-to-date symlink: /home/rosqiu/coppelia_control/install/coppelia_control/share/coppelia_control/meshes/Franka_rightFinger_coll_3.dae
[0.570s] -- Up-to-date symlink: /home/rosqiu/coppelia_control/install/coppelia_control/share/coppelia_control/meshes/Franka_rightFinger_coll_4.dae
[0.572s] -- Up-to-date symlink: /home/rosqiu/coppelia_control/install/coppelia_control/share/coppelia_control/meshes/Franka_rightFinger_coll_5.dae
[0.572s] -- Up-to-date symlink: /home/rosqiu/coppelia_control/install/coppelia_control/share/coppelia_control/meshes/Franka_rightFinger_coll_6.dae
[0.572s] -- Up-to-date symlink: /home/rosqiu/coppelia_control/install/coppelia_control/share/coppelia_control/meshes/Franka_rightFinger_coll_7.dae
[0.572s] -- Up-to-date symlink: /home/rosqiu/coppelia_control/install/coppelia_control/share/coppelia_control/meshes/Franka_rightFinger_coll_8.dae
[0.572s] -- Up-to-date symlink: /home/rosqiu/coppelia_control/install/coppelia_control/share/coppelia_control/meshes/Franka_rightFinger_coll_9.dae
[0.572s] -- Up-to-date symlink: /home/rosqiu/coppelia_control/install/coppelia_control/share/coppelia_control/meshes/Franka_rightFinger_visible_vis_1.dae
[0.572s] -- Up-to-date symlink: /home/rosqiu/coppelia_control/install/coppelia_control/share/coppelia_control/meshes/Franka_rightPad_coll_1.dae
[0.572s] -- Up-to-date symlink: /home/rosqiu/coppelia_control/install/coppelia_control/share/coppelia_control/meshes/Franka_rightPad_visible_vis_1.dae
[0.572s] -- Up-to-date symlink: /home/rosqiu/coppelia_control/install/coppelia_control/share/coppelia_control/meshes/Franka_robot_base_coll_1.dae
[0.572s] -- Up-to-date symlink: /home/rosqiu/coppelia_control/install/coppelia_control/share/coppelia_control/meshes/Franka_visible_vis_1.dae
[0.577s] -- Up-to-date symlink: /home/rosqiu/coppelia_control/install/coppelia_control/share/coppelia_control/environment/library_path.sh
[0.578s] -- Up-to-date symlink: /home/rosqiu/coppelia_control/install/coppelia_control/share/coppelia_control/environment/library_path.dsv
[0.580s] -- Up-to-date symlink: /home/rosqiu/coppelia_control/install/coppelia_control/share/ament_index/resource_index/package_run_dependencies/coppelia_control
[0.582s] -- Up-to-date symlink: /home/rosqiu/coppelia_control/install/coppelia_control/share/ament_index/resource_index/parent_prefix_path/coppelia_control
[0.582s] -- Up-to-date symlink: /home/rosqiu/coppelia_control/install/coppelia_control/share/coppelia_control/environment/ament_prefix_path.sh
[0.583s] -- Up-to-date symlink: /home/rosqiu/coppelia_control/install/coppelia_control/share/coppelia_control/environment/ament_prefix_path.dsv
[0.591s] -- Up-to-date symlink: /home/rosqiu/coppelia_control/install/coppelia_control/share/coppelia_control/environment/path.sh
[0.591s] -- Up-to-date symlink: /home/rosqiu/coppelia_control/install/coppelia_control/share/coppelia_control/environment/path.dsv
[0.591s] -- Up-to-date symlink: /home/rosqiu/coppelia_control/install/coppelia_control/share/coppelia_control/local_setup.bash
[0.591s] -- Up-to-date symlink: /home/rosqiu/coppelia_control/install/coppelia_control/share/coppelia_control/local_setup.sh
[0.591s] -- Up-to-date symlink: /home/rosqiu/coppelia_control/install/coppelia_control/share/coppelia_control/local_setup.zsh
[0.592s] -- Up-to-date symlink: /home/rosqiu/coppelia_control/install/coppelia_control/share/coppelia_control/local_setup.dsv
[0.592s] -- Symlinking: /home/rosqiu/coppelia_control/install/coppelia_control/share/coppelia_control/package.dsv
[0.623s] -- Up-to-date symlink: /home/rosqiu/coppelia_control/install/coppelia_control/share/ament_index/resource_index/packages/coppelia_control
[0.623s] -- Up-to-date symlink: /home/rosqiu/coppelia_control/install/coppelia_control/share/coppelia_control/cmake/ament_cmake_export_include_directories-extras.cmake
[0.625s] -- Up-to-date symlink: /home/rosqiu/coppelia_control/install/coppelia_control/share/coppelia_control/cmake/ament_cmake_export_libraries-extras.cmake
[0.626s] -- Up-to-date symlink: /home/rosqiu/coppelia_control/install/coppelia_control/share/coppelia_control/cmake/ament_cmake_export_dependencies-extras.cmake
[0.632s] -- Up-to-date symlink: /home/rosqiu/coppelia_control/install/coppelia_control/share/coppelia_control/cmake/coppelia_controlConfig.cmake
[0.634s] -- Up-to-date symlink: /home/rosqiu/coppelia_control/install/coppelia_control/share/coppelia_control/cmake/coppelia_controlConfig-version.cmake
[0.635s] -- Up-to-date symlink: /home/rosqiu/coppelia_control/install/coppelia_control/share/coppelia_control/package.xml
[0.640s] Invoked command in '/home/rosqiu/coppelia_control/build/coppelia_control' returned '0': CMAKE_PREFIX_PATH=${CMAKE_PREFIX_PATH}:/opt/ros/humble /usr/bin/cmake --install /home/rosqiu/coppelia_control/build/coppelia_control
