[35m[1mConsolidate compiler generated dependencies of target coppelia_control[0m
[ 25%] [32mBuilding CXX object CMakeFiles/coppelia_control.dir/src/PlanningInterface.cpp.o[0m
[ 50%] [32mBuilding CXX object CMakeFiles/coppelia_control.dir/src/ManipulationInterface.cpp.o[0m
[ 75%] [32mBuilding CXX object CMakeFiles/coppelia_control.dir/src/VisionInterface.cpp.o[0m
In file included from [01m[K/home/rosqiu/coppelia_control/src/coppelia_control/src/PlanningInterface.cpp:1[m[K:
[01m[K/home/rosqiu/coppelia_control/src/coppelia_control/include/coppelia_control/PlanningInterface.hpp:3:9:[m[K [01;31m[Kfatal error: [m[Kmoveit/moveit_group_interface/move_group_interface.h: 没有那个文件或目录
    3 | #include[01;31m[K<moveit/moveit_group_interface/move_group_interface.h>[m[K
      |         [01;31m[K^~~~~~~~~~~~~~~~~~~~~~~~~~~~~~~~~~~~~~~~~~~~~~~~~~~~~~[m[K
compilation terminated.
gmake[2]: *** [CMakeFiles/coppelia_control.dir/build.make:76：CMakeFiles/coppelia_control.dir/src/PlanningInterface.cpp.o] 错误 1
gmake[2]: *** 正在等待未完成的任务....
[01m[K/home/rosqiu/coppelia_control/src/coppelia_control/src/ManipulationInterface.cpp:35:6:[m[K [01;31m[Kerror: [m[Kno declaration matches ‘[01m[Kbool coppelia_control::ManipulationInterface::execute_smooth_interpolation(const RobotTrajectory&)[m[K’
   35 | bool [01;31m[KManipulationInterface[m[K::execute_smooth_interpolation(const moveit_msgs::msg::RobotTrajectory& trajectory)
      |      [01;31m[K^~~~~~~~~~~~~~~~~~~~~[m[K
[01m[K/home/rosqiu/coppelia_control/src/coppelia_control/src/ManipulationInterface.cpp:35:6:[m[K [01;36m[Knote: [m[Kno functions named ‘[01m[Kbool coppelia_control::ManipulationInterface::execute_smooth_interpolation(const RobotTrajectory&)[m[K’
In file included from [01m[K/home/rosqiu/coppelia_control/src/coppelia_control/src/ManipulationInterface.cpp:1[m[K:
[01m[K/home/rosqiu/coppelia_control/src/coppelia_control/include/coppelia_control/ManipulationInterface.hpp:11:7:[m[K [01;36m[Knote: [m[K‘[01m[Kclass coppelia_control::ManipulationInterface[m[K’ defined here
   11 | class [01;36m[KManipulationInterface[m[K
      |       [01;36m[K^~~~~~~~~~~~~~~~~~~~~[m[K
[01m[K/home/rosqiu/coppelia_control/src/coppelia_control/src/ManipulationInterface.cpp:94:6:[m[K [01;31m[Kerror: [m[Kno declaration matches ‘[01m[Kvoid coppelia_control::ManipulationInterface::closeGripper()[m[K’
   94 | void [01;31m[KManipulationInterface[m[K::closeGripper()
      |      [01;31m[K^~~~~~~~~~~~~~~~~~~~~[m[K
In file included from [01m[K/home/rosqiu/coppelia_control/src/coppelia_control/src/ManipulationInterface.cpp:1[m[K:
[01m[K/home/rosqiu/coppelia_control/src/coppelia_control/include/coppelia_control/ManipulationInterface.hpp:17:10:[m[K [01;36m[Knote: [m[Kcandidate is: ‘[01m[Kbool coppelia_control::ManipulationInterface::closeGripper()[m[K’
   17 |     bool [01;36m[KcloseGripper[m[K();
      |          [01;36m[K^~~~~~~~~~~~[m[K
[01m[K/home/rosqiu/coppelia_control/src/coppelia_control/include/coppelia_control/ManipulationInterface.hpp:11:7:[m[K [01;36m[Knote: [m[K‘[01m[Kclass coppelia_control::ManipulationInterface[m[K’ defined here
   11 | class [01;36m[KManipulationInterface[m[K
      |       [01;36m[K^~~~~~~~~~~~~~~~~~~~~[m[K
[01m[K/home/rosqiu/coppelia_control/src/coppelia_control/src/ManipulationInterface.cpp:106:6:[m[K [01;31m[Kerror: [m[Kno declaration matches ‘[01m[Kvoid coppelia_control::ManipulationInterface::openGripper()[m[K’
  106 | void [01;31m[KManipulationInterface[m[K::openGripper()
      |      [01;31m[K^~~~~~~~~~~~~~~~~~~~~[m[K
In file included from [01m[K/home/rosqiu/coppelia_control/src/coppelia_control/src/ManipulationInterface.cpp:1[m[K:
[01m[K/home/rosqiu/coppelia_control/src/coppelia_control/include/coppelia_control/ManipulationInterface.hpp:16:10:[m[K [01;36m[Knote: [m[Kcandidate is: ‘[01m[Kbool coppelia_control::ManipulationInterface::openGripper()[m[K’
   16 |     bool [01;36m[KopenGripper[m[K();
      |          [01;36m[K^~~~~~~~~~~[m[K
[01m[K/home/rosqiu/coppelia_control/src/coppelia_control/include/coppelia_control/ManipulationInterface.hpp:11:7:[m[K [01;36m[Knote: [m[K‘[01m[Kclass coppelia_control::ManipulationInterface[m[K’ defined here
   11 | class [01;36m[KManipulationInterface[m[K
      |       [01;36m[K^~~~~~~~~~~~~~~~~~~~~[m[K
gmake[2]: *** [CMakeFiles/coppelia_control.dir/build.make:90：CMakeFiles/coppelia_control.dir/src/ManipulationInterface.cpp.o] 错误 1
gmake[1]: *** [CMakeFiles/Makefile2:137：CMakeFiles/coppelia_control.dir/all] 错误 2
gmake: *** [Makefile:146：all] 错误 2
