[0.036s] Invoking command in '/home/rosqiu/coppelia_control/build/coppelia_control': CMAKE_PREFIX_PATH=${CMAKE_PREFIX_PATH}:/home/rosqiu/demo01/install/learning_urdf:/home/rosqiu/demo01/install/learning_topic:/home/rosqiu/demo01/install/learning_tf:/home/rosqiu/demo01/install/learning_service:/home/rosqiu/demo01/install/learning_qos:/home/rosqiu/demo01/install/learning_pkg_python:/home/rosqiu/demo01/install/learning_parameter:/home/rosqiu/demo01/install/learning_node:/home/rosqiu/demo01/install/learning_launch:/home/rosqiu/demo01/install/learning_action:/home/rosqiu/demo01/install/learning_gazebo_harmonic:/home/rosqiu/demo01/install/learning_gazebo:/home/rosqiu/demo01/install/learning_cv:/opt/ros/humble /usr/bin/cmake --build /home/rosqiu/coppelia_control/build/coppelia_control -- -j3 -l3
[0.152s] [35m[1mConsolidate compiler generated dependencies of target coppelia_control[0m
[0.205s] [ 25%] [32mBuilding CXX object CMakeFiles/coppelia_control.dir/src/PlanningInterface.cpp.o[0m
[0.217s] [ 50%] [32mBuilding CXX object CMakeFiles/coppelia_control.dir/src/ManipulationInterface.cpp.o[0m
[0.241s] [ 75%] [32mBuilding CXX object CMakeFiles/coppelia_control.dir/src/VisionInterface.cpp.o[0m
[0.616s] In file included from [01m[K/home/rosqiu/coppelia_control/src/coppelia_control/src/PlanningInterface.cpp:1[m[K:
[0.616s] [01m[K/home/rosqiu/coppelia_control/src/coppelia_control/include/coppelia_control/PlanningInterface.hpp:3:9:[m[K [01;31m[Kfatal error: [m[Kmoveit/moveit_group_interface/move_group_interface.h: 没有那个文件或目录
[0.617s]     3 | #include[01;31m[K<moveit/moveit_group_interface/move_group_interface.h>[m[K
[0.617s]       |         [01;31m[K^~~~~~~~~~~~~~~~~~~~~~~~~~~~~~~~~~~~~~~~~~~~~~~~~~~~~~[m[K
[0.617s] compilation terminated.
[0.673s] gmake[2]: *** [CMakeFiles/coppelia_control.dir/build.make:76：CMakeFiles/coppelia_control.dir/src/PlanningInterface.cpp.o] 错误 1
[0.673s] gmake[2]: *** 正在等待未完成的任务....
[3.626s] [01m[K/home/rosqiu/coppelia_control/src/coppelia_control/src/ManipulationInterface.cpp:35:6:[m[K [01;31m[Kerror: [m[Kno declaration matches ‘[01m[Kbool coppelia_control::ManipulationInterface::execute_smooth_interpolation(const RobotTrajectory&)[m[K’
[3.628s]    35 | bool [01;31m[KManipulationInterface[m[K::execute_smooth_interpolation(const moveit_msgs::msg::RobotTrajectory& trajectory)
[3.629s]       |      [01;31m[K^~~~~~~~~~~~~~~~~~~~~[m[K
[3.629s] [01m[K/home/rosqiu/coppelia_control/src/coppelia_control/src/ManipulationInterface.cpp:35:6:[m[K [01;36m[Knote: [m[Kno functions named ‘[01m[Kbool coppelia_control::ManipulationInterface::execute_smooth_interpolation(const RobotTrajectory&)[m[K’
[3.629s] In file included from [01m[K/home/rosqiu/coppelia_control/src/coppelia_control/src/ManipulationInterface.cpp:1[m[K:
[3.630s] [01m[K/home/rosqiu/coppelia_control/src/coppelia_control/include/coppelia_control/ManipulationInterface.hpp:11:7:[m[K [01;36m[Knote: [m[K‘[01m[Kclass coppelia_control::ManipulationInterface[m[K’ defined here
[3.631s]    11 | class [01;36m[KManipulationInterface[m[K
[3.631s]       |       [01;36m[K^~~~~~~~~~~~~~~~~~~~~[m[K
[3.635s] [01m[K/home/rosqiu/coppelia_control/src/coppelia_control/src/ManipulationInterface.cpp:94:6:[m[K [01;31m[Kerror: [m[Kno declaration matches ‘[01m[Kvoid coppelia_control::ManipulationInterface::closeGripper()[m[K’
[3.635s]    94 | void [01;31m[KManipulationInterface[m[K::closeGripper()
[3.636s]       |      [01;31m[K^~~~~~~~~~~~~~~~~~~~~[m[K
[3.636s] In file included from [01m[K/home/rosqiu/coppelia_control/src/coppelia_control/src/ManipulationInterface.cpp:1[m[K:
[3.637s] [01m[K/home/rosqiu/coppelia_control/src/coppelia_control/include/coppelia_control/ManipulationInterface.hpp:17:10:[m[K [01;36m[Knote: [m[Kcandidate is: ‘[01m[Kbool coppelia_control::ManipulationInterface::closeGripper()[m[K’
[3.637s]    17 |     bool [01;36m[KcloseGripper[m[K();
[3.638s]       |          [01;36m[K^~~~~~~~~~~~[m[K
[3.639s] [01m[K/home/rosqiu/coppelia_control/src/coppelia_control/include/coppelia_control/ManipulationInterface.hpp:11:7:[m[K [01;36m[Knote: [m[K‘[01m[Kclass coppelia_control::ManipulationInterface[m[K’ defined here
[3.639s]    11 | class [01;36m[KManipulationInterface[m[K
[3.639s]       |       [01;36m[K^~~~~~~~~~~~~~~~~~~~~[m[K
[3.639s] [01m[K/home/rosqiu/coppelia_control/src/coppelia_control/src/ManipulationInterface.cpp:106:6:[m[K [01;31m[Kerror: [m[Kno declaration matches ‘[01m[Kvoid coppelia_control::ManipulationInterface::openGripper()[m[K’
[3.639s]   106 | void [01;31m[KManipulationInterface[m[K::openGripper()
[3.639s]       |      [01;31m[K^~~~~~~~~~~~~~~~~~~~~[m[K
[3.654s] In file included from [01m[K/home/rosqiu/coppelia_control/src/coppelia_control/src/ManipulationInterface.cpp:1[m[K:
[3.654s] [01m[K/home/rosqiu/coppelia_control/src/coppelia_control/include/coppelia_control/ManipulationInterface.hpp:16:10:[m[K [01;36m[Knote: [m[Kcandidate is: ‘[01m[Kbool coppelia_control::ManipulationInterface::openGripper()[m[K’
[3.654s]    16 |     bool [01;36m[KopenGripper[m[K();
[3.654s]       |          [01;36m[K^~~~~~~~~~~[m[K
[3.654s] [01m[K/home/rosqiu/coppelia_control/src/coppelia_control/include/coppelia_control/ManipulationInterface.hpp:11:7:[m[K [01;36m[Knote: [m[K‘[01m[Kclass coppelia_control::ManipulationInterface[m[K’ defined here
[3.655s]    11 | class [01;36m[KManipulationInterface[m[K
[3.655s]       |       [01;36m[K^~~~~~~~~~~~~~~~~~~~~[m[K
[5.008s] gmake[2]: *** [CMakeFiles/coppelia_control.dir/build.make:90：CMakeFiles/coppelia_control.dir/src/ManipulationInterface.cpp.o] 错误 1
[10.923s] gmake[1]: *** [CMakeFiles/Makefile2:137：CMakeFiles/coppelia_control.dir/all] 错误 2
[10.925s] gmake: *** [Makefile:146：all] 错误 2
[10.934s] Invoked command in '/home/rosqiu/coppelia_control/build/coppelia_control' returned '2': CMAKE_PREFIX_PATH=${CMAKE_PREFIX_PATH}:/home/rosqiu/demo01/install/learning_urdf:/home/rosqiu/demo01/install/learning_topic:/home/rosqiu/demo01/install/learning_tf:/home/rosqiu/demo01/install/learning_service:/home/rosqiu/demo01/install/learning_qos:/home/rosqiu/demo01/install/learning_pkg_python:/home/rosqiu/demo01/install/learning_parameter:/home/rosqiu/demo01/install/learning_node:/home/rosqiu/demo01/install/learning_launch:/home/rosqiu/demo01/install/learning_action:/home/rosqiu/demo01/install/learning_gazebo_harmonic:/home/rosqiu/demo01/install/learning_gazebo:/home/rosqiu/demo01/install/learning_cv:/opt/ros/humble /usr/bin/cmake --build /home/rosqiu/coppelia_control/build/coppelia_control -- -j3 -l3
