[0.135s] DEBUG:colcon:Command line arguments: ['/usr/bin/colcon', 'build', '--packages-select', 'coppelia_control']
[0.135s] DEBUG:colcon:Parsed command line arguments: Namespace(log_base=None, log_level=None, verb_name='build', build_base='build', install_base='install', merge_install=False, symlink_install=False, test_result_base=None, continue_on_error=False, executor='parallel', parallel_workers=3, event_handlers=None, ignore_user_meta=False, metas=['./colcon.meta'], base_paths=['.'], packages_ignore=None, packages_ignore_regex=None, paths=None, packages_up_to=None, packages_up_to_regex=None, packages_above=None, packages_above_and_dependencies=None, packages_above_depth=None, packages_select_by_dep=None, packages_skip_by_dep=None, packages_skip_up_to=None, packages_select_build_failed=False, packages_skip_build_finished=False, packages_select_test_failures=False, packages_skip_test_passed=False, packages_select=['coppelia_control'], packages_skip=None, packages_select_regex=None, packages_skip_regex=None, packages_start=None, packages_end=None, allow_overriding=[], cmake_args=None, cmake_target=None, cmake_target_skip_unavailable=False, cmake_clean_cache=False, cmake_clean_first=False, cmake_force_configure=False, ament_cmake_args=None, catkin_cmake_args=None, catkin_skip_building_tests=False, mixin_files=None, mixin=None, verb_parser=<colcon_mixin.mixin.mixin_argument.MixinArgumentDecorator object at 0x7ab35df5e950>, verb_extension=<colcon_core.verb.build.BuildVerb object at 0x7ab35df5e4a0>, main=<bound method BuildVerb.main of <colcon_core.verb.build.BuildVerb object at 0x7ab35df5e4a0>>, mixin_verb=('build',))
[0.367s] Level 1:colcon.colcon_core.package_discovery:discover_packages(colcon_meta) check parameters
[0.368s] Level 1:colcon.colcon_core.package_discovery:discover_packages(recursive) check parameters
[0.368s] Level 1:colcon.colcon_core.package_discovery:discover_packages(ignore) check parameters
[0.368s] Level 1:colcon.colcon_core.package_discovery:discover_packages(path) check parameters
[0.368s] Level 1:colcon.colcon_core.package_discovery:discover_packages(colcon_meta) discover
[0.368s] Level 1:colcon.colcon_core.package_discovery:discover_packages(recursive) discover
[0.369s] INFO:colcon.colcon_core.package_discovery:Crawling recursively for packages in '/home/rosqiu/coppelia_control'
[0.369s] Level 1:colcon.colcon_core.package_identification:_identify(.) by extensions ['ignore', 'ignore_ament_install']
[0.369s] Level 1:colcon.colcon_core.package_identification:_identify(.) by extension 'ignore'
[0.369s] Level 1:colcon.colcon_core.package_identification:_identify(.) by extension 'ignore_ament_install'
[0.369s] Level 1:colcon.colcon_core.package_identification:_identify(.) by extensions ['colcon_pkg']
[0.370s] Level 1:colcon.colcon_core.package_identification:_identify(.) by extension 'colcon_pkg'
[0.370s] Level 1:colcon.colcon_core.package_identification:_identify(.) by extensions ['colcon_meta']
[0.370s] Level 1:colcon.colcon_core.package_identification:_identify(.) by extension 'colcon_meta'
[0.370s] Level 1:colcon.colcon_core.package_identification:_identify(.) by extensions ['ros']
[0.370s] Level 1:colcon.colcon_core.package_identification:_identify(.) by extension 'ros'
[0.395s] Level 1:colcon.colcon_core.package_identification:_identify(.) by extensions ['cmake', 'python']
[0.395s] Level 1:colcon.colcon_core.package_identification:_identify(.) by extension 'cmake'
[0.395s] Level 1:colcon.colcon_core.package_identification:_identify(.) by extension 'python'
[0.395s] Level 1:colcon.colcon_core.package_identification:_identify(.) by extensions ['python_setup_py']
[0.395s] Level 1:colcon.colcon_core.package_identification:_identify(.) by extension 'python_setup_py'
[0.395s] Level 1:colcon.colcon_core.package_identification:_identify(build) by extensions ['ignore', 'ignore_ament_install']
[0.395s] Level 1:colcon.colcon_core.package_identification:_identify(build) by extension 'ignore'
[0.395s] Level 1:colcon.colcon_core.package_identification:_identify(build) ignored
[0.395s] Level 1:colcon.colcon_core.package_identification:_identify(install) by extensions ['ignore', 'ignore_ament_install']
[0.395s] Level 1:colcon.colcon_core.package_identification:_identify(install) by extension 'ignore'
[0.395s] Level 1:colcon.colcon_core.package_identification:_identify(install) ignored
[0.395s] Level 1:colcon.colcon_core.package_identification:_identify(log) by extensions ['ignore', 'ignore_ament_install']
[0.396s] Level 1:colcon.colcon_core.package_identification:_identify(log) by extension 'ignore'
[0.396s] Level 1:colcon.colcon_core.package_identification:_identify(log) ignored
[0.396s] Level 1:colcon.colcon_core.package_identification:_identify(src) by extensions ['ignore', 'ignore_ament_install']
[0.396s] Level 1:colcon.colcon_core.package_identification:_identify(src) by extension 'ignore'
[0.396s] Level 1:colcon.colcon_core.package_identification:_identify(src) by extension 'ignore_ament_install'
[0.396s] Level 1:colcon.colcon_core.package_identification:_identify(src) by extensions ['colcon_pkg']
[0.396s] Level 1:colcon.colcon_core.package_identification:_identify(src) by extension 'colcon_pkg'
[0.396s] Level 1:colcon.colcon_core.package_identification:_identify(src) by extensions ['colcon_meta']
[0.396s] Level 1:colcon.colcon_core.package_identification:_identify(src) by extension 'colcon_meta'
[0.396s] Level 1:colcon.colcon_core.package_identification:_identify(src) by extensions ['ros']
[0.396s] Level 1:colcon.colcon_core.package_identification:_identify(src) by extension 'ros'
[0.396s] Level 1:colcon.colcon_core.package_identification:_identify(src) by extensions ['cmake', 'python']
[0.396s] Level 1:colcon.colcon_core.package_identification:_identify(src) by extension 'cmake'
[0.397s] Level 1:colcon.colcon_core.package_identification:_identify(src) by extension 'python'
[0.397s] Level 1:colcon.colcon_core.package_identification:_identify(src) by extensions ['python_setup_py']
[0.397s] Level 1:colcon.colcon_core.package_identification:_identify(src) by extension 'python_setup_py'
[0.397s] Level 1:colcon.colcon_core.package_identification:_identify(src/coppelia_control) by extensions ['ignore', 'ignore_ament_install']
[0.397s] Level 1:colcon.colcon_core.package_identification:_identify(src/coppelia_control) by extension 'ignore'
[0.397s] Level 1:colcon.colcon_core.package_identification:_identify(src/coppelia_control) by extension 'ignore_ament_install'
[0.397s] Level 1:colcon.colcon_core.package_identification:_identify(src/coppelia_control) by extensions ['colcon_pkg']
[0.397s] Level 1:colcon.colcon_core.package_identification:_identify(src/coppelia_control) by extension 'colcon_pkg'
[0.397s] Level 1:colcon.colcon_core.package_identification:_identify(src/coppelia_control) by extensions ['colcon_meta']
[0.397s] Level 1:colcon.colcon_core.package_identification:_identify(src/coppelia_control) by extension 'colcon_meta'
[0.397s] Level 1:colcon.colcon_core.package_identification:_identify(src/coppelia_control) by extensions ['ros']
[0.397s] Level 1:colcon.colcon_core.package_identification:_identify(src/coppelia_control) by extension 'ros'
[0.402s] DEBUG:colcon.colcon_core.package_identification:Package 'src/coppelia_control' with type 'ros.ament_cmake' and name 'coppelia_control'
[0.402s] Level 1:colcon.colcon_core.package_identification:_identify(src/franka_moveit_config) by extensions ['ignore', 'ignore_ament_install']
[0.402s] Level 1:colcon.colcon_core.package_identification:_identify(src/franka_moveit_config) by extension 'ignore'
[0.402s] Level 1:colcon.colcon_core.package_identification:_identify(src/franka_moveit_config) by extension 'ignore_ament_install'
[0.403s] Level 1:colcon.colcon_core.package_identification:_identify(src/franka_moveit_config) by extensions ['colcon_pkg']
[0.403s] Level 1:colcon.colcon_core.package_identification:_identify(src/franka_moveit_config) by extension 'colcon_pkg'
[0.403s] Level 1:colcon.colcon_core.package_identification:_identify(src/franka_moveit_config) by extensions ['colcon_meta']
[0.403s] Level 1:colcon.colcon_core.package_identification:_identify(src/franka_moveit_config) by extension 'colcon_meta'
[0.403s] Level 1:colcon.colcon_core.package_identification:_identify(src/franka_moveit_config) by extensions ['ros']
[0.403s] Level 1:colcon.colcon_core.package_identification:_identify(src/franka_moveit_config) by extension 'ros'
[0.407s] DEBUG:colcon.colcon_core.package_identification:Package 'src/franka_moveit_config' with type 'ros.ament_cmake' and name 'franka_moveit_config'
[0.408s] Level 1:colcon.colcon_core.package_discovery:discover_packages(recursive) using defaults
[0.408s] Level 1:colcon.colcon_core.package_discovery:discover_packages(ignore) discover
[0.408s] Level 1:colcon.colcon_core.package_discovery:discover_packages(ignore) using defaults
[0.409s] Level 1:colcon.colcon_core.package_discovery:discover_packages(path) discover
[0.409s] Level 1:colcon.colcon_core.package_discovery:discover_packages(path) using defaults
[0.465s] INFO:colcon.colcon_core.package_selection:Skipping not selected package 'franka_moveit_config' in 'src/franka_moveit_config'
[0.466s] Level 1:colcon.colcon_core.package_discovery:discover_packages(prefix_path) check parameters
[0.466s] Level 1:colcon.colcon_core.package_discovery:discover_packages(prefix_path) discover
[0.468s] WARNING:colcon.colcon_ros.prefix_path.ament:The path '/home/rosqiu/coppelia_control/install/franka_moveit_config' in the environment variable AMENT_PREFIX_PATH doesn't exist
[0.469s] WARNING:colcon.colcon_ros.prefix_path.catkin:The path '/home/rosqiu/coppelia_control/install/franka_moveit_config' in the environment variable CMAKE_PREFIX_PATH doesn't exist
[0.471s] DEBUG:colcon.colcon_installed_package_information.package_discovery:Found 1 installed packages in /home/rosqiu/coppelia_control/install
[0.473s] DEBUG:colcon.colcon_installed_package_information.package_discovery:Found 433 installed packages in /opt/ros/humble
[0.477s] Level 1:colcon.colcon_core.package_discovery:discover_packages(prefix_path) using defaults
[0.558s] Level 5:colcon.colcon_core.verb:set package 'coppelia_control' build argument 'cmake_args' from command line to 'None'
[0.559s] Level 5:colcon.colcon_core.verb:set package 'coppelia_control' build argument 'cmake_target' from command line to 'None'
[0.559s] Level 5:colcon.colcon_core.verb:set package 'coppelia_control' build argument 'cmake_target_skip_unavailable' from command line to 'False'
[0.559s] Level 5:colcon.colcon_core.verb:set package 'coppelia_control' build argument 'cmake_clean_cache' from command line to 'False'
[0.559s] Level 5:colcon.colcon_core.verb:set package 'coppelia_control' build argument 'cmake_clean_first' from command line to 'False'
[0.559s] Level 5:colcon.colcon_core.verb:set package 'coppelia_control' build argument 'cmake_force_configure' from command line to 'False'
[0.559s] Level 5:colcon.colcon_core.verb:set package 'coppelia_control' build argument 'ament_cmake_args' from command line to 'None'
[0.559s] Level 5:colcon.colcon_core.verb:set package 'coppelia_control' build argument 'catkin_cmake_args' from command line to 'None'
[0.559s] Level 5:colcon.colcon_core.verb:set package 'coppelia_control' build argument 'catkin_skip_building_tests' from command line to 'False'
[0.559s] DEBUG:colcon.colcon_core.verb:Building package 'coppelia_control' with the following arguments: {'ament_cmake_args': None, 'build_base': '/home/rosqiu/coppelia_control/build/coppelia_control', 'catkin_cmake_args': None, 'catkin_skip_building_tests': False, 'cmake_args': None, 'cmake_clean_cache': False, 'cmake_clean_first': False, 'cmake_force_configure': False, 'cmake_target': None, 'cmake_target_skip_unavailable': False, 'install_base': '/home/rosqiu/coppelia_control/install/coppelia_control', 'merge_install': False, 'path': '/home/rosqiu/coppelia_control/src/coppelia_control', 'symlink_install': False, 'test_result_base': None}
[0.559s] INFO:colcon.colcon_core.executor:Executing jobs using 'parallel' executor
[0.565s] DEBUG:colcon.colcon_parallel_executor.executor.parallel:run_until_complete
[0.566s] INFO:colcon.colcon_ros.task.ament_cmake.build:Building ROS package in '/home/rosqiu/coppelia_control/src/coppelia_control' with build type 'ament_cmake'
[0.568s] INFO:colcon.colcon_cmake.task.cmake.build:Building CMake package in '/home/rosqiu/coppelia_control/src/coppelia_control'
[0.575s] INFO:colcon.colcon_core.plugin_system:Skipping extension 'colcon_core.shell.bat': Not used on non-Windows systems
[0.575s] INFO:colcon.colcon_core.shell:Skip shell extension 'powershell' for command environment: Not usable outside of PowerShell
[0.575s] DEBUG:colcon.colcon_core.shell:Skip shell extension 'dsv' for command environment
[0.615s] DEBUG:colcon.colcon_core.event_handler.log_command:Invoking command in '/home/rosqiu/coppelia_control/build/coppelia_control': CMAKE_PREFIX_PATH=${CMAKE_PREFIX_PATH}:/opt/ros/humble /usr/bin/cmake --build /home/rosqiu/coppelia_control/build/coppelia_control -- -j3 -l3
[14.150s] DEBUG:colcon.colcon_core.event_handler.log_command:Invoked command in '/home/rosqiu/coppelia_control/build/coppelia_control' returned '0': CMAKE_PREFIX_PATH=${CMAKE_PREFIX_PATH}:/opt/ros/humble /usr/bin/cmake --build /home/rosqiu/coppelia_control/build/coppelia_control -- -j3 -l3
[14.184s] DEBUG:colcon.colcon_core.event_handler.log_command:Invoking command in '/home/rosqiu/coppelia_control/build/coppelia_control': CMAKE_PREFIX_PATH=${CMAKE_PREFIX_PATH}:/opt/ros/humble /usr/bin/cmake --install /home/rosqiu/coppelia_control/build/coppelia_control
[14.249s] Level 1:colcon.colcon_core.environment:create_environment_scripts_only(coppelia_control)
[14.250s] DEBUG:colcon.colcon_core.event_handler.log_command:Invoked command in '/home/rosqiu/coppelia_control/build/coppelia_control' returned '0': CMAKE_PREFIX_PATH=${CMAKE_PREFIX_PATH}:/opt/ros/humble /usr/bin/cmake --install /home/rosqiu/coppelia_control/build/coppelia_control
[14.259s] Level 1:colcon.colcon_core.environment:checking '/home/rosqiu/coppelia_control/install/coppelia_control' for CMake module files
[14.262s] Level 1:colcon.colcon_core.environment:checking '/home/rosqiu/coppelia_control/install/coppelia_control' for CMake config files
[14.262s] Level 1:colcon.colcon_core.shell:create_environment_hook('coppelia_control', 'cmake_prefix_path')
[14.263s] INFO:colcon.colcon_core.shell:Creating environment hook '/home/rosqiu/coppelia_control/install/coppelia_control/share/coppelia_control/hook/cmake_prefix_path.ps1'
[14.267s] INFO:colcon.colcon_core.shell:Creating environment descriptor '/home/rosqiu/coppelia_control/install/coppelia_control/share/coppelia_control/hook/cmake_prefix_path.dsv'
[14.271s] INFO:colcon.colcon_core.shell:Creating environment hook '/home/rosqiu/coppelia_control/install/coppelia_control/share/coppelia_control/hook/cmake_prefix_path.sh'
[14.276s] Level 1:colcon.colcon_core.environment:checking '/home/rosqiu/coppelia_control/install/coppelia_control/lib'
[14.276s] Level 1:colcon.colcon_core.shell:create_environment_hook('coppelia_control', 'ld_library_path_lib')
[14.277s] INFO:colcon.colcon_core.shell:Creating environment hook '/home/rosqiu/coppelia_control/install/coppelia_control/share/coppelia_control/hook/ld_library_path_lib.ps1'
[14.280s] INFO:colcon.colcon_core.shell:Creating environment descriptor '/home/rosqiu/coppelia_control/install/coppelia_control/share/coppelia_control/hook/ld_library_path_lib.dsv'
[14.282s] INFO:colcon.colcon_core.shell:Creating environment hook '/home/rosqiu/coppelia_control/install/coppelia_control/share/coppelia_control/hook/ld_library_path_lib.sh'
[14.286s] Level 1:colcon.colcon_core.environment:checking '/home/rosqiu/coppelia_control/install/coppelia_control/bin'
[14.287s] Level 1:colcon.colcon_core.environment:checking '/home/rosqiu/coppelia_control/install/coppelia_control/lib/pkgconfig/coppelia_control.pc'
[14.287s] Level 1:colcon.colcon_core.environment:checking '/home/rosqiu/coppelia_control/install/coppelia_control/lib/python3.10/site-packages'
[14.287s] Level 1:colcon.colcon_core.environment:checking '/home/rosqiu/coppelia_control/install/coppelia_control/bin'
[14.288s] INFO:colcon.colcon_core.shell:Creating package script '/home/rosqiu/coppelia_control/install/coppelia_control/share/coppelia_control/package.ps1'
[14.290s] INFO:colcon.colcon_core.shell:Creating package descriptor '/home/rosqiu/coppelia_control/install/coppelia_control/share/coppelia_control/package.dsv'
[14.292s] INFO:colcon.colcon_core.shell:Creating package script '/home/rosqiu/coppelia_control/install/coppelia_control/share/coppelia_control/package.sh'
[14.296s] INFO:colcon.colcon_core.shell:Creating package script '/home/rosqiu/coppelia_control/install/coppelia_control/share/coppelia_control/package.bash'
[14.303s] INFO:colcon.colcon_core.shell:Creating package script '/home/rosqiu/coppelia_control/install/coppelia_control/share/coppelia_control/package.zsh'
[14.307s] Level 1:colcon.colcon_core.environment:create_file_with_runtime_dependencies(/home/rosqiu/coppelia_control/install/coppelia_control/share/colcon-core/packages/coppelia_control)
[14.310s] Level 1:colcon.colcon_core.environment:create_environment_scripts_only(coppelia_control)
[14.311s] Level 1:colcon.colcon_core.environment:checking '/home/rosqiu/coppelia_control/install/coppelia_control' for CMake module files
[14.313s] Level 1:colcon.colcon_core.environment:checking '/home/rosqiu/coppelia_control/install/coppelia_control' for CMake config files
[14.313s] Level 1:colcon.colcon_core.shell:create_environment_hook('coppelia_control', 'cmake_prefix_path')
[14.314s] INFO:colcon.colcon_core.shell:Creating environment hook '/home/rosqiu/coppelia_control/install/coppelia_control/share/coppelia_control/hook/cmake_prefix_path.ps1'
[14.319s] INFO:colcon.colcon_core.shell:Creating environment descriptor '/home/rosqiu/coppelia_control/install/coppelia_control/share/coppelia_control/hook/cmake_prefix_path.dsv'
[14.321s] INFO:colcon.colcon_core.shell:Creating environment hook '/home/rosqiu/coppelia_control/install/coppelia_control/share/coppelia_control/hook/cmake_prefix_path.sh'
[14.324s] Level 1:colcon.colcon_core.environment:checking '/home/rosqiu/coppelia_control/install/coppelia_control/lib'
[14.325s] Level 1:colcon.colcon_core.shell:create_environment_hook('coppelia_control', 'ld_library_path_lib')
[14.325s] INFO:colcon.colcon_core.shell:Creating environment hook '/home/rosqiu/coppelia_control/install/coppelia_control/share/coppelia_control/hook/ld_library_path_lib.ps1'
[14.330s] INFO:colcon.colcon_core.shell:Creating environment descriptor '/home/rosqiu/coppelia_control/install/coppelia_control/share/coppelia_control/hook/ld_library_path_lib.dsv'
[14.332s] INFO:colcon.colcon_core.shell:Creating environment hook '/home/rosqiu/coppelia_control/install/coppelia_control/share/coppelia_control/hook/ld_library_path_lib.sh'
[14.335s] Level 1:colcon.colcon_core.environment:checking '/home/rosqiu/coppelia_control/install/coppelia_control/bin'
[14.336s] Level 1:colcon.colcon_core.environment:checking '/home/rosqiu/coppelia_control/install/coppelia_control/lib/pkgconfig/coppelia_control.pc'
[14.336s] Level 1:colcon.colcon_core.environment:checking '/home/rosqiu/coppelia_control/install/coppelia_control/lib/python3.10/site-packages'
[14.336s] Level 1:colcon.colcon_core.environment:checking '/home/rosqiu/coppelia_control/install/coppelia_control/bin'
[14.336s] INFO:colcon.colcon_core.shell:Creating package script '/home/rosqiu/coppelia_control/install/coppelia_control/share/coppelia_control/package.ps1'
[14.338s] INFO:colcon.colcon_core.shell:Creating package descriptor '/home/rosqiu/coppelia_control/install/coppelia_control/share/coppelia_control/package.dsv'
[14.340s] INFO:colcon.colcon_core.shell:Creating package script '/home/rosqiu/coppelia_control/install/coppelia_control/share/coppelia_control/package.sh'
[14.344s] INFO:colcon.colcon_core.shell:Creating package script '/home/rosqiu/coppelia_control/install/coppelia_control/share/coppelia_control/package.bash'
[14.347s] INFO:colcon.colcon_core.shell:Creating package script '/home/rosqiu/coppelia_control/install/coppelia_control/share/coppelia_control/package.zsh'
[14.348s] Level 1:colcon.colcon_core.environment:create_file_with_runtime_dependencies(/home/rosqiu/coppelia_control/install/coppelia_control/share/colcon-core/packages/coppelia_control)
[14.354s] DEBUG:colcon.colcon_parallel_executor.executor.parallel:closing loop
[14.357s] DEBUG:colcon.colcon_parallel_executor.executor.parallel:loop closed
[14.357s] DEBUG:colcon.colcon_parallel_executor.executor.parallel:run_until_complete finished with '0'
[14.357s] DEBUG:colcon.colcon_core.event_reactor:joining thread
[14.370s] INFO:colcon.colcon_core.plugin_system:Skipping extension 'colcon_notification.desktop_notification.terminal_notifier': Not used on non-Darwin systems
[14.370s] INFO:colcon.colcon_core.plugin_system:Skipping extension 'colcon_notification.desktop_notification.win32': Not used on non-Windows systems
[14.370s] INFO:colcon.colcon_notification.desktop_notification:Sending desktop notification using 'notify2'
[14.402s] DEBUG:colcon.colcon_core.event_reactor:joined thread
[14.403s] INFO:colcon.colcon_core.shell:Creating prefix script '/home/rosqiu/coppelia_control/install/local_setup.ps1'
[14.406s] INFO:colcon.colcon_core.shell:Creating prefix util module '/home/rosqiu/coppelia_control/install/_local_setup_util_ps1.py'
[14.410s] INFO:colcon.colcon_core.shell:Creating prefix chain script '/home/rosqiu/coppelia_control/install/setup.ps1'
[14.415s] INFO:colcon.colcon_core.shell:Creating prefix script '/home/rosqiu/coppelia_control/install/local_setup.sh'
[14.417s] INFO:colcon.colcon_core.shell:Creating prefix util module '/home/rosqiu/coppelia_control/install/_local_setup_util_sh.py'
[14.419s] INFO:colcon.colcon_core.shell:Creating prefix chain script '/home/rosqiu/coppelia_control/install/setup.sh'
[14.422s] INFO:colcon.colcon_core.shell:Creating prefix script '/home/rosqiu/coppelia_control/install/local_setup.bash'
[14.423s] INFO:colcon.colcon_core.shell:Creating prefix chain script '/home/rosqiu/coppelia_control/install/setup.bash'
[14.430s] INFO:colcon.colcon_core.shell:Creating prefix script '/home/rosqiu/coppelia_control/install/local_setup.zsh'
[14.433s] INFO:colcon.colcon_core.shell:Creating prefix chain script '/home/rosqiu/coppelia_control/install/setup.zsh'
