[5.635s] DEBUG:colcon:Command line arguments: ['/usr/bin/colcon', 'build', '--symlink-install']
[5.636s] DEBUG:colcon:Parsed command line arguments: Namespace(log_base=None, log_level=None, verb_name='build', build_base='build', install_base='install', merge_install=False, symlink_install=True, test_result_base=None, continue_on_error=False, executor='parallel', parallel_workers=3, event_handlers=None, ignore_user_meta=False, metas=['./colcon.meta'], base_paths=['.'], packages_ignore=None, packages_ignore_regex=None, paths=None, packages_up_to=None, packages_up_to_regex=None, packages_above=None, packages_above_and_dependencies=None, packages_above_depth=None, packages_select_by_dep=None, packages_skip_by_dep=None, packages_skip_up_to=None, packages_select_build_failed=False, packages_skip_build_finished=False, packages_select_test_failures=False, packages_skip_test_passed=False, packages_select=None, packages_skip=None, packages_select_regex=None, packages_skip_regex=None, packages_start=None, packages_end=None, allow_overriding=[], cmake_args=None, cmake_target=None, cmake_target_skip_unavailable=False, cmake_clean_cache=False, cmake_clean_first=False, cmake_force_configure=False, ament_cmake_args=None, catkin_cmake_args=None, catkin_skip_building_tests=False, mixin_files=None, mixin=None, verb_parser=<colcon_mixin.mixin.mixin_argument.MixinArgumentDecorator object at 0x7a3217766f20>, verb_extension=<colcon_core.verb.build.BuildVerb object at 0x7a3217766a70>, main=<bound method BuildVerb.main of <colcon_core.verb.build.BuildVerb object at 0x7a3217766a70>>, mixin_verb=('build',))
[13.035s] Level 1:colcon.colcon_core.package_discovery:discover_packages(colcon_meta) check parameters
[13.035s] Level 1:colcon.colcon_core.package_discovery:discover_packages(recursive) check parameters
[13.035s] Level 1:colcon.colcon_core.package_discovery:discover_packages(ignore) check parameters
[13.035s] Level 1:colcon.colcon_core.package_discovery:discover_packages(path) check parameters
[13.035s] Level 1:colcon.colcon_core.package_discovery:discover_packages(colcon_meta) discover
[13.035s] Level 1:colcon.colcon_core.package_discovery:discover_packages(recursive) discover
[13.035s] INFO:colcon.colcon_core.package_discovery:Crawling recursively for packages in '/home/rosqiu/coppelia_control'
[13.035s] Level 1:colcon.colcon_core.package_identification:_identify(.) by extensions ['ignore', 'ignore_ament_install']
[13.036s] Level 1:colcon.colcon_core.package_identification:_identify(.) by extension 'ignore'
[13.036s] Level 1:colcon.colcon_core.package_identification:_identify(.) by extension 'ignore_ament_install'
[13.036s] Level 1:colcon.colcon_core.package_identification:_identify(.) by extensions ['colcon_pkg']
[13.036s] Level 1:colcon.colcon_core.package_identification:_identify(.) by extension 'colcon_pkg'
[13.036s] Level 1:colcon.colcon_core.package_identification:_identify(.) by extensions ['colcon_meta']
[13.036s] Level 1:colcon.colcon_core.package_identification:_identify(.) by extension 'colcon_meta'
[13.036s] Level 1:colcon.colcon_core.package_identification:_identify(.) by extensions ['ros']
[13.036s] Level 1:colcon.colcon_core.package_identification:_identify(.) by extension 'ros'
[13.059s] Level 1:colcon.colcon_core.package_identification:_identify(.) by extensions ['cmake', 'python']
[13.059s] Level 1:colcon.colcon_core.package_identification:_identify(.) by extension 'cmake'
[13.059s] Level 1:colcon.colcon_core.package_identification:_identify(.) by extension 'python'
[13.059s] Level 1:colcon.colcon_core.package_identification:_identify(.) by extensions ['python_setup_py']
[13.059s] Level 1:colcon.colcon_core.package_identification:_identify(.) by extension 'python_setup_py'
[13.060s] Level 1:colcon.colcon_core.package_identification:_identify(build) by extensions ['ignore', 'ignore_ament_install']
[13.060s] Level 1:colcon.colcon_core.package_identification:_identify(build) by extension 'ignore'
[13.060s] Level 1:colcon.colcon_core.package_identification:_identify(build) ignored
[13.060s] Level 1:colcon.colcon_core.package_identification:_identify(install) by extensions ['ignore', 'ignore_ament_install']
[13.061s] Level 1:colcon.colcon_core.package_identification:_identify(install) by extension 'ignore'
[13.061s] Level 1:colcon.colcon_core.package_identification:_identify(install) ignored
[13.061s] Level 1:colcon.colcon_core.package_identification:_identify(log) by extensions ['ignore', 'ignore_ament_install']
[13.062s] Level 1:colcon.colcon_core.package_identification:_identify(log) by extension 'ignore'
[13.062s] Level 1:colcon.colcon_core.package_identification:_identify(log) ignored
[13.062s] Level 1:colcon.colcon_core.package_identification:_identify(src) by extensions ['ignore', 'ignore_ament_install']
[13.062s] Level 1:colcon.colcon_core.package_identification:_identify(src) by extension 'ignore'
[13.062s] Level 1:colcon.colcon_core.package_identification:_identify(src) by extension 'ignore_ament_install'
[13.062s] Level 1:colcon.colcon_core.package_identification:_identify(src) by extensions ['colcon_pkg']
[13.062s] Level 1:colcon.colcon_core.package_identification:_identify(src) by extension 'colcon_pkg'
[13.063s] Level 1:colcon.colcon_core.package_identification:_identify(src) by extensions ['colcon_meta']
[13.063s] Level 1:colcon.colcon_core.package_identification:_identify(src) by extension 'colcon_meta'
[13.063s] Level 1:colcon.colcon_core.package_identification:_identify(src) by extensions ['ros']
[13.063s] Level 1:colcon.colcon_core.package_identification:_identify(src) by extension 'ros'
[13.063s] Level 1:colcon.colcon_core.package_identification:_identify(src) by extensions ['cmake', 'python']
[13.063s] Level 1:colcon.colcon_core.package_identification:_identify(src) by extension 'cmake'
[13.063s] Level 1:colcon.colcon_core.package_identification:_identify(src) by extension 'python'
[13.064s] Level 1:colcon.colcon_core.package_identification:_identify(src) by extensions ['python_setup_py']
[13.064s] Level 1:colcon.colcon_core.package_identification:_identify(src) by extension 'python_setup_py'
[13.064s] Level 1:colcon.colcon_core.package_identification:_identify(src/build) by extensions ['ignore', 'ignore_ament_install']
[13.064s] Level 1:colcon.colcon_core.package_identification:_identify(src/build) by extension 'ignore'
[13.064s] Level 1:colcon.colcon_core.package_identification:_identify(src/build) ignored
[13.064s] Level 1:colcon.colcon_core.package_identification:_identify(src/coppelia_control) by extensions ['ignore', 'ignore_ament_install']
[13.064s] Level 1:colcon.colcon_core.package_identification:_identify(src/coppelia_control) by extension 'ignore'
[13.064s] Level 1:colcon.colcon_core.package_identification:_identify(src/coppelia_control) by extension 'ignore_ament_install'
[13.064s] Level 1:colcon.colcon_core.package_identification:_identify(src/coppelia_control) by extensions ['colcon_pkg']
[13.064s] Level 1:colcon.colcon_core.package_identification:_identify(src/coppelia_control) by extension 'colcon_pkg'
[13.064s] Level 1:colcon.colcon_core.package_identification:_identify(src/coppelia_control) by extensions ['colcon_meta']
[13.064s] Level 1:colcon.colcon_core.package_identification:_identify(src/coppelia_control) by extension 'colcon_meta'
[13.064s] Level 1:colcon.colcon_core.package_identification:_identify(src/coppelia_control) by extensions ['ros']
[13.065s] Level 1:colcon.colcon_core.package_identification:_identify(src/coppelia_control) by extension 'ros'
[13.076s] DEBUG:colcon.colcon_core.package_identification:Package 'src/coppelia_control' with type 'ros.ament_cmake' and name 'coppelia_control'
[13.078s] Level 1:colcon.colcon_core.package_identification:_identify(src/coppelia_vision) by extensions ['ignore', 'ignore_ament_install']
[13.078s] Level 1:colcon.colcon_core.package_identification:_identify(src/coppelia_vision) by extension 'ignore'
[13.078s] Level 1:colcon.colcon_core.package_identification:_identify(src/coppelia_vision) by extension 'ignore_ament_install'
[13.078s] Level 1:colcon.colcon_core.package_identification:_identify(src/coppelia_vision) by extensions ['colcon_pkg']
[13.078s] Level 1:colcon.colcon_core.package_identification:_identify(src/coppelia_vision) by extension 'colcon_pkg'
[13.078s] Level 1:colcon.colcon_core.package_identification:_identify(src/coppelia_vision) by extensions ['colcon_meta']
[13.078s] Level 1:colcon.colcon_core.package_identification:_identify(src/coppelia_vision) by extension 'colcon_meta'
[13.079s] Level 1:colcon.colcon_core.package_identification:_identify(src/coppelia_vision) by extensions ['ros']
[13.079s] Level 1:colcon.colcon_core.package_identification:_identify(src/coppelia_vision) by extension 'ros'
[13.085s] DEBUG:colcon.colcon_core.package_identification:Package 'src/coppelia_vision' with type 'ros.ament_python' and name 'coppelia_vision'
[13.086s] Level 1:colcon.colcon_core.package_identification:_identify(src/cs_hardware_interface) by extensions ['ignore', 'ignore_ament_install']
[13.086s] Level 1:colcon.colcon_core.package_identification:_identify(src/cs_hardware_interface) by extension 'ignore'
[13.086s] Level 1:colcon.colcon_core.package_identification:_identify(src/cs_hardware_interface) by extension 'ignore_ament_install'
[13.086s] Level 1:colcon.colcon_core.package_identification:_identify(src/cs_hardware_interface) by extensions ['colcon_pkg']
[13.086s] Level 1:colcon.colcon_core.package_identification:_identify(src/cs_hardware_interface) by extension 'colcon_pkg'
[13.086s] Level 1:colcon.colcon_core.package_identification:_identify(src/cs_hardware_interface) by extensions ['colcon_meta']
[13.086s] Level 1:colcon.colcon_core.package_identification:_identify(src/cs_hardware_interface) by extension 'colcon_meta'
[13.086s] Level 1:colcon.colcon_core.package_identification:_identify(src/cs_hardware_interface) by extensions ['ros']
[13.087s] Level 1:colcon.colcon_core.package_identification:_identify(src/cs_hardware_interface) by extension 'ros'
[13.123s] DEBUG:colcon.colcon_core.package_identification:Package 'src/cs_hardware_interface' with type 'ros.ament_cmake' and name 'cs_hardware_interface'
[13.124s] Level 1:colcon.colcon_core.package_identification:_identify(src/panda_moveit_config) by extensions ['ignore', 'ignore_ament_install']
[13.126s] Level 1:colcon.colcon_core.package_identification:_identify(src/panda_moveit_config) by extension 'ignore'
[13.127s] Level 1:colcon.colcon_core.package_identification:_identify(src/panda_moveit_config) by extension 'ignore_ament_install'
[13.128s] Level 1:colcon.colcon_core.package_identification:_identify(src/panda_moveit_config) by extensions ['colcon_pkg']
[13.129s] Level 1:colcon.colcon_core.package_identification:_identify(src/panda_moveit_config) by extension 'colcon_pkg'
[13.129s] Level 1:colcon.colcon_core.package_identification:_identify(src/panda_moveit_config) by extensions ['colcon_meta']
[13.129s] Level 1:colcon.colcon_core.package_identification:_identify(src/panda_moveit_config) by extension 'colcon_meta'
[13.129s] Level 1:colcon.colcon_core.package_identification:_identify(src/panda_moveit_config) by extensions ['ros']
[13.129s] Level 1:colcon.colcon_core.package_identification:_identify(src/panda_moveit_config) by extension 'ros'
[13.132s] DEBUG:colcon.colcon_core.package_identification:Package 'src/panda_moveit_config' with type 'ros.ament_cmake' and name 'panda_moveit_config'
[13.133s] Level 1:colcon.colcon_core.package_discovery:discover_packages(recursive) using defaults
[13.133s] Level 1:colcon.colcon_core.package_discovery:discover_packages(ignore) discover
[13.133s] Level 1:colcon.colcon_core.package_discovery:discover_packages(ignore) using defaults
[13.133s] Level 1:colcon.colcon_core.package_discovery:discover_packages(path) discover
[13.134s] Level 1:colcon.colcon_core.package_discovery:discover_packages(path) using defaults
[13.289s] Level 1:colcon.colcon_core.package_discovery:discover_packages(prefix_path) check parameters
[13.289s] Level 1:colcon.colcon_core.package_discovery:discover_packages(prefix_path) discover
[13.301s] WARNING:colcon.colcon_ros.prefix_path.ament:The path '/home/rosqiu/coppelia_control/install/panda_moveit_config' in the environment variable AMENT_PREFIX_PATH doesn't exist
[13.301s] WARNING:colcon.colcon_ros.prefix_path.ament:The path '/home/rosqiu/coppelia_control/install/cs_hardware_interface' in the environment variable AMENT_PREFIX_PATH doesn't exist
[13.301s] WARNING:colcon.colcon_ros.prefix_path.ament:The path '/home/rosqiu/coppelia_control/install/coppelia_vision' in the environment variable AMENT_PREFIX_PATH doesn't exist
[13.301s] WARNING:colcon.colcon_ros.prefix_path.ament:The path '/home/rosqiu/coppelia_control/install/coppelia_control' in the environment variable AMENT_PREFIX_PATH doesn't exist
[13.303s] WARNING:colcon.colcon_ros.prefix_path.catkin:The path '/home/rosqiu/coppelia_control/install/panda_moveit_config' in the environment variable CMAKE_PREFIX_PATH doesn't exist
[13.304s] WARNING:colcon.colcon_ros.prefix_path.catkin:The path '/home/rosqiu/coppelia_control/install/cs_hardware_interface' in the environment variable CMAKE_PREFIX_PATH doesn't exist
[13.304s] WARNING:colcon.colcon_ros.prefix_path.catkin:The path '/home/rosqiu/coppelia_control/install/coppelia_control' in the environment variable CMAKE_PREFIX_PATH doesn't exist
[13.308s] DEBUG:colcon.colcon_installed_package_information.package_discovery:Found 0 installed packages in /home/rosqiu/coppelia_control/install
[13.323s] DEBUG:colcon.colcon_installed_package_information.package_discovery:Found 433 installed packages in /opt/ros/humble
[13.325s] Level 1:colcon.colcon_core.package_discovery:discover_packages(prefix_path) using defaults
[13.479s] Level 5:colcon.colcon_core.verb:set package 'coppelia_control' build argument 'cmake_args' from command line to 'None'
[13.479s] Level 5:colcon.colcon_core.verb:set package 'coppelia_control' build argument 'cmake_target' from command line to 'None'
[13.479s] Level 5:colcon.colcon_core.verb:set package 'coppelia_control' build argument 'cmake_target_skip_unavailable' from command line to 'False'
[13.479s] Level 5:colcon.colcon_core.verb:set package 'coppelia_control' build argument 'cmake_clean_cache' from command line to 'False'
[13.479s] Level 5:colcon.colcon_core.verb:set package 'coppelia_control' build argument 'cmake_clean_first' from command line to 'False'
[13.479s] Level 5:colcon.colcon_core.verb:set package 'coppelia_control' build argument 'cmake_force_configure' from command line to 'False'
[13.479s] Level 5:colcon.colcon_core.verb:set package 'coppelia_control' build argument 'ament_cmake_args' from command line to 'None'
[13.479s] Level 5:colcon.colcon_core.verb:set package 'coppelia_control' build argument 'catkin_cmake_args' from command line to 'None'
[13.479s] Level 5:colcon.colcon_core.verb:set package 'coppelia_control' build argument 'catkin_skip_building_tests' from command line to 'False'
[13.479s] DEBUG:colcon.colcon_core.verb:Building package 'coppelia_control' with the following arguments: {'ament_cmake_args': None, 'build_base': '/home/rosqiu/coppelia_control/build/coppelia_control', 'catkin_cmake_args': None, 'catkin_skip_building_tests': False, 'cmake_args': None, 'cmake_clean_cache': False, 'cmake_clean_first': False, 'cmake_force_configure': False, 'cmake_target': None, 'cmake_target_skip_unavailable': False, 'install_base': '/home/rosqiu/coppelia_control/install/coppelia_control', 'merge_install': False, 'path': '/home/rosqiu/coppelia_control/src/coppelia_control', 'symlink_install': True, 'test_result_base': None}
[13.480s] Level 5:colcon.colcon_core.verb:set package 'coppelia_vision' build argument 'cmake_args' from command line to 'None'
[13.480s] Level 5:colcon.colcon_core.verb:set package 'coppelia_vision' build argument 'cmake_target' from command line to 'None'
[13.480s] Level 5:colcon.colcon_core.verb:set package 'coppelia_vision' build argument 'cmake_target_skip_unavailable' from command line to 'False'
[13.480s] Level 5:colcon.colcon_core.verb:set package 'coppelia_vision' build argument 'cmake_clean_cache' from command line to 'False'
[13.480s] Level 5:colcon.colcon_core.verb:set package 'coppelia_vision' build argument 'cmake_clean_first' from command line to 'False'
[13.480s] Level 5:colcon.colcon_core.verb:set package 'coppelia_vision' build argument 'cmake_force_configure' from command line to 'False'
[13.480s] Level 5:colcon.colcon_core.verb:set package 'coppelia_vision' build argument 'ament_cmake_args' from command line to 'None'
[13.480s] Level 5:colcon.colcon_core.verb:set package 'coppelia_vision' build argument 'catkin_cmake_args' from command line to 'None'
[13.480s] Level 5:colcon.colcon_core.verb:set package 'coppelia_vision' build argument 'catkin_skip_building_tests' from command line to 'False'
[13.480s] DEBUG:colcon.colcon_core.verb:Building package 'coppelia_vision' with the following arguments: {'ament_cmake_args': None, 'build_base': '/home/rosqiu/coppelia_control/build/coppelia_vision', 'catkin_cmake_args': None, 'catkin_skip_building_tests': False, 'cmake_args': None, 'cmake_clean_cache': False, 'cmake_clean_first': False, 'cmake_force_configure': False, 'cmake_target': None, 'cmake_target_skip_unavailable': False, 'install_base': '/home/rosqiu/coppelia_control/install/coppelia_vision', 'merge_install': False, 'path': '/home/rosqiu/coppelia_control/src/coppelia_vision', 'symlink_install': True, 'test_result_base': None}
[13.480s] Level 5:colcon.colcon_core.verb:set package 'cs_hardware_interface' build argument 'cmake_args' from command line to 'None'
[13.480s] Level 5:colcon.colcon_core.verb:set package 'cs_hardware_interface' build argument 'cmake_target' from command line to 'None'
[13.480s] Level 5:colcon.colcon_core.verb:set package 'cs_hardware_interface' build argument 'cmake_target_skip_unavailable' from command line to 'False'
[13.480s] Level 5:colcon.colcon_core.verb:set package 'cs_hardware_interface' build argument 'cmake_clean_cache' from command line to 'False'
[13.481s] Level 5:colcon.colcon_core.verb:set package 'cs_hardware_interface' build argument 'cmake_clean_first' from command line to 'False'
[13.481s] Level 5:colcon.colcon_core.verb:set package 'cs_hardware_interface' build argument 'cmake_force_configure' from command line to 'False'
[13.481s] Level 5:colcon.colcon_core.verb:set package 'cs_hardware_interface' build argument 'ament_cmake_args' from command line to 'None'
[13.481s] Level 5:colcon.colcon_core.verb:set package 'cs_hardware_interface' build argument 'catkin_cmake_args' from command line to 'None'
[13.481s] Level 5:colcon.colcon_core.verb:set package 'cs_hardware_interface' build argument 'catkin_skip_building_tests' from command line to 'False'
[13.481s] DEBUG:colcon.colcon_core.verb:Building package 'cs_hardware_interface' with the following arguments: {'ament_cmake_args': None, 'build_base': '/home/rosqiu/coppelia_control/build/cs_hardware_interface', 'catkin_cmake_args': None, 'catkin_skip_building_tests': False, 'cmake_args': None, 'cmake_clean_cache': False, 'cmake_clean_first': False, 'cmake_force_configure': False, 'cmake_target': None, 'cmake_target_skip_unavailable': False, 'install_base': '/home/rosqiu/coppelia_control/install/cs_hardware_interface', 'merge_install': False, 'path': '/home/rosqiu/coppelia_control/src/cs_hardware_interface', 'symlink_install': True, 'test_result_base': None}
[13.481s] Level 5:colcon.colcon_core.verb:set package 'panda_moveit_config' build argument 'cmake_args' from command line to 'None'
[13.481s] Level 5:colcon.colcon_core.verb:set package 'panda_moveit_config' build argument 'cmake_target' from command line to 'None'
[13.481s] Level 5:colcon.colcon_core.verb:set package 'panda_moveit_config' build argument 'cmake_target_skip_unavailable' from command line to 'False'
[13.481s] Level 5:colcon.colcon_core.verb:set package 'panda_moveit_config' build argument 'cmake_clean_cache' from command line to 'False'
[13.481s] Level 5:colcon.colcon_core.verb:set package 'panda_moveit_config' build argument 'cmake_clean_first' from command line to 'False'
[13.481s] Level 5:colcon.colcon_core.verb:set package 'panda_moveit_config' build argument 'cmake_force_configure' from command line to 'False'
[13.481s] Level 5:colcon.colcon_core.verb:set package 'panda_moveit_config' build argument 'ament_cmake_args' from command line to 'None'
[13.481s] Level 5:colcon.colcon_core.verb:set package 'panda_moveit_config' build argument 'catkin_cmake_args' from command line to 'None'
[13.481s] Level 5:colcon.colcon_core.verb:set package 'panda_moveit_config' build argument 'catkin_skip_building_tests' from command line to 'False'
[13.481s] DEBUG:colcon.colcon_core.verb:Building package 'panda_moveit_config' with the following arguments: {'ament_cmake_args': None, 'build_base': '/home/rosqiu/coppelia_control/build/panda_moveit_config', 'catkin_cmake_args': None, 'catkin_skip_building_tests': False, 'cmake_args': None, 'cmake_clean_cache': False, 'cmake_clean_first': False, 'cmake_force_configure': False, 'cmake_target': None, 'cmake_target_skip_unavailable': False, 'install_base': '/home/rosqiu/coppelia_control/install/panda_moveit_config', 'merge_install': False, 'path': '/home/rosqiu/coppelia_control/src/panda_moveit_config', 'symlink_install': True, 'test_result_base': None}
[13.481s] INFO:colcon.colcon_core.executor:Executing jobs using 'parallel' executor
[13.486s] DEBUG:colcon.colcon_parallel_executor.executor.parallel:run_until_complete
[13.486s] INFO:colcon.colcon_ros.task.ament_cmake.build:Building ROS package in '/home/rosqiu/coppelia_control/src/cs_hardware_interface' with build type 'ament_cmake'
[13.486s] INFO:colcon.colcon_cmake.task.cmake.build:Building CMake package in '/home/rosqiu/coppelia_control/src/cs_hardware_interface'
[13.547s] INFO:colcon.colcon_core.plugin_system:Skipping extension 'colcon_core.shell.bat': Not used on non-Windows systems
[13.547s] INFO:colcon.colcon_core.shell:Skip shell extension 'powershell' for command environment: Not usable outside of PowerShell
[13.547s] DEBUG:colcon.colcon_core.shell:Skip shell extension 'dsv' for command environment
[13.557s] INFO:colcon.colcon_ros.task.ament_cmake.build:Building ROS package in '/home/rosqiu/coppelia_control/src/coppelia_control' with build type 'ament_cmake'
[13.557s] INFO:colcon.colcon_cmake.task.cmake.build:Building CMake package in '/home/rosqiu/coppelia_control/src/coppelia_control'
[13.558s] INFO:colcon.colcon_core.shell:Skip shell extension 'powershell' for command environment: Not usable outside of PowerShell
[13.558s] DEBUG:colcon.colcon_core.shell:Skip shell extension 'dsv' for command environment
[13.568s] INFO:colcon.colcon_ros.task.ament_python.build:Building ROS package in '/home/rosqiu/coppelia_control/src/coppelia_vision' with build type 'ament_python'
[13.568s] Level 1:colcon.colcon_core.shell:create_environment_hook('coppelia_vision', 'ament_prefix_path')
[13.568s] INFO:colcon.colcon_core.shell:Creating environment hook '/home/rosqiu/coppelia_control/install/coppelia_vision/share/coppelia_vision/hook/ament_prefix_path.ps1'
[13.573s] INFO:colcon.colcon_core.shell:Creating environment descriptor '/home/rosqiu/coppelia_control/install/coppelia_vision/share/coppelia_vision/hook/ament_prefix_path.dsv'
[13.574s] INFO:colcon.colcon_core.shell:Creating environment hook '/home/rosqiu/coppelia_control/install/coppelia_vision/share/coppelia_vision/hook/ament_prefix_path.sh'
[13.579s] INFO:colcon.colcon_core.shell:Skip shell extension 'powershell' for command environment: Not usable outside of PowerShell
[13.580s] DEBUG:colcon.colcon_core.shell:Skip shell extension 'dsv' for command environment
[13.596s] DEBUG:colcon.colcon_core.event_handler.log_command:Invoking command in '/home/rosqiu/coppelia_control/build/cs_hardware_interface': CMAKE_PREFIX_PATH=${CMAKE_PREFIX_PATH}:/home/rosqiu/coppelia_control/install/coppelia_vision:/opt/ros/humble /usr/bin/cmake /home/rosqiu/coppelia_control/src/cs_hardware_interface -DAMENT_CMAKE_SYMLINK_INSTALL=1 -DCMAKE_INSTALL_PREFIX=/home/rosqiu/coppelia_control/install/cs_hardware_interface
[13.629s] DEBUG:colcon.colcon_core.event_handler.log_command:Invoking command in '/home/rosqiu/coppelia_control/build/coppelia_control': CMAKE_PREFIX_PATH=${CMAKE_PREFIX_PATH}:/home/rosqiu/coppelia_control/install/coppelia_vision:/opt/ros/humble /usr/bin/cmake /home/rosqiu/coppelia_control/src/coppelia_control -DAMENT_CMAKE_SYMLINK_INSTALL=1 -DCMAKE_INSTALL_PREFIX=/home/rosqiu/coppelia_control/install/coppelia_control
[14.210s] INFO:colcon.colcon_core.task.python.build:Building Python package in '/home/rosqiu/coppelia_control/src/coppelia_vision'
[14.211s] INFO:colcon.colcon_core.shell:Skip shell extension 'powershell' for command environment: Not usable outside of PowerShell
[14.211s] DEBUG:colcon.colcon_core.shell:Skip shell extension 'dsv' for command environment
[17.200s] DEBUG:colcon.colcon_core.event_handler.log_command:Invoking command in '/home/rosqiu/coppelia_control/build/coppelia_vision': PYTHONPATH=/home/rosqiu/coppelia_control/build/coppelia_vision/prefix_override:/usr/lib/python3/dist-packages/colcon_core/task/python/colcon_distutils_commands:/home/rosqiu/coppelia_control/install/coppelia_vision/lib/python3.10/site-packages:${PYTHONPATH} /usr/bin/python3 -W ignore:setup.py install is deprecated -W ignore:easy_install command is deprecated setup.py develop --editable --build-directory /home/rosqiu/coppelia_control/build/coppelia_vision/build --no-deps symlink_data
[18.089s] Level 1:colcon.colcon_core.shell:create_environment_hook('coppelia_vision', 'pythonpath_develop')
[18.092s] INFO:colcon.colcon_core.shell:Creating environment hook '/home/rosqiu/coppelia_control/build/coppelia_vision/share/coppelia_vision/hook/pythonpath_develop.ps1'
[18.093s] INFO:colcon.colcon_core.shell:Creating environment descriptor '/home/rosqiu/coppelia_control/build/coppelia_vision/share/coppelia_vision/hook/pythonpath_develop.dsv'
[18.093s] INFO:colcon.colcon_core.shell:Creating environment hook '/home/rosqiu/coppelia_control/build/coppelia_vision/share/coppelia_vision/hook/pythonpath_develop.sh'
[18.094s] DEBUG:colcon.colcon_core.event_handler.log_command:Invoked command in '/home/rosqiu/coppelia_control/build/coppelia_vision' returned '0': PYTHONPATH=/home/rosqiu/coppelia_control/build/coppelia_vision/prefix_override:/usr/lib/python3/dist-packages/colcon_core/task/python/colcon_distutils_commands:/home/rosqiu/coppelia_control/install/coppelia_vision/lib/python3.10/site-packages:${PYTHONPATH} /usr/bin/python3 -W ignore:setup.py install is deprecated -W ignore:easy_install command is deprecated setup.py develop --editable --build-directory /home/rosqiu/coppelia_control/build/coppelia_vision/build --no-deps symlink_data
[18.137s] Level 1:colcon.colcon_core.environment:checking '/home/rosqiu/coppelia_control/install/coppelia_vision' for CMake module files
[18.141s] Level 1:colcon.colcon_core.environment:checking '/home/rosqiu/coppelia_control/install/coppelia_vision' for CMake config files
[18.144s] Level 1:colcon.colcon_core.environment:checking '/home/rosqiu/coppelia_control/install/coppelia_vision/lib'
[18.144s] Level 1:colcon.colcon_core.environment:checking '/home/rosqiu/coppelia_control/install/coppelia_vision/bin'
[18.144s] Level 1:colcon.colcon_core.environment:checking '/home/rosqiu/coppelia_control/install/coppelia_vision/lib/pkgconfig/coppelia_vision.pc'
[18.144s] Level 1:colcon.colcon_core.environment:checking '/home/rosqiu/coppelia_control/install/coppelia_vision/lib/python3.10/site-packages'
[18.144s] Level 1:colcon.colcon_core.shell:create_environment_hook('coppelia_vision', 'pythonpath')
[18.148s] INFO:colcon.colcon_core.shell:Creating environment hook '/home/rosqiu/coppelia_control/install/coppelia_vision/share/coppelia_vision/hook/pythonpath.ps1'
[18.149s] INFO:colcon.colcon_core.shell:Creating environment descriptor '/home/rosqiu/coppelia_control/install/coppelia_vision/share/coppelia_vision/hook/pythonpath.dsv'
[18.153s] INFO:colcon.colcon_core.shell:Creating environment hook '/home/rosqiu/coppelia_control/install/coppelia_vision/share/coppelia_vision/hook/pythonpath.sh'
[18.154s] Level 1:colcon.colcon_core.environment:checking '/home/rosqiu/coppelia_control/install/coppelia_vision/bin'
[18.154s] Level 1:colcon.colcon_core.environment:create_environment_scripts_only(coppelia_vision)
[18.154s] INFO:colcon.colcon_core.shell:Creating package script '/home/rosqiu/coppelia_control/install/coppelia_vision/share/coppelia_vision/package.ps1'
[18.159s] INFO:colcon.colcon_core.shell:Creating package descriptor '/home/rosqiu/coppelia_control/install/coppelia_vision/share/coppelia_vision/package.dsv'
[18.161s] INFO:colcon.colcon_core.shell:Creating package script '/home/rosqiu/coppelia_control/install/coppelia_vision/share/coppelia_vision/package.sh'
[18.175s] INFO:colcon.colcon_core.shell:Creating package script '/home/rosqiu/coppelia_control/install/coppelia_vision/share/coppelia_vision/package.bash'
[18.180s] INFO:colcon.colcon_core.shell:Creating package script '/home/rosqiu/coppelia_control/install/coppelia_vision/share/coppelia_vision/package.zsh'
[18.183s] Level 1:colcon.colcon_core.environment:create_file_with_runtime_dependencies(/home/rosqiu/coppelia_control/install/coppelia_vision/share/colcon-core/packages/coppelia_vision)
[21.426s] DEBUG:colcon.colcon_core.event_handler.log_command:Invoked command in '/home/rosqiu/coppelia_control/build/coppelia_control' returned '0': CMAKE_PREFIX_PATH=${CMAKE_PREFIX_PATH}:/home/rosqiu/coppelia_control/install/coppelia_vision:/opt/ros/humble /usr/bin/cmake /home/rosqiu/coppelia_control/src/coppelia_control -DAMENT_CMAKE_SYMLINK_INSTALL=1 -DCMAKE_INSTALL_PREFIX=/home/rosqiu/coppelia_control/install/coppelia_control
[21.429s] DEBUG:colcon.colcon_core.event_handler.log_command:Invoking command in '/home/rosqiu/coppelia_control/build/coppelia_control': CMAKE_PREFIX_PATH=${CMAKE_PREFIX_PATH}:/home/rosqiu/coppelia_control/install/coppelia_vision:/opt/ros/humble /usr/bin/cmake --build /home/rosqiu/coppelia_control/build/coppelia_control -- -j3 -l3
[21.682s] DEBUG:colcon.colcon_core.event_handler.log_command:Invoked command in '/home/rosqiu/coppelia_control/build/coppelia_control' returned '0': CMAKE_PREFIX_PATH=${CMAKE_PREFIX_PATH}:/home/rosqiu/coppelia_control/install/coppelia_vision:/opt/ros/humble /usr/bin/cmake --build /home/rosqiu/coppelia_control/build/coppelia_control -- -j3 -l3
[21.720s] DEBUG:colcon.colcon_core.event_handler.log_command:Invoking command in '/home/rosqiu/coppelia_control/build/coppelia_control': CMAKE_PREFIX_PATH=${CMAKE_PREFIX_PATH}:/home/rosqiu/coppelia_control/install/coppelia_vision:/opt/ros/humble /usr/bin/cmake --install /home/rosqiu/coppelia_control/build/coppelia_control
[21.773s] DEBUG:colcon.colcon_core.event_handler.log_command:Invoked command in '/home/rosqiu/coppelia_control/build/cs_hardware_interface' returned '0': CMAKE_PREFIX_PATH=${CMAKE_PREFIX_PATH}:/home/rosqiu/coppelia_control/install/coppelia_vision:/opt/ros/humble /usr/bin/cmake /home/rosqiu/coppelia_control/src/cs_hardware_interface -DAMENT_CMAKE_SYMLINK_INSTALL=1 -DCMAKE_INSTALL_PREFIX=/home/rosqiu/coppelia_control/install/cs_hardware_interface
[21.774s] DEBUG:colcon.colcon_core.event_handler.log_command:Invoking command in '/home/rosqiu/coppelia_control/build/cs_hardware_interface': CMAKE_PREFIX_PATH=${CMAKE_PREFIX_PATH}:/home/rosqiu/coppelia_control/install/coppelia_vision:/opt/ros/humble /usr/bin/cmake --build /home/rosqiu/coppelia_control/build/cs_hardware_interface -- -j3 -l3
[22.121s] Level 1:colcon.colcon_core.environment:create_environment_scripts_only(coppelia_control)
[22.122s] Level 1:colcon.colcon_core.environment:checking '/home/rosqiu/coppelia_control/install/coppelia_control' for CMake module files
[22.122s] DEBUG:colcon.colcon_core.event_handler.log_command:Invoked command in '/home/rosqiu/coppelia_control/build/coppelia_control' returned '0': CMAKE_PREFIX_PATH=${CMAKE_PREFIX_PATH}:/home/rosqiu/coppelia_control/install/coppelia_vision:/opt/ros/humble /usr/bin/cmake --install /home/rosqiu/coppelia_control/build/coppelia_control
[22.123s] Level 1:colcon.colcon_core.environment:checking '/home/rosqiu/coppelia_control/install/coppelia_control' for CMake config files
[22.124s] Level 1:colcon.colcon_core.shell:create_environment_hook('coppelia_control', 'cmake_prefix_path')
[22.125s] INFO:colcon.colcon_core.shell:Creating environment hook '/home/rosqiu/coppelia_control/install/coppelia_control/share/coppelia_control/hook/cmake_prefix_path.ps1'
[22.127s] INFO:colcon.colcon_core.shell:Creating environment descriptor '/home/rosqiu/coppelia_control/install/coppelia_control/share/coppelia_control/hook/cmake_prefix_path.dsv'
[22.128s] INFO:colcon.colcon_core.shell:Creating environment hook '/home/rosqiu/coppelia_control/install/coppelia_control/share/coppelia_control/hook/cmake_prefix_path.sh'
[22.130s] Level 1:colcon.colcon_core.environment:checking '/home/rosqiu/coppelia_control/install/coppelia_control/lib'
[22.130s] Level 1:colcon.colcon_core.environment:checking '/home/rosqiu/coppelia_control/install/coppelia_control/bin'
[22.130s] Level 1:colcon.colcon_core.environment:checking '/home/rosqiu/coppelia_control/install/coppelia_control/lib/pkgconfig/coppelia_control.pc'
[22.131s] Level 1:colcon.colcon_core.environment:checking '/home/rosqiu/coppelia_control/install/coppelia_control/lib/python3.10/site-packages'
[22.131s] Level 1:colcon.colcon_core.environment:checking '/home/rosqiu/coppelia_control/install/coppelia_control/bin'
[22.132s] INFO:colcon.colcon_core.shell:Creating package script '/home/rosqiu/coppelia_control/install/coppelia_control/share/coppelia_control/package.ps1'
[22.133s] INFO:colcon.colcon_core.shell:Creating package descriptor '/home/rosqiu/coppelia_control/install/coppelia_control/share/coppelia_control/package.dsv'
[22.133s] INFO:colcon.colcon_core.shell:Creating package script '/home/rosqiu/coppelia_control/install/coppelia_control/share/coppelia_control/package.sh'
[22.134s] INFO:colcon.colcon_core.shell:Creating package script '/home/rosqiu/coppelia_control/install/coppelia_control/share/coppelia_control/package.bash'
[22.143s] INFO:colcon.colcon_core.shell:Creating package script '/home/rosqiu/coppelia_control/install/coppelia_control/share/coppelia_control/package.zsh'
[22.145s] Level 1:colcon.colcon_core.environment:create_file_with_runtime_dependencies(/home/rosqiu/coppelia_control/install/coppelia_control/share/colcon-core/packages/coppelia_control)
[22.146s] Level 1:colcon.colcon_core.environment:create_environment_scripts_only(coppelia_control)
[22.147s] Level 1:colcon.colcon_core.environment:checking '/home/rosqiu/coppelia_control/install/coppelia_control' for CMake module files
[22.147s] Level 1:colcon.colcon_core.environment:checking '/home/rosqiu/coppelia_control/install/coppelia_control' for CMake config files
[22.148s] Level 1:colcon.colcon_core.shell:create_environment_hook('coppelia_control', 'cmake_prefix_path')
[22.148s] INFO:colcon.colcon_core.shell:Creating environment hook '/home/rosqiu/coppelia_control/install/coppelia_control/share/coppelia_control/hook/cmake_prefix_path.ps1'
[22.148s] INFO:colcon.colcon_core.shell:Creating environment descriptor '/home/rosqiu/coppelia_control/install/coppelia_control/share/coppelia_control/hook/cmake_prefix_path.dsv'
[22.150s] INFO:colcon.colcon_core.shell:Creating environment hook '/home/rosqiu/coppelia_control/install/coppelia_control/share/coppelia_control/hook/cmake_prefix_path.sh'
[22.151s] Level 1:colcon.colcon_core.environment:checking '/home/rosqiu/coppelia_control/install/coppelia_control/lib'
[22.151s] Level 1:colcon.colcon_core.environment:checking '/home/rosqiu/coppelia_control/install/coppelia_control/bin'
[22.152s] Level 1:colcon.colcon_core.environment:checking '/home/rosqiu/coppelia_control/install/coppelia_control/lib/pkgconfig/coppelia_control.pc'
[22.152s] Level 1:colcon.colcon_core.environment:checking '/home/rosqiu/coppelia_control/install/coppelia_control/lib/python3.10/site-packages'
[22.152s] Level 1:colcon.colcon_core.environment:checking '/home/rosqiu/coppelia_control/install/coppelia_control/bin'
[22.153s] INFO:colcon.colcon_core.shell:Creating package script '/home/rosqiu/coppelia_control/install/coppelia_control/share/coppelia_control/package.ps1'
[22.154s] INFO:colcon.colcon_core.shell:Creating package descriptor '/home/rosqiu/coppelia_control/install/coppelia_control/share/coppelia_control/package.dsv'
[22.155s] INFO:colcon.colcon_core.shell:Creating package script '/home/rosqiu/coppelia_control/install/coppelia_control/share/coppelia_control/package.sh'
[22.156s] INFO:colcon.colcon_core.shell:Creating package script '/home/rosqiu/coppelia_control/install/coppelia_control/share/coppelia_control/package.bash'
[22.157s] INFO:colcon.colcon_core.shell:Creating package script '/home/rosqiu/coppelia_control/install/coppelia_control/share/coppelia_control/package.zsh'
[22.158s] Level 1:colcon.colcon_core.environment:create_file_with_runtime_dependencies(/home/rosqiu/coppelia_control/install/coppelia_control/share/colcon-core/packages/coppelia_control)
[30.107s] DEBUG:colcon.colcon_core.event_handler.log_command:Invoked command in '/home/rosqiu/coppelia_control/build/cs_hardware_interface' returned '2': CMAKE_PREFIX_PATH=${CMAKE_PREFIX_PATH}:/home/rosqiu/coppelia_control/install/coppelia_vision:/opt/ros/humble /usr/bin/cmake --build /home/rosqiu/coppelia_control/build/cs_hardware_interface -- -j3 -l3
[30.107s] Level 1:colcon.colcon_core.environment:create_environment_scripts_only(cs_hardware_interface)
[30.107s] Level 1:colcon.colcon_core.environment:checking '/home/rosqiu/coppelia_control/install/cs_hardware_interface' for CMake module files
[30.108s] Level 1:colcon.colcon_core.environment:checking '/home/rosqiu/coppelia_control/install/cs_hardware_interface' for CMake config files
[30.108s] Level 1:colcon.colcon_core.environment:checking '/home/rosqiu/coppelia_control/install/cs_hardware_interface/bin'
[30.108s] Level 1:colcon.colcon_core.environment:checking '/home/rosqiu/coppelia_control/install/cs_hardware_interface/lib/pkgconfig/cs_hardware_interface.pc'
[30.108s] Level 1:colcon.colcon_core.environment:checking '/home/rosqiu/coppelia_control/install/cs_hardware_interface/lib/python3.10/site-packages'
[30.108s] Level 1:colcon.colcon_core.environment:checking '/home/rosqiu/coppelia_control/install/cs_hardware_interface/bin'
[30.108s] INFO:colcon.colcon_core.shell:Creating package script '/home/rosqiu/coppelia_control/install/cs_hardware_interface/share/cs_hardware_interface/package.ps1'
[30.110s] INFO:colcon.colcon_core.shell:Creating package descriptor '/home/rosqiu/coppelia_control/install/cs_hardware_interface/share/cs_hardware_interface/package.dsv'
[30.111s] INFO:colcon.colcon_core.shell:Creating package script '/home/rosqiu/coppelia_control/install/cs_hardware_interface/share/cs_hardware_interface/package.sh'
[30.111s] INFO:colcon.colcon_core.shell:Creating package script '/home/rosqiu/coppelia_control/install/cs_hardware_interface/share/cs_hardware_interface/package.bash'
[30.112s] INFO:colcon.colcon_core.shell:Creating package script '/home/rosqiu/coppelia_control/install/cs_hardware_interface/share/cs_hardware_interface/package.zsh'
[30.112s] Level 1:colcon.colcon_core.environment:create_file_with_runtime_dependencies(/home/rosqiu/coppelia_control/install/cs_hardware_interface/share/colcon-core/packages/cs_hardware_interface)
[30.124s] DEBUG:colcon.colcon_parallel_executor.executor.parallel:closing loop
[30.124s] DEBUG:colcon.colcon_parallel_executor.executor.parallel:loop closed
[30.124s] DEBUG:colcon.colcon_parallel_executor.executor.parallel:run_until_complete finished with '2'
[30.124s] DEBUG:colcon.colcon_core.event_reactor:joining thread
[30.169s] INFO:colcon.colcon_core.plugin_system:Skipping extension 'colcon_notification.desktop_notification.terminal_notifier': Not used on non-Darwin systems
[30.169s] INFO:colcon.colcon_core.plugin_system:Skipping extension 'colcon_notification.desktop_notification.win32': Not used on non-Windows systems
[30.169s] INFO:colcon.colcon_notification.desktop_notification:Sending desktop notification using 'notify2'
[30.267s] DEBUG:colcon.colcon_core.event_reactor:joined thread
[30.268s] INFO:colcon.colcon_core.shell:Creating prefix script '/home/rosqiu/coppelia_control/install/local_setup.ps1'
[30.272s] INFO:colcon.colcon_core.shell:Creating prefix util module '/home/rosqiu/coppelia_control/install/_local_setup_util_ps1.py'
[30.283s] INFO:colcon.colcon_core.shell:Creating prefix chain script '/home/rosqiu/coppelia_control/install/setup.ps1'
[30.287s] INFO:colcon.colcon_core.shell:Creating prefix script '/home/rosqiu/coppelia_control/install/local_setup.sh'
[30.292s] INFO:colcon.colcon_core.shell:Creating prefix util module '/home/rosqiu/coppelia_control/install/_local_setup_util_sh.py'
[30.294s] INFO:colcon.colcon_core.shell:Creating prefix chain script '/home/rosqiu/coppelia_control/install/setup.sh'
[30.298s] INFO:colcon.colcon_core.shell:Creating prefix script '/home/rosqiu/coppelia_control/install/local_setup.bash'
[30.301s] INFO:colcon.colcon_core.shell:Creating prefix chain script '/home/rosqiu/coppelia_control/install/setup.bash'
[30.304s] INFO:colcon.colcon_core.shell:Creating prefix script '/home/rosqiu/coppelia_control/install/local_setup.zsh'
[30.307s] INFO:colcon.colcon_core.shell:Creating prefix chain script '/home/rosqiu/coppelia_control/install/setup.zsh'
