[0.183s] DEBUG:colcon:Command line arguments: ['/usr/bin/colcon', 'build', '--symlink-install']
[0.183s] DEBUG:colcon:Parsed command line arguments: Namespace(log_base=None, log_level=None, verb_name='build', build_base='build', install_base='install', merge_install=False, symlink_install=True, test_result_base=None, continue_on_error=False, executor='parallel', parallel_workers=3, event_handlers=None, ignore_user_meta=False, metas=['./colcon.meta'], base_paths=['.'], packages_ignore=None, packages_ignore_regex=None, paths=None, packages_up_to=None, packages_up_to_regex=None, packages_above=None, packages_above_and_dependencies=None, packages_above_depth=None, packages_select_by_dep=None, packages_skip_by_dep=None, packages_skip_up_to=None, packages_select_build_failed=False, packages_skip_build_finished=False, packages_select_test_failures=False, packages_skip_test_passed=False, packages_select=None, packages_skip=None, packages_select_regex=None, packages_skip_regex=None, packages_start=None, packages_end=None, allow_overriding=[], cmake_args=None, cmake_target=None, cmake_target_skip_unavailable=False, cmake_clean_cache=False, cmake_clean_first=False, cmake_force_configure=False, ament_cmake_args=None, catkin_cmake_args=None, catkin_skip_building_tests=False, mixin_files=None, mixin=None, verb_parser=<colcon_mixin.mixin.mixin_argument.MixinArgumentDecorator object at 0x779a41766920>, verb_extension=<colcon_core.verb.build.BuildVerb object at 0x779a41766470>, main=<bound method BuildVerb.main of <colcon_core.verb.build.BuildVerb object at 0x779a41766470>>, mixin_verb=('build',))
[0.437s] Level 1:colcon.colcon_core.package_discovery:discover_packages(colcon_meta) check parameters
[0.438s] Level 1:colcon.colcon_core.package_discovery:discover_packages(recursive) check parameters
[0.438s] Level 1:colcon.colcon_core.package_discovery:discover_packages(ignore) check parameters
[0.438s] Level 1:colcon.colcon_core.package_discovery:discover_packages(path) check parameters
[0.438s] Level 1:colcon.colcon_core.package_discovery:discover_packages(colcon_meta) discover
[0.438s] Level 1:colcon.colcon_core.package_discovery:discover_packages(recursive) discover
[0.438s] INFO:colcon.colcon_core.package_discovery:Crawling recursively for packages in '/home/rosqiu/coppelia_control'
[0.438s] Level 1:colcon.colcon_core.package_identification:_identify(.) by extensions ['ignore', 'ignore_ament_install']
[0.438s] Level 1:colcon.colcon_core.package_identification:_identify(.) by extension 'ignore'
[0.438s] Level 1:colcon.colcon_core.package_identification:_identify(.) by extension 'ignore_ament_install'
[0.438s] Level 1:colcon.colcon_core.package_identification:_identify(.) by extensions ['colcon_pkg']
[0.438s] Level 1:colcon.colcon_core.package_identification:_identify(.) by extension 'colcon_pkg'
[0.438s] Level 1:colcon.colcon_core.package_identification:_identify(.) by extensions ['colcon_meta']
[0.438s] Level 1:colcon.colcon_core.package_identification:_identify(.) by extension 'colcon_meta'
[0.438s] Level 1:colcon.colcon_core.package_identification:_identify(.) by extensions ['ros']
[0.438s] Level 1:colcon.colcon_core.package_identification:_identify(.) by extension 'ros'
[0.456s] Level 1:colcon.colcon_core.package_identification:_identify(.) by extensions ['cmake', 'python']
[0.456s] Level 1:colcon.colcon_core.package_identification:_identify(.) by extension 'cmake'
[0.456s] Level 1:colcon.colcon_core.package_identification:_identify(.) by extension 'python'
[0.456s] Level 1:colcon.colcon_core.package_identification:_identify(.) by extensions ['python_setup_py']
[0.456s] Level 1:colcon.colcon_core.package_identification:_identify(.) by extension 'python_setup_py'
[0.456s] Level 1:colcon.colcon_core.package_identification:_identify(build) by extensions ['ignore', 'ignore_ament_install']
[0.457s] Level 1:colcon.colcon_core.package_identification:_identify(build) by extension 'ignore'
[0.457s] Level 1:colcon.colcon_core.package_identification:_identify(build) ignored
[0.457s] Level 1:colcon.colcon_core.package_identification:_identify(install) by extensions ['ignore', 'ignore_ament_install']
[0.458s] Level 1:colcon.colcon_core.package_identification:_identify(install) by extension 'ignore'
[0.458s] Level 1:colcon.colcon_core.package_identification:_identify(install) ignored
[0.458s] Level 1:colcon.colcon_core.package_identification:_identify(log) by extensions ['ignore', 'ignore_ament_install']
[0.459s] Level 1:colcon.colcon_core.package_identification:_identify(log) by extension 'ignore'
[0.459s] Level 1:colcon.colcon_core.package_identification:_identify(log) ignored
[0.459s] Level 1:colcon.colcon_core.package_identification:_identify(src) by extensions ['ignore', 'ignore_ament_install']
[0.460s] Level 1:colcon.colcon_core.package_identification:_identify(src) by extension 'ignore'
[0.460s] Level 1:colcon.colcon_core.package_identification:_identify(src) by extension 'ignore_ament_install'
[0.460s] Level 1:colcon.colcon_core.package_identification:_identify(src) by extensions ['colcon_pkg']
[0.460s] Level 1:colcon.colcon_core.package_identification:_identify(src) by extension 'colcon_pkg'
[0.460s] Level 1:colcon.colcon_core.package_identification:_identify(src) by extensions ['colcon_meta']
[0.460s] Level 1:colcon.colcon_core.package_identification:_identify(src) by extension 'colcon_meta'
[0.460s] Level 1:colcon.colcon_core.package_identification:_identify(src) by extensions ['ros']
[0.460s] Level 1:colcon.colcon_core.package_identification:_identify(src) by extension 'ros'
[0.460s] Level 1:colcon.colcon_core.package_identification:_identify(src) by extensions ['cmake', 'python']
[0.461s] Level 1:colcon.colcon_core.package_identification:_identify(src) by extension 'cmake'
[0.461s] Level 1:colcon.colcon_core.package_identification:_identify(src) by extension 'python'
[0.461s] Level 1:colcon.colcon_core.package_identification:_identify(src) by extensions ['python_setup_py']
[0.461s] Level 1:colcon.colcon_core.package_identification:_identify(src) by extension 'python_setup_py'
[0.461s] Level 1:colcon.colcon_core.package_identification:_identify(src/coppelia_control) by extensions ['ignore', 'ignore_ament_install']
[0.461s] Level 1:colcon.colcon_core.package_identification:_identify(src/coppelia_control) by extension 'ignore'
[0.461s] Level 1:colcon.colcon_core.package_identification:_identify(src/coppelia_control) by extension 'ignore_ament_install'
[0.462s] Level 1:colcon.colcon_core.package_identification:_identify(src/coppelia_control) by extensions ['colcon_pkg']
[0.462s] Level 1:colcon.colcon_core.package_identification:_identify(src/coppelia_control) by extension 'colcon_pkg'
[0.462s] Level 1:colcon.colcon_core.package_identification:_identify(src/coppelia_control) by extensions ['colcon_meta']
[0.462s] Level 1:colcon.colcon_core.package_identification:_identify(src/coppelia_control) by extension 'colcon_meta'
[0.462s] Level 1:colcon.colcon_core.package_identification:_identify(src/coppelia_control) by extensions ['ros']
[0.462s] Level 1:colcon.colcon_core.package_identification:_identify(src/coppelia_control) by extension 'ros'
[0.468s] DEBUG:colcon.colcon_core.package_identification:Package 'src/coppelia_control' with type 'ros.ament_cmake' and name 'coppelia_control'
[0.469s] Level 1:colcon.colcon_core.package_identification:_identify(src/franka_moveit_config) by extensions ['ignore', 'ignore_ament_install']
[0.469s] Level 1:colcon.colcon_core.package_identification:_identify(src/franka_moveit_config) by extension 'ignore'
[0.469s] Level 1:colcon.colcon_core.package_identification:_identify(src/franka_moveit_config) by extension 'ignore_ament_install'
[0.469s] Level 1:colcon.colcon_core.package_identification:_identify(src/franka_moveit_config) by extensions ['colcon_pkg']
[0.469s] Level 1:colcon.colcon_core.package_identification:_identify(src/franka_moveit_config) by extension 'colcon_pkg'
[0.469s] Level 1:colcon.colcon_core.package_identification:_identify(src/franka_moveit_config) by extensions ['colcon_meta']
[0.469s] Level 1:colcon.colcon_core.package_identification:_identify(src/franka_moveit_config) by extension 'colcon_meta'
[0.470s] Level 1:colcon.colcon_core.package_identification:_identify(src/franka_moveit_config) by extensions ['ros']
[0.470s] Level 1:colcon.colcon_core.package_identification:_identify(src/franka_moveit_config) by extension 'ros'
[0.473s] DEBUG:colcon.colcon_core.package_identification:Package 'src/franka_moveit_config' with type 'ros.ament_cmake' and name 'franka_moveit_config'
[0.473s] Level 1:colcon.colcon_core.package_discovery:discover_packages(recursive) using defaults
[0.473s] Level 1:colcon.colcon_core.package_discovery:discover_packages(ignore) discover
[0.473s] Level 1:colcon.colcon_core.package_discovery:discover_packages(ignore) using defaults
[0.473s] Level 1:colcon.colcon_core.package_discovery:discover_packages(path) discover
[0.473s] Level 1:colcon.colcon_core.package_discovery:discover_packages(path) using defaults
[0.506s] Level 1:colcon.colcon_core.package_discovery:discover_packages(prefix_path) check parameters
[0.506s] Level 1:colcon.colcon_core.package_discovery:discover_packages(prefix_path) discover
[0.508s] DEBUG:colcon.colcon_installed_package_information.package_discovery:Found 2 installed packages in /home/rosqiu/coppelia_control/install
[0.511s] DEBUG:colcon.colcon_installed_package_information.package_discovery:Found 433 installed packages in /opt/ros/humble
[0.513s] Level 1:colcon.colcon_core.package_discovery:discover_packages(prefix_path) using defaults
[0.595s] Level 5:colcon.colcon_core.verb:set package 'coppelia_control' build argument 'cmake_args' from command line to 'None'
[0.596s] Level 5:colcon.colcon_core.verb:set package 'coppelia_control' build argument 'cmake_target' from command line to 'None'
[0.596s] Level 5:colcon.colcon_core.verb:set package 'coppelia_control' build argument 'cmake_target_skip_unavailable' from command line to 'False'
[0.596s] Level 5:colcon.colcon_core.verb:set package 'coppelia_control' build argument 'cmake_clean_cache' from command line to 'False'
[0.597s] Level 5:colcon.colcon_core.verb:set package 'coppelia_control' build argument 'cmake_clean_first' from command line to 'False'
[0.597s] Level 5:colcon.colcon_core.verb:set package 'coppelia_control' build argument 'cmake_force_configure' from command line to 'False'
[0.597s] Level 5:colcon.colcon_core.verb:set package 'coppelia_control' build argument 'ament_cmake_args' from command line to 'None'
[0.597s] Level 5:colcon.colcon_core.verb:set package 'coppelia_control' build argument 'catkin_cmake_args' from command line to 'None'
[0.597s] Level 5:colcon.colcon_core.verb:set package 'coppelia_control' build argument 'catkin_skip_building_tests' from command line to 'False'
[0.597s] DEBUG:colcon.colcon_core.verb:Building package 'coppelia_control' with the following arguments: {'ament_cmake_args': None, 'build_base': '/home/rosqiu/coppelia_control/build/coppelia_control', 'catkin_cmake_args': None, 'catkin_skip_building_tests': False, 'cmake_args': None, 'cmake_clean_cache': False, 'cmake_clean_first': False, 'cmake_force_configure': False, 'cmake_target': None, 'cmake_target_skip_unavailable': False, 'install_base': '/home/rosqiu/coppelia_control/install/coppelia_control', 'merge_install': False, 'path': '/home/rosqiu/coppelia_control/src/coppelia_control', 'symlink_install': True, 'test_result_base': None}
[0.598s] Level 5:colcon.colcon_core.verb:set package 'franka_moveit_config' build argument 'cmake_args' from command line to 'None'
[0.598s] Level 5:colcon.colcon_core.verb:set package 'franka_moveit_config' build argument 'cmake_target' from command line to 'None'
[0.598s] Level 5:colcon.colcon_core.verb:set package 'franka_moveit_config' build argument 'cmake_target_skip_unavailable' from command line to 'False'
[0.599s] Level 5:colcon.colcon_core.verb:set package 'franka_moveit_config' build argument 'cmake_clean_cache' from command line to 'False'
[0.599s] Level 5:colcon.colcon_core.verb:set package 'franka_moveit_config' build argument 'cmake_clean_first' from command line to 'False'
[0.599s] Level 5:colcon.colcon_core.verb:set package 'franka_moveit_config' build argument 'cmake_force_configure' from command line to 'False'
[0.599s] Level 5:colcon.colcon_core.verb:set package 'franka_moveit_config' build argument 'ament_cmake_args' from command line to 'None'
[0.599s] Level 5:colcon.colcon_core.verb:set package 'franka_moveit_config' build argument 'catkin_cmake_args' from command line to 'None'
[0.599s] Level 5:colcon.colcon_core.verb:set package 'franka_moveit_config' build argument 'catkin_skip_building_tests' from command line to 'False'
[0.599s] DEBUG:colcon.colcon_core.verb:Building package 'franka_moveit_config' with the following arguments: {'ament_cmake_args': None, 'build_base': '/home/rosqiu/coppelia_control/build/franka_moveit_config', 'catkin_cmake_args': None, 'catkin_skip_building_tests': False, 'cmake_args': None, 'cmake_clean_cache': False, 'cmake_clean_first': False, 'cmake_force_configure': False, 'cmake_target': None, 'cmake_target_skip_unavailable': False, 'install_base': '/home/rosqiu/coppelia_control/install/franka_moveit_config', 'merge_install': False, 'path': '/home/rosqiu/coppelia_control/src/franka_moveit_config', 'symlink_install': True, 'test_result_base': None}
[0.599s] INFO:colcon.colcon_core.executor:Executing jobs using 'parallel' executor
[0.601s] DEBUG:colcon.colcon_parallel_executor.executor.parallel:run_until_complete
[0.601s] INFO:colcon.colcon_ros.task.ament_cmake.build:Building ROS package in '/home/rosqiu/coppelia_control/src/coppelia_control' with build type 'ament_cmake'
[0.602s] INFO:colcon.colcon_cmake.task.cmake.build:Building CMake package in '/home/rosqiu/coppelia_control/src/coppelia_control'
[0.605s] INFO:colcon.colcon_core.plugin_system:Skipping extension 'colcon_core.shell.bat': Not used on non-Windows systems
[0.605s] INFO:colcon.colcon_core.shell:Skip shell extension 'powershell' for command environment: Not usable outside of PowerShell
[0.605s] DEBUG:colcon.colcon_core.shell:Skip shell extension 'dsv' for command environment
[0.630s] DEBUG:colcon.colcon_core.event_handler.log_command:Invoking command in '/home/rosqiu/coppelia_control/build/coppelia_control': CMAKE_PREFIX_PATH=${CMAKE_PREFIX_PATH}:/opt/ros/humble /usr/bin/cmake --build /home/rosqiu/coppelia_control/build/coppelia_control -- -j3 -l3
[27.160s] DEBUG:colcon.colcon_core.event_handler.log_command:Invoked command in '/home/rosqiu/coppelia_control/build/coppelia_control' returned '0': CMAKE_PREFIX_PATH=${CMAKE_PREFIX_PATH}:/opt/ros/humble /usr/bin/cmake --build /home/rosqiu/coppelia_control/build/coppelia_control -- -j3 -l3
[27.180s] DEBUG:colcon.colcon_core.event_handler.log_command:Invoking command in '/home/rosqiu/coppelia_control/build/coppelia_control': CMAKE_PREFIX_PATH=${CMAKE_PREFIX_PATH}:/opt/ros/humble /usr/bin/cmake --install /home/rosqiu/coppelia_control/build/coppelia_control
[27.315s] Level 1:colcon.colcon_core.environment:create_environment_scripts_only(coppelia_control)
[27.326s] Level 1:colcon.colcon_core.environment:checking '/home/rosqiu/coppelia_control/install/coppelia_control' for CMake module files
[27.327s] DEBUG:colcon.colcon_core.event_handler.log_command:Invoked command in '/home/rosqiu/coppelia_control/build/coppelia_control' returned '0': CMAKE_PREFIX_PATH=${CMAKE_PREFIX_PATH}:/opt/ros/humble /usr/bin/cmake --install /home/rosqiu/coppelia_control/build/coppelia_control
[27.328s] Level 1:colcon.colcon_core.environment:checking '/home/rosqiu/coppelia_control/install/coppelia_control' for CMake config files
[27.328s] Level 1:colcon.colcon_core.shell:create_environment_hook('coppelia_control', 'cmake_prefix_path')
[27.329s] INFO:colcon.colcon_core.shell:Creating environment hook '/home/rosqiu/coppelia_control/install/coppelia_control/share/coppelia_control/hook/cmake_prefix_path.ps1'
[27.330s] INFO:colcon.colcon_core.shell:Creating environment descriptor '/home/rosqiu/coppelia_control/install/coppelia_control/share/coppelia_control/hook/cmake_prefix_path.dsv'
[27.331s] INFO:colcon.colcon_core.shell:Creating environment hook '/home/rosqiu/coppelia_control/install/coppelia_control/share/coppelia_control/hook/cmake_prefix_path.sh'
[27.333s] Level 1:colcon.colcon_core.environment:checking '/home/rosqiu/coppelia_control/install/coppelia_control/lib'
[27.333s] Level 1:colcon.colcon_core.shell:create_environment_hook('coppelia_control', 'ld_library_path_lib')
[27.334s] INFO:colcon.colcon_core.shell:Creating environment hook '/home/rosqiu/coppelia_control/install/coppelia_control/share/coppelia_control/hook/ld_library_path_lib.ps1'
[27.335s] INFO:colcon.colcon_core.shell:Creating environment descriptor '/home/rosqiu/coppelia_control/install/coppelia_control/share/coppelia_control/hook/ld_library_path_lib.dsv'
[27.336s] INFO:colcon.colcon_core.shell:Creating environment hook '/home/rosqiu/coppelia_control/install/coppelia_control/share/coppelia_control/hook/ld_library_path_lib.sh'
[27.337s] Level 1:colcon.colcon_core.environment:checking '/home/rosqiu/coppelia_control/install/coppelia_control/bin'
[27.337s] Level 1:colcon.colcon_core.environment:checking '/home/rosqiu/coppelia_control/install/coppelia_control/lib/pkgconfig/coppelia_control.pc'
[27.338s] Level 1:colcon.colcon_core.environment:checking '/home/rosqiu/coppelia_control/install/coppelia_control/lib/python3.10/site-packages'
[27.338s] Level 1:colcon.colcon_core.environment:checking '/home/rosqiu/coppelia_control/install/coppelia_control/bin'
[27.339s] INFO:colcon.colcon_core.shell:Creating package script '/home/rosqiu/coppelia_control/install/coppelia_control/share/coppelia_control/package.ps1'
[27.340s] INFO:colcon.colcon_core.shell:Creating package descriptor '/home/rosqiu/coppelia_control/install/coppelia_control/share/coppelia_control/package.dsv'
[27.341s] INFO:colcon.colcon_core.shell:Creating package script '/home/rosqiu/coppelia_control/install/coppelia_control/share/coppelia_control/package.sh'
[27.342s] INFO:colcon.colcon_core.shell:Creating package script '/home/rosqiu/coppelia_control/install/coppelia_control/share/coppelia_control/package.bash'
[27.344s] INFO:colcon.colcon_core.shell:Creating package script '/home/rosqiu/coppelia_control/install/coppelia_control/share/coppelia_control/package.zsh'
[27.346s] Level 1:colcon.colcon_core.environment:create_file_with_runtime_dependencies(/home/rosqiu/coppelia_control/install/coppelia_control/share/colcon-core/packages/coppelia_control)
[27.348s] Level 1:colcon.colcon_core.environment:create_environment_scripts_only(coppelia_control)
[27.349s] Level 1:colcon.colcon_core.environment:checking '/home/rosqiu/coppelia_control/install/coppelia_control' for CMake module files
[27.349s] Level 1:colcon.colcon_core.environment:checking '/home/rosqiu/coppelia_control/install/coppelia_control' for CMake config files
[27.350s] Level 1:colcon.colcon_core.shell:create_environment_hook('coppelia_control', 'cmake_prefix_path')
[27.350s] INFO:colcon.colcon_core.shell:Creating environment hook '/home/rosqiu/coppelia_control/install/coppelia_control/share/coppelia_control/hook/cmake_prefix_path.ps1'
[27.351s] INFO:colcon.colcon_core.shell:Creating environment descriptor '/home/rosqiu/coppelia_control/install/coppelia_control/share/coppelia_control/hook/cmake_prefix_path.dsv'
[27.352s] INFO:colcon.colcon_core.shell:Creating environment hook '/home/rosqiu/coppelia_control/install/coppelia_control/share/coppelia_control/hook/cmake_prefix_path.sh'
[27.354s] Level 1:colcon.colcon_core.environment:checking '/home/rosqiu/coppelia_control/install/coppelia_control/lib'
[27.354s] Level 1:colcon.colcon_core.shell:create_environment_hook('coppelia_control', 'ld_library_path_lib')
[27.355s] INFO:colcon.colcon_core.shell:Creating environment hook '/home/rosqiu/coppelia_control/install/coppelia_control/share/coppelia_control/hook/ld_library_path_lib.ps1'
[27.355s] INFO:colcon.colcon_core.shell:Creating environment descriptor '/home/rosqiu/coppelia_control/install/coppelia_control/share/coppelia_control/hook/ld_library_path_lib.dsv'
[27.356s] INFO:colcon.colcon_core.shell:Creating environment hook '/home/rosqiu/coppelia_control/install/coppelia_control/share/coppelia_control/hook/ld_library_path_lib.sh'
[27.357s] Level 1:colcon.colcon_core.environment:checking '/home/rosqiu/coppelia_control/install/coppelia_control/bin'
[27.357s] Level 1:colcon.colcon_core.environment:checking '/home/rosqiu/coppelia_control/install/coppelia_control/lib/pkgconfig/coppelia_control.pc'
[27.357s] Level 1:colcon.colcon_core.environment:checking '/home/rosqiu/coppelia_control/install/coppelia_control/lib/python3.10/site-packages'
[27.358s] Level 1:colcon.colcon_core.environment:checking '/home/rosqiu/coppelia_control/install/coppelia_control/bin'
[27.358s] INFO:colcon.colcon_core.shell:Creating package script '/home/rosqiu/coppelia_control/install/coppelia_control/share/coppelia_control/package.ps1'
[27.359s] INFO:colcon.colcon_core.shell:Creating package descriptor '/home/rosqiu/coppelia_control/install/coppelia_control/share/coppelia_control/package.dsv'
[27.360s] INFO:colcon.colcon_core.shell:Creating package script '/home/rosqiu/coppelia_control/install/coppelia_control/share/coppelia_control/package.sh'
[27.361s] INFO:colcon.colcon_core.shell:Creating package script '/home/rosqiu/coppelia_control/install/coppelia_control/share/coppelia_control/package.bash'
[27.363s] INFO:colcon.colcon_core.shell:Creating package script '/home/rosqiu/coppelia_control/install/coppelia_control/share/coppelia_control/package.zsh'
[27.364s] Level 1:colcon.colcon_core.environment:create_file_with_runtime_dependencies(/home/rosqiu/coppelia_control/install/coppelia_control/share/colcon-core/packages/coppelia_control)
[27.365s] INFO:colcon.colcon_ros.task.ament_cmake.build:Building ROS package in '/home/rosqiu/coppelia_control/src/franka_moveit_config' with build type 'ament_cmake'
[27.365s] INFO:colcon.colcon_cmake.task.cmake.build:Building CMake package in '/home/rosqiu/coppelia_control/src/franka_moveit_config'
[27.366s] INFO:colcon.colcon_core.shell:Skip shell extension 'powershell' for command environment: Not usable outside of PowerShell
[27.366s] DEBUG:colcon.colcon_core.shell:Skip shell extension 'dsv' for command environment
[27.416s] DEBUG:colcon.colcon_core.event_handler.log_command:Invoking command in '/home/rosqiu/coppelia_control/build/franka_moveit_config': CMAKE_PREFIX_PATH=/home/rosqiu/coppelia_control/install/coppelia_control:/home/rosqiu/coppelia_control/install/franka_moveit_config:/opt/ros/humble /usr/bin/cmake --build /home/rosqiu/coppelia_control/build/franka_moveit_config -- -j3 -l3
[27.543s] DEBUG:colcon.colcon_core.event_handler.log_command:Invoked command in '/home/rosqiu/coppelia_control/build/franka_moveit_config' returned '0': CMAKE_PREFIX_PATH=/home/rosqiu/coppelia_control/install/coppelia_control:/home/rosqiu/coppelia_control/install/franka_moveit_config:/opt/ros/humble /usr/bin/cmake --build /home/rosqiu/coppelia_control/build/franka_moveit_config -- -j3 -l3
[27.544s] DEBUG:colcon.colcon_core.event_handler.log_command:Invoking command in '/home/rosqiu/coppelia_control/build/franka_moveit_config': CMAKE_PREFIX_PATH=/home/rosqiu/coppelia_control/install/coppelia_control:/home/rosqiu/coppelia_control/install/franka_moveit_config:/opt/ros/humble /usr/bin/cmake --install /home/rosqiu/coppelia_control/build/franka_moveit_config
[27.603s] Level 1:colcon.colcon_core.environment:create_environment_scripts_only(franka_moveit_config)
[27.603s] Level 1:colcon.colcon_core.environment:checking '/home/rosqiu/coppelia_control/install/franka_moveit_config' for CMake module files
[27.604s] Level 1:colcon.colcon_core.environment:checking '/home/rosqiu/coppelia_control/install/franka_moveit_config' for CMake config files
[27.604s] Level 1:colcon.colcon_core.shell:create_environment_hook('franka_moveit_config', 'cmake_prefix_path')
[27.604s] INFO:colcon.colcon_core.shell:Creating environment hook '/home/rosqiu/coppelia_control/install/franka_moveit_config/share/franka_moveit_config/hook/cmake_prefix_path.ps1'
[27.605s] INFO:colcon.colcon_core.shell:Creating environment descriptor '/home/rosqiu/coppelia_control/install/franka_moveit_config/share/franka_moveit_config/hook/cmake_prefix_path.dsv'
[27.607s] DEBUG:colcon.colcon_core.event_handler.log_command:Invoked command in '/home/rosqiu/coppelia_control/build/franka_moveit_config' returned '0': CMAKE_PREFIX_PATH=/home/rosqiu/coppelia_control/install/coppelia_control:/home/rosqiu/coppelia_control/install/franka_moveit_config:/opt/ros/humble /usr/bin/cmake --install /home/rosqiu/coppelia_control/build/franka_moveit_config
[27.608s] INFO:colcon.colcon_core.shell:Creating environment hook '/home/rosqiu/coppelia_control/install/franka_moveit_config/share/franka_moveit_config/hook/cmake_prefix_path.sh'
[27.609s] Level 1:colcon.colcon_core.environment:checking '/home/rosqiu/coppelia_control/install/franka_moveit_config/bin'
[27.610s] Level 1:colcon.colcon_core.environment:checking '/home/rosqiu/coppelia_control/install/franka_moveit_config/lib/pkgconfig/franka_moveit_config.pc'
[27.610s] Level 1:colcon.colcon_core.environment:checking '/home/rosqiu/coppelia_control/install/franka_moveit_config/lib/python3.10/site-packages'
[27.610s] Level 1:colcon.colcon_core.environment:checking '/home/rosqiu/coppelia_control/install/franka_moveit_config/bin'
[27.610s] INFO:colcon.colcon_core.shell:Creating package script '/home/rosqiu/coppelia_control/install/franka_moveit_config/share/franka_moveit_config/package.ps1'
[27.612s] INFO:colcon.colcon_core.shell:Creating package descriptor '/home/rosqiu/coppelia_control/install/franka_moveit_config/share/franka_moveit_config/package.dsv'
[27.614s] INFO:colcon.colcon_core.shell:Creating package script '/home/rosqiu/coppelia_control/install/franka_moveit_config/share/franka_moveit_config/package.sh'
[27.614s] INFO:colcon.colcon_core.shell:Creating package script '/home/rosqiu/coppelia_control/install/franka_moveit_config/share/franka_moveit_config/package.bash'
[27.617s] INFO:colcon.colcon_core.shell:Creating package script '/home/rosqiu/coppelia_control/install/franka_moveit_config/share/franka_moveit_config/package.zsh'
[27.621s] Level 1:colcon.colcon_core.environment:create_file_with_runtime_dependencies(/home/rosqiu/coppelia_control/install/franka_moveit_config/share/colcon-core/packages/franka_moveit_config)
[27.623s] Level 1:colcon.colcon_core.environment:create_environment_scripts_only(franka_moveit_config)
[27.623s] Level 1:colcon.colcon_core.environment:checking '/home/rosqiu/coppelia_control/install/franka_moveit_config' for CMake module files
[27.624s] Level 1:colcon.colcon_core.environment:checking '/home/rosqiu/coppelia_control/install/franka_moveit_config' for CMake config files
[27.624s] Level 1:colcon.colcon_core.shell:create_environment_hook('franka_moveit_config', 'cmake_prefix_path')
[27.624s] INFO:colcon.colcon_core.shell:Creating environment hook '/home/rosqiu/coppelia_control/install/franka_moveit_config/share/franka_moveit_config/hook/cmake_prefix_path.ps1'
[27.626s] INFO:colcon.colcon_core.shell:Creating environment descriptor '/home/rosqiu/coppelia_control/install/franka_moveit_config/share/franka_moveit_config/hook/cmake_prefix_path.dsv'
[27.627s] INFO:colcon.colcon_core.shell:Creating environment hook '/home/rosqiu/coppelia_control/install/franka_moveit_config/share/franka_moveit_config/hook/cmake_prefix_path.sh'
[27.631s] Level 1:colcon.colcon_core.environment:checking '/home/rosqiu/coppelia_control/install/franka_moveit_config/bin'
[27.632s] Level 1:colcon.colcon_core.environment:checking '/home/rosqiu/coppelia_control/install/franka_moveit_config/lib/pkgconfig/franka_moveit_config.pc'
[27.632s] Level 1:colcon.colcon_core.environment:checking '/home/rosqiu/coppelia_control/install/franka_moveit_config/lib/python3.10/site-packages'
[27.633s] Level 1:colcon.colcon_core.environment:checking '/home/rosqiu/coppelia_control/install/franka_moveit_config/bin'
[27.633s] INFO:colcon.colcon_core.shell:Creating package script '/home/rosqiu/coppelia_control/install/franka_moveit_config/share/franka_moveit_config/package.ps1'
[27.634s] INFO:colcon.colcon_core.shell:Creating package descriptor '/home/rosqiu/coppelia_control/install/franka_moveit_config/share/franka_moveit_config/package.dsv'
[27.636s] INFO:colcon.colcon_core.shell:Creating package script '/home/rosqiu/coppelia_control/install/franka_moveit_config/share/franka_moveit_config/package.sh'
[27.638s] INFO:colcon.colcon_core.shell:Creating package script '/home/rosqiu/coppelia_control/install/franka_moveit_config/share/franka_moveit_config/package.bash'
[27.642s] INFO:colcon.colcon_core.shell:Creating package script '/home/rosqiu/coppelia_control/install/franka_moveit_config/share/franka_moveit_config/package.zsh'
[27.647s] Level 1:colcon.colcon_core.environment:create_file_with_runtime_dependencies(/home/rosqiu/coppelia_control/install/franka_moveit_config/share/colcon-core/packages/franka_moveit_config)
[27.649s] DEBUG:colcon.colcon_parallel_executor.executor.parallel:closing loop
[27.653s] DEBUG:colcon.colcon_parallel_executor.executor.parallel:loop closed
[27.653s] DEBUG:colcon.colcon_parallel_executor.executor.parallel:run_until_complete finished with '0'
[27.653s] DEBUG:colcon.colcon_core.event_reactor:joining thread
[27.659s] INFO:colcon.colcon_core.plugin_system:Skipping extension 'colcon_notification.desktop_notification.terminal_notifier': Not used on non-Darwin systems
[27.659s] INFO:colcon.colcon_core.plugin_system:Skipping extension 'colcon_notification.desktop_notification.win32': Not used on non-Windows systems
[27.659s] INFO:colcon.colcon_notification.desktop_notification:Sending desktop notification using 'notify2'
[27.709s] DEBUG:colcon.colcon_core.event_reactor:joined thread
[27.709s] INFO:colcon.colcon_core.shell:Creating prefix script '/home/rosqiu/coppelia_control/install/local_setup.ps1'
[27.711s] INFO:colcon.colcon_core.shell:Creating prefix util module '/home/rosqiu/coppelia_control/install/_local_setup_util_ps1.py'
[27.730s] INFO:colcon.colcon_core.shell:Creating prefix chain script '/home/rosqiu/coppelia_control/install/setup.ps1'
[27.737s] INFO:colcon.colcon_core.shell:Creating prefix script '/home/rosqiu/coppelia_control/install/local_setup.sh'
[27.738s] INFO:colcon.colcon_core.shell:Creating prefix util module '/home/rosqiu/coppelia_control/install/_local_setup_util_sh.py'
[27.739s] INFO:colcon.colcon_core.shell:Creating prefix chain script '/home/rosqiu/coppelia_control/install/setup.sh'
[27.743s] INFO:colcon.colcon_core.shell:Creating prefix script '/home/rosqiu/coppelia_control/install/local_setup.bash'
[27.745s] INFO:colcon.colcon_core.shell:Creating prefix chain script '/home/rosqiu/coppelia_control/install/setup.bash'
[27.747s] INFO:colcon.colcon_core.shell:Creating prefix script '/home/rosqiu/coppelia_control/install/local_setup.zsh'
[27.752s] INFO:colcon.colcon_core.shell:Creating prefix chain script '/home/rosqiu/coppelia_control/install/setup.zsh'
