[0.039s] Invoking command in '/home/rosqiu/coppelia_control/build/coppelia_control': CMAKE_PREFIX_PATH=${CMAKE_PREFIX_PATH}:/home/rosqiu/demo01/install/learning_urdf:/home/rosqiu/demo01/install/learning_topic:/home/rosqiu/demo01/install/learning_tf:/home/rosqiu/demo01/install/learning_service:/home/rosqiu/demo01/install/learning_qos:/home/rosqiu/demo01/install/learning_pkg_python:/home/rosqiu/demo01/install/learning_parameter:/home/rosqiu/demo01/install/learning_node:/home/rosqiu/demo01/install/learning_launch:/home/rosqiu/demo01/install/learning_action:/home/rosqiu/demo01/install/learning_gazebo_harmonic:/home/rosqiu/demo01/install/learning_gazebo:/home/rosqiu/demo01/install/learning_cv:/opt/ros/humble /usr/bin/cmake --build /home/rosqiu/coppelia_control/build/coppelia_control -- -j3 -l3
[0.182s] -- Found ament_cmake: 1.3.12 (/opt/ros/humble/share/ament_cmake/cmake)
[0.612s] -- Override CMake install command with custom implementation using symlinks instead of copying resources
[0.723s] -- Found rclcpp: 16.0.15 (/opt/ros/humble/share/rclcpp/cmake)
[0.950s] -- Found rosidl_generator_c: 3.1.7 (/opt/ros/humble/share/rosidl_generator_c/cmake)
[0.962s] -- Found rosidl_adapter: 3.1.7 (/opt/ros/humble/share/rosidl_adapter/cmake)
[0.997s] -- Found rosidl_generator_cpp: 3.1.7 (/opt/ros/humble/share/rosidl_generator_cpp/cmake)
[1.065s] -- Using all available rosidl_typesupport_c: rosidl_typesupport_fastrtps_c;rosidl_typesupport_introspection_c
[1.117s] -- Using all available rosidl_typesupport_cpp: rosidl_typesupport_fastrtps_cpp;rosidl_typesupport_introspection_cpp
[1.283s] -- Found rmw_implementation_cmake: 6.1.2 (/opt/ros/humble/share/rmw_implementation_cmake/cmake)
[1.298s] -- Found rmw_fastrtps_cpp: 6.2.8 (/opt/ros/humble/share/rmw_fastrtps_cpp/cmake)
[1.687s] -- Using RMW implementation 'rmw_fastrtps_cpp' as default
[2.008s] -- Found sensor_msgs: 4.9.0 (/opt/ros/humble/share/sensor_msgs/cmake)
[2.171s] -- Found moveit_ros_planning_interface: 2.5.9 (/opt/ros/humble/share/moveit_ros_planning_interface/cmake)
[2.259s] -- Found Boost: /usr/lib/x86_64-linux-gnu/cmake/Boost-1.74.0/BoostConfig.cmake (found version "1.74.0") found components: date_time filesystem program_options system thread 
[2.981s] -- Found Boost: /usr/lib/x86_64-linux-gnu/cmake/Boost-1.74.0/BoostConfig.cmake (found version "1.74.0") found components: chrono date_time filesystem iostreams program_options regex serialization system thread 
[3.098s] -- Found parameter_traits: 0.5.0 (/opt/ros/humble/share/parameter_traits/cmake)
[3.133s] -- Found rclcpp_lifecycle: 16.0.15 (/opt/ros/humble/share/rclcpp_lifecycle/cmake)
[3.215s] -- Found Boost: /usr/lib/x86_64-linux-gnu/cmake/Boost-1.74.0/BoostConfig.cmake (found version "1.74.0") found components: filesystem 
[3.323s] -- library: /usr/lib/x86_64-linux-gnu/libcurl.so
[3.402s] -- Ensuring Eigen3 include directory is part of orocos-kdl CMake target
[3.921s] -- Found Boost: /usr/lib/x86_64-linux-gnu/cmake/Boost-1.74.0/BoostConfig.cmake (found version "1.74.0") found components: system filesystem date_time program_options thread chrono 
[4.013s] -- Found Boost: /usr/lib/x86_64-linux-gnu/cmake/Boost-1.74.0/BoostConfig.cmake (found version "1.74.0") found components: thread system filesystem regex date_time program_options 
[4.060s] -- Found Boost: /usr/lib/x86_64-linux-gnu/cmake/Boost-1.74.0/BoostConfig.cmake (found version "1.74.0") found components: system filesystem date_time program_options thread 
[4.155s] [0mCMake Error: File /home/rosqiu/coppelia_control/src/coppelia_control/urdf/panda.urdf does not exist.[0m
[4.161s] [31mCMake Error at CMakeLists.txt:29 (configure_file):
[4.161s]   configure_file Problem configuring file
[4.161s] 
[4.161s] [0m
[4.161s] [0mCMake Error: File /home/rosqiu/coppelia_control/src/coppelia_control/srdf/panda.srdf does not exist.[0m
[4.161s] [31mCMake Error at CMakeLists.txt:30 (configure_file):
[4.161s]   configure_file Problem configuring file
[4.161s] 
[4.161s] [0m
[4.447s] -- Configuring incomplete, errors occurred!
[4.447s] See also "/home/rosqiu/coppelia_control/build/coppelia_control/CMakeFiles/CMakeOutput.log".
[4.463s] gmake: *** [Makefile:362：cmake_check_build_system] 错误 1
[4.471s] Invoked command in '/home/rosqiu/coppelia_control/build/coppelia_control' returned '2': CMAKE_PREFIX_PATH=${CMAKE_PREFIX_PATH}:/home/rosqiu/demo01/install/learning_urdf:/home/rosqiu/demo01/install/learning_topic:/home/rosqiu/demo01/install/learning_tf:/home/rosqiu/demo01/install/learning_service:/home/rosqiu/demo01/install/learning_qos:/home/rosqiu/demo01/install/learning_pkg_python:/home/rosqiu/demo01/install/learning_parameter:/home/rosqiu/demo01/install/learning_node:/home/rosqiu/demo01/install/learning_launch:/home/rosqiu/demo01/install/learning_action:/home/rosqiu/demo01/install/learning_gazebo_harmonic:/home/rosqiu/demo01/install/learning_gazebo:/home/rosqiu/demo01/install/learning_cv:/opt/ros/humble /usr/bin/cmake --build /home/rosqiu/coppelia_control/build/coppelia_control -- -j3 -l3
