-- Found ament_cmake: 1.3.12 (/opt/ros/humble/share/ament_cmake/cmake)
-- Override CMake install command with custom implementation using symlinks instead of copying resources
-- Found rclcpp: 16.0.15 (/opt/ros/humble/share/rclcpp/cmake)
-- Found rosidl_generator_c: 3.1.7 (/opt/ros/humble/share/rosidl_generator_c/cmake)
-- Found rosidl_adapter: 3.1.7 (/opt/ros/humble/share/rosidl_adapter/cmake)
-- Found rosidl_generator_cpp: 3.1.7 (/opt/ros/humble/share/rosidl_generator_cpp/cmake)
-- Using all available rosidl_typesupport_c: rosidl_typesupport_fastrtps_c;rosidl_typesupport_introspection_c
-- Using all available rosidl_typesupport_cpp: rosidl_typesupport_fastrtps_cpp;rosidl_typesupport_introspection_cpp
-- Found rmw_implementation_cmake: 6.1.2 (/opt/ros/humble/share/rmw_implementation_cmake/cmake)
-- Found rmw_fastrtps_cpp: 6.2.8 (/opt/ros/humble/share/rmw_fastrtps_cpp/cmake)
-- Using RMW implementation 'rmw_fastrtps_cpp' as default
-- Found moveit_core: 2.5.9 (/opt/ros/humble/share/moveit_core/cmake)
-- Found Boost: /usr/lib/x86_64-linux-gnu/cmake/Boost-1.74.0/BoostConfig.cmake (found version "1.74.0") found components: chrono date_time filesystem iostreams program_options regex serialization system thread 
-- Found parameter_traits: 0.5.0 (/opt/ros/humble/share/parameter_traits/cmake)
-- Found rclcpp_lifecycle: 16.0.15 (/opt/ros/humble/share/rclcpp_lifecycle/cmake)
-- Found Boost: /usr/lib/x86_64-linux-gnu/cmake/Boost-1.74.0/BoostConfig.cmake (found version "1.74.0") found components: filesystem 
-- library: /usr/lib/x86_64-linux-gnu/libcurl.so
-- Ensuring Eigen3 include directory is part of orocos-kdl CMake target
-- Found moveit_ros_planning: 2.5.9 (/opt/ros/humble/share/moveit_ros_planning/cmake)
-- Found Boost: /usr/lib/x86_64-linux-gnu/cmake/Boost-1.74.0/BoostConfig.cmake (found version "1.74.0") found components: system filesystem date_time program_options thread chrono 
-- Found moveit_ros_planning_interface: 2.5.9 (/opt/ros/humble/share/moveit_ros_planning_interface/cmake)
-- Found Boost: /usr/lib/x86_64-linux-gnu/cmake/Boost-1.74.0/BoostConfig.cmake (found version "1.74.0") found components: date_time filesystem program_options system thread 
-- Found Boost: /usr/lib/x86_64-linux-gnu/cmake/Boost-1.74.0/BoostConfig.cmake (found version "1.74.0") found components: thread system filesystem regex date_time program_options 
-- Found Boost: /usr/lib/x86_64-linux-gnu/cmake/Boost-1.74.0/BoostConfig.cmake (found version "1.74.0") found components: system filesystem date_time program_options thread 
-- Found ament_lint_auto: 0.12.14 (/opt/ros/humble/share/ament_lint_auto/cmake)
-- Added test 'copyright' to check source files copyright and LICENSE
-- Added test 'cppcheck' to perform static code analysis on C / C++ code
-- Configured cppcheck include dirs: /home/rosqiu/coppelia_control/src/coppelia_control/include
-- Configured cppcheck exclude dirs and/or files: 
-- Added test 'cpplint' to check C / C++ code against the Google style
-- Configured cpplint exclude dirs and/or files: 
-- Added test 'flake8' to check Python code syntax and style conventions
-- Added test 'lint_cmake' to check CMake code style
-- Added test 'pep257' to check Python code against some of the docstring style conventions in PEP 257
-- Added test 'uncrustify' to check C / C++ code style
-- Configured uncrustify additional arguments: 
-- Added test 'xmllint' to check XML markup files
-- Configuring done
-- Generating done
-- Build files have been written to: /home/rosqiu/coppelia_control/build/coppelia_control
[35m[1mConsolidate compiler generated dependencies of target manipulation_interface[0m
[ 25%] Built target manipulation_interface
[35m[1mConsolidate compiler generated dependencies of target vision_interface[0m
[ 50%] Built target vision_interface
[35m[1mConsolidate compiler generated dependencies of target planning_interface[0m
[ 75%] Built target planning_interface
[35m[1mConsolidate compiler generated dependencies of target franka_control_node[0m
[100%] Built target franka_control_node
-- Install configuration: ""
-- Execute custom install script
-- Up-to-date symlink: /home/rosqiu/coppelia_control/install/coppelia_control/lib/libmanipulation_interface.so
-- Up-to-date symlink: /home/rosqiu/coppelia_control/install/coppelia_control/lib/libplanning_interface.so
-- Up-to-date symlink: /home/rosqiu/coppelia_control/install/coppelia_control/lib/libvision_interface.so
-- Up-to-date symlink: /home/rosqiu/coppelia_control/install/coppelia_control/lib/coppelia_control/franka_control_node
-- Up-to-date symlink: /home/rosqiu/coppelia_control/install/coppelia_control/include/coppelia_control/ManipulationInterface.hpp
-- Up-to-date symlink: /home/rosqiu/coppelia_control/install/coppelia_control/include/coppelia_control/PlanningInterface.hpp
-- Up-to-date symlink: /home/rosqiu/coppelia_control/install/coppelia_control/include/coppelia_control/VisionInterface.hpp
-- Up-to-date symlink: /home/rosqiu/coppelia_control/install/coppelia_control/share/coppelia_control/launch/franka_control.launch.py
-- Up-to-date symlink: /home/rosqiu/coppelia_control/install/coppelia_control/share/coppelia_control/urdf/Franka.urdf
-- Symlinking: /home/rosqiu/coppelia_control/install/coppelia_control/share/coppelia_control/meshes/Franka_FrankaGripper_coll_1.dae
-- Symlinking: /home/rosqiu/coppelia_control/install/coppelia_control/share/coppelia_control/meshes/Franka_FrankaGripper_coll_2.dae
-- Symlinking: /home/rosqiu/coppelia_control/install/coppelia_control/share/coppelia_control/meshes/Franka_FrankaGripper_coll_3.dae
-- Symlinking: /home/rosqiu/coppelia_control/install/coppelia_control/share/coppelia_control/meshes/Franka_leftFinger_coll_1.dae
-- Symlinking: /home/rosqiu/coppelia_control/install/coppelia_control/share/coppelia_control/meshes/Franka_leftFinger_coll_2.dae
-- Symlinking: /home/rosqiu/coppelia_control/install/coppelia_control/share/coppelia_control/meshes/Franka_leftFinger_coll_3.dae
-- Symlinking: /home/rosqiu/coppelia_control/install/coppelia_control/share/coppelia_control/meshes/Franka_leftFinger_coll_4.dae
-- Symlinking: /home/rosqiu/coppelia_control/install/coppelia_control/share/coppelia_control/meshes/Franka_leftFinger_coll_5.dae
-- Symlinking: /home/rosqiu/coppelia_control/install/coppelia_control/share/coppelia_control/meshes/Franka_leftFinger_coll_6.dae
-- Symlinking: /home/rosqiu/coppelia_control/install/coppelia_control/share/coppelia_control/meshes/Franka_leftFinger_coll_7.dae
-- Symlinking: /home/rosqiu/coppelia_control/install/coppelia_control/share/coppelia_control/meshes/Franka_leftFinger_coll_8.dae
-- Symlinking: /home/rosqiu/coppelia_control/install/coppelia_control/share/coppelia_control/meshes/Franka_leftFinger_coll_9.dae
-- Symlinking: /home/rosqiu/coppelia_control/install/coppelia_control/share/coppelia_control/meshes/Franka_leftFinger_visible_vis_1.dae
-- Symlinking: /home/rosqiu/coppelia_control/install/coppelia_control/share/coppelia_control/meshes/Franka_leftPad_coll_1.dae
-- Symlinking: /home/rosqiu/coppelia_control/install/coppelia_control/share/coppelia_control/meshes/Franka_leftPad_visible_vis_1.dae
-- Symlinking: /home/rosqiu/coppelia_control/install/coppelia_control/share/coppelia_control/meshes/Franka_link1_resp_coll_1.dae
-- Symlinking: /home/rosqiu/coppelia_control/install/coppelia_control/share/coppelia_control/meshes/Franka_link1_resp_coll_2.dae
-- Symlinking: /home/rosqiu/coppelia_control/install/coppelia_control/share/coppelia_control/meshes/Franka_link1_resp_coll_3.dae
-- Symlinking: /home/rosqiu/coppelia_control/install/coppelia_control/share/coppelia_control/meshes/Franka_link1_resp_coll_4.dae
-- Symlinking: /home/rosqiu/coppelia_control/install/coppelia_control/share/coppelia_control/meshes/Franka_link2_resp_coll_1.dae
-- Symlinking: /home/rosqiu/coppelia_control/install/coppelia_control/share/coppelia_control/meshes/Franka_link2_resp_coll_2.dae
-- Symlinking: /home/rosqiu/coppelia_control/install/coppelia_control/share/coppelia_control/meshes/Franka_link3_resp_coll_1.dae
-- Symlinking: /home/rosqiu/coppelia_control/install/coppelia_control/share/coppelia_control/meshes/Franka_link3_resp_coll_2.dae
-- Symlinking: /home/rosqiu/coppelia_control/install/coppelia_control/share/coppelia_control/meshes/Franka_link3_resp_coll_3.dae
-- Symlinking: /home/rosqiu/coppelia_control/install/coppelia_control/share/coppelia_control/meshes/Franka_link3_resp_coll_4.dae
-- Symlinking: /home/rosqiu/coppelia_control/install/coppelia_control/share/coppelia_control/meshes/Franka_link4_resp_coll_1.dae
-- Symlinking: /home/rosqiu/coppelia_control/install/coppelia_control/share/coppelia_control/meshes/Franka_link4_resp_coll_2.dae
-- Symlinking: /home/rosqiu/coppelia_control/install/coppelia_control/share/coppelia_control/meshes/Franka_link4_resp_coll_3.dae
-- Symlinking: /home/rosqiu/coppelia_control/install/coppelia_control/share/coppelia_control/meshes/Franka_link4_resp_coll_4.dae
-- Symlinking: /home/rosqiu/coppelia_control/install/coppelia_control/share/coppelia_control/meshes/Franka_link4_resp_coll_5.dae
-- Symlinking: /home/rosqiu/coppelia_control/install/coppelia_control/share/coppelia_control/meshes/Franka_link4_resp_coll_6.dae
-- Symlinking: /home/rosqiu/coppelia_control/install/coppelia_control/share/coppelia_control/meshes/Franka_link5_resp_coll_1.dae
-- Symlinking: /home/rosqiu/coppelia_control/install/coppelia_control/share/coppelia_control/meshes/Franka_link5_resp_coll_2.dae
-- Symlinking: /home/rosqiu/coppelia_control/install/coppelia_control/share/coppelia_control/meshes/Franka_link5_resp_coll_3.dae
-- Symlinking: /home/rosqiu/coppelia_control/install/coppelia_control/share/coppelia_control/meshes/Franka_link5_resp_coll_4.dae
-- Symlinking: /home/rosqiu/coppelia_control/install/coppelia_control/share/coppelia_control/meshes/Franka_link5_resp_coll_5.dae
-- Symlinking: /home/rosqiu/coppelia_control/install/coppelia_control/share/coppelia_control/meshes/Franka_link5_resp_coll_6.dae
-- Symlinking: /home/rosqiu/coppelia_control/install/coppelia_control/share/coppelia_control/meshes/Franka_link5_resp_coll_7.dae
-- Symlinking: /home/rosqiu/coppelia_control/install/coppelia_control/share/coppelia_control/meshes/Franka_link5_resp_coll_8.dae
-- Symlinking: /home/rosqiu/coppelia_control/install/coppelia_control/share/coppelia_control/meshes/Franka_link5_resp_coll_9.dae
-- Symlinking: /home/rosqiu/coppelia_control/install/coppelia_control/share/coppelia_control/meshes/Franka_link6_resp_coll_1.dae
-- Symlinking: /home/rosqiu/coppelia_control/install/coppelia_control/share/coppelia_control/meshes/Franka_link6_resp_coll_10.dae
-- Symlinking: /home/rosqiu/coppelia_control/install/coppelia_control/share/coppelia_control/meshes/Franka_link6_resp_coll_11.dae
-- Symlinking: /home/rosqiu/coppelia_control/install/coppelia_control/share/coppelia_control/meshes/Franka_link6_resp_coll_12.dae
-- Symlinking: /home/rosqiu/coppelia_control/install/coppelia_control/share/coppelia_control/meshes/Franka_link6_resp_coll_13.dae
-- Symlinking: /home/rosqiu/coppelia_control/install/coppelia_control/share/coppelia_control/meshes/Franka_link6_resp_coll_14.dae
-- Symlinking: /home/rosqiu/coppelia_control/install/coppelia_control/share/coppelia_control/meshes/Franka_link6_resp_coll_15.dae
-- Symlinking: /home/rosqiu/coppelia_control/install/coppelia_control/share/coppelia_control/meshes/Franka_link6_resp_coll_16.dae
-- Symlinking: /home/rosqiu/coppelia_control/install/coppelia_control/share/coppelia_control/meshes/Franka_link6_resp_coll_2.dae
-- Symlinking: /home/rosqiu/coppelia_control/install/coppelia_control/share/coppelia_control/meshes/Franka_link6_resp_coll_3.dae
-- Symlinking: /home/rosqiu/coppelia_control/install/coppelia_control/share/coppelia_control/meshes/Franka_link6_resp_coll_4.dae
-- Symlinking: /home/rosqiu/coppelia_control/install/coppelia_control/share/coppelia_control/meshes/Franka_link6_resp_coll_5.dae
-- Symlinking: /home/rosqiu/coppelia_control/install/coppelia_control/share/coppelia_control/meshes/Franka_link6_resp_coll_6.dae
-- Symlinking: /home/rosqiu/coppelia_control/install/coppelia_control/share/coppelia_control/meshes/Franka_link6_resp_coll_7.dae
-- Symlinking: /home/rosqiu/coppelia_control/install/coppelia_control/share/coppelia_control/meshes/Franka_link6_resp_coll_8.dae
-- Symlinking: /home/rosqiu/coppelia_control/install/coppelia_control/share/coppelia_control/meshes/Franka_link6_resp_coll_9.dae
-- Symlinking: /home/rosqiu/coppelia_control/install/coppelia_control/share/coppelia_control/meshes/Franka_link_0_vis_1.dae
-- Symlinking: /home/rosqiu/coppelia_control/install/coppelia_control/share/coppelia_control/meshes/Franka_link_1_vis_1.dae
-- Symlinking: /home/rosqiu/coppelia_control/install/coppelia_control/share/coppelia_control/meshes/Franka_link_2_vis_1.dae
-- Symlinking: /home/rosqiu/coppelia_control/install/coppelia_control/share/coppelia_control/meshes/Franka_link_3_vis_1.dae
-- Symlinking: /home/rosqiu/coppelia_control/install/coppelia_control/share/coppelia_control/meshes/Franka_link_3_vis_2.dae
-- Symlinking: /home/rosqiu/coppelia_control/install/coppelia_control/share/coppelia_control/meshes/Franka_link_4_vis_1.dae
-- Symlinking: /home/rosqiu/coppelia_control/install/coppelia_control/share/coppelia_control/meshes/Franka_link_4_vis_2.dae
-- Symlinking: /home/rosqiu/coppelia_control/install/coppelia_control/share/coppelia_control/meshes/Franka_link_5_vis_1.dae
-- Symlinking: /home/rosqiu/coppelia_control/install/coppelia_control/share/coppelia_control/meshes/Franka_link_5_vis_2.dae
-- Symlinking: /home/rosqiu/coppelia_control/install/coppelia_control/share/coppelia_control/meshes/Franka_link_6_vis_1.dae
-- Symlinking: /home/rosqiu/coppelia_control/install/coppelia_control/share/coppelia_control/meshes/Franka_link_6_vis_2.dae
-- Symlinking: /home/rosqiu/coppelia_control/install/coppelia_control/share/coppelia_control/meshes/Franka_link_7_top_vis_1.dae
-- Symlinking: /home/rosqiu/coppelia_control/install/coppelia_control/share/coppelia_control/meshes/Franka_rightFinger_coll_1.dae
-- Symlinking: /home/rosqiu/coppelia_control/install/coppelia_control/share/coppelia_control/meshes/Franka_rightFinger_coll_2.dae
-- Symlinking: /home/rosqiu/coppelia_control/install/coppelia_control/share/coppelia_control/meshes/Franka_rightFinger_coll_3.dae
-- Symlinking: /home/rosqiu/coppelia_control/install/coppelia_control/share/coppelia_control/meshes/Franka_rightFinger_coll_4.dae
-- Symlinking: /home/rosqiu/coppelia_control/install/coppelia_control/share/coppelia_control/meshes/Franka_rightFinger_coll_5.dae
-- Symlinking: /home/rosqiu/coppelia_control/install/coppelia_control/share/coppelia_control/meshes/Franka_rightFinger_coll_6.dae
-- Symlinking: /home/rosqiu/coppelia_control/install/coppelia_control/share/coppelia_control/meshes/Franka_rightFinger_coll_7.dae
-- Symlinking: /home/rosqiu/coppelia_control/install/coppelia_control/share/coppelia_control/meshes/Franka_rightFinger_coll_8.dae
-- Symlinking: /home/rosqiu/coppelia_control/install/coppelia_control/share/coppelia_control/meshes/Franka_rightFinger_coll_9.dae
-- Symlinking: /home/rosqiu/coppelia_control/install/coppelia_control/share/coppelia_control/meshes/Franka_rightFinger_visible_vis_1.dae
-- Symlinking: /home/rosqiu/coppelia_control/install/coppelia_control/share/coppelia_control/meshes/Franka_rightPad_coll_1.dae
-- Symlinking: /home/rosqiu/coppelia_control/install/coppelia_control/share/coppelia_control/meshes/Franka_rightPad_visible_vis_1.dae
-- Symlinking: /home/rosqiu/coppelia_control/install/coppelia_control/share/coppelia_control/meshes/Franka_robot_base_coll_1.dae
-- Symlinking: /home/rosqiu/coppelia_control/install/coppelia_control/share/coppelia_control/meshes/Franka_visible_vis_1.dae
-- Up-to-date symlink: /home/rosqiu/coppelia_control/install/coppelia_control/share/coppelia_control/environment/library_path.sh
-- Up-to-date symlink: /home/rosqiu/coppelia_control/install/coppelia_control/share/coppelia_control/environment/library_path.dsv
-- Up-to-date symlink: /home/rosqiu/coppelia_control/install/coppelia_control/share/ament_index/resource_index/package_run_dependencies/coppelia_control
-- Up-to-date symlink: /home/rosqiu/coppelia_control/install/coppelia_control/share/ament_index/resource_index/parent_prefix_path/coppelia_control
-- Up-to-date symlink: /home/rosqiu/coppelia_control/install/coppelia_control/share/coppelia_control/environment/ament_prefix_path.sh
-- Up-to-date symlink: /home/rosqiu/coppelia_control/install/coppelia_control/share/coppelia_control/environment/ament_prefix_path.dsv
-- Up-to-date symlink: /home/rosqiu/coppelia_control/install/coppelia_control/share/coppelia_control/environment/path.sh
-- Up-to-date symlink: /home/rosqiu/coppelia_control/install/coppelia_control/share/coppelia_control/environment/path.dsv
-- Up-to-date symlink: /home/rosqiu/coppelia_control/install/coppelia_control/share/coppelia_control/local_setup.bash
-- Up-to-date symlink: /home/rosqiu/coppelia_control/install/coppelia_control/share/coppelia_control/local_setup.sh
-- Up-to-date symlink: /home/rosqiu/coppelia_control/install/coppelia_control/share/coppelia_control/local_setup.zsh
-- Up-to-date symlink: /home/rosqiu/coppelia_control/install/coppelia_control/share/coppelia_control/local_setup.dsv
-- Symlinking: /home/rosqiu/coppelia_control/install/coppelia_control/share/coppelia_control/package.dsv
-- Up-to-date symlink: /home/rosqiu/coppelia_control/install/coppelia_control/share/ament_index/resource_index/packages/coppelia_control
-- Up-to-date symlink: /home/rosqiu/coppelia_control/install/coppelia_control/share/coppelia_control/cmake/ament_cmake_export_include_directories-extras.cmake
-- Up-to-date symlink: /home/rosqiu/coppelia_control/install/coppelia_control/share/coppelia_control/cmake/ament_cmake_export_libraries-extras.cmake
-- Up-to-date symlink: /home/rosqiu/coppelia_control/install/coppelia_control/share/coppelia_control/cmake/ament_cmake_export_dependencies-extras.cmake
-- Up-to-date symlink: /home/rosqiu/coppelia_control/install/coppelia_control/share/coppelia_control/cmake/coppelia_controlConfig.cmake
-- Up-to-date symlink: /home/rosqiu/coppelia_control/install/coppelia_control/share/coppelia_control/cmake/coppelia_controlConfig-version.cmake
-- Up-to-date symlink: /home/rosqiu/coppelia_control/install/coppelia_control/share/coppelia_control/package.xml
