[0.052s] Invoking command in '/home/rosqiu/coppelia_control/build/coppelia_control': CMAKE_PREFIX_PATH=${CMAKE_PREFIX_PATH}:/opt/ros/humble /usr/bin/cmake --build /home/rosqiu/coppelia_control/build/coppelia_control -- -j3 -l3
[0.161s] -- Found ament_cmake: 1.3.12 (/opt/ros/humble/share/ament_cmake/cmake)
[0.575s] -- Override CMake install command with custom implementation using symlinks instead of copying resources
[0.728s] -- Found rclcpp: 16.0.15 (/opt/ros/humble/share/rclcpp/cmake)
[0.953s] -- Found rosidl_generator_c: 3.1.7 (/opt/ros/humble/share/rosidl_generator_c/cmake)
[0.963s] -- Found rosidl_adapter: 3.1.7 (/opt/ros/humble/share/rosidl_adapter/cmake)
[1.001s] -- Found rosidl_generator_cpp: 3.1.7 (/opt/ros/humble/share/rosidl_generator_cpp/cmake)
[1.071s] -- Using all available rosidl_typesupport_c: rosidl_typesupport_fastrtps_c;rosidl_typesupport_introspection_c
[1.151s] -- Using all available rosidl_typesupport_cpp: rosidl_typesupport_fastrtps_cpp;rosidl_typesupport_introspection_cpp
[1.391s] -- Found rmw_implementation_cmake: 6.1.2 (/opt/ros/humble/share/rmw_implementation_cmake/cmake)
[1.407s] -- Found rmw_fastrtps_cpp: 6.2.8 (/opt/ros/humble/share/rmw_fastrtps_cpp/cmake)
[1.825s] -- Using RMW implementation 'rmw_fastrtps_cpp' as default
[2.181s] -- Found moveit_core: 2.5.9 (/opt/ros/humble/share/moveit_core/cmake)
[2.302s] -- Found Boost: /usr/lib/x86_64-linux-gnu/cmake/Boost-1.74.0/BoostConfig.cmake (found version "1.74.0") found components: chrono date_time filesystem iostreams program_options regex serialization system thread 
[2.424s] -- Found parameter_traits: 0.5.0 (/opt/ros/humble/share/parameter_traits/cmake)
[2.468s] -- Found rclcpp_lifecycle: 16.0.15 (/opt/ros/humble/share/rclcpp_lifecycle/cmake)
[2.585s] -- Found Boost: /usr/lib/x86_64-linux-gnu/cmake/Boost-1.74.0/BoostConfig.cmake (found version "1.74.0") found components: filesystem 
[2.791s] -- library: /usr/lib/x86_64-linux-gnu/libcurl.so
[3.032s] -- Ensuring Eigen3 include directory is part of orocos-kdl CMake target
[4.015s] -- Found moveit_ros_planning: 2.5.9 (/opt/ros/humble/share/moveit_ros_planning/cmake)
[4.017s] -- Found Boost: /usr/lib/x86_64-linux-gnu/cmake/Boost-1.74.0/BoostConfig.cmake (found version "1.74.0") found components: system filesystem date_time program_options thread chrono 
[4.094s] -- Found moveit_ros_planning_interface: 2.5.9 (/opt/ros/humble/share/moveit_ros_planning_interface/cmake)
[4.101s] -- Found Boost: /usr/lib/x86_64-linux-gnu/cmake/Boost-1.74.0/BoostConfig.cmake (found version "1.74.0") found components: date_time filesystem program_options system thread 
[4.142s] -- Found Boost: /usr/lib/x86_64-linux-gnu/cmake/Boost-1.74.0/BoostConfig.cmake (found version "1.74.0") found components: thread system filesystem regex date_time program_options 
[4.222s] -- Found Boost: /usr/lib/x86_64-linux-gnu/cmake/Boost-1.74.0/BoostConfig.cmake (found version "1.74.0") found components: system filesystem date_time program_options thread 
[4.359s] -- Found ament_lint_auto: 0.12.14 (/opt/ros/humble/share/ament_lint_auto/cmake)
[4.648s] -- Added test 'copyright' to check source files copyright and LICENSE
[4.656s] -- Added test 'cppcheck' to perform static code analysis on C / C++ code
[4.660s] -- Configured cppcheck include dirs: /home/rosqiu/coppelia_control/src/coppelia_control/include
[4.665s] -- Configured cppcheck exclude dirs and/or files: 
[4.673s] -- Added test 'cpplint' to check C / C++ code against the Google style
[4.674s] -- Configured cpplint exclude dirs and/or files: 
[4.677s] -- Added test 'flake8' to check Python code syntax and style conventions
[4.684s] -- Added test 'lint_cmake' to check CMake code style
[4.695s] -- Added test 'pep257' to check Python code against some of the docstring style conventions in PEP 257
[4.702s] -- Added test 'uncrustify' to check C / C++ code style
[4.704s] -- Configured uncrustify additional arguments: 
[4.710s] -- Added test 'xmllint' to check XML markup files
[4.753s] -- Configuring done
[4.957s] -- Generating done
[5.009s] -- Build files have been written to: /home/rosqiu/coppelia_control/build/coppelia_control
[5.101s] [35m[1mConsolidate compiler generated dependencies of target manipulation_interface[0m
[5.175s] [ 25%] Built target manipulation_interface
[5.231s] [35m[1mConsolidate compiler generated dependencies of target vision_interface[0m
[5.278s] [ 50%] Built target vision_interface
[5.303s] [35m[1mConsolidate compiler generated dependencies of target planning_interface[0m
[5.357s] [ 75%] Built target planning_interface
[5.386s] [35m[1mConsolidate compiler generated dependencies of target franka_control_node[0m
[5.453s] [100%] Built target franka_control_node
[5.477s] Invoked command in '/home/rosqiu/coppelia_control/build/coppelia_control' returned '0': CMAKE_PREFIX_PATH=${CMAKE_PREFIX_PATH}:/opt/ros/humble /usr/bin/cmake --build /home/rosqiu/coppelia_control/build/coppelia_control -- -j3 -l3
[5.493s] Invoking command in '/home/rosqiu/coppelia_control/build/coppelia_control': CMAKE_PREFIX_PATH=${CMAKE_PREFIX_PATH}:/opt/ros/humble /usr/bin/cmake --install /home/rosqiu/coppelia_control/build/coppelia_control
[5.511s] -- Install configuration: ""
[5.513s] -- Execute custom install script
[5.514s] -- Up-to-date symlink: /home/rosqiu/coppelia_control/install/coppelia_control/lib/libmanipulation_interface.so
[5.515s] -- Up-to-date symlink: /home/rosqiu/coppelia_control/install/coppelia_control/lib/libplanning_interface.so
[5.517s] -- Up-to-date symlink: /home/rosqiu/coppelia_control/install/coppelia_control/lib/libvision_interface.so
[5.518s] -- Up-to-date symlink: /home/rosqiu/coppelia_control/install/coppelia_control/lib/coppelia_control/franka_control_node
[5.519s] -- Up-to-date symlink: /home/rosqiu/coppelia_control/install/coppelia_control/include/coppelia_control/ManipulationInterface.hpp
[5.520s] -- Up-to-date symlink: /home/rosqiu/coppelia_control/install/coppelia_control/include/coppelia_control/PlanningInterface.hpp
[5.520s] -- Up-to-date symlink: /home/rosqiu/coppelia_control/install/coppelia_control/include/coppelia_control/VisionInterface.hpp
[5.521s] -- Up-to-date symlink: /home/rosqiu/coppelia_control/install/coppelia_control/share/coppelia_control/launch/franka_control.launch.py
[5.522s] -- Up-to-date symlink: /home/rosqiu/coppelia_control/install/coppelia_control/share/coppelia_control/urdf/Franka.urdf
[5.524s] -- Symlinking: /home/rosqiu/coppelia_control/install/coppelia_control/share/coppelia_control/meshes/Franka_FrankaGripper_coll_1.dae
[5.546s] -- Symlinking: /home/rosqiu/coppelia_control/install/coppelia_control/share/coppelia_control/meshes/Franka_FrankaGripper_coll_2.dae
[5.593s] -- Symlinking: /home/rosqiu/coppelia_control/install/coppelia_control/share/coppelia_control/meshes/Franka_FrankaGripper_coll_3.dae
[5.614s] -- Symlinking: /home/rosqiu/coppelia_control/install/coppelia_control/share/coppelia_control/meshes/Franka_leftFinger_coll_1.dae
[5.640s] -- Symlinking: /home/rosqiu/coppelia_control/install/coppelia_control/share/coppelia_control/meshes/Franka_leftFinger_coll_2.dae
[5.669s] -- Symlinking: /home/rosqiu/coppelia_control/install/coppelia_control/share/coppelia_control/meshes/Franka_leftFinger_coll_3.dae
[5.738s] -- Symlinking: /home/rosqiu/coppelia_control/install/coppelia_control/share/coppelia_control/meshes/Franka_leftFinger_coll_4.dae
[5.772s] -- Symlinking: /home/rosqiu/coppelia_control/install/coppelia_control/share/coppelia_control/meshes/Franka_leftFinger_coll_5.dae
[5.806s] -- Symlinking: /home/rosqiu/coppelia_control/install/coppelia_control/share/coppelia_control/meshes/Franka_leftFinger_coll_6.dae
[5.838s] -- Symlinking: /home/rosqiu/coppelia_control/install/coppelia_control/share/coppelia_control/meshes/Franka_leftFinger_coll_7.dae
[5.865s] -- Symlinking: /home/rosqiu/coppelia_control/install/coppelia_control/share/coppelia_control/meshes/Franka_leftFinger_coll_8.dae
[5.892s] -- Symlinking: /home/rosqiu/coppelia_control/install/coppelia_control/share/coppelia_control/meshes/Franka_leftFinger_coll_9.dae
[5.916s] -- Symlinking: /home/rosqiu/coppelia_control/install/coppelia_control/share/coppelia_control/meshes/Franka_leftFinger_visible_vis_1.dae
[5.930s] -- Symlinking: /home/rosqiu/coppelia_control/install/coppelia_control/share/coppelia_control/meshes/Franka_leftPad_coll_1.dae
[5.953s] -- Symlinking: /home/rosqiu/coppelia_control/install/coppelia_control/share/coppelia_control/meshes/Franka_leftPad_visible_vis_1.dae
[5.986s] -- Symlinking: /home/rosqiu/coppelia_control/install/coppelia_control/share/coppelia_control/meshes/Franka_link1_resp_coll_1.dae
[6.005s] -- Symlinking: /home/rosqiu/coppelia_control/install/coppelia_control/share/coppelia_control/meshes/Franka_link1_resp_coll_2.dae
[6.037s] -- Symlinking: /home/rosqiu/coppelia_control/install/coppelia_control/share/coppelia_control/meshes/Franka_link1_resp_coll_3.dae
[6.059s] -- Symlinking: /home/rosqiu/coppelia_control/install/coppelia_control/share/coppelia_control/meshes/Franka_link1_resp_coll_4.dae
[6.086s] -- Symlinking: /home/rosqiu/coppelia_control/install/coppelia_control/share/coppelia_control/meshes/Franka_link2_resp_coll_1.dae
[6.106s] -- Symlinking: /home/rosqiu/coppelia_control/install/coppelia_control/share/coppelia_control/meshes/Franka_link2_resp_coll_2.dae
[6.123s] -- Symlinking: /home/rosqiu/coppelia_control/install/coppelia_control/share/coppelia_control/meshes/Franka_link3_resp_coll_1.dae
[6.150s] -- Symlinking: /home/rosqiu/coppelia_control/install/coppelia_control/share/coppelia_control/meshes/Franka_link3_resp_coll_2.dae
[6.172s] -- Symlinking: /home/rosqiu/coppelia_control/install/coppelia_control/share/coppelia_control/meshes/Franka_link3_resp_coll_3.dae
[6.193s] -- Symlinking: /home/rosqiu/coppelia_control/install/coppelia_control/share/coppelia_control/meshes/Franka_link3_resp_coll_4.dae
[6.210s] -- Symlinking: /home/rosqiu/coppelia_control/install/coppelia_control/share/coppelia_control/meshes/Franka_link4_resp_coll_1.dae
[6.231s] -- Symlinking: /home/rosqiu/coppelia_control/install/coppelia_control/share/coppelia_control/meshes/Franka_link4_resp_coll_2.dae
[6.249s] -- Symlinking: /home/rosqiu/coppelia_control/install/coppelia_control/share/coppelia_control/meshes/Franka_link4_resp_coll_3.dae
[6.268s] -- Symlinking: /home/rosqiu/coppelia_control/install/coppelia_control/share/coppelia_control/meshes/Franka_link4_resp_coll_4.dae
[6.283s] -- Symlinking: /home/rosqiu/coppelia_control/install/coppelia_control/share/coppelia_control/meshes/Franka_link4_resp_coll_5.dae
[6.328s] -- Symlinking: /home/rosqiu/coppelia_control/install/coppelia_control/share/coppelia_control/meshes/Franka_link4_resp_coll_6.dae
[6.360s] -- Symlinking: /home/rosqiu/coppelia_control/install/coppelia_control/share/coppelia_control/meshes/Franka_link5_resp_coll_1.dae
[6.393s] -- Symlinking: /home/rosqiu/coppelia_control/install/coppelia_control/share/coppelia_control/meshes/Franka_link5_resp_coll_2.dae
[6.410s] -- Symlinking: /home/rosqiu/coppelia_control/install/coppelia_control/share/coppelia_control/meshes/Franka_link5_resp_coll_3.dae
[6.430s] -- Symlinking: /home/rosqiu/coppelia_control/install/coppelia_control/share/coppelia_control/meshes/Franka_link5_resp_coll_4.dae
[6.448s] -- Symlinking: /home/rosqiu/coppelia_control/install/coppelia_control/share/coppelia_control/meshes/Franka_link5_resp_coll_5.dae
[6.461s] -- Symlinking: /home/rosqiu/coppelia_control/install/coppelia_control/share/coppelia_control/meshes/Franka_link5_resp_coll_6.dae
[6.482s] -- Symlinking: /home/rosqiu/coppelia_control/install/coppelia_control/share/coppelia_control/meshes/Franka_link5_resp_coll_7.dae
[6.506s] -- Symlinking: /home/rosqiu/coppelia_control/install/coppelia_control/share/coppelia_control/meshes/Franka_link5_resp_coll_8.dae
[6.563s] -- Symlinking: /home/rosqiu/coppelia_control/install/coppelia_control/share/coppelia_control/meshes/Franka_link5_resp_coll_9.dae
[6.566s] -- Symlinking: /home/rosqiu/coppelia_control/install/coppelia_control/share/coppelia_control/meshes/Franka_link6_resp_coll_1.dae
[6.611s] -- Symlinking: /home/rosqiu/coppelia_control/install/coppelia_control/share/coppelia_control/meshes/Franka_link6_resp_coll_10.dae
[6.633s] -- Symlinking: /home/rosqiu/coppelia_control/install/coppelia_control/share/coppelia_control/meshes/Franka_link6_resp_coll_11.dae
[6.658s] -- Symlinking: /home/rosqiu/coppelia_control/install/coppelia_control/share/coppelia_control/meshes/Franka_link6_resp_coll_12.dae
[6.701s] -- Symlinking: /home/rosqiu/coppelia_control/install/coppelia_control/share/coppelia_control/meshes/Franka_link6_resp_coll_13.dae
[6.719s] -- Symlinking: /home/rosqiu/coppelia_control/install/coppelia_control/share/coppelia_control/meshes/Franka_link6_resp_coll_14.dae
[6.739s] -- Symlinking: /home/rosqiu/coppelia_control/install/coppelia_control/share/coppelia_control/meshes/Franka_link6_resp_coll_15.dae
[6.759s] -- Symlinking: /home/rosqiu/coppelia_control/install/coppelia_control/share/coppelia_control/meshes/Franka_link6_resp_coll_16.dae
[6.806s] -- Symlinking: /home/rosqiu/coppelia_control/install/coppelia_control/share/coppelia_control/meshes/Franka_link6_resp_coll_2.dae
[6.830s] -- Symlinking: /home/rosqiu/coppelia_control/install/coppelia_control/share/coppelia_control/meshes/Franka_link6_resp_coll_3.dae
[6.867s] -- Symlinking: /home/rosqiu/coppelia_control/install/coppelia_control/share/coppelia_control/meshes/Franka_link6_resp_coll_4.dae
[6.915s] -- Symlinking: /home/rosqiu/coppelia_control/install/coppelia_control/share/coppelia_control/meshes/Franka_link6_resp_coll_5.dae
[6.934s] -- Symlinking: /home/rosqiu/coppelia_control/install/coppelia_control/share/coppelia_control/meshes/Franka_link6_resp_coll_6.dae
[6.966s] -- Symlinking: /home/rosqiu/coppelia_control/install/coppelia_control/share/coppelia_control/meshes/Franka_link6_resp_coll_7.dae
[6.983s] -- Symlinking: /home/rosqiu/coppelia_control/install/coppelia_control/share/coppelia_control/meshes/Franka_link6_resp_coll_8.dae
[7.019s] -- Symlinking: /home/rosqiu/coppelia_control/install/coppelia_control/share/coppelia_control/meshes/Franka_link6_resp_coll_9.dae
[7.089s] -- Symlinking: /home/rosqiu/coppelia_control/install/coppelia_control/share/coppelia_control/meshes/Franka_link_0_vis_1.dae
[7.119s] -- Symlinking: /home/rosqiu/coppelia_control/install/coppelia_control/share/coppelia_control/meshes/Franka_link_1_vis_1.dae
[7.164s] -- Symlinking: /home/rosqiu/coppelia_control/install/coppelia_control/share/coppelia_control/meshes/Franka_link_2_vis_1.dae
[7.188s] -- Symlinking: /home/rosqiu/coppelia_control/install/coppelia_control/share/coppelia_control/meshes/Franka_link_3_vis_1.dae
[7.221s] -- Symlinking: /home/rosqiu/coppelia_control/install/coppelia_control/share/coppelia_control/meshes/Franka_link_3_vis_2.dae
[7.253s] -- Symlinking: /home/rosqiu/coppelia_control/install/coppelia_control/share/coppelia_control/meshes/Franka_link_4_vis_1.dae
[7.275s] -- Symlinking: /home/rosqiu/coppelia_control/install/coppelia_control/share/coppelia_control/meshes/Franka_link_4_vis_2.dae
[7.296s] -- Symlinking: /home/rosqiu/coppelia_control/install/coppelia_control/share/coppelia_control/meshes/Franka_link_5_vis_1.dae
[7.314s] -- Symlinking: /home/rosqiu/coppelia_control/install/coppelia_control/share/coppelia_control/meshes/Franka_link_5_vis_2.dae
[7.334s] -- Symlinking: /home/rosqiu/coppelia_control/install/coppelia_control/share/coppelia_control/meshes/Franka_link_6_vis_1.dae
[7.359s] -- Symlinking: /home/rosqiu/coppelia_control/install/coppelia_control/share/coppelia_control/meshes/Franka_link_6_vis_2.dae
[7.380s] -- Symlinking: /home/rosqiu/coppelia_control/install/coppelia_control/share/coppelia_control/meshes/Franka_link_7_top_vis_1.dae
[7.398s] -- Symlinking: /home/rosqiu/coppelia_control/install/coppelia_control/share/coppelia_control/meshes/Franka_rightFinger_coll_1.dae
[7.418s] -- Symlinking: /home/rosqiu/coppelia_control/install/coppelia_control/share/coppelia_control/meshes/Franka_rightFinger_coll_2.dae
[7.439s] -- Symlinking: /home/rosqiu/coppelia_control/install/coppelia_control/share/coppelia_control/meshes/Franka_rightFinger_coll_3.dae
[7.464s] -- Symlinking: /home/rosqiu/coppelia_control/install/coppelia_control/share/coppelia_control/meshes/Franka_rightFinger_coll_4.dae
[7.500s] -- Symlinking: /home/rosqiu/coppelia_control/install/coppelia_control/share/coppelia_control/meshes/Franka_rightFinger_coll_5.dae
[7.519s] -- Symlinking: /home/rosqiu/coppelia_control/install/coppelia_control/share/coppelia_control/meshes/Franka_rightFinger_coll_6.dae
[7.537s] -- Symlinking: /home/rosqiu/coppelia_control/install/coppelia_control/share/coppelia_control/meshes/Franka_rightFinger_coll_7.dae
[7.558s] -- Symlinking: /home/rosqiu/coppelia_control/install/coppelia_control/share/coppelia_control/meshes/Franka_rightFinger_coll_8.dae
[7.584s] -- Symlinking: /home/rosqiu/coppelia_control/install/coppelia_control/share/coppelia_control/meshes/Franka_rightFinger_coll_9.dae
[7.618s] -- Symlinking: /home/rosqiu/coppelia_control/install/coppelia_control/share/coppelia_control/meshes/Franka_rightFinger_visible_vis_1.dae
[7.636s] -- Symlinking: /home/rosqiu/coppelia_control/install/coppelia_control/share/coppelia_control/meshes/Franka_rightPad_coll_1.dae
[7.669s] -- Symlinking: /home/rosqiu/coppelia_control/install/coppelia_control/share/coppelia_control/meshes/Franka_rightPad_visible_vis_1.dae
[7.693s] -- Symlinking: /home/rosqiu/coppelia_control/install/coppelia_control/share/coppelia_control/meshes/Franka_robot_base_coll_1.dae
[7.734s] -- Symlinking: /home/rosqiu/coppelia_control/install/coppelia_control/share/coppelia_control/meshes/Franka_visible_vis_1.dae
[7.757s] -- Up-to-date symlink: /home/rosqiu/coppelia_control/install/coppelia_control/share/coppelia_control/environment/library_path.sh
[7.757s] -- Up-to-date symlink: /home/rosqiu/coppelia_control/install/coppelia_control/share/coppelia_control/environment/library_path.dsv
[7.757s] -- Up-to-date symlink: /home/rosqiu/coppelia_control/install/coppelia_control/share/ament_index/resource_index/package_run_dependencies/coppelia_control
[7.765s] -- Up-to-date symlink: /home/rosqiu/coppelia_control/install/coppelia_control/share/ament_index/resource_index/parent_prefix_path/coppelia_control
[7.765s] -- Up-to-date symlink: /home/rosqiu/coppelia_control/install/coppelia_control/share/coppelia_control/environment/ament_prefix_path.sh
[7.765s] -- Up-to-date symlink: /home/rosqiu/coppelia_control/install/coppelia_control/share/coppelia_control/environment/ament_prefix_path.dsv
[7.769s] -- Up-to-date symlink: /home/rosqiu/coppelia_control/install/coppelia_control/share/coppelia_control/environment/path.sh
[7.772s] -- Up-to-date symlink: /home/rosqiu/coppelia_control/install/coppelia_control/share/coppelia_control/environment/path.dsv
[7.776s] -- Up-to-date symlink: /home/rosqiu/coppelia_control/install/coppelia_control/share/coppelia_control/local_setup.bash
[7.776s] -- Up-to-date symlink: /home/rosqiu/coppelia_control/install/coppelia_control/share/coppelia_control/local_setup.sh
[7.776s] -- Up-to-date symlink: /home/rosqiu/coppelia_control/install/coppelia_control/share/coppelia_control/local_setup.zsh
[7.777s] -- Up-to-date symlink: /home/rosqiu/coppelia_control/install/coppelia_control/share/coppelia_control/local_setup.dsv
[7.777s] -- Symlinking: /home/rosqiu/coppelia_control/install/coppelia_control/share/coppelia_control/package.dsv
[7.818s] -- Up-to-date symlink: /home/rosqiu/coppelia_control/install/coppelia_control/share/ament_index/resource_index/packages/coppelia_control
[7.818s] -- Up-to-date symlink: /home/rosqiu/coppelia_control/install/coppelia_control/share/coppelia_control/cmake/ament_cmake_export_include_directories-extras.cmake
[7.818s] -- Up-to-date symlink: /home/rosqiu/coppelia_control/install/coppelia_control/share/coppelia_control/cmake/ament_cmake_export_libraries-extras.cmake
[7.820s] -- Up-to-date symlink: /home/rosqiu/coppelia_control/install/coppelia_control/share/coppelia_control/cmake/ament_cmake_export_dependencies-extras.cmake
[7.820s] -- Up-to-date symlink: /home/rosqiu/coppelia_control/install/coppelia_control/share/coppelia_control/cmake/coppelia_controlConfig.cmake
[7.825s] -- Up-to-date symlink: /home/rosqiu/coppelia_control/install/coppelia_control/share/coppelia_control/cmake/coppelia_controlConfig-version.cmake
[7.825s] -- Up-to-date symlink: /home/rosqiu/coppelia_control/install/coppelia_control/share/coppelia_control/package.xml
[7.832s] Invoked command in '/home/rosqiu/coppelia_control/build/coppelia_control' returned '0': CMAKE_PREFIX_PATH=${CMAKE_PREFIX_PATH}:/opt/ros/humble /usr/bin/cmake --install /home/rosqiu/coppelia_control/build/coppelia_control
