-- The C compiler identification is GNU 11.4.0
-- The CXX compiler identification is GNU 11.4.0
-- Detecting C compiler ABI info
-- Detecting C compiler ABI info - done
-- Check for working C compiler: /usr/bin/cc - skipped
-- Detecting C compile features
-- Detecting C compile features - done
-- Detecting CXX compiler ABI info
-- Detecting CXX compiler ABI info - done
-- Check for working CXX compiler: /usr/bin/c++ - skipped
-- Detecting CXX compile features
-- Detecting CXX compile features - done
-- Found ament_cmake: 1.3.12 (/opt/ros/humble/share/ament_cmake/cmake)
-- Found Python3: /usr/bin/python3 (found version "3.10.12") found components: Interpreter 
-- Override CMake install command with custom implementation using symlinks instead of copying resources
-- Found rclcpp: 16.0.15 (/opt/ros/humble/share/rclcpp/cmake)
-- Found rosidl_generator_c: 3.1.7 (/opt/ros/humble/share/rosidl_generator_c/cmake)
-- Found rosidl_adapter: 3.1.7 (/opt/ros/humble/share/rosidl_adapter/cmake)
-- Found rosidl_generator_cpp: 3.1.7 (/opt/ros/humble/share/rosidl_generator_cpp/cmake)
-- Using all available rosidl_typesupport_c: rosidl_typesupport_fastrtps_c;rosidl_typesupport_introspection_c
-- Using all available rosidl_typesupport_cpp: rosidl_typesupport_fastrtps_cpp;rosidl_typesupport_introspection_cpp
-- Found rmw_implementation_cmake: 6.1.2 (/opt/ros/humble/share/rmw_implementation_cmake/cmake)
-- Found rmw_cyclonedds_cpp: 1.3.4 (/opt/ros/humble/share/rmw_cyclonedds_cpp/cmake)
-- Using RMW implementation 'rmw_cyclonedds_cpp' as default
-- Looking for pthread.h
-- Looking for pthread.h - found
-- Performing Test CMAKE_HAVE_LIBC_PTHREAD
-- Performing Test CMAKE_HAVE_LIBC_PTHREAD - Success
-- Found Threads: TRUE  
-- Found hardware_interface: 2.52.0 (/opt/ros/humble/share/hardware_interface/cmake)
-- Found PkgConfig: /usr/bin/pkg-config (found version "0.29.2") 
-- Checking for module 'libzmq'
--   Found libzmq, version 4.3.4
-- Found ament_lint_auto: 0.12.14 (/opt/ros/humble/share/ament_lint_auto/cmake)
-- Added test 'cppcheck' to perform static code analysis on C / C++ code
-- Configured cppcheck include dirs: /home/rosqiu/coppelia_control/src/cs_hardware_interface/include
-- Configured cppcheck exclude dirs and/or files: 
-- Added test 'flake8' to check Python code syntax and style conventions
-- Added test 'lint_cmake' to check CMake code style
-- Added test 'pep257' to check Python code against some of the docstring style conventions in PEP 257
-- Added test 'uncrustify' to check C / C++ code style
-- Configured uncrustify additional arguments: 
-- Added test 'xmllint' to check XML markup files
-- Configuring done
-- Generating done
-- Build files have been written to: /home/rosqiu/coppelia_control/build/cs_hardware_interface
[ 50%] [32mBuilding CXX object CMakeFiles/cs_hardware_interface.dir/src/cs_system.cpp.o[0m
In file included from [01m[K/opt/ros/humble/include/rclcpp/rclcpp/client.hpp:40[m[K,
                 from [01m[K/opt/ros/humble/include/rclcpp/rclcpp/callback_group.hpp:24[m[K,
                 from [01m[K/opt/ros/humble/include/rclcpp/rclcpp/any_executable.hpp:20[m[K,
                 from [01m[K/opt/ros/humble/include/rclcpp/rclcpp/memory_strategy.hpp:25[m[K,
                 from [01m[K/opt/ros/humble/include/rclcpp/rclcpp/memory_strategies.hpp:18[m[K,
                 from [01m[K/opt/ros/humble/include/rclcpp/rclcpp/executor_options.hpp:20[m[K,
                 from [01m[K/opt/ros/humble/include/rclcpp/rclcpp/executor.hpp:37[m[K,
                 from [01m[K/opt/ros/humble/include/rclcpp/rclcpp/executors/multi_threaded_executor.hpp:25[m[K,
                 from [01m[K/opt/ros/humble/include/rclcpp/rclcpp/executors.hpp:21[m[K,
                 from [01m[K/opt/ros/humble/include/rclcpp/rclcpp/rclcpp.hpp:155[m[K,
                 from [01m[K/home/rosqiu/coppelia_control/src/cs_hardware_interface/include/cs_hardware_interface/cs_system.hpp:14[m[K,
                 from [01m[K/home/rosqiu/coppelia_control/src/cs_hardware_interface/src/cs_system.cpp:1[m[K:
[01m[K/home/rosqiu/coppelia_control/src/cs_hardware_interface/src/cs_system.cpp:[m[K In member function ‘[01m[Kvirtual hardware_interface::return_type cs_hardware_interface::CsSystem::read(const rclcpp::Time&, const rclcpp::Duration&)[m[K’:
[01m[K/home/rosqiu/coppelia_control/src/cs_hardware_interface/src/cs_system.cpp:138:70:[m[K [01;31m[Kerror: [m[K‘[01m[Kget_clock[m[K’ is not a member of ‘[01m[Krclcpp[m[K’
  138 |       RCLCPP_ERROR_THROTTLE(rclcpp::get_logger("CsSystem"), *rclcpp::[01;31m[Kget_clock[m[K(), 2000, "ZMQ Send Error in read()");
      |                                                                      [01;31m[K^~~~~~~~~[m[K
[01m[K/home/rosqiu/coppelia_control/src/cs_hardware_interface/src/cs_system.cpp:[m[K In lambda function:
[01m[K/home/rosqiu/coppelia_control/src/cs_hardware_interface/src/cs_system.cpp:138:7:[m[K [01;31m[Kerror: [m[K‘[01m[Kc[m[K’ was not declared in this scope
  138 |       [01;31m[KRCLCPP_ERROR_THROTTLE[m[K(rclcpp::get_logger("CsSystem"), *rclcpp::get_clock(), 2000, "ZMQ Send Error in read()");
      |       [01;31m[K^~~~~~~~~~~~~~~~~~~~~[m[K
[01m[K/home/rosqiu/coppelia_control/src/cs_hardware_interface/src/cs_system.cpp:[m[K In member function ‘[01m[Kvirtual hardware_interface::return_type cs_hardware_interface::CsSystem::read(const rclcpp::Time&, const rclcpp::Duration&)[m[K’:
[01m[K/home/rosqiu/coppelia_control/src/cs_hardware_interface/src/cs_system.cpp:148:69:[m[K [01;31m[Kerror: [m[K‘[01m[Kget_clock[m[K’ is not a member of ‘[01m[Krclcpp[m[K’
  148 |       RCLCPP_WARN_THROTTLE(rclcpp::get_logger("CsSystem"), *rclcpp::[01;31m[Kget_clock[m[K(), 2000, "ZMQ Recv Timeout/Error in read() - Check CoppeliaSim status");
      |                                                                     [01;31m[K^~~~~~~~~[m[K
[01m[K/home/rosqiu/coppelia_control/src/cs_hardware_interface/src/cs_system.cpp:[m[K In lambda function:
[01m[K/home/rosqiu/coppelia_control/src/cs_hardware_interface/src/cs_system.cpp:148:7:[m[K [01;31m[Kerror: [m[K‘[01m[Kc[m[K’ was not declared in this scope
  148 |       [01;31m[KRCLCPP_WARN_THROTTLE[m[K(rclcpp::get_logger("CsSystem"), *rclcpp::get_clock(), 2000, "ZMQ Recv Timeout/Error in read() - Check CoppeliaSim status");
      |       [01;31m[K^~~~~~~~~~~~~~~~~~~~[m[K
[01m[K/home/rosqiu/coppelia_control/src/cs_hardware_interface/src/cs_system.cpp:[m[K In member function ‘[01m[Kvirtual hardware_interface::return_type cs_hardware_interface::CsSystem::write(const rclcpp::Time&, const rclcpp::Duration&)[m[K’:
[01m[K/home/rosqiu/coppelia_control/src/cs_hardware_interface/src/cs_system.cpp:180:70:[m[K [01;31m[Kerror: [m[K‘[01m[Kget_clock[m[K’ is not a member of ‘[01m[Krclcpp[m[K’
  180 |        RCLCPP_WARN_THROTTLE(rclcpp::get_logger("CsSystem"), *rclcpp::[01;31m[Kget_clock[m[K(), 2000, "ZMQ Recv Timeout in write()");
      |                                                                      [01;31m[K^~~~~~~~~[m[K
[01m[K/home/rosqiu/coppelia_control/src/cs_hardware_interface/src/cs_system.cpp:[m[K In lambda function:
[01m[K/home/rosqiu/coppelia_control/src/cs_hardware_interface/src/cs_system.cpp:180:8:[m[K [01;31m[Kerror: [m[K‘[01m[Kc[m[K’ was not declared in this scope
  180 |        [01;31m[KRCLCPP_WARN_THROTTLE[m[K(rclcpp::get_logger("CsSystem"), *rclcpp::get_clock(), 2000, "ZMQ Recv Timeout in write()");
      |        [01;31m[K^~~~~~~~~~~~~~~~~~~~[m[K
[01m[K/home/rosqiu/coppelia_control/src/cs_hardware_interface/src/cs_system.cpp:[m[K In member function ‘[01m[Kvoid cs_hardware_interface::CsSystem::parse_feedback(const string&)[m[K’:
[01m[K/home/rosqiu/coppelia_control/src/cs_hardware_interface/src/cs_system.cpp:198:75:[m[K [01;31m[Kerror: [m[K‘[01m[Kget_clock[m[K’ is not a member of ‘[01m[Krclcpp[m[K’
  198 |            RCLCPP_ERROR_THROTTLE(rclcpp::get_logger("CsSystem"), *rclcpp::[01;31m[Kget_clock[m[K(), 5000, "Data parse error: %s", segment.c_str());
      |                                                                           [01;31m[K^~~~~~~~~[m[K
[01m[K/home/rosqiu/coppelia_control/src/cs_hardware_interface/src/cs_system.cpp:[m[K In lambda function:
[01m[K/home/rosqiu/coppelia_control/src/cs_hardware_interface/src/cs_system.cpp:198:12:[m[K [01;31m[Kerror: [m[K‘[01m[Kc[m[K’ was not declared in this scope
  198 |            [01;31m[KRCLCPP_ERROR_THROTTLE[m[K(rclcpp::get_logger("CsSystem"), *rclcpp::get_clock(), 5000, "Data parse error: %s", segment.c_str());
      |            [01;31m[K^~~~~~~~~~~~~~~~~~~~~[m[K
gmake[2]: *** [CMakeFiles/cs_hardware_interface.dir/build.make:76：CMakeFiles/cs_hardware_interface.dir/src/cs_system.cpp.o] 错误 1
gmake[1]: *** [CMakeFiles/Makefile2:137：CMakeFiles/cs_hardware_interface.dir/all] 错误 2
gmake: *** [Makefile:146：all] 错误 2
