[0.110s] Invoking command in '/home/rosqiu/coppelia_control/build/cs_hardware_interface': CMAKE_PREFIX_PATH=${CMAKE_PREFIX_PATH}:/home/rosqiu/coppelia_control/install/coppelia_vision:/opt/ros/humble /usr/bin/cmake /home/rosqiu/coppelia_control/src/cs_hardware_interface -DAMENT_CMAKE_SYMLINK_INSTALL=1 -DCMAKE_INSTALL_PREFIX=/home/rosqiu/coppelia_control/install/cs_hardware_interface
[0.688s] -- The C compiler identification is GNU 11.4.0
[1.376s] -- The CXX compiler identification is GNU 11.4.0
[1.444s] -- Detecting C compiler ABI info
[1.895s] -- Detecting C compiler ABI info - done
[1.956s] -- Check for working C compiler: /usr/bin/cc - skipped
[1.962s] -- Detecting C compile features
[1.962s] -- Detecting C compile features - done
[1.975s] -- Detecting CXX compiler ABI info
[2.689s] -- Detecting CXX compiler ABI info - done
[2.763s] -- Check for working CXX compiler: /usr/bin/c++ - skipped
[2.763s] -- Detecting CXX compile features
[2.763s] -- Detecting CXX compile features - done
[2.803s] -- Found ament_cmake: 1.3.12 (/opt/ros/humble/share/ament_cmake/cmake)
[3.606s] -- Found Python3: /usr/bin/python3 (found version "3.10.12") found components: Interpreter 
[3.939s] -- Override CMake install command with custom implementation using symlinks instead of copying resources
[4.125s] -- Found rclcpp: 16.0.15 (/opt/ros/humble/share/rclcpp/cmake)
[4.498s] -- Found rosidl_generator_c: 3.1.7 (/opt/ros/humble/share/rosidl_generator_c/cmake)
[4.542s] -- Found rosidl_adapter: 3.1.7 (/opt/ros/humble/share/rosidl_adapter/cmake)
[4.596s] -- Found rosidl_generator_cpp: 3.1.7 (/opt/ros/humble/share/rosidl_generator_cpp/cmake)
[4.704s] -- Using all available rosidl_typesupport_c: rosidl_typesupport_fastrtps_c;rosidl_typesupport_introspection_c
[4.778s] -- Using all available rosidl_typesupport_cpp: rosidl_typesupport_fastrtps_cpp;rosidl_typesupport_introspection_cpp
[4.964s] -- Found rmw_implementation_cmake: 6.1.2 (/opt/ros/humble/share/rmw_implementation_cmake/cmake)
[4.966s] -- Found rmw_cyclonedds_cpp: 1.3.4 (/opt/ros/humble/share/rmw_cyclonedds_cpp/cmake)
[5.102s] -- Using RMW implementation 'rmw_cyclonedds_cpp' as default
[5.157s] -- Looking for pthread.h
[5.466s] -- Looking for pthread.h - found
[5.466s] -- Performing Test CMAKE_HAVE_LIBC_PTHREAD
[5.748s] -- Performing Test CMAKE_HAVE_LIBC_PTHREAD - Success
[5.748s] -- Found Threads: TRUE  
[6.211s] -- Found hardware_interface: 2.52.0 (/opt/ros/humble/share/hardware_interface/cmake)
[7.382s] -- Found PkgConfig: /usr/bin/pkg-config (found version "0.29.2") 
[7.383s] -- Checking for module 'libzmq'
[7.562s] --   Found libzmq, version 4.3.4
[7.943s] -- Found ament_lint_auto: 0.12.14 (/opt/ros/humble/share/ament_lint_auto/cmake)
[8.103s] -- Added test 'cppcheck' to perform static code analysis on C / C++ code
[8.104s] -- Configured cppcheck include dirs: /home/rosqiu/coppelia_control/src/cs_hardware_interface/include
[8.105s] -- Configured cppcheck exclude dirs and/or files: 
[8.106s] -- Added test 'flake8' to check Python code syntax and style conventions
[8.108s] -- Added test 'lint_cmake' to check CMake code style
[8.118s] -- Added test 'pep257' to check Python code against some of the docstring style conventions in PEP 257
[8.130s] -- Added test 'uncrustify' to check C / C++ code style
[8.131s] -- Configured uncrustify additional arguments: 
[8.133s] -- Added test 'xmllint' to check XML markup files
[8.136s] -- Configuring done
[8.200s] -- Generating done
[8.252s] -- Build files have been written to: /home/rosqiu/coppelia_control/build/cs_hardware_interface
[8.287s] Invoked command in '/home/rosqiu/coppelia_control/build/cs_hardware_interface' returned '0': CMAKE_PREFIX_PATH=${CMAKE_PREFIX_PATH}:/home/rosqiu/coppelia_control/install/coppelia_vision:/opt/ros/humble /usr/bin/cmake /home/rosqiu/coppelia_control/src/cs_hardware_interface -DAMENT_CMAKE_SYMLINK_INSTALL=1 -DCMAKE_INSTALL_PREFIX=/home/rosqiu/coppelia_control/install/cs_hardware_interface
[8.288s] Invoking command in '/home/rosqiu/coppelia_control/build/cs_hardware_interface': CMAKE_PREFIX_PATH=${CMAKE_PREFIX_PATH}:/home/rosqiu/coppelia_control/install/coppelia_vision:/opt/ros/humble /usr/bin/cmake --build /home/rosqiu/coppelia_control/build/cs_hardware_interface -- -j3 -l3
[8.531s] [ 50%] [32mBuilding CXX object CMakeFiles/cs_hardware_interface.dir/src/cs_system.cpp.o[0m
[15.502s] In file included from [01m[K/opt/ros/humble/include/rclcpp/rclcpp/client.hpp:40[m[K,
[15.502s]                  from [01m[K/opt/ros/humble/include/rclcpp/rclcpp/callback_group.hpp:24[m[K,
[15.502s]                  from [01m[K/opt/ros/humble/include/rclcpp/rclcpp/any_executable.hpp:20[m[K,
[15.502s]                  from [01m[K/opt/ros/humble/include/rclcpp/rclcpp/memory_strategy.hpp:25[m[K,
[15.502s]                  from [01m[K/opt/ros/humble/include/rclcpp/rclcpp/memory_strategies.hpp:18[m[K,
[15.502s]                  from [01m[K/opt/ros/humble/include/rclcpp/rclcpp/executor_options.hpp:20[m[K,
[15.502s]                  from [01m[K/opt/ros/humble/include/rclcpp/rclcpp/executor.hpp:37[m[K,
[15.502s]                  from [01m[K/opt/ros/humble/include/rclcpp/rclcpp/executors/multi_threaded_executor.hpp:25[m[K,
[15.503s]                  from [01m[K/opt/ros/humble/include/rclcpp/rclcpp/executors.hpp:21[m[K,
[15.503s]                  from [01m[K/opt/ros/humble/include/rclcpp/rclcpp/rclcpp.hpp:155[m[K,
[15.503s]                  from [01m[K/home/rosqiu/coppelia_control/src/cs_hardware_interface/include/cs_hardware_interface/cs_system.hpp:14[m[K,
[15.503s]                  from [01m[K/home/rosqiu/coppelia_control/src/cs_hardware_interface/src/cs_system.cpp:1[m[K:
[15.503s] [01m[K/home/rosqiu/coppelia_control/src/cs_hardware_interface/src/cs_system.cpp:[m[K In member function ‘[01m[Kvirtual hardware_interface::return_type cs_hardware_interface::CsSystem::read(const rclcpp::Time&, const rclcpp::Duration&)[m[K’:
[15.503s] [01m[K/home/rosqiu/coppelia_control/src/cs_hardware_interface/src/cs_system.cpp:138:70:[m[K [01;31m[Kerror: [m[K‘[01m[Kget_clock[m[K’ is not a member of ‘[01m[Krclcpp[m[K’
[15.503s]   138 |       RCLCPP_ERROR_THROTTLE(rclcpp::get_logger("CsSystem"), *rclcpp::[01;31m[Kget_clock[m[K(), 2000, "ZMQ Send Error in read()");
[15.503s]       |                                                                      [01;31m[K^~~~~~~~~[m[K
[15.503s] [01m[K/home/rosqiu/coppelia_control/src/cs_hardware_interface/src/cs_system.cpp:[m[K In lambda function:
[15.503s] [01m[K/home/rosqiu/coppelia_control/src/cs_hardware_interface/src/cs_system.cpp:138:7:[m[K [01;31m[Kerror: [m[K‘[01m[Kc[m[K’ was not declared in this scope
[15.503s]   138 |       [01;31m[KRCLCPP_ERROR_THROTTLE[m[K(rclcpp::get_logger("CsSystem"), *rclcpp::get_clock(), 2000, "ZMQ Send Error in read()");
[15.503s]       |       [01;31m[K^~~~~~~~~~~~~~~~~~~~~[m[K
[15.503s] [01m[K/home/rosqiu/coppelia_control/src/cs_hardware_interface/src/cs_system.cpp:[m[K In member function ‘[01m[Kvirtual hardware_interface::return_type cs_hardware_interface::CsSystem::read(const rclcpp::Time&, const rclcpp::Duration&)[m[K’:
[15.503s] [01m[K/home/rosqiu/coppelia_control/src/cs_hardware_interface/src/cs_system.cpp:148:69:[m[K [01;31m[Kerror: [m[K‘[01m[Kget_clock[m[K’ is not a member of ‘[01m[Krclcpp[m[K’
[15.503s]   148 |       RCLCPP_WARN_THROTTLE(rclcpp::get_logger("CsSystem"), *rclcpp::[01;31m[Kget_clock[m[K(), 2000, "ZMQ Recv Timeout/Error in read() - Check CoppeliaSim status");
[15.503s]       |                                                                     [01;31m[K^~~~~~~~~[m[K
[15.524s] [01m[K/home/rosqiu/coppelia_control/src/cs_hardware_interface/src/cs_system.cpp:[m[K In lambda function:
[15.524s] [01m[K/home/rosqiu/coppelia_control/src/cs_hardware_interface/src/cs_system.cpp:148:7:[m[K [01;31m[Kerror: [m[K‘[01m[Kc[m[K’ was not declared in this scope
[15.524s]   148 |       [01;31m[KRCLCPP_WARN_THROTTLE[m[K(rclcpp::get_logger("CsSystem"), *rclcpp::get_clock(), 2000, "ZMQ Recv Timeout/Error in read() - Check CoppeliaSim status");
[15.524s]       |       [01;31m[K^~~~~~~~~~~~~~~~~~~~[m[K
[15.524s] [01m[K/home/rosqiu/coppelia_control/src/cs_hardware_interface/src/cs_system.cpp:[m[K In member function ‘[01m[Kvirtual hardware_interface::return_type cs_hardware_interface::CsSystem::write(const rclcpp::Time&, const rclcpp::Duration&)[m[K’:
[15.524s] [01m[K/home/rosqiu/coppelia_control/src/cs_hardware_interface/src/cs_system.cpp:180:70:[m[K [01;31m[Kerror: [m[K‘[01m[Kget_clock[m[K’ is not a member of ‘[01m[Krclcpp[m[K’
[15.524s]   180 |        RCLCPP_WARN_THROTTLE(rclcpp::get_logger("CsSystem"), *rclcpp::[01;31m[Kget_clock[m[K(), 2000, "ZMQ Recv Timeout in write()");
[15.524s]       |                                                                      [01;31m[K^~~~~~~~~[m[K
[15.548s] [01m[K/home/rosqiu/coppelia_control/src/cs_hardware_interface/src/cs_system.cpp:[m[K In lambda function:
[15.548s] [01m[K/home/rosqiu/coppelia_control/src/cs_hardware_interface/src/cs_system.cpp:180:8:[m[K [01;31m[Kerror: [m[K‘[01m[Kc[m[K’ was not declared in this scope
[15.548s]   180 |        [01;31m[KRCLCPP_WARN_THROTTLE[m[K(rclcpp::get_logger("CsSystem"), *rclcpp::get_clock(), 2000, "ZMQ Recv Timeout in write()");
[15.548s]       |        [01;31m[K^~~~~~~~~~~~~~~~~~~~[m[K
[15.548s] [01m[K/home/rosqiu/coppelia_control/src/cs_hardware_interface/src/cs_system.cpp:[m[K In member function ‘[01m[Kvoid cs_hardware_interface::CsSystem::parse_feedback(const string&)[m[K’:
[15.548s] [01m[K/home/rosqiu/coppelia_control/src/cs_hardware_interface/src/cs_system.cpp:198:75:[m[K [01;31m[Kerror: [m[K‘[01m[Kget_clock[m[K’ is not a member of ‘[01m[Krclcpp[m[K’
[15.548s]   198 |            RCLCPP_ERROR_THROTTLE(rclcpp::get_logger("CsSystem"), *rclcpp::[01;31m[Kget_clock[m[K(), 5000, "Data parse error: %s", segment.c_str());
[15.548s]       |                                                                           [01;31m[K^~~~~~~~~[m[K
[15.566s] [01m[K/home/rosqiu/coppelia_control/src/cs_hardware_interface/src/cs_system.cpp:[m[K In lambda function:
[15.566s] [01m[K/home/rosqiu/coppelia_control/src/cs_hardware_interface/src/cs_system.cpp:198:12:[m[K [01;31m[Kerror: [m[K‘[01m[Kc[m[K’ was not declared in this scope
[15.566s]   198 |            [01;31m[KRCLCPP_ERROR_THROTTLE[m[K(rclcpp::get_logger("CsSystem"), *rclcpp::get_clock(), 5000, "Data parse error: %s", segment.c_str());
[15.567s]       |            [01;31m[K^~~~~~~~~~~~~~~~~~~~~[m[K
[16.609s] gmake[2]: *** [CMakeFiles/cs_hardware_interface.dir/build.make:76：CMakeFiles/cs_hardware_interface.dir/src/cs_system.cpp.o] 错误 1
[16.610s] gmake[1]: *** [CMakeFiles/Makefile2:137：CMakeFiles/cs_hardware_interface.dir/all] 错误 2
[16.610s] gmake: *** [Makefile:146：all] 错误 2
[16.620s] Invoked command in '/home/rosqiu/coppelia_control/build/cs_hardware_interface' returned '2': CMAKE_PREFIX_PATH=${CMAKE_PREFIX_PATH}:/home/rosqiu/coppelia_control/install/coppelia_vision:/opt/ros/humble /usr/bin/cmake --build /home/rosqiu/coppelia_control/build/cs_hardware_interface -- -j3 -l3
