[35m[1mConsolidate compiler generated dependencies of target cs_hardware_interface[0m
[ 50%] [32mBuilding CXX object CMakeFiles/cs_hardware_interface.dir/src/cs_system.cpp.o[0m
[100%] [32m[1mLinking CXX shared library libcs_hardware_interface.so[0m
[100%] Built target cs_hardware_interface
-- Install configuration: ""
-- Execute custom install script
-- Symlinking: /home/rosqiu/coppelia_control/install/cs_hardware_interface/share/cs_hardware_interface//cs_hardware_interface.xml
-- Symlinking: /home/rosqiu/coppelia_control/install/cs_hardware_interface/lib/libcs_hardware_interface.so
-- Up-to-date symlink: /home/rosqiu/coppelia_control/install/cs_hardware_interface/share/cs_hardware_interface/cs_hardware_interface.xml
-- Symlinking: /home/rosqiu/coppelia_control/install/cs_hardware_interface/include/cs_hardware_interface/cs_system.hpp
-- Symlinking: /home/rosqiu/coppelia_control/install/cs_hardware_interface/share/cs_hardware_interface/launch/coppelia_moveit.launch.py
-- Symlinking: /home/rosqiu/coppelia_control/install/cs_hardware_interface/share/cs_hardware_interface/config/controllers.yaml
-- Symlinking: /home/rosqiu/coppelia_control/install/cs_hardware_interface/share/cs_hardware_interface/urdf/exported_panda.urdf
-- Symlinking: /home/rosqiu/coppelia_control/install/cs_hardware_interface/share/cs_hardware_interface/urdf/exported_panda_FrankaGripper_coll_1.dae
-- Symlinking: /home/rosqiu/coppelia_control/install/cs_hardware_interface/share/cs_hardware_interface/urdf/exported_panda_FrankaGripper_coll_2.dae
-- Symlinking: /home/rosqiu/coppelia_control/install/cs_hardware_interface/share/cs_hardware_interface/urdf/exported_panda_FrankaGripper_coll_3.dae
-- Symlinking: /home/rosqiu/coppelia_control/install/cs_hardware_interface/share/cs_hardware_interface/urdf/exported_panda_leftFinger_coll_1.dae
-- Symlinking: /home/rosqiu/coppelia_control/install/cs_hardware_interface/share/cs_hardware_interface/urdf/exported_panda_leftFinger_coll_2.dae
-- Symlinking: /home/rosqiu/coppelia_control/install/cs_hardware_interface/share/cs_hardware_interface/urdf/exported_panda_leftFinger_coll_3.dae
-- Symlinking: /home/rosqiu/coppelia_control/install/cs_hardware_interface/share/cs_hardware_interface/urdf/exported_panda_leftFinger_coll_4.dae
-- Symlinking: /home/rosqiu/coppelia_control/install/cs_hardware_interface/share/cs_hardware_interface/urdf/exported_panda_leftFinger_coll_5.dae
-- Symlinking: /home/rosqiu/coppelia_control/install/cs_hardware_interface/share/cs_hardware_interface/urdf/exported_panda_leftFinger_coll_6.dae
-- Symlinking: /home/rosqiu/coppelia_control/install/cs_hardware_interface/share/cs_hardware_interface/urdf/exported_panda_leftFinger_coll_7.dae
-- Symlinking: /home/rosqiu/coppelia_control/install/cs_hardware_interface/share/cs_hardware_interface/urdf/exported_panda_leftFinger_coll_8.dae
-- Symlinking: /home/rosqiu/coppelia_control/install/cs_hardware_interface/share/cs_hardware_interface/urdf/exported_panda_leftFinger_coll_9.dae
-- Symlinking: /home/rosqiu/coppelia_control/install/cs_hardware_interface/share/cs_hardware_interface/urdf/exported_panda_leftFinger_visible_vis_1.dae
-- Symlinking: /home/rosqiu/coppelia_control/install/cs_hardware_interface/share/cs_hardware_interface/urdf/exported_panda_leftPad_coll_1.dae
-- Symlinking: /home/rosqiu/coppelia_control/install/cs_hardware_interface/share/cs_hardware_interface/urdf/exported_panda_leftPad_visible_vis_1.dae
-- Symlinking: /home/rosqiu/coppelia_control/install/cs_hardware_interface/share/cs_hardware_interface/urdf/exported_panda_link2_resp_coll_1.dae
-- Symlinking: /home/rosqiu/coppelia_control/install/cs_hardware_interface/share/cs_hardware_interface/urdf/exported_panda_link2_resp_coll_2.dae
-- Symlinking: /home/rosqiu/coppelia_control/install/cs_hardware_interface/share/cs_hardware_interface/urdf/exported_panda_link2_resp_coll_3.dae
-- Symlinking: /home/rosqiu/coppelia_control/install/cs_hardware_interface/share/cs_hardware_interface/urdf/exported_panda_link2_resp_coll_4.dae
-- Symlinking: /home/rosqiu/coppelia_control/install/cs_hardware_interface/share/cs_hardware_interface/urdf/exported_panda_link3_resp_coll_1.dae
-- Symlinking: /home/rosqiu/coppelia_control/install/cs_hardware_interface/share/cs_hardware_interface/urdf/exported_panda_link3_resp_coll_2.dae
-- Symlinking: /home/rosqiu/coppelia_control/install/cs_hardware_interface/share/cs_hardware_interface/urdf/exported_panda_link4_resp_coll_1.dae
-- Symlinking: /home/rosqiu/coppelia_control/install/cs_hardware_interface/share/cs_hardware_interface/urdf/exported_panda_link4_resp_coll_2.dae
-- Symlinking: /home/rosqiu/coppelia_control/install/cs_hardware_interface/share/cs_hardware_interface/urdf/exported_panda_link4_resp_coll_3.dae
-- Symlinking: /home/rosqiu/coppelia_control/install/cs_hardware_interface/share/cs_hardware_interface/urdf/exported_panda_link4_resp_coll_4.dae
-- Symlinking: /home/rosqiu/coppelia_control/install/cs_hardware_interface/share/cs_hardware_interface/urdf/exported_panda_link5_resp_coll_1.dae
-- Symlinking: /home/rosqiu/coppelia_control/install/cs_hardware_interface/share/cs_hardware_interface/urdf/exported_panda_link5_resp_coll_2.dae
-- Symlinking: /home/rosqiu/coppelia_control/install/cs_hardware_interface/share/cs_hardware_interface/urdf/exported_panda_link5_resp_coll_3.dae
-- Symlinking: /home/rosqiu/coppelia_control/install/cs_hardware_interface/share/cs_hardware_interface/urdf/exported_panda_link5_resp_coll_4.dae
-- Symlinking: /home/rosqiu/coppelia_control/install/cs_hardware_interface/share/cs_hardware_interface/urdf/exported_panda_link5_resp_coll_5.dae
-- Symlinking: /home/rosqiu/coppelia_control/install/cs_hardware_interface/share/cs_hardware_interface/urdf/exported_panda_link5_resp_coll_6.dae
-- Symlinking: /home/rosqiu/coppelia_control/install/cs_hardware_interface/share/cs_hardware_interface/urdf/exported_panda_link6_resp_coll_1.dae
-- Symlinking: /home/rosqiu/coppelia_control/install/cs_hardware_interface/share/cs_hardware_interface/urdf/exported_panda_link6_resp_coll_2.dae
-- Symlinking: /home/rosqiu/coppelia_control/install/cs_hardware_interface/share/cs_hardware_interface/urdf/exported_panda_link6_resp_coll_3.dae
-- Symlinking: /home/rosqiu/coppelia_control/install/cs_hardware_interface/share/cs_hardware_interface/urdf/exported_panda_link6_resp_coll_4.dae
-- Symlinking: /home/rosqiu/coppelia_control/install/cs_hardware_interface/share/cs_hardware_interface/urdf/exported_panda_link6_resp_coll_5.dae
-- Symlinking: /home/rosqiu/coppelia_control/install/cs_hardware_interface/share/cs_hardware_interface/urdf/exported_panda_link6_resp_coll_6.dae
-- Symlinking: /home/rosqiu/coppelia_control/install/cs_hardware_interface/share/cs_hardware_interface/urdf/exported_panda_link6_resp_coll_7.dae
-- Symlinking: /home/rosqiu/coppelia_control/install/cs_hardware_interface/share/cs_hardware_interface/urdf/exported_panda_link6_resp_coll_8.dae
-- Symlinking: /home/rosqiu/coppelia_control/install/cs_hardware_interface/share/cs_hardware_interface/urdf/exported_panda_link6_resp_coll_9.dae
-- Symlinking: /home/rosqiu/coppelia_control/install/cs_hardware_interface/share/cs_hardware_interface/urdf/exported_panda_link7_resp_coll_1.dae
-- Symlinking: /home/rosqiu/coppelia_control/install/cs_hardware_interface/share/cs_hardware_interface/urdf/exported_panda_link7_resp_coll_10.dae
-- Symlinking: /home/rosqiu/coppelia_control/install/cs_hardware_interface/share/cs_hardware_interface/urdf/exported_panda_link7_resp_coll_11.dae
-- Symlinking: /home/rosqiu/coppelia_control/install/cs_hardware_interface/share/cs_hardware_interface/urdf/exported_panda_link7_resp_coll_12.dae
-- Symlinking: /home/rosqiu/coppelia_control/install/cs_hardware_interface/share/cs_hardware_interface/urdf/exported_panda_link7_resp_coll_13.dae
-- Symlinking: /home/rosqiu/coppelia_control/install/cs_hardware_interface/share/cs_hardware_interface/urdf/exported_panda_link7_resp_coll_14.dae
-- Symlinking: /home/rosqiu/coppelia_control/install/cs_hardware_interface/share/cs_hardware_interface/urdf/exported_panda_link7_resp_coll_15.dae
-- Symlinking: /home/rosqiu/coppelia_control/install/cs_hardware_interface/share/cs_hardware_interface/urdf/exported_panda_link7_resp_coll_16.dae
-- Symlinking: /home/rosqiu/coppelia_control/install/cs_hardware_interface/share/cs_hardware_interface/urdf/exported_panda_link7_resp_coll_2.dae
-- Symlinking: /home/rosqiu/coppelia_control/install/cs_hardware_interface/share/cs_hardware_interface/urdf/exported_panda_link7_resp_coll_3.dae
-- Symlinking: /home/rosqiu/coppelia_control/install/cs_hardware_interface/share/cs_hardware_interface/urdf/exported_panda_link7_resp_coll_4.dae
-- Symlinking: /home/rosqiu/coppelia_control/install/cs_hardware_interface/share/cs_hardware_interface/urdf/exported_panda_link7_resp_coll_5.dae
-- Symlinking: /home/rosqiu/coppelia_control/install/cs_hardware_interface/share/cs_hardware_interface/urdf/exported_panda_link7_resp_coll_6.dae
-- Symlinking: /home/rosqiu/coppelia_control/install/cs_hardware_interface/share/cs_hardware_interface/urdf/exported_panda_link7_resp_coll_7.dae
-- Symlinking: /home/rosqiu/coppelia_control/install/cs_hardware_interface/share/cs_hardware_interface/urdf/exported_panda_link7_resp_coll_8.dae
-- Symlinking: /home/rosqiu/coppelia_control/install/cs_hardware_interface/share/cs_hardware_interface/urdf/exported_panda_link7_resp_coll_9.dae
-- Symlinking: /home/rosqiu/coppelia_control/install/cs_hardware_interface/share/cs_hardware_interface/urdf/exported_panda_link_2_vis_1.dae
-- Symlinking: /home/rosqiu/coppelia_control/install/cs_hardware_interface/share/cs_hardware_interface/urdf/exported_panda_link_3_vis_1.dae
-- Symlinking: /home/rosqiu/coppelia_control/install/cs_hardware_interface/share/cs_hardware_interface/urdf/exported_panda_link_4_vis_1.dae
-- Symlinking: /home/rosqiu/coppelia_control/install/cs_hardware_interface/share/cs_hardware_interface/urdf/exported_panda_link_4_vis_2.dae
-- Symlinking: /home/rosqiu/coppelia_control/install/cs_hardware_interface/share/cs_hardware_interface/urdf/exported_panda_link_5_vis_1.dae
-- Symlinking: /home/rosqiu/coppelia_control/install/cs_hardware_interface/share/cs_hardware_interface/urdf/exported_panda_link_5_vis_2.dae
-- Symlinking: /home/rosqiu/coppelia_control/install/cs_hardware_interface/share/cs_hardware_interface/urdf/exported_panda_link_6_vis_1.dae
-- Symlinking: /home/rosqiu/coppelia_control/install/cs_hardware_interface/share/cs_hardware_interface/urdf/exported_panda_link_6_vis_2.dae
-- Symlinking: /home/rosqiu/coppelia_control/install/cs_hardware_interface/share/cs_hardware_interface/urdf/exported_panda_link_7_vis_1.dae
-- Symlinking: /home/rosqiu/coppelia_control/install/cs_hardware_interface/share/cs_hardware_interface/urdf/exported_panda_link_7_vis_2.dae
-- Symlinking: /home/rosqiu/coppelia_control/install/cs_hardware_interface/share/cs_hardware_interface/urdf/exported_panda_link_8_vis_1.dae
-- Symlinking: /home/rosqiu/coppelia_control/install/cs_hardware_interface/share/cs_hardware_interface/urdf/exported_panda_link_vis_1.dae
-- Symlinking: /home/rosqiu/coppelia_control/install/cs_hardware_interface/share/cs_hardware_interface/urdf/exported_panda_rightFinger_coll_1.dae
-- Symlinking: /home/rosqiu/coppelia_control/install/cs_hardware_interface/share/cs_hardware_interface/urdf/exported_panda_rightFinger_coll_2.dae
-- Symlinking: /home/rosqiu/coppelia_control/install/cs_hardware_interface/share/cs_hardware_interface/urdf/exported_panda_rightFinger_coll_3.dae
-- Symlinking: /home/rosqiu/coppelia_control/install/cs_hardware_interface/share/cs_hardware_interface/urdf/exported_panda_rightFinger_coll_4.dae
-- Symlinking: /home/rosqiu/coppelia_control/install/cs_hardware_interface/share/cs_hardware_interface/urdf/exported_panda_rightFinger_coll_5.dae
-- Symlinking: /home/rosqiu/coppelia_control/install/cs_hardware_interface/share/cs_hardware_interface/urdf/exported_panda_rightFinger_coll_6.dae
-- Symlinking: /home/rosqiu/coppelia_control/install/cs_hardware_interface/share/cs_hardware_interface/urdf/exported_panda_rightFinger_coll_7.dae
-- Symlinking: /home/rosqiu/coppelia_control/install/cs_hardware_interface/share/cs_hardware_interface/urdf/exported_panda_rightFinger_coll_8.dae
-- Symlinking: /home/rosqiu/coppelia_control/install/cs_hardware_interface/share/cs_hardware_interface/urdf/exported_panda_rightFinger_coll_9.dae
-- Symlinking: /home/rosqiu/coppelia_control/install/cs_hardware_interface/share/cs_hardware_interface/urdf/exported_panda_rightFinger_visible_vis_1.dae
-- Symlinking: /home/rosqiu/coppelia_control/install/cs_hardware_interface/share/cs_hardware_interface/urdf/exported_panda_rightPad_coll_1.dae
-- Symlinking: /home/rosqiu/coppelia_control/install/cs_hardware_interface/share/cs_hardware_interface/urdf/exported_panda_rightPad_visible_vis_1.dae
-- Symlinking: /home/rosqiu/coppelia_control/install/cs_hardware_interface/share/cs_hardware_interface/urdf/exported_panda_robot_base_coll_1.dae
-- Symlinking: /home/rosqiu/coppelia_control/install/cs_hardware_interface/share/cs_hardware_interface/urdf/exported_panda_visible_vis_1.dae
-- Symlinking: /home/rosqiu/coppelia_control/install/cs_hardware_interface/share/ament_index/resource_index/package_run_dependencies/cs_hardware_interface
-- Symlinking: /home/rosqiu/coppelia_control/install/cs_hardware_interface/share/ament_index/resource_index/parent_prefix_path/cs_hardware_interface
-- Symlinking: /home/rosqiu/coppelia_control/install/cs_hardware_interface/share/cs_hardware_interface/environment/ament_prefix_path.sh
-- Symlinking: /home/rosqiu/coppelia_control/install/cs_hardware_interface/share/cs_hardware_interface/environment/ament_prefix_path.dsv
-- Symlinking: /home/rosqiu/coppelia_control/install/cs_hardware_interface/share/cs_hardware_interface/environment/path.sh
-- Symlinking: /home/rosqiu/coppelia_control/install/cs_hardware_interface/share/cs_hardware_interface/environment/path.dsv
-- Symlinking: /home/rosqiu/coppelia_control/install/cs_hardware_interface/share/cs_hardware_interface/local_setup.bash
-- Symlinking: /home/rosqiu/coppelia_control/install/cs_hardware_interface/share/cs_hardware_interface/local_setup.sh
-- Symlinking: /home/rosqiu/coppelia_control/install/cs_hardware_interface/share/cs_hardware_interface/local_setup.zsh
-- Symlinking: /home/rosqiu/coppelia_control/install/cs_hardware_interface/share/cs_hardware_interface/local_setup.dsv
-- Symlinking: /home/rosqiu/coppelia_control/install/cs_hardware_interface/share/cs_hardware_interface/package.dsv
-- Symlinking: /home/rosqiu/coppelia_control/install/cs_hardware_interface/share/ament_index/resource_index/packages/cs_hardware_interface
-- Symlinking: /home/rosqiu/coppelia_control/install/cs_hardware_interface/share/ament_index/resource_index/hardware_interface__pluginlib__plugin/cs_hardware_interface
-- Symlinking: /home/rosqiu/coppelia_control/install/cs_hardware_interface/share/cs_hardware_interface/cmake/cs_hardware_interfaceConfig.cmake
-- Symlinking: /home/rosqiu/coppelia_control/install/cs_hardware_interface/share/cs_hardware_interface/cmake/cs_hardware_interfaceConfig-version.cmake
-- Symlinking: /home/rosqiu/coppelia_control/install/cs_hardware_interface/share/cs_hardware_interface/package.xml
