[0.043s] Invoking command in '/home/rosqiu/coppelia_control/build/coppelia_control': CMAKE_PREFIX_PATH=${CMAKE_PREFIX_PATH}:/home/rosqiu/demo01/install/learning_urdf:/home/rosqiu/demo01/install/learning_topic:/home/rosqiu/demo01/install/learning_tf:/home/rosqiu/demo01/install/learning_service:/home/rosqiu/demo01/install/learning_qos:/home/rosqiu/demo01/install/learning_pkg_python:/home/rosqiu/demo01/install/learning_parameter:/home/rosqiu/demo01/install/learning_node:/home/rosqiu/demo01/install/learning_launch:/home/rosqiu/demo01/install/learning_action:/home/rosqiu/demo01/install/learning_gazebo_harmonic:/home/rosqiu/demo01/install/learning_gazebo:/home/rosqiu/demo01/install/learning_cv:/opt/ros/humble /usr/bin/cmake --build /home/rosqiu/coppelia_control/build/coppelia_control -- -j3 -l3
[0.243s] [ 66%] Built target coppelia_control_lib
[0.299s] [35m[1mConsolidate compiler generated dependencies of target main_node[0m
[0.383s] [ 83%] [32mBuilding CXX object CMakeFiles/main_node.dir/src/main.cpp.o[0m
[1.792s] [01m[K/home/rosqiu/coppelia_control/src/coppelia_control/src/main.cpp:40:27:[m[K [01;35m[Kwarning: [m[Kcharacter constant too long for its type
[1.793s]    40 |     ctrl.setJointCmdTopic([01;35m[K'/joint_commands'[m[K);
[1.793s]       |                           [01;35m[K^~~~~~~~~~~~~~~~~[m[K
[1.793s] [01m[K/home/rosqiu/coppelia_control/src/coppelia_control/src/main.cpp:41:29:[m[K [01;35m[Kwarning: [m[Kcharacter constant too long for its type
[1.793s]    41 |     ctrl.setGripperCmdTopic([01;35m[K'/gripper_command'[m[K);
[1.793s]       |                             [01;35m[K^~~~~~~~~~~~~~~~~~[m[K
[10.844s] [01m[K/home/rosqiu/coppelia_control/src/coppelia_control/src/main.cpp:[m[K In function ‘[01m[Kint main(int, char**)[m[K’:
[10.865s] [01m[K/home/rosqiu/coppelia_control/src/coppelia_control/src/main.cpp:40:27:[m[K [01;31m[Kerror: [m[Kcannot convert ‘[01m[Kint[m[K’ to ‘[01m[Kconst string&[m[K’ {aka ‘[01m[Kconst std::__cxx11::basic_string<char>&[m[K’}
[10.865s]    40 |     ctrl.setJointCmdTopic([01;31m[K'/joint_commands'[m[K);
[10.865s]       |                           [01;31m[K^~~~~~~~~~~~~~~~~[m[K
[10.865s]       |                           [01;31m[K|[m[K
[10.867s]       |                           [01;31m[Kint[m[K
[10.868s] In file included from [01m[K/home/rosqiu/coppelia_control/src/coppelia_control/src/main.cpp:3[m[K:
[10.868s] [01m[K/home/rosqiu/coppelia_control/src/coppelia_control/include/coppelia_control/ManipulationInterface.hpp:20:46:[m[K [01;36m[Knote: [m[K  initializing argument 1 of ‘[01m[Kvoid coppelia_control::ManipulationInterface::setJointCmdTopic(const string&)[m[K’
[10.868s]    20 |     void setJointCmdTopic([01;36m[Kconst std::string& topic[m[K);
[10.868s]       |                           [01;36m[K~~~~~~~~~~~~~~~~~~~^~~~~[m[K
[10.868s] [01m[K/home/rosqiu/coppelia_control/src/coppelia_control/src/main.cpp:41:29:[m[K [01;31m[Kerror: [m[Kcannot convert ‘[01m[Kint[m[K’ to ‘[01m[Kconst string&[m[K’ {aka ‘[01m[Kconst std::__cxx11::basic_string<char>&[m[K’}
[10.868s]    41 |     ctrl.setGripperCmdTopic([01;31m[K'/gripper_command'[m[K);
[10.868s]       |                             [01;31m[K^~~~~~~~~~~~~~~~~~[m[K
[10.868s]       |                             [01;31m[K|[m[K
[10.868s]       |                             [01;31m[Kint[m[K
[10.868s] In file included from [01m[K/home/rosqiu/coppelia_control/src/coppelia_control/src/main.cpp:3[m[K:
[10.868s] [01m[K/home/rosqiu/coppelia_control/src/coppelia_control/include/coppelia_control/ManipulationInterface.hpp:21:48:[m[K [01;36m[Knote: [m[K  initializing argument 1 of ‘[01m[Kvoid coppelia_control::ManipulationInterface::setGripperCmdTopic(const string&)[m[K’
[10.868s]    21 |     void setGripperCmdTopic([01;36m[Kconst std::string& topic[m[K);
[10.868s]       |                             [01;36m[K~~~~~~~~~~~~~~~~~~~^~~~~[m[K
[17.128s] gmake[2]: *** [CMakeFiles/main_node.dir/build.make:76：CMakeFiles/main_node.dir/src/main.cpp.o] 错误 1
[17.131s] gmake[1]: *** [CMakeFiles/Makefile2:165：CMakeFiles/main_node.dir/all] 错误 2
[17.132s] gmake: *** [Makefile:146：all] 错误 2
[17.151s] Invoked command in '/home/rosqiu/coppelia_control/build/coppelia_control' returned '2': CMAKE_PREFIX_PATH=${CMAKE_PREFIX_PATH}:/home/rosqiu/demo01/install/learning_urdf:/home/rosqiu/demo01/install/learning_topic:/home/rosqiu/demo01/install/learning_tf:/home/rosqiu/demo01/install/learning_service:/home/rosqiu/demo01/install/learning_qos:/home/rosqiu/demo01/install/learning_pkg_python:/home/rosqiu/demo01/install/learning_parameter:/home/rosqiu/demo01/install/learning_node:/home/rosqiu/demo01/install/learning_launch:/home/rosqiu/demo01/install/learning_action:/home/rosqiu/demo01/install/learning_gazebo_harmonic:/home/rosqiu/demo01/install/learning_gazebo:/home/rosqiu/demo01/install/learning_cv:/opt/ros/humble /usr/bin/cmake --build /home/rosqiu/coppelia_control/build/coppelia_control -- -j3 -l3
