[0.254s] DEBUG:colcon:Command line arguments: ['/usr/bin/colcon', 'build']
[0.255s] DEBUG:colcon:Parsed command line arguments: Namespace(log_base=None, log_level=None, verb_name='build', build_base='build', install_base='install', merge_install=False, symlink_install=False, test_result_base=None, continue_on_error=False, executor='parallel', parallel_workers=3, event_handlers=None, ignore_user_meta=False, metas=['./colcon.meta'], base_paths=['.'], packages_ignore=None, packages_ignore_regex=None, paths=None, packages_up_to=None, packages_up_to_regex=None, packages_above=None, packages_above_and_dependencies=None, packages_above_depth=None, packages_select_by_dep=None, packages_skip_by_dep=None, packages_skip_up_to=None, packages_select_build_failed=False, packages_skip_build_finished=False, packages_select_test_failures=False, packages_skip_test_passed=False, packages_select=None, packages_skip=None, packages_select_regex=None, packages_skip_regex=None, packages_start=None, packages_end=None, allow_overriding=[], cmake_args=None, cmake_target=None, cmake_target_skip_unavailable=False, cmake_clean_cache=False, cmake_clean_first=False, cmake_force_configure=False, ament_cmake_args=None, catkin_cmake_args=None, catkin_skip_building_tests=False, mixin_files=None, mixin=None, verb_parser=<colcon_mixin.mixin.mixin_argument.MixinArgumentDecorator object at 0x7b74b3f85930>, verb_extension=<colcon_core.verb.build.BuildVerb object at 0x7b74b3f85480>, main=<bound method BuildVerb.main of <colcon_core.verb.build.BuildVerb object at 0x7b74b3f85480>>, mixin_verb=('build',))
[0.556s] Level 1:colcon.colcon_core.package_discovery:discover_packages(colcon_meta) check parameters
[0.559s] Level 1:colcon.colcon_core.package_discovery:discover_packages(recursive) check parameters
[0.559s] Level 1:colcon.colcon_core.package_discovery:discover_packages(ignore) check parameters
[0.559s] Level 1:colcon.colcon_core.package_discovery:discover_packages(path) check parameters
[0.559s] Level 1:colcon.colcon_core.package_discovery:discover_packages(colcon_meta) discover
[0.559s] Level 1:colcon.colcon_core.package_discovery:discover_packages(recursive) discover
[0.559s] INFO:colcon.colcon_core.package_discovery:Crawling recursively for packages in '/home/rosqiu/coppelia_control'
[0.559s] Level 1:colcon.colcon_core.package_identification:_identify(.) by extensions ['ignore', 'ignore_ament_install']
[0.559s] Level 1:colcon.colcon_core.package_identification:_identify(.) by extension 'ignore'
[0.559s] Level 1:colcon.colcon_core.package_identification:_identify(.) by extension 'ignore_ament_install'
[0.559s] Level 1:colcon.colcon_core.package_identification:_identify(.) by extensions ['colcon_pkg']
[0.559s] Level 1:colcon.colcon_core.package_identification:_identify(.) by extension 'colcon_pkg'
[0.559s] Level 1:colcon.colcon_core.package_identification:_identify(.) by extensions ['colcon_meta']
[0.560s] Level 1:colcon.colcon_core.package_identification:_identify(.) by extension 'colcon_meta'
[0.560s] Level 1:colcon.colcon_core.package_identification:_identify(.) by extensions ['ros']
[0.560s] Level 1:colcon.colcon_core.package_identification:_identify(.) by extension 'ros'
[0.586s] Level 1:colcon.colcon_core.package_identification:_identify(.) by extensions ['cmake', 'python']
[0.586s] Level 1:colcon.colcon_core.package_identification:_identify(.) by extension 'cmake'
[0.586s] Level 1:colcon.colcon_core.package_identification:_identify(.) by extension 'python'
[0.586s] Level 1:colcon.colcon_core.package_identification:_identify(.) by extensions ['python_setup_py']
[0.586s] Level 1:colcon.colcon_core.package_identification:_identify(.) by extension 'python_setup_py'
[0.586s] Level 1:colcon.colcon_core.package_identification:_identify(build) by extensions ['ignore', 'ignore_ament_install']
[0.586s] Level 1:colcon.colcon_core.package_identification:_identify(build) by extension 'ignore'
[0.586s] Level 1:colcon.colcon_core.package_identification:_identify(build) ignored
[0.587s] Level 1:colcon.colcon_core.package_identification:_identify(install) by extensions ['ignore', 'ignore_ament_install']
[0.587s] Level 1:colcon.colcon_core.package_identification:_identify(install) by extension 'ignore'
[0.587s] Level 1:colcon.colcon_core.package_identification:_identify(install) ignored
[0.587s] Level 1:colcon.colcon_core.package_identification:_identify(log) by extensions ['ignore', 'ignore_ament_install']
[0.587s] Level 1:colcon.colcon_core.package_identification:_identify(log) by extension 'ignore'
[0.587s] Level 1:colcon.colcon_core.package_identification:_identify(log) ignored
[0.587s] Level 1:colcon.colcon_core.package_identification:_identify(src) by extensions ['ignore', 'ignore_ament_install']
[0.587s] Level 1:colcon.colcon_core.package_identification:_identify(src) by extension 'ignore'
[0.587s] Level 1:colcon.colcon_core.package_identification:_identify(src) by extension 'ignore_ament_install'
[0.587s] Level 1:colcon.colcon_core.package_identification:_identify(src) by extensions ['colcon_pkg']
[0.587s] Level 1:colcon.colcon_core.package_identification:_identify(src) by extension 'colcon_pkg'
[0.587s] Level 1:colcon.colcon_core.package_identification:_identify(src) by extensions ['colcon_meta']
[0.587s] Level 1:colcon.colcon_core.package_identification:_identify(src) by extension 'colcon_meta'
[0.587s] Level 1:colcon.colcon_core.package_identification:_identify(src) by extensions ['ros']
[0.587s] Level 1:colcon.colcon_core.package_identification:_identify(src) by extension 'ros'
[0.587s] Level 1:colcon.colcon_core.package_identification:_identify(src) by extensions ['cmake', 'python']
[0.587s] Level 1:colcon.colcon_core.package_identification:_identify(src) by extension 'cmake'
[0.587s] Level 1:colcon.colcon_core.package_identification:_identify(src) by extension 'python'
[0.587s] Level 1:colcon.colcon_core.package_identification:_identify(src) by extensions ['python_setup_py']
[0.587s] Level 1:colcon.colcon_core.package_identification:_identify(src) by extension 'python_setup_py'
[0.588s] Level 1:colcon.colcon_core.package_identification:_identify(src/coppelia_control) by extensions ['ignore', 'ignore_ament_install']
[0.588s] Level 1:colcon.colcon_core.package_identification:_identify(src/coppelia_control) by extension 'ignore'
[0.588s] Level 1:colcon.colcon_core.package_identification:_identify(src/coppelia_control) by extension 'ignore_ament_install'
[0.588s] Level 1:colcon.colcon_core.package_identification:_identify(src/coppelia_control) by extensions ['colcon_pkg']
[0.588s] Level 1:colcon.colcon_core.package_identification:_identify(src/coppelia_control) by extension 'colcon_pkg'
[0.588s] Level 1:colcon.colcon_core.package_identification:_identify(src/coppelia_control) by extensions ['colcon_meta']
[0.588s] Level 1:colcon.colcon_core.package_identification:_identify(src/coppelia_control) by extension 'colcon_meta'
[0.588s] Level 1:colcon.colcon_core.package_identification:_identify(src/coppelia_control) by extensions ['ros']
[0.588s] Level 1:colcon.colcon_core.package_identification:_identify(src/coppelia_control) by extension 'ros'
[0.591s] DEBUG:colcon.colcon_core.package_identification:Package 'src/coppelia_control' with type 'ros.ament_cmake' and name 'coppelia_control'
[0.591s] Level 1:colcon.colcon_core.package_discovery:discover_packages(recursive) using defaults
[0.591s] Level 1:colcon.colcon_core.package_discovery:discover_packages(ignore) discover
[0.591s] Level 1:colcon.colcon_core.package_discovery:discover_packages(ignore) using defaults
[0.591s] Level 1:colcon.colcon_core.package_discovery:discover_packages(path) discover
[0.591s] Level 1:colcon.colcon_core.package_discovery:discover_packages(path) using defaults
[0.651s] Level 1:colcon.colcon_core.package_discovery:discover_packages(prefix_path) check parameters
[0.651s] Level 1:colcon.colcon_core.package_discovery:discover_packages(prefix_path) discover
[0.656s] DEBUG:colcon.colcon_installed_package_information.package_discovery:Found 1 installed packages in /home/rosqiu/coppelia_control/install
[0.658s] DEBUG:colcon.colcon_installed_package_information.package_discovery:Found 21 installed packages in /home/rosqiu/demo01/install
[0.662s] DEBUG:colcon.colcon_installed_package_information.package_discovery:Found 433 installed packages in /opt/ros/humble
[0.667s] Level 1:colcon.colcon_core.package_discovery:discover_packages(prefix_path) using defaults
[0.752s] Level 5:colcon.colcon_core.verb:set package 'coppelia_control' build argument 'cmake_args' from command line to 'None'
[0.752s] Level 5:colcon.colcon_core.verb:set package 'coppelia_control' build argument 'cmake_target' from command line to 'None'
[0.752s] Level 5:colcon.colcon_core.verb:set package 'coppelia_control' build argument 'cmake_target_skip_unavailable' from command line to 'False'
[0.752s] Level 5:colcon.colcon_core.verb:set package 'coppelia_control' build argument 'cmake_clean_cache' from command line to 'False'
[0.752s] Level 5:colcon.colcon_core.verb:set package 'coppelia_control' build argument 'cmake_clean_first' from command line to 'False'
[0.752s] Level 5:colcon.colcon_core.verb:set package 'coppelia_control' build argument 'cmake_force_configure' from command line to 'False'
[0.752s] Level 5:colcon.colcon_core.verb:set package 'coppelia_control' build argument 'ament_cmake_args' from command line to 'None'
[0.752s] Level 5:colcon.colcon_core.verb:set package 'coppelia_control' build argument 'catkin_cmake_args' from command line to 'None'
[0.752s] Level 5:colcon.colcon_core.verb:set package 'coppelia_control' build argument 'catkin_skip_building_tests' from command line to 'False'
[0.753s] DEBUG:colcon.colcon_core.verb:Building package 'coppelia_control' with the following arguments: {'ament_cmake_args': None, 'build_base': '/home/rosqiu/coppelia_control/build/coppelia_control', 'catkin_cmake_args': None, 'catkin_skip_building_tests': False, 'cmake_args': None, 'cmake_clean_cache': False, 'cmake_clean_first': False, 'cmake_force_configure': False, 'cmake_target': None, 'cmake_target_skip_unavailable': False, 'install_base': '/home/rosqiu/coppelia_control/install/coppelia_control', 'merge_install': False, 'path': '/home/rosqiu/coppelia_control/src/coppelia_control', 'symlink_install': False, 'test_result_base': None}
[0.753s] INFO:colcon.colcon_core.executor:Executing jobs using 'parallel' executor
[0.760s] DEBUG:colcon.colcon_parallel_executor.executor.parallel:run_until_complete
[0.760s] INFO:colcon.colcon_ros.task.ament_cmake.build:Building ROS package in '/home/rosqiu/coppelia_control/src/coppelia_control' with build type 'ament_cmake'
[0.761s] INFO:colcon.colcon_cmake.task.cmake.build:Building CMake package in '/home/rosqiu/coppelia_control/src/coppelia_control'
[0.767s] INFO:colcon.colcon_core.plugin_system:Skipping extension 'colcon_core.shell.bat': Not used on non-Windows systems
[0.768s] INFO:colcon.colcon_core.shell:Skip shell extension 'powershell' for command environment: Not usable outside of PowerShell
[0.768s] DEBUG:colcon.colcon_core.shell:Skip shell extension 'dsv' for command environment
[0.820s] DEBUG:colcon.colcon_core.event_handler.log_command:Invoking command in '/home/rosqiu/coppelia_control/build/coppelia_control': CMAKE_PREFIX_PATH=${CMAKE_PREFIX_PATH}:/home/rosqiu/demo01/install/learning_urdf:/home/rosqiu/demo01/install/learning_topic:/home/rosqiu/demo01/install/learning_tf:/home/rosqiu/demo01/install/learning_service:/home/rosqiu/demo01/install/learning_qos:/home/rosqiu/demo01/install/learning_pkg_python:/home/rosqiu/demo01/install/learning_parameter:/home/rosqiu/demo01/install/learning_node:/home/rosqiu/demo01/install/learning_launch:/home/rosqiu/demo01/install/learning_action:/home/rosqiu/demo01/install/learning_gazebo_harmonic:/home/rosqiu/demo01/install/learning_gazebo:/home/rosqiu/demo01/install/learning_cv:/opt/ros/humble /usr/bin/cmake --build /home/rosqiu/coppelia_control/build/coppelia_control -- -j3 -l3
[1.231s] DEBUG:colcon.colcon_core.event_handler.log_command:Invoked command in '/home/rosqiu/coppelia_control/build/coppelia_control' returned '0': CMAKE_PREFIX_PATH=${CMAKE_PREFIX_PATH}:/home/rosqiu/demo01/install/learning_urdf:/home/rosqiu/demo01/install/learning_topic:/home/rosqiu/demo01/install/learning_tf:/home/rosqiu/demo01/install/learning_service:/home/rosqiu/demo01/install/learning_qos:/home/rosqiu/demo01/install/learning_pkg_python:/home/rosqiu/demo01/install/learning_parameter:/home/rosqiu/demo01/install/learning_node:/home/rosqiu/demo01/install/learning_launch:/home/rosqiu/demo01/install/learning_action:/home/rosqiu/demo01/install/learning_gazebo_harmonic:/home/rosqiu/demo01/install/learning_gazebo:/home/rosqiu/demo01/install/learning_cv:/opt/ros/humble /usr/bin/cmake --build /home/rosqiu/coppelia_control/build/coppelia_control -- -j3 -l3
[1.256s] DEBUG:colcon.colcon_core.event_handler.log_command:Invoking command in '/home/rosqiu/coppelia_control/build/coppelia_control': CMAKE_PREFIX_PATH=${CMAKE_PREFIX_PATH}:/home/rosqiu/demo01/install/learning_urdf:/home/rosqiu/demo01/install/learning_topic:/home/rosqiu/demo01/install/learning_tf:/home/rosqiu/demo01/install/learning_service:/home/rosqiu/demo01/install/learning_qos:/home/rosqiu/demo01/install/learning_pkg_python:/home/rosqiu/demo01/install/learning_parameter:/home/rosqiu/demo01/install/learning_node:/home/rosqiu/demo01/install/learning_launch:/home/rosqiu/demo01/install/learning_action:/home/rosqiu/demo01/install/learning_gazebo_harmonic:/home/rosqiu/demo01/install/learning_gazebo:/home/rosqiu/demo01/install/learning_cv:/opt/ros/humble /usr/bin/cmake --install /home/rosqiu/coppelia_control/build/coppelia_control
[1.358s] Level 1:colcon.colcon_core.environment:create_environment_scripts_only(coppelia_control)
[1.360s] Level 1:colcon.colcon_core.environment:checking '/home/rosqiu/coppelia_control/install/coppelia_control' for CMake module files
[1.361s] Level 1:colcon.colcon_core.environment:checking '/home/rosqiu/coppelia_control/install/coppelia_control' for CMake config files
[1.361s] Level 1:colcon.colcon_core.shell:create_environment_hook('coppelia_control', 'cmake_prefix_path')
[1.362s] INFO:colcon.colcon_core.shell:Creating environment hook '/home/rosqiu/coppelia_control/install/coppelia_control/share/coppelia_control/hook/cmake_prefix_path.ps1'
[1.362s] INFO:colcon.colcon_core.shell:Creating environment descriptor '/home/rosqiu/coppelia_control/install/coppelia_control/share/coppelia_control/hook/cmake_prefix_path.dsv'
[1.364s] DEBUG:colcon.colcon_core.event_handler.log_command:Invoked command in '/home/rosqiu/coppelia_control/build/coppelia_control' returned '0': CMAKE_PREFIX_PATH=${CMAKE_PREFIX_PATH}:/home/rosqiu/demo01/install/learning_urdf:/home/rosqiu/demo01/install/learning_topic:/home/rosqiu/demo01/install/learning_tf:/home/rosqiu/demo01/install/learning_service:/home/rosqiu/demo01/install/learning_qos:/home/rosqiu/demo01/install/learning_pkg_python:/home/rosqiu/demo01/install/learning_parameter:/home/rosqiu/demo01/install/learning_node:/home/rosqiu/demo01/install/learning_launch:/home/rosqiu/demo01/install/learning_action:/home/rosqiu/demo01/install/learning_gazebo_harmonic:/home/rosqiu/demo01/install/learning_gazebo:/home/rosqiu/demo01/install/learning_cv:/opt/ros/humble /usr/bin/cmake --install /home/rosqiu/coppelia_control/build/coppelia_control
[1.366s] INFO:colcon.colcon_core.shell:Creating environment hook '/home/rosqiu/coppelia_control/install/coppelia_control/share/coppelia_control/hook/cmake_prefix_path.sh'
[1.376s] Level 1:colcon.colcon_core.environment:checking '/home/rosqiu/coppelia_control/install/coppelia_control/lib'
[1.378s] Level 1:colcon.colcon_core.shell:create_environment_hook('coppelia_control', 'ld_library_path_lib')
[1.378s] INFO:colcon.colcon_core.shell:Creating environment hook '/home/rosqiu/coppelia_control/install/coppelia_control/share/coppelia_control/hook/ld_library_path_lib.ps1'
[1.379s] INFO:colcon.colcon_core.shell:Creating environment descriptor '/home/rosqiu/coppelia_control/install/coppelia_control/share/coppelia_control/hook/ld_library_path_lib.dsv'
[1.380s] INFO:colcon.colcon_core.shell:Creating environment hook '/home/rosqiu/coppelia_control/install/coppelia_control/share/coppelia_control/hook/ld_library_path_lib.sh'
[1.381s] Level 1:colcon.colcon_core.environment:checking '/home/rosqiu/coppelia_control/install/coppelia_control/bin'
[1.381s] Level 1:colcon.colcon_core.environment:checking '/home/rosqiu/coppelia_control/install/coppelia_control/lib/pkgconfig/coppelia_control.pc'
[1.382s] Level 1:colcon.colcon_core.environment:checking '/home/rosqiu/coppelia_control/install/coppelia_control/lib/python3.10/site-packages'
[1.383s] Level 1:colcon.colcon_core.environment:checking '/home/rosqiu/coppelia_control/install/coppelia_control/bin'
[1.383s] INFO:colcon.colcon_core.shell:Creating package script '/home/rosqiu/coppelia_control/install/coppelia_control/share/coppelia_control/package.ps1'
[1.390s] INFO:colcon.colcon_core.shell:Creating package descriptor '/home/rosqiu/coppelia_control/install/coppelia_control/share/coppelia_control/package.dsv'
[1.400s] INFO:colcon.colcon_core.shell:Creating package script '/home/rosqiu/coppelia_control/install/coppelia_control/share/coppelia_control/package.sh'
[1.402s] INFO:colcon.colcon_core.shell:Creating package script '/home/rosqiu/coppelia_control/install/coppelia_control/share/coppelia_control/package.bash'
[1.403s] INFO:colcon.colcon_core.shell:Creating package script '/home/rosqiu/coppelia_control/install/coppelia_control/share/coppelia_control/package.zsh'
[1.405s] Level 1:colcon.colcon_core.environment:create_file_with_runtime_dependencies(/home/rosqiu/coppelia_control/install/coppelia_control/share/colcon-core/packages/coppelia_control)
[1.409s] Level 1:colcon.colcon_core.environment:create_environment_scripts_only(coppelia_control)
[1.409s] Level 1:colcon.colcon_core.environment:checking '/home/rosqiu/coppelia_control/install/coppelia_control' for CMake module files
[1.411s] Level 1:colcon.colcon_core.environment:checking '/home/rosqiu/coppelia_control/install/coppelia_control' for CMake config files
[1.412s] Level 1:colcon.colcon_core.shell:create_environment_hook('coppelia_control', 'cmake_prefix_path')
[1.412s] INFO:colcon.colcon_core.shell:Creating environment hook '/home/rosqiu/coppelia_control/install/coppelia_control/share/coppelia_control/hook/cmake_prefix_path.ps1'
[1.416s] INFO:colcon.colcon_core.shell:Creating environment descriptor '/home/rosqiu/coppelia_control/install/coppelia_control/share/coppelia_control/hook/cmake_prefix_path.dsv'
[1.418s] INFO:colcon.colcon_core.shell:Creating environment hook '/home/rosqiu/coppelia_control/install/coppelia_control/share/coppelia_control/hook/cmake_prefix_path.sh'
[1.420s] Level 1:colcon.colcon_core.environment:checking '/home/rosqiu/coppelia_control/install/coppelia_control/lib'
[1.420s] Level 1:colcon.colcon_core.shell:create_environment_hook('coppelia_control', 'ld_library_path_lib')
[1.421s] INFO:colcon.colcon_core.shell:Creating environment hook '/home/rosqiu/coppelia_control/install/coppelia_control/share/coppelia_control/hook/ld_library_path_lib.ps1'
[1.425s] INFO:colcon.colcon_core.shell:Creating environment descriptor '/home/rosqiu/coppelia_control/install/coppelia_control/share/coppelia_control/hook/ld_library_path_lib.dsv'
[1.437s] INFO:colcon.colcon_core.shell:Creating environment hook '/home/rosqiu/coppelia_control/install/coppelia_control/share/coppelia_control/hook/ld_library_path_lib.sh'
[1.441s] Level 1:colcon.colcon_core.environment:checking '/home/rosqiu/coppelia_control/install/coppelia_control/bin'
[1.441s] Level 1:colcon.colcon_core.environment:checking '/home/rosqiu/coppelia_control/install/coppelia_control/lib/pkgconfig/coppelia_control.pc'
[1.442s] Level 1:colcon.colcon_core.environment:checking '/home/rosqiu/coppelia_control/install/coppelia_control/lib/python3.10/site-packages'
[1.443s] Level 1:colcon.colcon_core.environment:checking '/home/rosqiu/coppelia_control/install/coppelia_control/bin'
[1.443s] INFO:colcon.colcon_core.shell:Creating package script '/home/rosqiu/coppelia_control/install/coppelia_control/share/coppelia_control/package.ps1'
[1.444s] INFO:colcon.colcon_core.shell:Creating package descriptor '/home/rosqiu/coppelia_control/install/coppelia_control/share/coppelia_control/package.dsv'
[1.446s] INFO:colcon.colcon_core.shell:Creating package script '/home/rosqiu/coppelia_control/install/coppelia_control/share/coppelia_control/package.sh'
[1.448s] INFO:colcon.colcon_core.shell:Creating package script '/home/rosqiu/coppelia_control/install/coppelia_control/share/coppelia_control/package.bash'
[1.449s] INFO:colcon.colcon_core.shell:Creating package script '/home/rosqiu/coppelia_control/install/coppelia_control/share/coppelia_control/package.zsh'
[1.450s] Level 1:colcon.colcon_core.environment:create_file_with_runtime_dependencies(/home/rosqiu/coppelia_control/install/coppelia_control/share/colcon-core/packages/coppelia_control)
[1.451s] DEBUG:colcon.colcon_parallel_executor.executor.parallel:closing loop
[1.451s] DEBUG:colcon.colcon_parallel_executor.executor.parallel:loop closed
[1.451s] DEBUG:colcon.colcon_parallel_executor.executor.parallel:run_until_complete finished with '0'
[1.451s] DEBUG:colcon.colcon_core.event_reactor:joining thread
[1.462s] INFO:colcon.colcon_core.plugin_system:Skipping extension 'colcon_notification.desktop_notification.terminal_notifier': Not used on non-Darwin systems
[1.463s] INFO:colcon.colcon_core.plugin_system:Skipping extension 'colcon_notification.desktop_notification.win32': Not used on non-Windows systems
[1.463s] INFO:colcon.colcon_notification.desktop_notification:Sending desktop notification using 'notify2'
[1.537s] DEBUG:colcon.colcon_core.event_reactor:joined thread
[1.537s] INFO:colcon.colcon_core.shell:Creating prefix script '/home/rosqiu/coppelia_control/install/local_setup.ps1'
[1.542s] INFO:colcon.colcon_core.shell:Creating prefix util module '/home/rosqiu/coppelia_control/install/_local_setup_util_ps1.py'
[1.560s] INFO:colcon.colcon_core.shell:Creating prefix chain script '/home/rosqiu/coppelia_control/install/setup.ps1'
[1.563s] INFO:colcon.colcon_core.shell:Creating prefix script '/home/rosqiu/coppelia_control/install/local_setup.sh'
[1.566s] INFO:colcon.colcon_core.shell:Creating prefix util module '/home/rosqiu/coppelia_control/install/_local_setup_util_sh.py'
[1.572s] INFO:colcon.colcon_core.shell:Creating prefix chain script '/home/rosqiu/coppelia_control/install/setup.sh'
[1.578s] INFO:colcon.colcon_core.shell:Creating prefix script '/home/rosqiu/coppelia_control/install/local_setup.bash'
[1.584s] INFO:colcon.colcon_core.shell:Creating prefix chain script '/home/rosqiu/coppelia_control/install/setup.bash'
[1.591s] INFO:colcon.colcon_core.shell:Creating prefix script '/home/rosqiu/coppelia_control/install/local_setup.zsh'
[1.596s] INFO:colcon.colcon_core.shell:Creating prefix chain script '/home/rosqiu/coppelia_control/install/setup.zsh'
